[0.115s] [34mcolcon[0m [1;30mDEBUG[0m [32mCommand line arguments: ['/usr/bin/colcon', 'build', '--packages-select', 'data_recorder_ros2', '--symlink-install'][0m
[0.115s] [34mcolcon[0m [1;30mDEBUG[0m [32mParsed command line arguments: Namespace(log_base=None, log_level=None, verb_name='build', build_base='build', install_base='install', merge_install=False, symlink_install=True, test_result_base=None, continue_on_error=False, executor='parallel', parallel_workers=2, event_handlers=None, ignore_user_meta=False, metas=['./colcon.meta'], base_paths=['.'], packages_ignore=None, packages_ignore_regex=None, paths=None, packages_up_to=None, packages_up_to_regex=None, packages_above=None, packages_above_and_dependencies=None, packages_above_depth=None, packages_select_by_dep=None, packages_skip_by_dep=None, packages_skip_up_to=None, packages_select_build_failed=False, packages_skip_build_finished=False, packages_select_test_failures=False, packages_skip_test_passed=False, packages_select=['data_recorder_ros2'], packages_skip=None, packages_select_regex=None, packages_skip_regex=None, packages_start=None, packages_end=None, allow_overriding=[], cmake_args=None, cmake_target=None, cmake_target_skip_unavailable=False, cmake_clean_cache=False, cmake_clean_first=False, cmake_force_configure=False, ament_cmake_args=None, catkin_cmake_args=None, catkin_skip_building_tests=False, mixin_files=None, mixin=None, verb_parser=<colcon_mixin.mixin.mixin_argument.MixinArgumentDecorator object at 0x7a396bd61ed0>, verb_extension=<colcon_core.verb.build.BuildVerb object at 0x7a396bee3490>, main=<bound method BuildVerb.main of <colcon_core.verb.build.BuildVerb object at 0x7a396bee3490>>, mixin_verb=('build',))[0m
[0.271s] [34mcolcon.colcon_core.package_discovery[0m [1;30mLevel 1[0m discover_packages(colcon_meta) check parameters
[0.271s] [34mcolcon.colcon_core.package_discovery[0m [1;30mLevel 1[0m discover_packages(recursive) check parameters
[0.271s] [34mcolcon.colcon_core.package_discovery[0m [1;30mLevel 1[0m discover_packages(ignore) check parameters
[0.271s] [34mcolcon.colcon_core.package_discovery[0m [1;30mLevel 1[0m discover_packages(path) check parameters
[0.271s] [34mcolcon.colcon_core.package_discovery[0m [1;30mLevel 1[0m discover_packages(colcon_meta) discover
[0.271s] [34mcolcon.colcon_core.package_discovery[0m [1;30mLevel 1[0m discover_packages(recursive) discover
[0.271s] [34mcolcon.colcon_core.package_discovery[0m [1;30mINFO[0m Crawling recursively for packages in '/home/nuc/ros2_workspace/data_collection_ws'
[0.272s] [34mcolcon.colcon_core.package_identification[0m [1;30mLevel 1[0m _identify(.) by extensions ['ignore', 'ignore_ament_install']
[0.272s] [34mcolcon.colcon_core.package_identification[0m [1;30mLevel 1[0m _identify(.) by extension 'ignore'
[0.272s] [34mcolcon.colcon_core.package_identification[0m [1;30mLevel 1[0m _identify(.) by extension 'ignore_ament_install'
[0.272s] [34mcolcon.colcon_core.package_identification[0m [1;30mLevel 1[0m _identify(.) by extensions ['colcon_pkg']
[0.272s] [34mcolcon.colcon_core.package_identification[0m [1;30mLevel 1[0m _identify(.) by extension 'colcon_pkg'
[0.272s] [34mcolcon.colcon_core.package_identification[0m [1;30mLevel 1[0m _identify(.) by extensions ['colcon_meta']
[0.272s] [34mcolcon.colcon_core.package_identification[0m [1;30mLevel 1[0m _identify(.) by extension 'colcon_meta'
[0.272s] [34mcolcon.colcon_core.package_identification[0m [1;30mLevel 1[0m _identify(.) by extensions ['ros']
[0.272s] [34mcolcon.colcon_core.package_identification[0m [1;30mLevel 1[0m _identify(.) by extension 'ros'
[0.292s] [34mcolcon.colcon_core.package_identification[0m [1;30mLevel 1[0m _identify(.) by extensions ['cmake', 'python']
[0.293s] [34mcolcon.colcon_core.package_identification[0m [1;30mLevel 1[0m _identify(.) by extension 'cmake'
[0.293s] [34mcolcon.colcon_core.package_identification[0m [1;30mLevel 1[0m _identify(.) by extension 'python'
[0.293s] [34mcolcon.colcon_core.package_identification[0m [1;30mLevel 1[0m _identify(.) by extensions ['python_setup_py']
[0.293s] [34mcolcon.colcon_core.package_identification[0m [1;30mLevel 1[0m _identify(.) by extension 'python_setup_py'
[0.293s] [34mcolcon.colcon_core.package_identification[0m [1;30mLevel 1[0m _identify(build) by extensions ['ignore', 'ignore_ament_install']
[0.293s] [34mcolcon.colcon_core.package_identification[0m [1;30mLevel 1[0m _identify(build) by extension 'ignore'
[0.293s] [34mcolcon.colcon_core.package_identification[0m [1;30mLevel 1[0m _identify(build) ignored
[0.293s] [34mcolcon.colcon_core.package_identification[0m [1;30mLevel 1[0m _identify(control_server) by extensions ['ignore', 'ignore_ament_install']
[0.293s] [34mcolcon.colcon_core.package_identification[0m [1;30mLevel 1[0m _identify(control_server) by extension 'ignore'
[0.293s] [34mcolcon.colcon_core.package_identification[0m [1;30mLevel 1[0m _identify(control_server) by extension 'ignore_ament_install'
[0.293s] [34mcolcon.colcon_core.package_identification[0m [1;30mLevel 1[0m _identify(control_server) by extensions ['colcon_pkg']
[0.293s] [34mcolcon.colcon_core.package_identification[0m [1;30mLevel 1[0m _identify(control_server) by extension 'colcon_pkg'
[0.293s] [34mcolcon.colcon_core.package_identification[0m [1;30mLevel 1[0m _identify(control_server) by extensions ['colcon_meta']
[0.293s] [34mcolcon.colcon_core.package_identification[0m [1;30mLevel 1[0m _identify(control_server) by extension 'colcon_meta'
[0.293s] [34mcolcon.colcon_core.package_identification[0m [1;30mLevel 1[0m _identify(control_server) by extensions ['ros']
[0.293s] [34mcolcon.colcon_core.package_identification[0m [1;30mLevel 1[0m _identify(control_server) by extension 'ros'
[0.293s] [34mcolcon.colcon_core.package_identification[0m [1;30mLevel 1[0m _identify(control_server) by extensions ['cmake', 'python']
[0.293s] [34mcolcon.colcon_core.package_identification[0m [1;30mLevel 1[0m _identify(control_server) by extension 'cmake'
[0.293s] [34mcolcon.colcon_core.package_identification[0m [1;30mLevel 1[0m _identify(control_server) by extension 'python'
[0.293s] [34mcolcon.colcon_core.package_identification[0m [1;30mLevel 1[0m _identify(control_server) by extensions ['python_setup_py']
[0.293s] [34mcolcon.colcon_core.package_identification[0m [1;30mLevel 1[0m _identify(control_server) by extension 'python_setup_py'
[0.293s] [34mcolcon.colcon_core.package_identification[0m [1;30mLevel 1[0m _identify(install) by extensions ['ignore', 'ignore_ament_install']
[0.293s] [34mcolcon.colcon_core.package_identification[0m [1;30mLevel 1[0m _identify(install) by extension 'ignore'
[0.294s] [34mcolcon.colcon_core.package_identification[0m [1;30mLevel 1[0m _identify(install) ignored
[0.294s] [34mcolcon.colcon_core.package_identification[0m [1;30mLevel 1[0m _identify(log) by extensions ['ignore', 'ignore_ament_install']
[0.294s] [34mcolcon.colcon_core.package_identification[0m [1;30mLevel 1[0m _identify(log) by extension 'ignore'
[0.294s] [34mcolcon.colcon_core.package_identification[0m [1;30mLevel 1[0m _identify(log) ignored
[0.294s] [34mcolcon.colcon_core.package_identification[0m [1;30mLevel 1[0m _identify(src) by extensions ['ignore', 'ignore_ament_install']
[0.294s] [34mcolcon.colcon_core.package_identification[0m [1;30mLevel 1[0m _identify(src) by extension 'ignore'
[0.294s] [34mcolcon.colcon_core.package_identification[0m [1;30mLevel 1[0m _identify(src) by extension 'ignore_ament_install'
[0.294s] [34mcolcon.colcon_core.package_identification[0m [1;30mLevel 1[0m _identify(src) by extensions ['colcon_pkg']
[0.294s] [34mcolcon.colcon_core.package_identification[0m [1;30mLevel 1[0m _identify(src) by extension 'colcon_pkg'
[0.294s] [34mcolcon.colcon_core.package_identification[0m [1;30mLevel 1[0m _identify(src) by extensions ['colcon_meta']
[0.294s] [34mcolcon.colcon_core.package_identification[0m [1;30mLevel 1[0m _identify(src) by extension 'colcon_meta'
[0.294s] [34mcolcon.colcon_core.package_identification[0m [1;30mLevel 1[0m _identify(src) by extensions ['ros']
[0.294s] [34mcolcon.colcon_core.package_identification[0m [1;30mLevel 1[0m _identify(src) by extension 'ros'
[0.294s] [34mcolcon.colcon_core.package_identification[0m [1;30mLevel 1[0m _identify(src) by extensions ['cmake', 'python']
[0.294s] [34mcolcon.colcon_core.package_identification[0m [1;30mLevel 1[0m _identify(src) by extension 'cmake'
[0.294s] [34mcolcon.colcon_core.package_identification[0m [1;30mLevel 1[0m _identify(src) by extension 'python'
[0.294s] [34mcolcon.colcon_core.package_identification[0m [1;30mLevel 1[0m _identify(src) by extensions ['python_setup_py']
[0.294s] [34mcolcon.colcon_core.package_identification[0m [1;30mLevel 1[0m _identify(src) by extension 'python_setup_py'
[0.294s] [34mcolcon.colcon_core.package_identification[0m [1;30mLevel 1[0m _identify(src/camera_bridge) by extensions ['ignore', 'ignore_ament_install']
[0.294s] [34mcolcon.colcon_core.package_identification[0m [1;30mLevel 1[0m _identify(src/camera_bridge) by extension 'ignore'
[0.294s] [34mcolcon.colcon_core.package_identification[0m [1;30mLevel 1[0m _identify(src/camera_bridge) by extension 'ignore_ament_install'
[0.294s] [34mcolcon.colcon_core.package_identification[0m [1;30mLevel 1[0m _identify(src/camera_bridge) by extensions ['colcon_pkg']
[0.294s] [34mcolcon.colcon_core.package_identification[0m [1;30mLevel 1[0m _identify(src/camera_bridge) by extension 'colcon_pkg'
[0.294s] [34mcolcon.colcon_core.package_identification[0m [1;30mLevel 1[0m _identify(src/camera_bridge) by extensions ['colcon_meta']
[0.294s] [34mcolcon.colcon_core.package_identification[0m [1;30mLevel 1[0m _identify(src/camera_bridge) by extension 'colcon_meta'
[0.294s] [34mcolcon.colcon_core.package_identification[0m [1;30mLevel 1[0m _identify(src/camera_bridge) by extensions ['ros']
[0.294s] [34mcolcon.colcon_core.package_identification[0m [1;30mLevel 1[0m _identify(src/camera_bridge) by extension 'ros'
[0.296s] [34mcolcon.colcon_core.package_identification[0m [1;30mDEBUG[0m [32mPackage 'src/camera_bridge' with type 'ros.ament_python' and name 'camera_bridge'[0m
[0.297s] [34mcolcon.colcon_core.package_identification[0m [1;30mLevel 1[0m _identify(src/data_recorder_interfaces) by extensions ['ignore', 'ignore_ament_install']
[0.297s] [34mcolcon.colcon_core.package_identification[0m [1;30mLevel 1[0m _identify(src/data_recorder_interfaces) by extension 'ignore'
[0.297s] [34mcolcon.colcon_core.package_identification[0m [1;30mLevel 1[0m _identify(src/data_recorder_interfaces) by extension 'ignore_ament_install'
[0.297s] [34mcolcon.colcon_core.package_identification[0m [1;30mLevel 1[0m _identify(src/data_recorder_interfaces) by extensions ['colcon_pkg']
[0.297s] [34mcolcon.colcon_core.package_identification[0m [1;30mLevel 1[0m _identify(src/data_recorder_interfaces) by extension 'colcon_pkg'
[0.297s] [34mcolcon.colcon_core.package_identification[0m [1;30mLevel 1[0m _identify(src/data_recorder_interfaces) by extensions ['colcon_meta']
[0.297s] [34mcolcon.colcon_core.package_identification[0m [1;30mLevel 1[0m _identify(src/data_recorder_interfaces) by extension 'colcon_meta'
[0.297s] [34mcolcon.colcon_core.package_identification[0m [1;30mLevel 1[0m _identify(src/data_recorder_interfaces) by extensions ['ros']
[0.297s] [34mcolcon.colcon_core.package_identification[0m [1;30mLevel 1[0m _identify(src/data_recorder_interfaces) by extension 'ros'
[0.298s] [34mcolcon.colcon_core.package_identification[0m [1;30mDEBUG[0m [32mPackage 'src/data_recorder_interfaces' with type 'ros.ament_cmake' and name 'data_recorder_interfaces'[0m
[0.298s] [34mcolcon.colcon_core.package_identification[0m [1;30mLevel 1[0m _identify(src/data_recorder_ros2) by extensions ['ignore', 'ignore_ament_install']
[0.298s] [34mcolcon.colcon_core.package_identification[0m [1;30mLevel 1[0m _identify(src/data_recorder_ros2) by extension 'ignore'
[0.298s] [34mcolcon.colcon_core.package_identification[0m [1;30mLevel 1[0m _identify(src/data_recorder_ros2) by extension 'ignore_ament_install'
[0.298s] [34mcolcon.colcon_core.package_identification[0m [1;30mLevel 1[0m _identify(src/data_recorder_ros2) by extensions ['colcon_pkg']
[0.298s] [34mcolcon.colcon_core.package_identification[0m [1;30mLevel 1[0m _identify(src/data_recorder_ros2) by extension 'colcon_pkg'
[0.298s] [34mcolcon.colcon_core.package_identification[0m [1;30mLevel 1[0m _identify(src/data_recorder_ros2) by extensions ['colcon_meta']
[0.298s] [34mcolcon.colcon_core.package_identification[0m [1;30mLevel 1[0m _identify(src/data_recorder_ros2) by extension 'colcon_meta'
[0.298s] [34mcolcon.colcon_core.package_identification[0m [1;30mLevel 1[0m _identify(src/data_recorder_ros2) by extensions ['ros']
[0.298s] [34mcolcon.colcon_core.package_identification[0m [1;30mLevel 1[0m _identify(src/data_recorder_ros2) by extension 'ros'
[0.299s] [34mcolcon.colcon_core.package_identification[0m [1;30mDEBUG[0m [32mPackage 'src/data_recorder_ros2' with type 'ros.ament_python' and name 'data_recorder_ros2'[0m
[0.299s] [34mcolcon.colcon_core.package_identification[0m [1;30mLevel 1[0m _identify(src/open_cyber_glove) by extensions ['ignore', 'ignore_ament_install']
[0.299s] [34mcolcon.colcon_core.package_identification[0m [1;30mLevel 1[0m _identify(src/open_cyber_glove) by extension 'ignore'
[0.299s] [34mcolcon.colcon_core.package_identification[0m [1;30mLevel 1[0m _identify(src/open_cyber_glove) by extension 'ignore_ament_install'
[0.299s] [34mcolcon.colcon_core.package_identification[0m [1;30mLevel 1[0m _identify(src/open_cyber_glove) by extensions ['colcon_pkg']
[0.299s] [34mcolcon.colcon_core.package_identification[0m [1;30mLevel 1[0m _identify(src/open_cyber_glove) by extension 'colcon_pkg'
[0.299s] [34mcolcon.colcon_core.package_identification[0m [1;30mLevel 1[0m _identify(src/open_cyber_glove) by extensions ['colcon_meta']
[0.299s] [34mcolcon.colcon_core.package_identification[0m [1;30mLevel 1[0m _identify(src/open_cyber_glove) by extension 'colcon_meta'
[0.299s] [34mcolcon.colcon_core.package_identification[0m [1;30mLevel 1[0m _identify(src/open_cyber_glove) by extensions ['ros']
[0.299s] [34mcolcon.colcon_core.package_identification[0m [1;30mLevel 1[0m _identify(src/open_cyber_glove) by extension 'ros'
[0.299s] [34mcolcon.colcon_core.package_identification[0m [1;30mLevel 1[0m _identify(src/open_cyber_glove) by extensions ['cmake', 'python']
[0.299s] [34mcolcon.colcon_core.package_identification[0m [1;30mLevel 1[0m _identify(src/open_cyber_glove) by extension 'cmake'
[0.299s] [34mcolcon.colcon_core.package_identification[0m [1;30mLevel 1[0m _identify(src/open_cyber_glove) by extension 'python'
[0.299s] [34mcolcon.colcon_core.package_identification[0m [1;30mLevel 1[0m _identify(src/open_cyber_glove) by extensions ['python_setup_py']
[0.299s] [34mcolcon.colcon_core.package_identification[0m [1;30mLevel 1[0m _identify(src/open_cyber_glove) by extension 'python_setup_py'
[0.555s] [34mcolcon.colcon_core.package_identification[0m [1;30mDEBUG[0m [32mPackage 'src/open_cyber_glove' with type 'python' and name 'open_cyber_glove'[0m
[0.556s] [34mcolcon.colcon_core.package_identification[0m [1;30mLevel 1[0m _identify(src/open_cyber_glove_ros2) by extensions ['ignore', 'ignore_ament_install']
[0.556s] [34mcolcon.colcon_core.package_identification[0m [1;30mLevel 1[0m _identify(src/open_cyber_glove_ros2) by extension 'ignore'
[0.556s] [34mcolcon.colcon_core.package_identification[0m [1;30mLevel 1[0m _identify(src/open_cyber_glove_ros2) by extension 'ignore_ament_install'
[0.556s] [34mcolcon.colcon_core.package_identification[0m [1;30mLevel 1[0m _identify(src/open_cyber_glove_ros2) by extensions ['colcon_pkg']
[0.556s] [34mcolcon.colcon_core.package_identification[0m [1;30mLevel 1[0m _identify(src/open_cyber_glove_ros2) by extension 'colcon_pkg'
[0.556s] [34mcolcon.colcon_core.package_identification[0m [1;30mLevel 1[0m _identify(src/open_cyber_glove_ros2) by extensions ['colcon_meta']
[0.556s] [34mcolcon.colcon_core.package_identification[0m [1;30mLevel 1[0m _identify(src/open_cyber_glove_ros2) by extension 'colcon_meta'
[0.556s] [34mcolcon.colcon_core.package_identification[0m [1;30mLevel 1[0m _identify(src/open_cyber_glove_ros2) by extensions ['ros']
[0.556s] [34mcolcon.colcon_core.package_identification[0m [1;30mLevel 1[0m _identify(src/open_cyber_glove_ros2) by extension 'ros'
[0.558s] [34mcolcon.colcon_core.package_identification[0m [1;30mDEBUG[0m [32mPackage 'src/open_cyber_glove_ros2' with type 'ros.ament_python' and name 'open_cyber_glove_ros2'[0m
[0.558s] [34mcolcon.colcon_core.package_identification[0m [1;30mLevel 1[0m _identify(src/piper_teleop) by extensions ['ignore', 'ignore_ament_install']
[0.558s] [34mcolcon.colcon_core.package_identification[0m [1;30mLevel 1[0m _identify(src/piper_teleop) by extension 'ignore'
[0.558s] [34mcolcon.colcon_core.package_identification[0m [1;30mLevel 1[0m _identify(src/piper_teleop) by extension 'ignore_ament_install'
[0.558s] [34mcolcon.colcon_core.package_identification[0m [1;30mLevel 1[0m _identify(src/piper_teleop) by extensions ['colcon_pkg']
[0.558s] [34mcolcon.colcon_core.package_identification[0m [1;30mLevel 1[0m _identify(src/piper_teleop) by extension 'colcon_pkg'
[0.558s] [34mcolcon.colcon_core.package_identification[0m [1;30mLevel 1[0m _identify(src/piper_teleop) by extensions ['colcon_meta']
[0.558s] [34mcolcon.colcon_core.package_identification[0m [1;30mLevel 1[0m _identify(src/piper_teleop) by extension 'colcon_meta'
[0.558s] [34mcolcon.colcon_core.package_identification[0m [1;30mLevel 1[0m _identify(src/piper_teleop) by extensions ['ros']
[0.558s] [34mcolcon.colcon_core.package_identification[0m [1;30mLevel 1[0m _identify(src/piper_teleop) by extension 'ros'
[0.559s] [34mcolcon.colcon_core.package_identification[0m [1;30mDEBUG[0m [32mPackage 'src/piper_teleop' with type 'ros.ament_python' and name 'piper_teleop'[0m
[0.559s] [34mcolcon.colcon_core.package_identification[0m [1;30mLevel 1[0m _identify(src/tracker_bridge) by extensions ['ignore', 'ignore_ament_install']
[0.559s] [34mcolcon.colcon_core.package_identification[0m [1;30mLevel 1[0m _identify(src/tracker_bridge) by extension 'ignore'
[0.559s] [34mcolcon.colcon_core.package_identification[0m [1;30mLevel 1[0m _identify(src/tracker_bridge) by extension 'ignore_ament_install'
[0.559s] [34mcolcon.colcon_core.package_identification[0m [1;30mLevel 1[0m _identify(src/tracker_bridge) by extensions ['colcon_pkg']
[0.559s] [34mcolcon.colcon_core.package_identification[0m [1;30mLevel 1[0m _identify(src/tracker_bridge) by extension 'colcon_pkg'
[0.559s] [34mcolcon.colcon_core.package_identification[0m [1;30mLevel 1[0m _identify(src/tracker_bridge) by extensions ['colcon_meta']
[0.559s] [34mcolcon.colcon_core.package_identification[0m [1;30mLevel 1[0m _identify(src/tracker_bridge) by extension 'colcon_meta'
[0.559s] [34mcolcon.colcon_core.package_identification[0m [1;30mLevel 1[0m _identify(src/tracker_bridge) by extensions ['ros']
[0.559s] [34mcolcon.colcon_core.package_identification[0m [1;30mLevel 1[0m _identify(src/tracker_bridge) by extension 'ros'
[0.559s] [34mcolcon.colcon_core.package_identification[0m [1;30mDEBUG[0m [32mPackage 'src/tracker_bridge' with type 'ros.ament_python' and name 'tracker_bridge'[0m
[0.559s] [34mcolcon.colcon_core.package_discovery[0m [1;30mLevel 1[0m discover_packages(recursive) using defaults
[0.559s] [34mcolcon.colcon_core.package_discovery[0m [1;30mLevel 1[0m discover_packages(ignore) discover
[0.559s] [34mcolcon.colcon_core.package_discovery[0m [1;30mLevel 1[0m discover_packages(ignore) using defaults
[0.559s] [34mcolcon.colcon_core.package_discovery[0m [1;30mLevel 1[0m discover_packages(path) discover
[0.559s] [34mcolcon.colcon_core.package_discovery[0m [1;30mLevel 1[0m discover_packages(path) using defaults
[0.578s] [34mcolcon.colcon_core.package_selection[0m [1;30mINFO[0m Skipping not selected package 'camera_bridge' in 'src/camera_bridge'
[0.578s] [34mcolcon.colcon_core.package_selection[0m [1;30mINFO[0m Skipping not selected package 'data_recorder_interfaces' in 'src/data_recorder_interfaces'
[0.578s] [34mcolcon.colcon_core.package_selection[0m [1;30mINFO[0m Skipping not selected package 'open_cyber_glove' in 'src/open_cyber_glove'
[0.578s] [34mcolcon.colcon_core.package_selection[0m [1;30mINFO[0m Skipping not selected package 'open_cyber_glove_ros2' in 'src/open_cyber_glove_ros2'
[0.578s] [34mcolcon.colcon_core.package_selection[0m [1;30mINFO[0m Skipping not selected package 'piper_teleop' in 'src/piper_teleop'
[0.578s] [34mcolcon.colcon_core.package_selection[0m [1;30mINFO[0m Skipping not selected package 'tracker_bridge' in 'src/tracker_bridge'
[0.579s] [34mcolcon.colcon_core.package_discovery[0m [1;30mLevel 1[0m discover_packages(prefix_path) check parameters
[0.579s] [34mcolcon.colcon_core.package_discovery[0m [1;30mLevel 1[0m discover_packages(prefix_path) discover
[0.580s] [34mcolcon.colcon_installed_package_information.package_discovery[0m [1;30mDEBUG[0m [32mFound 7 installed packages in /home/nuc/ros2_workspace/data_collection_ws/install[0m
[0.580s] [34mcolcon.colcon_installed_package_information.package_discovery[0m [1;30mDEBUG[0m [32mFound 8 installed packages in /home/nuc/ros2_workspace/angus_dexhand_system/install[0m
[0.581s] [34mcolcon.colcon_installed_package_information.package_discovery[0m [1;30mDEBUG[0m [32mFound 8 installed packages in /home/nuc/ros2_workspace/piper_ros/install[0m
[0.582s] [34mcolcon.colcon_installed_package_information.package_discovery[0m [1;30mDEBUG[0m [32mFound 374 installed packages in /opt/ros/humble[0m
[0.583s] [34mcolcon.colcon_core.package_discovery[0m [1;30mLevel 1[0m discover_packages(prefix_path) using defaults
[0.626s] [34mcolcon.colcon_core.verb[0m [1;30mLevel 5[0m set package 'data_recorder_ros2' build argument 'cmake_args' from command line to 'None'
[0.627s] [34mcolcon.colcon_core.verb[0m [1;30mLevel 5[0m set package 'data_recorder_ros2' build argument 'cmake_target' from command line to 'None'
[0.627s] [34mcolcon.colcon_core.verb[0m [1;30mLevel 5[0m set package 'data_recorder_ros2' build argument 'cmake_target_skip_unavailable' from command line to 'False'
[0.627s] [34mcolcon.colcon_core.verb[0m [1;30mLevel 5[0m set package 'data_recorder_ros2' build argument 'cmake_clean_cache' from command line to 'False'
[0.627s] [34mcolcon.colcon_core.verb[0m [1;30mLevel 5[0m set package 'data_recorder_ros2' build argument 'cmake_clean_first' from command line to 'False'
[0.627s] [34mcolcon.colcon_core.verb[0m [1;30mLevel 5[0m set package 'data_recorder_ros2' build argument 'cmake_force_configure' from command line to 'False'
[0.627s] [34mcolcon.colcon_core.verb[0m [1;30mLevel 5[0m set package 'data_recorder_ros2' build argument 'ament_cmake_args' from command line to 'None'
[0.627s] [34mcolcon.colcon_core.verb[0m [1;30mLevel 5[0m set package 'data_recorder_ros2' build argument 'catkin_cmake_args' from command line to 'None'
[0.627s] [34mcolcon.colcon_core.verb[0m [1;30mLevel 5[0m set package 'data_recorder_ros2' build argument 'catkin_skip_building_tests' from command line to 'False'
[0.627s] [34mcolcon.colcon_core.verb[0m [1;30mDEBUG[0m [32mBuilding package 'data_recorder_ros2' with the following arguments: {'ament_cmake_args': None, 'build_base': '/home/nuc/ros2_workspace/data_collection_ws/build/data_recorder_ros2', 'catkin_cmake_args': None, 'catkin_skip_building_tests': False, 'cmake_args': None, 'cmake_clean_cache': False, 'cmake_clean_first': False, 'cmake_force_configure': False, 'cmake_target': None, 'cmake_target_skip_unavailable': False, 'install_base': '/home/nuc/ros2_workspace/data_collection_ws/install/data_recorder_ros2', 'merge_install': False, 'path': '/home/nuc/ros2_workspace/data_collection_ws/src/data_recorder_ros2', 'symlink_install': True, 'test_result_base': None}[0m
[0.627s] [34mcolcon.colcon_core.executor[0m [1;30mINFO[0m Executing jobs using 'parallel' executor
[0.628s] [34mcolcon.colcon_parallel_executor.executor.parallel[0m [1;30mDEBUG[0m [32mrun_until_complete[0m
[0.629s] [34mcolcon.colcon_ros.task.ament_python.build[0m [1;30mINFO[0m Building ROS package in '/home/nuc/ros2_workspace/data_collection_ws/src/data_recorder_ros2' with build type 'ament_python'
[0.629s] [34mcolcon.colcon_core.shell[0m [1;30mLevel 1[0m create_environment_hook('data_recorder_ros2', 'ament_prefix_path')
[0.631s] [34mcolcon.colcon_core.plugin_system[0m [1;30mINFO[0m Skipping extension 'colcon_core.shell.bat': Not used on non-Windows systems
[0.631s] [34mcolcon.colcon_core.shell[0m [1;30mINFO[0m Creating environment hook '/home/nuc/ros2_workspace/data_collection_ws/install/data_recorder_ros2/share/data_recorder_ros2/hook/ament_prefix_path.ps1'
[0.632s] [34mcolcon.colcon_core.shell[0m [1;30mINFO[0m Creating environment descriptor '/home/nuc/ros2_workspace/data_collection_ws/install/data_recorder_ros2/share/data_recorder_ros2/hook/ament_prefix_path.dsv'
[0.632s] [34mcolcon.colcon_core.shell[0m [1;30mINFO[0m Creating environment hook '/home/nuc/ros2_workspace/data_collection_ws/install/data_recorder_ros2/share/data_recorder_ros2/hook/ament_prefix_path.sh'
[0.633s] [34mcolcon.colcon_core.shell[0m [1;30mINFO[0m Skip shell extension 'powershell' for command environment: Not usable outside of PowerShell
[0.633s] [34mcolcon.colcon_core.shell[0m [1;30mDEBUG[0m [32mSkip shell extension 'dsv' for command environment[0m
[0.848s] [34mcolcon.colcon_core.task.python.build[0m [1;30mINFO[0m Building Python package in '/home/nuc/ros2_workspace/data_collection_ws/src/data_recorder_ros2'
[0.848s] [34mcolcon.colcon_core.shell[0m [1;30mINFO[0m Skip shell extension 'powershell' for command environment: Not usable outside of PowerShell
[0.848s] [34mcolcon.colcon_core.shell[0m [1;30mDEBUG[0m [32mSkip shell extension 'dsv' for command environment[0m
[1.191s] [34mcolcon.colcon_core.task.python.build[0m [1;30mDEBUG[0m [32mWhile undoing a previous installation files outside the Python library path are being ignored: /home/nuc/ros2_workspace/data_collection_ws/install/data_recorder_ros2/share/ament_index/resource_index/packages/data_recorder_ros2[0m
[1.191s] [34mcolcon.colcon_core.task.python.build[0m [1;30mDEBUG[0m [32mWhile undoing a previous installation files outside the Python library path are being ignored: /home/nuc/ros2_workspace/data_collection_ws/install/data_recorder_ros2/share/data_recorder_ros2/package.xml[0m
[1.191s] [34mcolcon.colcon_core.task.python.build[0m [1;30mDEBUG[0m [32mWhile undoing a previous installation files outside the Python library path are being ignored: /home/nuc/ros2_workspace/data_collection_ws/install/data_recorder_ros2/share/data_recorder_ros2/launch/scale.launch.py[0m
[1.191s] [34mcolcon.colcon_core.task.python.build[0m [1;30mDEBUG[0m [32mWhile undoing a previous installation files outside the Python library path are being ignored: /home/nuc/ros2_workspace/data_collection_ws/install/data_recorder_ros2/share/data_recorder_ros2/launch/recorder.launch.py[0m
[1.191s] [34mcolcon.colcon_core.task.python.build[0m [1;30mDEBUG[0m [32mWhile undoing a previous installation files outside the Python library path are being ignored: /home/nuc/ros2_workspace/data_collection_ws/install/data_recorder_ros2/share/data_recorder_ros2/launch/data_recorder_bringup.launch.py[0m
[1.191s] [34mcolcon.colcon_core.task.python.build[0m [1;30mDEBUG[0m [32mWhile undoing a previous installation files outside the Python library path are being ignored: /home/nuc/ros2_workspace/data_collection_ws/install/data_recorder_ros2/share/data_recorder_ros2/launch/rs_d435i.launch.py[0m
[1.191s] [34mcolcon.colcon_core.task.python.build[0m [1;30mDEBUG[0m [32mWhile undoing a previous installation files outside the Python library path are being ignored: /home/nuc/ros2_workspace/data_collection_ws/install/data_recorder_ros2/share/data_recorder_ros2/launch/usb_camera.launch.py[0m
[1.191s] [34mcolcon.colcon_core.task.python.build[0m [1;30mDEBUG[0m [32mWhile undoing a previous installation files outside the Python library path are being ignored: /home/nuc/ros2_workspace/data_collection_ws/install/data_recorder_ros2/share/data_recorder_ros2/config/camera1.yaml[0m
[1.191s] [34mcolcon.colcon_core.task.python.build[0m [1;30mDEBUG[0m [32mWhile undoing a previous installation files outside the Python library path are being ignored: /home/nuc/ros2_workspace/data_collection_ws/install/data_recorder_ros2/share/data_recorder_ros2/config/camera2.yaml[0m
[1.191s] [34mcolcon.colcon_core.task.python.build[0m [1;30mDEBUG[0m [32mWhile undoing a previous installation files outside the Python library path are being ignored: /home/nuc/ros2_workspace/data_collection_ws/install/data_recorder_ros2/lib/data_recorder_ros2/anheng_scale_node[0m
[1.191s] [34mcolcon.colcon_core.task.python.build[0m [1;30mDEBUG[0m [32mWhile undoing a previous installation files outside the Python library path are being ignored: /home/nuc/ros2_workspace/data_collection_ws/install/data_recorder_ros2/lib/data_recorder_ros2/heartbeat_publisher[0m
[1.191s] [34mcolcon.colcon_core.task.python.build[0m [1;30mDEBUG[0m [32mWhile undoing a previous installation files outside the Python library path are being ignored: /home/nuc/ros2_workspace/data_collection_ws/install/data_recorder_ros2/lib/data_recorder_ros2/recorder_service[0m
[1.196s] [34mcolcon.colcon_core.event_handler.log_command[0m [1;30mDEBUG[0m [32mInvoking command in '/home/nuc/ros2_workspace/data_collection_ws/build/data_recorder_ros2': PYTHONPATH=/home/nuc/ros2_workspace/data_collection_ws/build/data_recorder_ros2/prefix_override:/usr/lib/python3/dist-packages/colcon_core/task/python/colcon_distutils_commands:/home/nuc/ros2_workspace/data_collection_ws/install/data_recorder_ros2/lib/python3.10/site-packages:${PYTHONPATH} /usr/bin/python3 -W ignore:setup.py install is deprecated -W ignore:easy_install command is deprecated setup.py develop --editable --build-directory /home/nuc/ros2_workspace/data_collection_ws/build/data_recorder_ros2/build --no-deps symlink_data --force[0m
[1.593s] [34mcolcon.colcon_core.shell[0m [1;30mLevel 1[0m create_environment_hook('data_recorder_ros2', 'pythonpath_develop')
[1.593s] [34mcolcon.colcon_core.shell[0m [1;30mINFO[0m Creating environment hook '/home/nuc/ros2_workspace/data_collection_ws/build/data_recorder_ros2/share/data_recorder_ros2/hook/pythonpath_develop.ps1'
[1.594s] [34mcolcon.colcon_core.event_handler.log_command[0m [1;30mDEBUG[0m [32mInvoked command in '/home/nuc/ros2_workspace/data_collection_ws/build/data_recorder_ros2' returned '0': PYTHONPATH=/home/nuc/ros2_workspace/data_collection_ws/build/data_recorder_ros2/prefix_override:/usr/lib/python3/dist-packages/colcon_core/task/python/colcon_distutils_commands:/home/nuc/ros2_workspace/data_collection_ws/install/data_recorder_ros2/lib/python3.10/site-packages:${PYTHONPATH} /usr/bin/python3 -W ignore:setup.py install is deprecated -W ignore:easy_install command is deprecated setup.py develop --editable --build-directory /home/nuc/ros2_workspace/data_collection_ws/build/data_recorder_ros2/build --no-deps symlink_data --force[0m
[1.595s] [34mcolcon.colcon_core.shell[0m [1;30mINFO[0m Creating environment descriptor '/home/nuc/ros2_workspace/data_collection_ws/build/data_recorder_ros2/share/data_recorder_ros2/hook/pythonpath_develop.dsv'
[1.595s] [34mcolcon.colcon_core.shell[0m [1;30mINFO[0m Creating environment hook '/home/nuc/ros2_workspace/data_collection_ws/build/data_recorder_ros2/share/data_recorder_ros2/hook/pythonpath_develop.sh'
[1.597s] [34mcolcon.colcon_core.environment[0m [1;30mLevel 1[0m checking '/home/nuc/ros2_workspace/data_collection_ws/install/data_recorder_ros2' for CMake module files
[1.597s] [34mcolcon.colcon_core.environment[0m [1;30mLevel 1[0m checking '/home/nuc/ros2_workspace/data_collection_ws/install/data_recorder_ros2' for CMake config files
[1.597s] [34mcolcon.colcon_core.environment[0m [1;30mLevel 1[0m checking '/home/nuc/ros2_workspace/data_collection_ws/install/data_recorder_ros2/lib'
[1.598s] [34mcolcon.colcon_core.environment[0m [1;30mLevel 1[0m checking '/home/nuc/ros2_workspace/data_collection_ws/install/data_recorder_ros2/bin'
[1.598s] [34mcolcon.colcon_core.environment[0m [1;30mLevel 1[0m checking '/home/nuc/ros2_workspace/data_collection_ws/install/data_recorder_ros2/lib/pkgconfig/data_recorder_ros2.pc'
[1.598s] [34mcolcon.colcon_core.environment[0m [1;30mLevel 1[0m checking '/home/nuc/ros2_workspace/data_collection_ws/install/data_recorder_ros2/lib/python3.10/site-packages'
[1.598s] [34mcolcon.colcon_core.shell[0m [1;30mLevel 1[0m create_environment_hook('data_recorder_ros2', 'pythonpath')
[1.598s] [34mcolcon.colcon_core.shell[0m [1;30mINFO[0m Creating environment hook '/home/nuc/ros2_workspace/data_collection_ws/install/data_recorder_ros2/share/data_recorder_ros2/hook/pythonpath.ps1'
[1.598s] [34mcolcon.colcon_core.shell[0m [1;30mINFO[0m Creating environment descriptor '/home/nuc/ros2_workspace/data_collection_ws/install/data_recorder_ros2/share/data_recorder_ros2/hook/pythonpath.dsv'
[1.599s] [34mcolcon.colcon_core.shell[0m [1;30mINFO[0m Creating environment hook '/home/nuc/ros2_workspace/data_collection_ws/install/data_recorder_ros2/share/data_recorder_ros2/hook/pythonpath.sh'
[1.599s] [34mcolcon.colcon_core.environment[0m [1;30mLevel 1[0m checking '/home/nuc/ros2_workspace/data_collection_ws/install/data_recorder_ros2/bin'
[1.599s] [34mcolcon.colcon_core.environment[0m [1;30mLevel 1[0m create_environment_scripts_only(data_recorder_ros2)
[1.599s] [34mcolcon.colcon_core.shell[0m [1;30mINFO[0m Creating package script '/home/nuc/ros2_workspace/data_collection_ws/install/data_recorder_ros2/share/data_recorder_ros2/package.ps1'
[1.600s] [34mcolcon.colcon_core.shell[0m [1;30mINFO[0m Creating package descriptor '/home/nuc/ros2_workspace/data_collection_ws/install/data_recorder_ros2/share/data_recorder_ros2/package.dsv'
[1.600s] [34mcolcon.colcon_core.shell[0m [1;30mINFO[0m Creating package script '/home/nuc/ros2_workspace/data_collection_ws/install/data_recorder_ros2/share/data_recorder_ros2/package.sh'
[1.601s] [34mcolcon.colcon_core.shell[0m [1;30mINFO[0m Creating package script '/home/nuc/ros2_workspace/data_collection_ws/install/data_recorder_ros2/share/data_recorder_ros2/package.bash'
[1.601s] [34mcolcon.colcon_core.shell[0m [1;30mINFO[0m Creating package script '/home/nuc/ros2_workspace/data_collection_ws/install/data_recorder_ros2/share/data_recorder_ros2/package.zsh'
[1.601s] [34mcolcon.colcon_core.environment[0m [1;30mLevel 1[0m create_file_with_runtime_dependencies(/home/nuc/ros2_workspace/data_collection_ws/install/data_recorder_ros2/share/colcon-core/packages/data_recorder_ros2)
[1.602s] [34mcolcon.colcon_parallel_executor.executor.parallel[0m [1;30mDEBUG[0m [32mclosing loop[0m
[1.602s] [34mcolcon.colcon_parallel_executor.executor.parallel[0m [1;30mDEBUG[0m [32mloop closed[0m
[1.602s] [34mcolcon.colcon_parallel_executor.executor.parallel[0m [1;30mDEBUG[0m [32mrun_until_complete finished with '0'[0m
[1.602s] [34mcolcon.colcon_core.event_reactor[0m [1;30mDEBUG[0m [32mjoining thread[0m
[1.608s] [34mcolcon.colcon_core.plugin_system[0m [1;30mINFO[0m Skipping extension 'colcon_notification.desktop_notification.terminal_notifier': Not used on non-Darwin systems
[1.608s] [34mcolcon.colcon_core.plugin_system[0m [1;30mINFO[0m Skipping extension 'colcon_notification.desktop_notification.win32': Not used on non-Windows systems
[1.608s] [34mcolcon.colcon_notification.desktop_notification[0m [1;30mINFO[0m Sending desktop notification using 'notify2'
[1.623s] [34mcolcon.colcon_core.event_reactor[0m [1;30mDEBUG[0m [32mjoined thread[0m
[1.623s] [34mcolcon.colcon_core.shell[0m [1;30mINFO[0m Creating prefix script '/home/nuc/ros2_workspace/data_collection_ws/install/local_setup.ps1'
[1.624s] [34mcolcon.colcon_core.shell[0m [1;30mINFO[0m Creating prefix util module '/home/nuc/ros2_workspace/data_collection_ws/install/_local_setup_util_ps1.py'
[1.625s] [34mcolcon.colcon_core.shell[0m [1;30mINFO[0m Creating prefix chain script '/home/nuc/ros2_workspace/data_collection_ws/install/setup.ps1'
[1.628s] [34mcolcon.colcon_core.shell[0m [1;30mINFO[0m Creating prefix script '/home/nuc/ros2_workspace/data_collection_ws/install/local_setup.sh'
[1.630s] [34mcolcon.colcon_core.shell[0m [1;30mINFO[0m Creating prefix util module '/home/nuc/ros2_workspace/data_collection_ws/install/_local_setup_util_sh.py'
[1.631s] [34mcolcon.colcon_core.shell[0m [1;30mINFO[0m Creating prefix chain script '/home/nuc/ros2_workspace/data_collection_ws/install/setup.sh'
[1.633s] [34mcolcon.colcon_core.shell[0m [1;30mINFO[0m Creating prefix script '/home/nuc/ros2_workspace/data_collection_ws/install/local_setup.bash'
[1.634s] [34mcolcon.colcon_core.shell[0m [1;30mINFO[0m Creating prefix chain script '/home/nuc/ros2_workspace/data_collection_ws/install/setup.bash'
[1.635s] [34mcolcon.colcon_core.shell[0m [1;30mINFO[0m Creating prefix script '/home/nuc/ros2_workspace/data_collection_ws/install/local_setup.zsh'
[1.636s] [34mcolcon.colcon_core.shell[0m [1;30mINFO[0m Creating prefix chain script '/home/nuc/ros2_workspace/data_collection_ws/install/setup.zsh'
