[0.397s] Invoking command in '/home/nuc/ros2_workspace/data_collection_ws/src/tracker_bridge': PYTHONPATH=/home/nuc/ros2_workspace/data_collection_ws/build/tracker_bridge/prefix_override:/usr/lib/python3/dist-packages/colcon_core/task/python/colcon_distutils_commands:/home/nuc/ros2_workspace/data_collection_ws/install/tracker_bridge/lib/python3.10/site-packages:${PYTHONPATH} /usr/bin/python3 -W ignore:setup.py install is deprecated -W ignore:easy_install command is deprecated setup.py egg_info --egg-base ../../build/tracker_bridge build --build-base /home/nuc/ros2_workspace/data_collection_ws/build/tracker_bridge/build install --record /home/nuc/ros2_workspace/data_collection_ws/build/tracker_bridge/install.log --single-version-externally-managed install_data
[0.554s] running egg_info
[0.555s] writing ../../build/tracker_bridge/tracker_bridge.egg-info/PKG-INFO
[0.556s] writing dependency_links to ../../build/tracker_bridge/tracker_bridge.egg-info/dependency_links.txt
[0.557s] writing entry points to ../../build/tracker_bridge/tracker_bridge.egg-info/entry_points.txt
[0.558s] writing requirements to ../../build/tracker_bridge/tracker_bridge.egg-info/requires.txt
[0.558s] writing top-level names to ../../build/tracker_bridge/tracker_bridge.egg-info/top_level.txt
[0.558s] reading manifest file '../../build/tracker_bridge/tracker_bridge.egg-info/SOURCES.txt'
[0.559s] writing manifest file '../../build/tracker_bridge/tracker_bridge.egg-info/SOURCES.txt'
[0.559s] running build
[0.560s] running build_py
[0.562s] running install
[0.562s] running install_lib
[0.563s] running install_data
[0.565s] running install_egg_info
[0.565s] removing '/home/nuc/ros2_workspace/data_collection_ws/install/tracker_bridge/lib/python3.10/site-packages/tracker_bridge-0.0.0-py3.10.egg-info' (and everything under it)
[0.568s] Copying ../../build/tracker_bridge/tracker_bridge.egg-info to /home/nuc/ros2_workspace/data_collection_ws/install/tracker_bridge/lib/python3.10/site-packages/tracker_bridge-0.0.0-py3.10.egg-info
[0.570s] running install_scripts
[0.587s] Installing plot_trackers script to /home/nuc/ros2_workspace/data_collection_ws/install/tracker_bridge/lib/tracker_bridge
[0.588s] Installing tracker_server script to /home/nuc/ros2_workspace/data_collection_ws/install/tracker_bridge/lib/tracker_bridge
[0.589s] writing list of installed files to '/home/nuc/ros2_workspace/data_collection_ws/build/tracker_bridge/install.log'
[0.602s] Invoked command in '/home/nuc/ros2_workspace/data_collection_ws/src/tracker_bridge' returned '0': PYTHONPATH=/home/nuc/ros2_workspace/data_collection_ws/build/tracker_bridge/prefix_override:/usr/lib/python3/dist-packages/colcon_core/task/python/colcon_distutils_commands:/home/nuc/ros2_workspace/data_collection_ws/install/tracker_bridge/lib/python3.10/site-packages:${PYTHONPATH} /usr/bin/python3 -W ignore:setup.py install is deprecated -W ignore:easy_install command is deprecated setup.py egg_info --egg-base ../../build/tracker_bridge build --build-base /home/nuc/ros2_workspace/data_collection_ws/build/tracker_bridge/build install --record /home/nuc/ros2_workspace/data_collection_ws/build/tracker_bridge/install.log --single-version-externally-managed install_data
