running egg_info
writing ../../build/tracker_bridge/tracker_bridge.egg-info/PKG-INFO
writing dependency_links to ../../build/tracker_bridge/tracker_bridge.egg-info/dependency_links.txt
writing entry points to ../../build/tracker_bridge/tracker_bridge.egg-info/entry_points.txt
writing requirements to ../../build/tracker_bridge/tracker_bridge.egg-info/requires.txt
writing top-level names to ../../build/tracker_bridge/tracker_bridge.egg-info/top_level.txt
reading manifest file '../../build/tracker_bridge/tracker_bridge.egg-info/SOURCES.txt'
writing manifest file '../../build/tracker_bridge/tracker_bridge.egg-info/SOURCES.txt'
running build
running build_py
copying tracker_bridge/tracker_server.py -> /home/nuc/ros2_workspace/data_collection_ws/build/tracker_bridge/build/lib/tracker_bridge
running install
running install_lib
copying /home/nuc/ros2_workspace/data_collection_ws/build/tracker_bridge/build/lib/tracker_bridge/tracker_server.py -> /home/nuc/ros2_workspace/data_collection_ws/install/tracker_bridge/lib/python3.10/site-packages/tracker_bridge
byte-compiling /home/nuc/ros2_workspace/data_collection_ws/install/tracker_bridge/lib/python3.10/site-packages/tracker_bridge/tracker_server.py to tracker_server.cpython-310.pyc
running install_data
running install_egg_info
removing '/home/nuc/ros2_workspace/data_collection_ws/install/tracker_bridge/lib/python3.10/site-packages/tracker_bridge-0.0.0-py3.10.egg-info' (and everything under it)
Copying ../../build/tracker_bridge/tracker_bridge.egg-info to /home/nuc/ros2_workspace/data_collection_ws/install/tracker_bridge/lib/python3.10/site-packages/tracker_bridge-0.0.0-py3.10.egg-info
running install_scripts
Installing plot_trackers script to /home/nuc/ros2_workspace/data_collection_ws/install/tracker_bridge/lib/tracker_bridge
Installing tracker_server script to /home/nuc/ros2_workspace/data_collection_ws/install/tracker_bridge/lib/tracker_bridge
writing list of installed files to '/home/nuc/ros2_workspace/data_collection_ws/build/tracker_bridge/install.log'
