[0.688s] Invoking command in '/home/nuc/ros2_workspace/data_collection_ws/src/camera_bridge': PYTHONPATH=/home/nuc/ros2_workspace/data_collection_ws/build/camera_bridge/prefix_override:/usr/lib/python3/dist-packages/colcon_core/task/python/colcon_distutils_commands:/home/nuc/ros2_workspace/data_collection_ws/install/camera_bridge/lib/python3.10/site-packages:${PYTHONPATH} /usr/bin/python3 -W ignore:setup.py install is deprecated -W ignore:easy_install command is deprecated setup.py egg_info --egg-base ../../build/camera_bridge build --build-base /home/nuc/ros2_workspace/data_collection_ws/build/camera_bridge/build install --record /home/nuc/ros2_workspace/data_collection_ws/build/camera_bridge/install.log --single-version-externally-managed install_data
[0.875s] running egg_info
[0.875s] creating ../../build/camera_bridge/camera_bridge.egg-info
[0.875s] writing ../../build/camera_bridge/camera_bridge.egg-info/PKG-INFO
[0.875s] writing dependency_links to ../../build/camera_bridge/camera_bridge.egg-info/dependency_links.txt
[0.875s] writing entry points to ../../build/camera_bridge/camera_bridge.egg-info/entry_points.txt
[0.875s] writing requirements to ../../build/camera_bridge/camera_bridge.egg-info/requires.txt
[0.875s] writing top-level names to ../../build/camera_bridge/camera_bridge.egg-info/top_level.txt
[0.875s] writing manifest file '../../build/camera_bridge/camera_bridge.egg-info/SOURCES.txt'
[0.876s] reading manifest file '../../build/camera_bridge/camera_bridge.egg-info/SOURCES.txt'
[0.876s] writing manifest file '../../build/camera_bridge/camera_bridge.egg-info/SOURCES.txt'
[0.877s] running build
[0.877s] running build_py
[0.877s] creating /home/nuc/ros2_workspace/data_collection_ws/build/camera_bridge/build
[0.877s] creating /home/nuc/ros2_workspace/data_collection_ws/build/camera_bridge/build/lib
[0.877s] creating /home/nuc/ros2_workspace/data_collection_ws/build/camera_bridge/build/lib/camera_bridge
[0.877s] copying camera_bridge/camera_receiver.py -> /home/nuc/ros2_workspace/data_collection_ws/build/camera_bridge/build/lib/camera_bridge
[0.877s] copying camera_bridge/__init__.py -> /home/nuc/ros2_workspace/data_collection_ws/build/camera_bridge/build/lib/camera_bridge
[0.878s] running install
[0.878s] running install_lib
[0.878s] creating /home/nuc/ros2_workspace/data_collection_ws/install/camera_bridge/lib/python3.10/site-packages/camera_bridge
[0.878s] copying /home/nuc/ros2_workspace/data_collection_ws/build/camera_bridge/build/lib/camera_bridge/camera_receiver.py -> /home/nuc/ros2_workspace/data_collection_ws/install/camera_bridge/lib/python3.10/site-packages/camera_bridge
[0.878s] copying /home/nuc/ros2_workspace/data_collection_ws/build/camera_bridge/build/lib/camera_bridge/__init__.py -> /home/nuc/ros2_workspace/data_collection_ws/install/camera_bridge/lib/python3.10/site-packages/camera_bridge
[0.878s] byte-compiling /home/nuc/ros2_workspace/data_collection_ws/install/camera_bridge/lib/python3.10/site-packages/camera_bridge/camera_receiver.py to camera_receiver.cpython-310.pyc
[0.879s] byte-compiling /home/nuc/ros2_workspace/data_collection_ws/install/camera_bridge/lib/python3.10/site-packages/camera_bridge/__init__.py to __init__.cpython-310.pyc
[0.879s] running install_data
[0.879s] creating /home/nuc/ros2_workspace/data_collection_ws/install/camera_bridge/share/ament_index
[0.879s] creating /home/nuc/ros2_workspace/data_collection_ws/install/camera_bridge/share/ament_index/resource_index
[0.879s] creating /home/nuc/ros2_workspace/data_collection_ws/install/camera_bridge/share/ament_index/resource_index/packages
[0.879s] copying resource/camera_bridge -> /home/nuc/ros2_workspace/data_collection_ws/install/camera_bridge/share/ament_index/resource_index/packages
[0.879s] copying package.xml -> /home/nuc/ros2_workspace/data_collection_ws/install/camera_bridge/share/camera_bridge
[0.879s] creating /home/nuc/ros2_workspace/data_collection_ws/install/camera_bridge/share/camera_bridge/launch
[0.879s] copying launch/usb_camera_bridge.launch.py -> /home/nuc/ros2_workspace/data_collection_ws/install/camera_bridge/share/camera_bridge/launch
[0.879s] running install_egg_info
[0.881s] Copying ../../build/camera_bridge/camera_bridge.egg-info to /home/nuc/ros2_workspace/data_collection_ws/install/camera_bridge/lib/python3.10/site-packages/camera_bridge-0.0.0-py3.10.egg-info
[0.881s] running install_scripts
[0.897s] Installing camera_receiver script to /home/nuc/ros2_workspace/data_collection_ws/install/camera_bridge/lib/camera_bridge
[0.899s] writing list of installed files to '/home/nuc/ros2_workspace/data_collection_ws/build/camera_bridge/install.log'
[1.022s] Invoked command in '/home/nuc/ros2_workspace/data_collection_ws/src/camera_bridge' returned '0': PYTHONPATH=/home/nuc/ros2_workspace/data_collection_ws/build/camera_bridge/prefix_override:/usr/lib/python3/dist-packages/colcon_core/task/python/colcon_distutils_commands:/home/nuc/ros2_workspace/data_collection_ws/install/camera_bridge/lib/python3.10/site-packages:${PYTHONPATH} /usr/bin/python3 -W ignore:setup.py install is deprecated -W ignore:easy_install command is deprecated setup.py egg_info --egg-base ../../build/camera_bridge build --build-base /home/nuc/ros2_workspace/data_collection_ws/build/camera_bridge/build install --record /home/nuc/ros2_workspace/data_collection_ws/build/camera_bridge/install.log --single-version-externally-managed install_data
