[0.531s] Invoking command in '/home/bryce/ros2_workspace/data_collection_ws/src/data_recorder_ros2': LD_LIBRARY_PATH=/home/bryce/ros2_workspace/data_collection_ws/install/data_recorder_interfaces/lib:/usr/local/cuda-13.0/lib64:/opt/ros/humble/opt/rviz_ogre_vendor/lib:/opt/ros/humble/lib/x86_64-linux-gnu:/opt/ros/humble/lib:/home/bryce/.mujoco/mujoco210/bin PYTHONPATH=/home/bryce/ros2_workspace/data_collection_ws/build/data_recorder_ros2/prefix_override:/usr/lib/python3/dist-packages/colcon_core/task/python/colcon_distutils_commands:/home/bryce/ros2_workspace/data_collection_ws/install/data_recorder_ros2/lib/python3.10/site-packages:/home/bryce/ros2_workspace/data_collection_ws/install/data_recorder_interfaces/local/lib/python3.10/dist-packages:${PYTHONPATH} /usr/bin/python3 -W ignore:setup.py install is deprecated -W ignore:easy_install command is deprecated setup.py egg_info --egg-base ../../build/data_recorder_ros2 build --build-base /home/bryce/ros2_workspace/data_collection_ws/build/data_recorder_ros2/build install --record /home/bryce/ros2_workspace/data_collection_ws/build/data_recorder_ros2/install.log --single-version-externally-managed install_data
[0.727s] running egg_info
[0.728s] creating ../../build/data_recorder_ros2/data_recorder_ros2.egg-info
[0.728s] writing ../../build/data_recorder_ros2/data_recorder_ros2.egg-info/PKG-INFO
[0.728s] writing dependency_links to ../../build/data_recorder_ros2/data_recorder_ros2.egg-info/dependency_links.txt
[0.728s] writing entry points to ../../build/data_recorder_ros2/data_recorder_ros2.egg-info/entry_points.txt
[0.728s] writing requirements to ../../build/data_recorder_ros2/data_recorder_ros2.egg-info/requires.txt
[0.728s] writing top-level names to ../../build/data_recorder_ros2/data_recorder_ros2.egg-info/top_level.txt
[0.729s] writing manifest file '../../build/data_recorder_ros2/data_recorder_ros2.egg-info/SOURCES.txt'
[0.730s] reading manifest file '../../build/data_recorder_ros2/data_recorder_ros2.egg-info/SOURCES.txt'
[0.730s] writing manifest file '../../build/data_recorder_ros2/data_recorder_ros2.egg-info/SOURCES.txt'
[0.731s] running build
[0.731s] running build_py
[0.731s] creating /home/bryce/ros2_workspace/data_collection_ws/build/data_recorder_ros2/build
[0.731s] creating /home/bryce/ros2_workspace/data_collection_ws/build/data_recorder_ros2/build/lib
[0.731s] creating /home/bryce/ros2_workspace/data_collection_ws/build/data_recorder_ros2/build/lib/data_recorder_ros2
[0.731s] copying data_recorder_ros2/anheng_scale_node.py -> /home/bryce/ros2_workspace/data_collection_ws/build/data_recorder_ros2/build/lib/data_recorder_ros2
[0.731s] copying data_recorder_ros2/recorder_service.py -> /home/bryce/ros2_workspace/data_collection_ws/build/data_recorder_ros2/build/lib/data_recorder_ros2
[0.731s] copying data_recorder_ros2/__init__.py -> /home/bryce/ros2_workspace/data_collection_ws/build/data_recorder_ros2/build/lib/data_recorder_ros2
[0.731s] running install
[0.731s] running install_lib
[0.732s] creating /home/bryce/ros2_workspace/data_collection_ws/install/data_recorder_ros2/lib/python3.10/site-packages/data_recorder_ros2
[0.732s] copying /home/bryce/ros2_workspace/data_collection_ws/build/data_recorder_ros2/build/lib/data_recorder_ros2/anheng_scale_node.py -> /home/bryce/ros2_workspace/data_collection_ws/install/data_recorder_ros2/lib/python3.10/site-packages/data_recorder_ros2
[0.732s] copying /home/bryce/ros2_workspace/data_collection_ws/build/data_recorder_ros2/build/lib/data_recorder_ros2/recorder_service.py -> /home/bryce/ros2_workspace/data_collection_ws/install/data_recorder_ros2/lib/python3.10/site-packages/data_recorder_ros2
[0.732s] copying /home/bryce/ros2_workspace/data_collection_ws/build/data_recorder_ros2/build/lib/data_recorder_ros2/__init__.py -> /home/bryce/ros2_workspace/data_collection_ws/install/data_recorder_ros2/lib/python3.10/site-packages/data_recorder_ros2
[0.732s] byte-compiling /home/bryce/ros2_workspace/data_collection_ws/install/data_recorder_ros2/lib/python3.10/site-packages/data_recorder_ros2/anheng_scale_node.py to anheng_scale_node.cpython-310.pyc
[0.732s] byte-compiling /home/bryce/ros2_workspace/data_collection_ws/install/data_recorder_ros2/lib/python3.10/site-packages/data_recorder_ros2/recorder_service.py to recorder_service.cpython-310.pyc
[0.733s] byte-compiling /home/bryce/ros2_workspace/data_collection_ws/install/data_recorder_ros2/lib/python3.10/site-packages/data_recorder_ros2/__init__.py to __init__.cpython-310.pyc
[0.733s] running install_data
[0.733s] creating /home/bryce/ros2_workspace/data_collection_ws/install/data_recorder_ros2/share/ament_index
[0.733s] creating /home/bryce/ros2_workspace/data_collection_ws/install/data_recorder_ros2/share/ament_index/resource_index
[0.733s] creating /home/bryce/ros2_workspace/data_collection_ws/install/data_recorder_ros2/share/ament_index/resource_index/packages
[0.733s] copying resource/data_recorder_ros2 -> /home/bryce/ros2_workspace/data_collection_ws/install/data_recorder_ros2/share/ament_index/resource_index/packages
[0.733s] copying package.xml -> /home/bryce/ros2_workspace/data_collection_ws/install/data_recorder_ros2/share/data_recorder_ros2
[0.733s] running install_egg_info
[0.734s] Copying ../../build/data_recorder_ros2/data_recorder_ros2.egg-info to /home/bryce/ros2_workspace/data_collection_ws/install/data_recorder_ros2/lib/python3.10/site-packages/data_recorder_ros2-0.1.0-py3.10.egg-info
[0.735s] running install_scripts
[0.748s] Installing anheng_scale_node script to /home/bryce/ros2_workspace/data_collection_ws/install/data_recorder_ros2/lib/data_recorder_ros2
[0.748s] Installing recorder_service script to /home/bryce/ros2_workspace/data_collection_ws/install/data_recorder_ros2/lib/data_recorder_ros2
[0.749s] writing list of installed files to '/home/bryce/ros2_workspace/data_collection_ws/build/data_recorder_ros2/install.log'
[0.765s] Invoked command in '/home/bryce/ros2_workspace/data_collection_ws/src/data_recorder_ros2' returned '0': LD_LIBRARY_PATH=/home/bryce/ros2_workspace/data_collection_ws/install/data_recorder_interfaces/lib:/usr/local/cuda-13.0/lib64:/opt/ros/humble/opt/rviz_ogre_vendor/lib:/opt/ros/humble/lib/x86_64-linux-gnu:/opt/ros/humble/lib:/home/bryce/.mujoco/mujoco210/bin PYTHONPATH=/home/bryce/ros2_workspace/data_collection_ws/build/data_recorder_ros2/prefix_override:/usr/lib/python3/dist-packages/colcon_core/task/python/colcon_distutils_commands:/home/bryce/ros2_workspace/data_collection_ws/install/data_recorder_ros2/lib/python3.10/site-packages:/home/bryce/ros2_workspace/data_collection_ws/install/data_recorder_interfaces/local/lib/python3.10/dist-packages:${PYTHONPATH} /usr/bin/python3 -W ignore:setup.py install is deprecated -W ignore:easy_install command is deprecated setup.py egg_info --egg-base ../../build/data_recorder_ros2 build --build-base /home/bryce/ros2_workspace/data_collection_ws/build/data_recorder_ros2/build install --record /home/bryce/ros2_workspace/data_collection_ws/build/data_recorder_ros2/install.log --single-version-externally-managed install_data
