running egg_info
writing ../../build/open_cyber_glove/open_cyber_glove.egg-info/PKG-INFO
writing dependency_links to ../../build/open_cyber_glove/open_cyber_glove.egg-info/dependency_links.txt
writing requirements to ../../build/open_cyber_glove/open_cyber_glove.egg-info/requires.txt
writing top-level names to ../../build/open_cyber_glove/open_cyber_glove.egg-info/top_level.txt
reading manifest file '../../build/open_cyber_glove/open_cyber_glove.egg-info/SOURCES.txt'
adding license file 'LICENSE'
writing manifest file '../../build/open_cyber_glove/open_cyber_glove.egg-info/SOURCES.txt'
running build
running build_py
copying open_cyber_glove/glove_joint_state_dual_publisher.py -> /home/bryce/ros2_workspace/data_collection_ws/build/open_cyber_glove/build/lib/open_cyber_glove
running install
running install_lib
copying /home/bryce/ros2_workspace/data_collection_ws/build/open_cyber_glove/build/lib/open_cyber_glove/glove_joint_state_dual_publisher.py -> /home/bryce/ros2_workspace/data_collection_ws/install/open_cyber_glove/lib/python3.10/site-packages/open_cyber_glove
byte-compiling /home/bryce/ros2_workspace/data_collection_ws/install/open_cyber_glove/lib/python3.10/site-packages/open_cyber_glove/glove_joint_state_dual_publisher.py to glove_joint_state_dual_publisher.cpython-310.pyc
running install_egg_info
removing '/home/bryce/ros2_workspace/data_collection_ws/install/open_cyber_glove/lib/python3.10/site-packages/open_cyber_glove-0.1.0-py3.10.egg-info' (and everything under it)
Copying ../../build/open_cyber_glove/open_cyber_glove.egg-info to /home/bryce/ros2_workspace/data_collection_ws/install/open_cyber_glove/lib/python3.10/site-packages/open_cyber_glove-0.1.0-py3.10.egg-info
running install_scripts
writing list of installed files to '/home/bryce/ros2_workspace/data_collection_ws/build/open_cyber_glove/install.log'
