[0.233s] Invoking command in '/home/bryce/ros2_workspace/data_collection_ws/build/open_cyber_glove_ros2': CMAKE_PREFIX_PATH=${CMAKE_PREFIX_PATH}:/home/bryce/ros2_workspace/data_collection_ws/install/data_recorder_ros2:/opt/ros/humble /usr/bin/cmake --build /home/bryce/ros2_workspace/data_collection_ws/build/open_cyber_glove_ros2 -- -j12 -l12
[0.260s] [35m[1mConsolidate compiler generated dependencies of target open_cyber_glove_ros2__rosidl_generator_c[0m
[0.267s] [  3%] Built target open_cyber_glove_ros2__cpp
[0.268s] [ 12%] Built target open_cyber_glove_ros2__rosidl_generator_c
[0.276s] [ 12%] Built target ament_cmake_python_copy_open_cyber_glove_ros2
[0.277s] [35m[1mConsolidate compiler generated dependencies of target open_cyber_glove_ros2__rosidl_typesupport_introspection_cpp[0m
[0.277s] [35m[1mConsolidate compiler generated dependencies of target open_cyber_glove_ros2__rosidl_typesupport_cpp[0m
[0.278s] [35m[1mConsolidate compiler generated dependencies of target open_cyber_glove_ros2__rosidl_typesupport_fastrtps_cpp[0m
[0.278s] [35m[1mConsolidate compiler generated dependencies of target open_cyber_glove_ros2__rosidl_typesupport_c[0m
[0.278s] [35m[1mConsolidate compiler generated dependencies of target open_cyber_glove_ros2__rosidl_typesupport_introspection_c[0m
[0.278s] [35m[1mConsolidate compiler generated dependencies of target open_cyber_glove_ros2__rosidl_typesupport_fastrtps_c[0m
[0.286s] [ 22%] Built target open_cyber_glove_ros2__rosidl_typesupport_introspection_cpp
[0.286s] [ 32%] Built target open_cyber_glove_ros2__rosidl_typesupport_fastrtps_c
[0.287s] [ 41%] Built target open_cyber_glove_ros2__rosidl_typesupport_cpp
[0.288s] [ 51%] Built target open_cyber_glove_ros2__rosidl_typesupport_fastrtps_cpp
[0.288s] [ 61%] Built target open_cyber_glove_ros2__rosidl_typesupport_introspection_c
[0.288s] [ 70%] Built target open_cyber_glove_ros2__rosidl_typesupport_c
[0.303s] [ 70%] Built target open_cyber_glove_ros2
[0.317s] [ 74%] Built target open_cyber_glove_ros2__py
[0.325s] [35m[1mConsolidate compiler generated dependencies of target open_cyber_glove_ros2__rosidl_generator_py[0m
[0.333s] [ 80%] Built target open_cyber_glove_ros2__rosidl_generator_py
[0.341s] [35m[1mConsolidate compiler generated dependencies of target open_cyber_glove_ros2__rosidl_typesupport_c__pyext[0m
[0.341s] [35m[1mConsolidate compiler generated dependencies of target open_cyber_glove_ros2__rosidl_typesupport_introspection_c__pyext[0m
[0.342s] [35m[1mConsolidate compiler generated dependencies of target open_cyber_glove_ros2__rosidl_typesupport_fastrtps_c__pyext[0m
[0.350s] [ 87%] Built target open_cyber_glove_ros2__rosidl_typesupport_introspection_c__pyext
[0.350s] [ 93%] Built target open_cyber_glove_ros2__rosidl_typesupport_c__pyext
[0.350s] [100%] Built target open_cyber_glove_ros2__rosidl_typesupport_fastrtps_c__pyext
[0.492s] running egg_info
[0.492s] writing open_cyber_glove_ros2.egg-info/PKG-INFO
[0.492s] writing dependency_links to open_cyber_glove_ros2.egg-info/dependency_links.txt
[0.492s] writing top-level names to open_cyber_glove_ros2.egg-info/top_level.txt
[0.495s] reading manifest file 'open_cyber_glove_ros2.egg-info/SOURCES.txt'
[0.496s] writing manifest file 'open_cyber_glove_ros2.egg-info/SOURCES.txt'
[0.515s] [100%] Built target ament_cmake_python_build_open_cyber_glove_ros2_egg
[0.580s] Invoked command in '/home/bryce/ros2_workspace/data_collection_ws/build/open_cyber_glove_ros2' returned '0': CMAKE_PREFIX_PATH=${CMAKE_PREFIX_PATH}:/home/bryce/ros2_workspace/data_collection_ws/install/data_recorder_ros2:/opt/ros/humble /usr/bin/cmake --build /home/bryce/ros2_workspace/data_collection_ws/build/open_cyber_glove_ros2 -- -j12 -l12
[0.582s] Invoking command in '/home/bryce/ros2_workspace/data_collection_ws/build/open_cyber_glove_ros2': CMAKE_PREFIX_PATH=${CMAKE_PREFIX_PATH}:/home/bryce/ros2_workspace/data_collection_ws/install/data_recorder_ros2:/opt/ros/humble /usr/bin/cmake --install /home/bryce/ros2_workspace/data_collection_ws/build/open_cyber_glove_ros2
[0.586s] -- Install configuration: ""
[0.586s] -- Up-to-date: /home/bryce/ros2_workspace/data_collection_ws/install/open_cyber_glove_ros2/share/ament_index/resource_index/rosidl_interfaces/open_cyber_glove_ros2
[0.586s] -- Up-to-date: /home/bryce/ros2_workspace/data_collection_ws/install/open_cyber_glove_ros2/include/open_cyber_glove_ros2/open_cyber_glove_ros2
[0.586s] -- Up-to-date: /home/bryce/ros2_workspace/data_collection_ws/install/open_cyber_glove_ros2/include/open_cyber_glove_ros2/open_cyber_glove_ros2/msg
[0.587s] -- Up-to-date: /home/bryce/ros2_workspace/data_collection_ws/install/open_cyber_glove_ros2/include/open_cyber_glove_ros2/open_cyber_glove_ros2/msg/rosidl_generator_c__visibility_control.h
[0.587s] -- Up-to-date: /home/bryce/ros2_workspace/data_collection_ws/install/open_cyber_glove_ros2/include/open_cyber_glove_ros2/open_cyber_glove_ros2/msg/glove_data_msg.h
[0.587s] -- Up-to-date: /home/bryce/ros2_workspace/data_collection_ws/install/open_cyber_glove_ros2/include/open_cyber_glove_ros2/open_cyber_glove_ros2/msg/detail
[0.587s] -- Up-to-date: /home/bryce/ros2_workspace/data_collection_ws/install/open_cyber_glove_ros2/include/open_cyber_glove_ros2/open_cyber_glove_ros2/msg/detail/glove_data_msg__type_support.h
[0.587s] -- Up-to-date: /home/bryce/ros2_workspace/data_collection_ws/install/open_cyber_glove_ros2/include/open_cyber_glove_ros2/open_cyber_glove_ros2/msg/detail/glove_data_msg__struct.h
[0.587s] -- Up-to-date: /home/bryce/ros2_workspace/data_collection_ws/install/open_cyber_glove_ros2/include/open_cyber_glove_ros2/open_cyber_glove_ros2/msg/detail/glove_data_msg__functions.c
[0.587s] -- Up-to-date: /home/bryce/ros2_workspace/data_collection_ws/install/open_cyber_glove_ros2/include/open_cyber_glove_ros2/open_cyber_glove_ros2/msg/detail/glove_data_msg__functions.h
[0.587s] -- Up-to-date: /home/bryce/ros2_workspace/data_collection_ws/install/open_cyber_glove_ros2/share/open_cyber_glove_ros2/environment/library_path.sh
[0.587s] -- Up-to-date: /home/bryce/ros2_workspace/data_collection_ws/install/open_cyber_glove_ros2/share/open_cyber_glove_ros2/environment/library_path.dsv
[0.587s] -- Up-to-date: /home/bryce/ros2_workspace/data_collection_ws/install/open_cyber_glove_ros2/lib/libopen_cyber_glove_ros2__rosidl_generator_c.so
[0.587s] -- Up-to-date: /home/bryce/ros2_workspace/data_collection_ws/install/open_cyber_glove_ros2/include/open_cyber_glove_ros2/open_cyber_glove_ros2
[0.587s] -- Up-to-date: /home/bryce/ros2_workspace/data_collection_ws/install/open_cyber_glove_ros2/include/open_cyber_glove_ros2/open_cyber_glove_ros2/msg
[0.588s] -- Up-to-date: /home/bryce/ros2_workspace/data_collection_ws/install/open_cyber_glove_ros2/include/open_cyber_glove_ros2/open_cyber_glove_ros2/msg/rosidl_typesupport_fastrtps_c__visibility_control.h
[0.588s] -- Up-to-date: /home/bryce/ros2_workspace/data_collection_ws/install/open_cyber_glove_ros2/include/open_cyber_glove_ros2/open_cyber_glove_ros2/msg/detail
[0.588s] -- Up-to-date: /home/bryce/ros2_workspace/data_collection_ws/install/open_cyber_glove_ros2/include/open_cyber_glove_ros2/open_cyber_glove_ros2/msg/detail/glove_data_msg__rosidl_typesupport_fastrtps_c.h
[0.588s] -- Up-to-date: /home/bryce/ros2_workspace/data_collection_ws/install/open_cyber_glove_ros2/lib/libopen_cyber_glove_ros2__rosidl_typesupport_fastrtps_c.so
[0.588s] -- Up-to-date: /home/bryce/ros2_workspace/data_collection_ws/install/open_cyber_glove_ros2/include/open_cyber_glove_ros2/open_cyber_glove_ros2
[0.588s] -- Up-to-date: /home/bryce/ros2_workspace/data_collection_ws/install/open_cyber_glove_ros2/include/open_cyber_glove_ros2/open_cyber_glove_ros2/msg
[0.588s] -- Up-to-date: /home/bryce/ros2_workspace/data_collection_ws/install/open_cyber_glove_ros2/include/open_cyber_glove_ros2/open_cyber_glove_ros2/msg/glove_data_msg.hpp
[0.588s] -- Up-to-date: /home/bryce/ros2_workspace/data_collection_ws/install/open_cyber_glove_ros2/include/open_cyber_glove_ros2/open_cyber_glove_ros2/msg/detail
[0.588s] -- Up-to-date: /home/bryce/ros2_workspace/data_collection_ws/install/open_cyber_glove_ros2/include/open_cyber_glove_ros2/open_cyber_glove_ros2/msg/detail/glove_data_msg__builder.hpp
[0.588s] -- Up-to-date: /home/bryce/ros2_workspace/data_collection_ws/install/open_cyber_glove_ros2/include/open_cyber_glove_ros2/open_cyber_glove_ros2/msg/detail/glove_data_msg__traits.hpp
[0.588s] -- Up-to-date: /home/bryce/ros2_workspace/data_collection_ws/install/open_cyber_glove_ros2/include/open_cyber_glove_ros2/open_cyber_glove_ros2/msg/detail/glove_data_msg__type_support.hpp
[0.588s] -- Up-to-date: /home/bryce/ros2_workspace/data_collection_ws/install/open_cyber_glove_ros2/include/open_cyber_glove_ros2/open_cyber_glove_ros2/msg/detail/glove_data_msg__struct.hpp
[0.588s] -- Up-to-date: /home/bryce/ros2_workspace/data_collection_ws/install/open_cyber_glove_ros2/include/open_cyber_glove_ros2/open_cyber_glove_ros2/msg/rosidl_generator_cpp__visibility_control.hpp
[0.589s] -- Up-to-date: /home/bryce/ros2_workspace/data_collection_ws/install/open_cyber_glove_ros2/include/open_cyber_glove_ros2/open_cyber_glove_ros2
[0.589s] -- Up-to-date: /home/bryce/ros2_workspace/data_collection_ws/install/open_cyber_glove_ros2/include/open_cyber_glove_ros2/open_cyber_glove_ros2/msg
[0.589s] -- Up-to-date: /home/bryce/ros2_workspace/data_collection_ws/install/open_cyber_glove_ros2/include/open_cyber_glove_ros2/open_cyber_glove_ros2/msg/rosidl_typesupport_fastrtps_cpp__visibility_control.h
[0.589s] -- Up-to-date: /home/bryce/ros2_workspace/data_collection_ws/install/open_cyber_glove_ros2/include/open_cyber_glove_ros2/open_cyber_glove_ros2/msg/detail
[0.589s] -- Up-to-date: /home/bryce/ros2_workspace/data_collection_ws/install/open_cyber_glove_ros2/include/open_cyber_glove_ros2/open_cyber_glove_ros2/msg/detail/glove_data_msg__rosidl_typesupport_fastrtps_cpp.hpp
[0.589s] -- Up-to-date: /home/bryce/ros2_workspace/data_collection_ws/install/open_cyber_glove_ros2/include/open_cyber_glove_ros2/open_cyber_glove_ros2/msg/detail/dds_fastrtps
[0.589s] -- Up-to-date: /home/bryce/ros2_workspace/data_collection_ws/install/open_cyber_glove_ros2/lib/libopen_cyber_glove_ros2__rosidl_typesupport_fastrtps_cpp.so
[0.589s] -- Up-to-date: /home/bryce/ros2_workspace/data_collection_ws/install/open_cyber_glove_ros2/include/open_cyber_glove_ros2/open_cyber_glove_ros2
[0.589s] -- Up-to-date: /home/bryce/ros2_workspace/data_collection_ws/install/open_cyber_glove_ros2/include/open_cyber_glove_ros2/open_cyber_glove_ros2/msg
[0.589s] -- Up-to-date: /home/bryce/ros2_workspace/data_collection_ws/install/open_cyber_glove_ros2/include/open_cyber_glove_ros2/open_cyber_glove_ros2/msg/rosidl_typesupport_introspection_c__visibility_control.h
[0.589s] -- Up-to-date: /home/bryce/ros2_workspace/data_collection_ws/install/open_cyber_glove_ros2/include/open_cyber_glove_ros2/open_cyber_glove_ros2/msg/detail
[0.589s] -- Up-to-date: /home/bryce/ros2_workspace/data_collection_ws/install/open_cyber_glove_ros2/include/open_cyber_glove_ros2/open_cyber_glove_ros2/msg/detail/glove_data_msg__type_support.c
[0.589s] -- Up-to-date: /home/bryce/ros2_workspace/data_collection_ws/install/open_cyber_glove_ros2/include/open_cyber_glove_ros2/open_cyber_glove_ros2/msg/detail/glove_data_msg__rosidl_typesupport_introspection_c.h
[0.589s] -- Up-to-date: /home/bryce/ros2_workspace/data_collection_ws/install/open_cyber_glove_ros2/lib/libopen_cyber_glove_ros2__rosidl_typesupport_introspection_c.so
[0.589s] -- Up-to-date: /home/bryce/ros2_workspace/data_collection_ws/install/open_cyber_glove_ros2/lib/libopen_cyber_glove_ros2__rosidl_typesupport_c.so
[0.590s] -- Up-to-date: /home/bryce/ros2_workspace/data_collection_ws/install/open_cyber_glove_ros2/include/open_cyber_glove_ros2/open_cyber_glove_ros2
[0.590s] -- Up-to-date: /home/bryce/ros2_workspace/data_collection_ws/install/open_cyber_glove_ros2/include/open_cyber_glove_ros2/open_cyber_glove_ros2/msg
[0.590s] -- Up-to-date: /home/bryce/ros2_workspace/data_collection_ws/install/open_cyber_glove_ros2/include/open_cyber_glove_ros2/open_cyber_glove_ros2/msg/detail
[0.590s] -- Up-to-date: /home/bryce/ros2_workspace/data_collection_ws/install/open_cyber_glove_ros2/include/open_cyber_glove_ros2/open_cyber_glove_ros2/msg/detail/glove_data_msg__rosidl_typesupport_introspection_cpp.hpp
[0.590s] -- Up-to-date: /home/bryce/ros2_workspace/data_collection_ws/install/open_cyber_glove_ros2/include/open_cyber_glove_ros2/open_cyber_glove_ros2/msg/detail/glove_data_msg__type_support.cpp
[0.590s] -- Up-to-date: /home/bryce/ros2_workspace/data_collection_ws/install/open_cyber_glove_ros2/lib/libopen_cyber_glove_ros2__rosidl_typesupport_introspection_cpp.so
[0.590s] -- Up-to-date: /home/bryce/ros2_workspace/data_collection_ws/install/open_cyber_glove_ros2/lib/libopen_cyber_glove_ros2__rosidl_typesupport_cpp.so
[0.590s] -- Up-to-date: /home/bryce/ros2_workspace/data_collection_ws/install/open_cyber_glove_ros2/share/open_cyber_glove_ros2/environment/pythonpath.sh
[0.590s] -- Up-to-date: /home/bryce/ros2_workspace/data_collection_ws/install/open_cyber_glove_ros2/share/open_cyber_glove_ros2/environment/pythonpath.dsv
[0.590s] -- Up-to-date: /home/bryce/ros2_workspace/data_collection_ws/install/open_cyber_glove_ros2/local/lib/python3.10/dist-packages/open_cyber_glove_ros2-0.1.0-py3.10.egg-info
[0.590s] -- Installing: /home/bryce/ros2_workspace/data_collection_ws/install/open_cyber_glove_ros2/local/lib/python3.10/dist-packages/open_cyber_glove_ros2-0.1.0-py3.10.egg-info/dependency_links.txt
[0.590s] -- Installing: /home/bryce/ros2_workspace/data_collection_ws/install/open_cyber_glove_ros2/local/lib/python3.10/dist-packages/open_cyber_glove_ros2-0.1.0-py3.10.egg-info/SOURCES.txt
[0.590s] -- Installing: /home/bryce/ros2_workspace/data_collection_ws/install/open_cyber_glove_ros2/local/lib/python3.10/dist-packages/open_cyber_glove_ros2-0.1.0-py3.10.egg-info/PKG-INFO
[0.590s] -- Installing: /home/bryce/ros2_workspace/data_collection_ws/install/open_cyber_glove_ros2/local/lib/python3.10/dist-packages/open_cyber_glove_ros2-0.1.0-py3.10.egg-info/top_level.txt
[0.590s] -- Up-to-date: /home/bryce/ros2_workspace/data_collection_ws/install/open_cyber_glove_ros2/local/lib/python3.10/dist-packages/open_cyber_glove_ros2
[0.590s] -- Up-to-date: /home/bryce/ros2_workspace/data_collection_ws/install/open_cyber_glove_ros2/local/lib/python3.10/dist-packages/open_cyber_glove_ros2/_open_cyber_glove_ros2_s.ep.rosidl_typesupport_fastrtps_c.c
[0.591s] -- Up-to-date: /home/bryce/ros2_workspace/data_collection_ws/install/open_cyber_glove_ros2/local/lib/python3.10/dist-packages/open_cyber_glove_ros2/open_cyber_glove_ros2_s__rosidl_typesupport_c.cpython-310-x86_64-linux-gnu.so
[0.591s] -- Up-to-date: /home/bryce/ros2_workspace/data_collection_ws/install/open_cyber_glove_ros2/local/lib/python3.10/dist-packages/open_cyber_glove_ros2/msg
[0.591s] -- Up-to-date: /home/bryce/ros2_workspace/data_collection_ws/install/open_cyber_glove_ros2/local/lib/python3.10/dist-packages/open_cyber_glove_ros2/msg/_glove_data_msg.py
[0.591s] -- Up-to-date: /home/bryce/ros2_workspace/data_collection_ws/install/open_cyber_glove_ros2/local/lib/python3.10/dist-packages/open_cyber_glove_ros2/msg/_glove_data_msg_s.c
[0.591s] -- Up-to-date: /home/bryce/ros2_workspace/data_collection_ws/install/open_cyber_glove_ros2/local/lib/python3.10/dist-packages/open_cyber_glove_ros2/msg/__init__.py
[0.591s] -- Up-to-date: /home/bryce/ros2_workspace/data_collection_ws/install/open_cyber_glove_ros2/local/lib/python3.10/dist-packages/open_cyber_glove_ros2/open_cyber_glove_ros2_s__rosidl_typesupport_introspection_c.cpython-310-x86_64-linux-gnu.so
[0.591s] -- Up-to-date: /home/bryce/ros2_workspace/data_collection_ws/install/open_cyber_glove_ros2/local/lib/python3.10/dist-packages/open_cyber_glove_ros2/open_cyber_glove_ros2_s__rosidl_typesupport_fastrtps_c.cpython-310-x86_64-linux-gnu.so
[0.591s] -- Up-to-date: /home/bryce/ros2_workspace/data_collection_ws/install/open_cyber_glove_ros2/local/lib/python3.10/dist-packages/open_cyber_glove_ros2/_open_cyber_glove_ros2_s.ep.rosidl_typesupport_c.c
[0.591s] -- Up-to-date: /home/bryce/ros2_workspace/data_collection_ws/install/open_cyber_glove_ros2/local/lib/python3.10/dist-packages/open_cyber_glove_ros2/_open_cyber_glove_ros2_s.ep.rosidl_typesupport_introspection_c.c
[0.591s] -- Up-to-date: /home/bryce/ros2_workspace/data_collection_ws/install/open_cyber_glove_ros2/local/lib/python3.10/dist-packages/open_cyber_glove_ros2/libopen_cyber_glove_ros2__rosidl_generator_py.so
[0.591s] -- Up-to-date: /home/bryce/ros2_workspace/data_collection_ws/install/open_cyber_glove_ros2/local/lib/python3.10/dist-packages/open_cyber_glove_ros2/__init__.py
[0.611s] Listing '/home/bryce/ros2_workspace/data_collection_ws/install/open_cyber_glove_ros2/local/lib/python3.10/dist-packages/open_cyber_glove_ros2'...
[0.611s] Listing '/home/bryce/ros2_workspace/data_collection_ws/install/open_cyber_glove_ros2/local/lib/python3.10/dist-packages/open_cyber_glove_ros2/msg'...
[0.614s] -- Up-to-date: /home/bryce/ros2_workspace/data_collection_ws/install/open_cyber_glove_ros2/local/lib/python3.10/dist-packages/open_cyber_glove_ros2/open_cyber_glove_ros2_s__rosidl_typesupport_fastrtps_c.cpython-310-x86_64-linux-gnu.so
[0.614s] -- Up-to-date: /home/bryce/ros2_workspace/data_collection_ws/install/open_cyber_glove_ros2/local/lib/python3.10/dist-packages/open_cyber_glove_ros2/open_cyber_glove_ros2_s__rosidl_typesupport_introspection_c.cpython-310-x86_64-linux-gnu.so
[0.615s] -- Up-to-date: /home/bryce/ros2_workspace/data_collection_ws/install/open_cyber_glove_ros2/local/lib/python3.10/dist-packages/open_cyber_glove_ros2/open_cyber_glove_ros2_s__rosidl_typesupport_c.cpython-310-x86_64-linux-gnu.so
[0.615s] -- Up-to-date: /home/bryce/ros2_workspace/data_collection_ws/install/open_cyber_glove_ros2/lib/libopen_cyber_glove_ros2__rosidl_generator_py.so
[0.615s] -- Up-to-date: /home/bryce/ros2_workspace/data_collection_ws/install/open_cyber_glove_ros2/share/open_cyber_glove_ros2/msg/GloveDataMsg.idl
[0.615s] -- Up-to-date: /home/bryce/ros2_workspace/data_collection_ws/install/open_cyber_glove_ros2/share/open_cyber_glove_ros2/msg/GloveDataMsg.msg
[0.615s] -- Up-to-date: /home/bryce/ros2_workspace/data_collection_ws/install/open_cyber_glove_ros2/lib/open_cyber_glove_ros2/data_node
[0.615s] -- Up-to-date: /home/bryce/ros2_workspace/data_collection_ws/install/open_cyber_glove_ros2/lib/open_cyber_glove_ros2/visualizer_node
[0.615s] -- Up-to-date: /home/bryce/ros2_workspace/data_collection_ws/install/open_cyber_glove_ros2/share/ament_index/resource_index/package_run_dependencies/open_cyber_glove_ros2
[0.615s] -- Up-to-date: /home/bryce/ros2_workspace/data_collection_ws/install/open_cyber_glove_ros2/share/ament_index/resource_index/parent_prefix_path/open_cyber_glove_ros2
[0.615s] -- Up-to-date: /home/bryce/ros2_workspace/data_collection_ws/install/open_cyber_glove_ros2/share/open_cyber_glove_ros2/environment/ament_prefix_path.sh
[0.615s] -- Up-to-date: /home/bryce/ros2_workspace/data_collection_ws/install/open_cyber_glove_ros2/share/open_cyber_glove_ros2/environment/ament_prefix_path.dsv
[0.615s] -- Up-to-date: /home/bryce/ros2_workspace/data_collection_ws/install/open_cyber_glove_ros2/share/open_cyber_glove_ros2/environment/path.sh
[0.616s] -- Up-to-date: /home/bryce/ros2_workspace/data_collection_ws/install/open_cyber_glove_ros2/share/open_cyber_glove_ros2/environment/path.dsv
[0.616s] -- Up-to-date: /home/bryce/ros2_workspace/data_collection_ws/install/open_cyber_glove_ros2/share/open_cyber_glove_ros2/local_setup.bash
[0.616s] -- Up-to-date: /home/bryce/ros2_workspace/data_collection_ws/install/open_cyber_glove_ros2/share/open_cyber_glove_ros2/local_setup.sh
[0.616s] -- Up-to-date: /home/bryce/ros2_workspace/data_collection_ws/install/open_cyber_glove_ros2/share/open_cyber_glove_ros2/local_setup.zsh
[0.616s] -- Up-to-date: /home/bryce/ros2_workspace/data_collection_ws/install/open_cyber_glove_ros2/share/open_cyber_glove_ros2/local_setup.dsv
[0.616s] -- Installing: /home/bryce/ros2_workspace/data_collection_ws/install/open_cyber_glove_ros2/share/open_cyber_glove_ros2/package.dsv
[0.616s] -- Up-to-date: /home/bryce/ros2_workspace/data_collection_ws/install/open_cyber_glove_ros2/share/ament_index/resource_index/packages/open_cyber_glove_ros2
[0.616s] -- Up-to-date: /home/bryce/ros2_workspace/data_collection_ws/install/open_cyber_glove_ros2/share/open_cyber_glove_ros2/cmake/export_open_cyber_glove_ros2__rosidl_generator_cExport.cmake
[0.616s] -- Up-to-date: /home/bryce/ros2_workspace/data_collection_ws/install/open_cyber_glove_ros2/share/open_cyber_glove_ros2/cmake/export_open_cyber_glove_ros2__rosidl_generator_cExport-noconfig.cmake
[0.616s] -- Up-to-date: /home/bryce/ros2_workspace/data_collection_ws/install/open_cyber_glove_ros2/share/open_cyber_glove_ros2/cmake/export_open_cyber_glove_ros2__rosidl_typesupport_fastrtps_cExport.cmake
[0.616s] -- Up-to-date: /home/bryce/ros2_workspace/data_collection_ws/install/open_cyber_glove_ros2/share/open_cyber_glove_ros2/cmake/export_open_cyber_glove_ros2__rosidl_typesupport_fastrtps_cExport-noconfig.cmake
[0.616s] -- Up-to-date: /home/bryce/ros2_workspace/data_collection_ws/install/open_cyber_glove_ros2/share/open_cyber_glove_ros2/cmake/export_open_cyber_glove_ros2__rosidl_generator_cppExport.cmake
[0.616s] -- Up-to-date: /home/bryce/ros2_workspace/data_collection_ws/install/open_cyber_glove_ros2/share/open_cyber_glove_ros2/cmake/export_open_cyber_glove_ros2__rosidl_typesupport_fastrtps_cppExport.cmake
[0.616s] -- Up-to-date: /home/bryce/ros2_workspace/data_collection_ws/install/open_cyber_glove_ros2/share/open_cyber_glove_ros2/cmake/export_open_cyber_glove_ros2__rosidl_typesupport_fastrtps_cppExport-noconfig.cmake
[0.617s] -- Up-to-date: /home/bryce/ros2_workspace/data_collection_ws/install/open_cyber_glove_ros2/share/open_cyber_glove_ros2/cmake/open_cyber_glove_ros2__rosidl_typesupport_introspection_cExport.cmake
[0.617s] -- Up-to-date: /home/bryce/ros2_workspace/data_collection_ws/install/open_cyber_glove_ros2/share/open_cyber_glove_ros2/cmake/open_cyber_glove_ros2__rosidl_typesupport_introspection_cExport-noconfig.cmake
[0.617s] -- Up-to-date: /home/bryce/ros2_workspace/data_collection_ws/install/open_cyber_glove_ros2/share/open_cyber_glove_ros2/cmake/open_cyber_glove_ros2__rosidl_typesupport_cExport.cmake
[0.617s] -- Up-to-date: /home/bryce/ros2_workspace/data_collection_ws/install/open_cyber_glove_ros2/share/open_cyber_glove_ros2/cmake/open_cyber_glove_ros2__rosidl_typesupport_cExport-noconfig.cmake
[0.617s] -- Up-to-date: /home/bryce/ros2_workspace/data_collection_ws/install/open_cyber_glove_ros2/share/open_cyber_glove_ros2/cmake/open_cyber_glove_ros2__rosidl_typesupport_introspection_cppExport.cmake
[0.617s] -- Up-to-date: /home/bryce/ros2_workspace/data_collection_ws/install/open_cyber_glove_ros2/share/open_cyber_glove_ros2/cmake/open_cyber_glove_ros2__rosidl_typesupport_introspection_cppExport-noconfig.cmake
[0.617s] -- Up-to-date: /home/bryce/ros2_workspace/data_collection_ws/install/open_cyber_glove_ros2/share/open_cyber_glove_ros2/cmake/open_cyber_glove_ros2__rosidl_typesupport_cppExport.cmake
[0.617s] -- Up-to-date: /home/bryce/ros2_workspace/data_collection_ws/install/open_cyber_glove_ros2/share/open_cyber_glove_ros2/cmake/open_cyber_glove_ros2__rosidl_typesupport_cppExport-noconfig.cmake
[0.617s] -- Up-to-date: /home/bryce/ros2_workspace/data_collection_ws/install/open_cyber_glove_ros2/share/open_cyber_glove_ros2/cmake/export_open_cyber_glove_ros2__rosidl_generator_pyExport.cmake
[0.617s] -- Up-to-date: /home/bryce/ros2_workspace/data_collection_ws/install/open_cyber_glove_ros2/share/open_cyber_glove_ros2/cmake/export_open_cyber_glove_ros2__rosidl_generator_pyExport-noconfig.cmake
[0.617s] -- Up-to-date: /home/bryce/ros2_workspace/data_collection_ws/install/open_cyber_glove_ros2/share/open_cyber_glove_ros2/cmake/rosidl_cmake-extras.cmake
[0.617s] -- Up-to-date: /home/bryce/ros2_workspace/data_collection_ws/install/open_cyber_glove_ros2/share/open_cyber_glove_ros2/cmake/ament_cmake_export_dependencies-extras.cmake
[0.617s] -- Up-to-date: /home/bryce/ros2_workspace/data_collection_ws/install/open_cyber_glove_ros2/share/open_cyber_glove_ros2/cmake/ament_cmake_export_include_directories-extras.cmake
[0.617s] -- Up-to-date: /home/bryce/ros2_workspace/data_collection_ws/install/open_cyber_glove_ros2/share/open_cyber_glove_ros2/cmake/ament_cmake_export_libraries-extras.cmake
[0.618s] -- Up-to-date: /home/bryce/ros2_workspace/data_collection_ws/install/open_cyber_glove_ros2/share/open_cyber_glove_ros2/cmake/ament_cmake_export_targets-extras.cmake
[0.618s] -- Up-to-date: /home/bryce/ros2_workspace/data_collection_ws/install/open_cyber_glove_ros2/share/open_cyber_glove_ros2/cmake/rosidl_cmake_export_typesupport_targets-extras.cmake
[0.618s] -- Up-to-date: /home/bryce/ros2_workspace/data_collection_ws/install/open_cyber_glove_ros2/share/open_cyber_glove_ros2/cmake/rosidl_cmake_export_typesupport_libraries-extras.cmake
[0.618s] -- Up-to-date: /home/bryce/ros2_workspace/data_collection_ws/install/open_cyber_glove_ros2/share/open_cyber_glove_ros2/cmake/open_cyber_glove_ros2Config.cmake
[0.618s] -- Up-to-date: /home/bryce/ros2_workspace/data_collection_ws/install/open_cyber_glove_ros2/share/open_cyber_glove_ros2/cmake/open_cyber_glove_ros2Config-version.cmake
[0.618s] -- Up-to-date: /home/bryce/ros2_workspace/data_collection_ws/install/open_cyber_glove_ros2/share/open_cyber_glove_ros2/package.xml
[0.619s] Invoked command in '/home/bryce/ros2_workspace/data_collection_ws/build/open_cyber_glove_ros2' returned '0': CMAKE_PREFIX_PATH=${CMAKE_PREFIX_PATH}:/home/bryce/ros2_workspace/data_collection_ws/install/data_recorder_ros2:/opt/ros/humble /usr/bin/cmake --install /home/bryce/ros2_workspace/data_collection_ws/build/open_cyber_glove_ros2
