[0.153s] [34mcolcon[0m [1;30mDEBUG[0m [32mCommand line arguments: ['/usr/bin/colcon', 'build'][0m
[0.153s] [34mcolcon[0m [1;30mDEBUG[0m [32mParsed command line arguments: Namespace(log_base=None, log_level=None, verb_name='build', build_base='build', install_base='install', merge_install=False, symlink_install=False, test_result_base=None, continue_on_error=False, executor='parallel', parallel_workers=2, event_handlers=None, ignore_user_meta=False, metas=['./colcon.meta'], base_paths=['.'], packages_ignore=None, packages_ignore_regex=None, paths=None, packages_up_to=None, packages_up_to_regex=None, packages_above=None, packages_above_and_dependencies=None, packages_above_depth=None, packages_select_by_dep=None, packages_skip_by_dep=None, packages_skip_up_to=None, packages_select_build_failed=False, packages_skip_build_finished=False, packages_select_test_failures=False, packages_skip_test_passed=False, packages_select=None, packages_skip=None, packages_select_regex=None, packages_skip_regex=None, packages_start=None, packages_end=None, allow_overriding=[], cmake_args=None, cmake_target=None, cmake_target_skip_unavailable=False, cmake_clean_cache=False, cmake_clean_first=False, cmake_force_configure=False, ament_cmake_args=None, catkin_cmake_args=None, catkin_skip_building_tests=False, mixin_files=None, mixin=None, verb_parser=<colcon_mixin.mixin.mixin_argument.MixinArgumentDecorator object at 0x73c8eb271060>, verb_extension=<colcon_core.verb.build.BuildVerb object at 0x73c8eb3e2620>, main=<bound method BuildVerb.main of <colcon_core.verb.build.BuildVerb object at 0x73c8eb3e2620>>, mixin_verb=('build',))[0m
[0.436s] [34mcolcon.colcon_core.package_discovery[0m [1;30mLevel 1[0m discover_packages(colcon_meta) check parameters
[0.436s] [34mcolcon.colcon_core.package_discovery[0m [1;30mLevel 1[0m discover_packages(recursive) check parameters
[0.436s] [34mcolcon.colcon_core.package_discovery[0m [1;30mLevel 1[0m discover_packages(ignore) check parameters
[0.436s] [34mcolcon.colcon_core.package_discovery[0m [1;30mLevel 1[0m discover_packages(path) check parameters
[0.436s] [34mcolcon.colcon_core.package_discovery[0m [1;30mLevel 1[0m discover_packages(colcon_meta) discover
[0.436s] [34mcolcon.colcon_core.package_discovery[0m [1;30mLevel 1[0m discover_packages(recursive) discover
[0.436s] [34mcolcon.colcon_core.package_discovery[0m [1;30mINFO[0m Crawling recursively for packages in '/home/nuc/ros2_workspace/data_collection_ws'
[0.436s] [34mcolcon.colcon_core.package_identification[0m [1;30mLevel 1[0m _identify(.) by extensions ['ignore', 'ignore_ament_install']
[0.437s] [34mcolcon.colcon_core.package_identification[0m [1;30mLevel 1[0m _identify(.) by extension 'ignore'
[0.437s] [34mcolcon.colcon_core.package_identification[0m [1;30mLevel 1[0m _identify(.) by extension 'ignore_ament_install'
[0.437s] [34mcolcon.colcon_core.package_identification[0m [1;30mLevel 1[0m _identify(.) by extensions ['colcon_pkg']
[0.437s] [34mcolcon.colcon_core.package_identification[0m [1;30mLevel 1[0m _identify(.) by extension 'colcon_pkg'
[0.437s] [34mcolcon.colcon_core.package_identification[0m [1;30mLevel 1[0m _identify(.) by extensions ['colcon_meta']
[0.437s] [34mcolcon.colcon_core.package_identification[0m [1;30mLevel 1[0m _identify(.) by extension 'colcon_meta'
[0.437s] [34mcolcon.colcon_core.package_identification[0m [1;30mLevel 1[0m _identify(.) by extensions ['ros']
[0.437s] [34mcolcon.colcon_core.package_identification[0m [1;30mLevel 1[0m _identify(.) by extension 'ros'
[0.454s] [34mcolcon.colcon_core.package_identification[0m [1;30mLevel 1[0m _identify(.) by extensions ['cmake', 'python']
[0.454s] [34mcolcon.colcon_core.package_identification[0m [1;30mLevel 1[0m _identify(.) by extension 'cmake'
[0.454s] [34mcolcon.colcon_core.package_identification[0m [1;30mLevel 1[0m _identify(.) by extension 'python'
[0.454s] [34mcolcon.colcon_core.package_identification[0m [1;30mLevel 1[0m _identify(.) by extensions ['python_setup_py']
[0.454s] [34mcolcon.colcon_core.package_identification[0m [1;30mLevel 1[0m _identify(.) by extension 'python_setup_py'
[0.454s] [34mcolcon.colcon_core.package_identification[0m [1;30mLevel 1[0m _identify(build) by extensions ['ignore', 'ignore_ament_install']
[0.455s] [34mcolcon.colcon_core.package_identification[0m [1;30mLevel 1[0m _identify(build) by extension 'ignore'
[0.455s] [34mcolcon.colcon_core.package_identification[0m [1;30mLevel 1[0m _identify(build) ignored
[0.455s] [34mcolcon.colcon_core.package_identification[0m [1;30mLevel 1[0m _identify(control_server) by extensions ['ignore', 'ignore_ament_install']
[0.455s] [34mcolcon.colcon_core.package_identification[0m [1;30mLevel 1[0m _identify(control_server) by extension 'ignore'
[0.455s] [34mcolcon.colcon_core.package_identification[0m [1;30mLevel 1[0m _identify(control_server) by extension 'ignore_ament_install'
[0.455s] [34mcolcon.colcon_core.package_identification[0m [1;30mLevel 1[0m _identify(control_server) by extensions ['colcon_pkg']
[0.455s] [34mcolcon.colcon_core.package_identification[0m [1;30mLevel 1[0m _identify(control_server) by extension 'colcon_pkg'
[0.455s] [34mcolcon.colcon_core.package_identification[0m [1;30mLevel 1[0m _identify(control_server) by extensions ['colcon_meta']
[0.455s] [34mcolcon.colcon_core.package_identification[0m [1;30mLevel 1[0m _identify(control_server) by extension 'colcon_meta'
[0.455s] [34mcolcon.colcon_core.package_identification[0m [1;30mLevel 1[0m _identify(control_server) by extensions ['ros']
[0.455s] [34mcolcon.colcon_core.package_identification[0m [1;30mLevel 1[0m _identify(control_server) by extension 'ros'
[0.455s] [34mcolcon.colcon_core.package_identification[0m [1;30mLevel 1[0m _identify(control_server) by extensions ['cmake', 'python']
[0.455s] [34mcolcon.colcon_core.package_identification[0m [1;30mLevel 1[0m _identify(control_server) by extension 'cmake'
[0.455s] [34mcolcon.colcon_core.package_identification[0m [1;30mLevel 1[0m _identify(control_server) by extension 'python'
[0.455s] [34mcolcon.colcon_core.package_identification[0m [1;30mLevel 1[0m _identify(control_server) by extensions ['python_setup_py']
[0.455s] [34mcolcon.colcon_core.package_identification[0m [1;30mLevel 1[0m _identify(control_server) by extension 'python_setup_py'
[0.455s] [34mcolcon.colcon_core.package_identification[0m [1;30mLevel 1[0m _identify(install) by extensions ['ignore', 'ignore_ament_install']
[0.455s] [34mcolcon.colcon_core.package_identification[0m [1;30mLevel 1[0m _identify(install) by extension 'ignore'
[0.455s] [34mcolcon.colcon_core.package_identification[0m [1;30mLevel 1[0m _identify(install) ignored
[0.455s] [34mcolcon.colcon_core.package_identification[0m [1;30mLevel 1[0m _identify(log) by extensions ['ignore', 'ignore_ament_install']
[0.456s] [34mcolcon.colcon_core.package_identification[0m [1;30mLevel 1[0m _identify(log) by extension 'ignore'
[0.456s] [34mcolcon.colcon_core.package_identification[0m [1;30mLevel 1[0m _identify(log) ignored
[0.456s] [34mcolcon.colcon_core.package_identification[0m [1;30mLevel 1[0m _identify(src) by extensions ['ignore', 'ignore_ament_install']
[0.456s] [34mcolcon.colcon_core.package_identification[0m [1;30mLevel 1[0m _identify(src) by extension 'ignore'
[0.456s] [34mcolcon.colcon_core.package_identification[0m [1;30mLevel 1[0m _identify(src) by extension 'ignore_ament_install'
[0.456s] [34mcolcon.colcon_core.package_identification[0m [1;30mLevel 1[0m _identify(src) by extensions ['colcon_pkg']
[0.456s] [34mcolcon.colcon_core.package_identification[0m [1;30mLevel 1[0m _identify(src) by extension 'colcon_pkg'
[0.456s] [34mcolcon.colcon_core.package_identification[0m [1;30mLevel 1[0m _identify(src) by extensions ['colcon_meta']
[0.456s] [34mcolcon.colcon_core.package_identification[0m [1;30mLevel 1[0m _identify(src) by extension 'colcon_meta'
[0.456s] [34mcolcon.colcon_core.package_identification[0m [1;30mLevel 1[0m _identify(src) by extensions ['ros']
[0.456s] [34mcolcon.colcon_core.package_identification[0m [1;30mLevel 1[0m _identify(src) by extension 'ros'
[0.456s] [34mcolcon.colcon_core.package_identification[0m [1;30mLevel 1[0m _identify(src) by extensions ['cmake', 'python']
[0.456s] [34mcolcon.colcon_core.package_identification[0m [1;30mLevel 1[0m _identify(src) by extension 'cmake'
[0.456s] [34mcolcon.colcon_core.package_identification[0m [1;30mLevel 1[0m _identify(src) by extension 'python'
[0.456s] [34mcolcon.colcon_core.package_identification[0m [1;30mLevel 1[0m _identify(src) by extensions ['python_setup_py']
[0.456s] [34mcolcon.colcon_core.package_identification[0m [1;30mLevel 1[0m _identify(src) by extension 'python_setup_py'
[0.456s] [34mcolcon.colcon_core.package_identification[0m [1;30mLevel 1[0m _identify(src/camera_bridge) by extensions ['ignore', 'ignore_ament_install']
[0.456s] [34mcolcon.colcon_core.package_identification[0m [1;30mLevel 1[0m _identify(src/camera_bridge) by extension 'ignore'
[0.456s] [34mcolcon.colcon_core.package_identification[0m [1;30mLevel 1[0m _identify(src/camera_bridge) by extension 'ignore_ament_install'
[0.456s] [34mcolcon.colcon_core.package_identification[0m [1;30mLevel 1[0m _identify(src/camera_bridge) by extensions ['colcon_pkg']
[0.456s] [34mcolcon.colcon_core.package_identification[0m [1;30mLevel 1[0m _identify(src/camera_bridge) by extension 'colcon_pkg'
[0.456s] [34mcolcon.colcon_core.package_identification[0m [1;30mLevel 1[0m _identify(src/camera_bridge) by extensions ['colcon_meta']
[0.456s] [34mcolcon.colcon_core.package_identification[0m [1;30mLevel 1[0m _identify(src/camera_bridge) by extension 'colcon_meta'
[0.456s] [34mcolcon.colcon_core.package_identification[0m [1;30mLevel 1[0m _identify(src/camera_bridge) by extensions ['ros']
[0.456s] [34mcolcon.colcon_core.package_identification[0m [1;30mLevel 1[0m _identify(src/camera_bridge) by extension 'ros'
[0.460s] [34mcolcon.colcon_core.package_identification[0m [1;30mDEBUG[0m [32mPackage 'src/camera_bridge' with type 'ros.ament_python' and name 'camera_bridge'[0m
[0.461s] [34mcolcon.colcon_core.package_identification[0m [1;30mLevel 1[0m _identify(src/data_recorder_interfaces) by extensions ['ignore', 'ignore_ament_install']
[0.461s] [34mcolcon.colcon_core.package_identification[0m [1;30mLevel 1[0m _identify(src/data_recorder_interfaces) by extension 'ignore'
[0.461s] [34mcolcon.colcon_core.package_identification[0m [1;30mLevel 1[0m _identify(src/data_recorder_interfaces) by extension 'ignore_ament_install'
[0.461s] [34mcolcon.colcon_core.package_identification[0m [1;30mLevel 1[0m _identify(src/data_recorder_interfaces) by extensions ['colcon_pkg']
[0.461s] [34mcolcon.colcon_core.package_identification[0m [1;30mLevel 1[0m _identify(src/data_recorder_interfaces) by extension 'colcon_pkg'
[0.461s] [34mcolcon.colcon_core.package_identification[0m [1;30mLevel 1[0m _identify(src/data_recorder_interfaces) by extensions ['colcon_meta']
[0.461s] [34mcolcon.colcon_core.package_identification[0m [1;30mLevel 1[0m _identify(src/data_recorder_interfaces) by extension 'colcon_meta'
[0.461s] [34mcolcon.colcon_core.package_identification[0m [1;30mLevel 1[0m _identify(src/data_recorder_interfaces) by extensions ['ros']
[0.461s] [34mcolcon.colcon_core.package_identification[0m [1;30mLevel 1[0m _identify(src/data_recorder_interfaces) by extension 'ros'
[0.462s] [34mcolcon.colcon_core.package_identification[0m [1;30mDEBUG[0m [32mPackage 'src/data_recorder_interfaces' with type 'ros.ament_cmake' and name 'data_recorder_interfaces'[0m
[0.462s] [34mcolcon.colcon_core.package_identification[0m [1;30mLevel 1[0m _identify(src/data_recorder_ros2) by extensions ['ignore', 'ignore_ament_install']
[0.462s] [34mcolcon.colcon_core.package_identification[0m [1;30mLevel 1[0m _identify(src/data_recorder_ros2) by extension 'ignore'
[0.462s] [34mcolcon.colcon_core.package_identification[0m [1;30mLevel 1[0m _identify(src/data_recorder_ros2) by extension 'ignore_ament_install'
[0.462s] [34mcolcon.colcon_core.package_identification[0m [1;30mLevel 1[0m _identify(src/data_recorder_ros2) by extensions ['colcon_pkg']
[0.462s] [34mcolcon.colcon_core.package_identification[0m [1;30mLevel 1[0m _identify(src/data_recorder_ros2) by extension 'colcon_pkg'
[0.462s] [34mcolcon.colcon_core.package_identification[0m [1;30mLevel 1[0m _identify(src/data_recorder_ros2) by extensions ['colcon_meta']
[0.462s] [34mcolcon.colcon_core.package_identification[0m [1;30mLevel 1[0m _identify(src/data_recorder_ros2) by extension 'colcon_meta'
[0.462s] [34mcolcon.colcon_core.package_identification[0m [1;30mLevel 1[0m _identify(src/data_recorder_ros2) by extensions ['ros']
[0.462s] [34mcolcon.colcon_core.package_identification[0m [1;30mLevel 1[0m _identify(src/data_recorder_ros2) by extension 'ros'
[0.462s] [34mcolcon.colcon_core.package_identification[0m [1;30mDEBUG[0m [32mPackage 'src/data_recorder_ros2' with type 'ros.ament_python' and name 'data_recorder_ros2'[0m
[0.462s] [34mcolcon.colcon_core.package_identification[0m [1;30mLevel 1[0m _identify(src/open_cyber_glove) by extensions ['ignore', 'ignore_ament_install']
[0.462s] [34mcolcon.colcon_core.package_identification[0m [1;30mLevel 1[0m _identify(src/open_cyber_glove) by extension 'ignore'
[0.462s] [34mcolcon.colcon_core.package_identification[0m [1;30mLevel 1[0m _identify(src/open_cyber_glove) by extension 'ignore_ament_install'
[0.462s] [34mcolcon.colcon_core.package_identification[0m [1;30mLevel 1[0m _identify(src/open_cyber_glove) by extensions ['colcon_pkg']
[0.463s] [34mcolcon.colcon_core.package_identification[0m [1;30mLevel 1[0m _identify(src/open_cyber_glove) by extension 'colcon_pkg'
[0.463s] [34mcolcon.colcon_core.package_identification[0m [1;30mLevel 1[0m _identify(src/open_cyber_glove) by extensions ['colcon_meta']
[0.463s] [34mcolcon.colcon_core.package_identification[0m [1;30mLevel 1[0m _identify(src/open_cyber_glove) by extension 'colcon_meta'
[0.463s] [34mcolcon.colcon_core.package_identification[0m [1;30mLevel 1[0m _identify(src/open_cyber_glove) by extensions ['ros']
[0.463s] [34mcolcon.colcon_core.package_identification[0m [1;30mLevel 1[0m _identify(src/open_cyber_glove) by extension 'ros'
[0.463s] [34mcolcon.colcon_core.package_identification[0m [1;30mLevel 1[0m _identify(src/open_cyber_glove) by extensions ['cmake', 'python']
[0.463s] [34mcolcon.colcon_core.package_identification[0m [1;30mLevel 1[0m _identify(src/open_cyber_glove) by extension 'cmake'
[0.463s] [34mcolcon.colcon_core.package_identification[0m [1;30mLevel 1[0m _identify(src/open_cyber_glove) by extension 'python'
[0.463s] [34mcolcon.colcon_core.package_identification[0m [1;30mLevel 1[0m _identify(src/open_cyber_glove) by extensions ['python_setup_py']
[0.463s] [34mcolcon.colcon_core.package_identification[0m [1;30mLevel 1[0m _identify(src/open_cyber_glove) by extension 'python_setup_py'
[0.647s] [34mcolcon.colcon_core.package_identification[0m [1;30mDEBUG[0m [32mPackage 'src/open_cyber_glove' with type 'python' and name 'open_cyber_glove'[0m
[0.648s] [34mcolcon.colcon_core.package_identification[0m [1;30mLevel 1[0m _identify(src/open_cyber_glove_ros2) by extensions ['ignore', 'ignore_ament_install']
[0.648s] [34mcolcon.colcon_core.package_identification[0m [1;30mLevel 1[0m _identify(src/open_cyber_glove_ros2) by extension 'ignore'
[0.648s] [34mcolcon.colcon_core.package_identification[0m [1;30mLevel 1[0m _identify(src/open_cyber_glove_ros2) by extension 'ignore_ament_install'
[0.648s] [34mcolcon.colcon_core.package_identification[0m [1;30mLevel 1[0m _identify(src/open_cyber_glove_ros2) by extensions ['colcon_pkg']
[0.648s] [34mcolcon.colcon_core.package_identification[0m [1;30mLevel 1[0m _identify(src/open_cyber_glove_ros2) by extension 'colcon_pkg'
[0.648s] [34mcolcon.colcon_core.package_identification[0m [1;30mLevel 1[0m _identify(src/open_cyber_glove_ros2) by extensions ['colcon_meta']
[0.648s] [34mcolcon.colcon_core.package_identification[0m [1;30mLevel 1[0m _identify(src/open_cyber_glove_ros2) by extension 'colcon_meta'
[0.648s] [34mcolcon.colcon_core.package_identification[0m [1;30mLevel 1[0m _identify(src/open_cyber_glove_ros2) by extensions ['ros']
[0.648s] [34mcolcon.colcon_core.package_identification[0m [1;30mLevel 1[0m _identify(src/open_cyber_glove_ros2) by extension 'ros'
[0.649s] [34mcolcon.colcon_core.package_identification[0m [1;30mDEBUG[0m [32mPackage 'src/open_cyber_glove_ros2' with type 'ros.ament_python' and name 'open_cyber_glove_ros2'[0m
[0.649s] [34mcolcon.colcon_core.package_identification[0m [1;30mLevel 1[0m _identify(src/piper_teleop) by extensions ['ignore', 'ignore_ament_install']
[0.649s] [34mcolcon.colcon_core.package_identification[0m [1;30mLevel 1[0m _identify(src/piper_teleop) by extension 'ignore'
[0.649s] [34mcolcon.colcon_core.package_identification[0m [1;30mLevel 1[0m _identify(src/piper_teleop) by extension 'ignore_ament_install'
[0.649s] [34mcolcon.colcon_core.package_identification[0m [1;30mLevel 1[0m _identify(src/piper_teleop) by extensions ['colcon_pkg']
[0.649s] [34mcolcon.colcon_core.package_identification[0m [1;30mLevel 1[0m _identify(src/piper_teleop) by extension 'colcon_pkg'
[0.649s] [34mcolcon.colcon_core.package_identification[0m [1;30mLevel 1[0m _identify(src/piper_teleop) by extensions ['colcon_meta']
[0.649s] [34mcolcon.colcon_core.package_identification[0m [1;30mLevel 1[0m _identify(src/piper_teleop) by extension 'colcon_meta'
[0.649s] [34mcolcon.colcon_core.package_identification[0m [1;30mLevel 1[0m _identify(src/piper_teleop) by extensions ['ros']
[0.649s] [34mcolcon.colcon_core.package_identification[0m [1;30mLevel 1[0m _identify(src/piper_teleop) by extension 'ros'
[0.651s] [34mcolcon.colcon_core.package_identification[0m [1;30mDEBUG[0m [32mPackage 'src/piper_teleop' with type 'ros.ament_python' and name 'piper_teleop'[0m
[0.651s] [34mcolcon.colcon_core.package_identification[0m [1;30mLevel 1[0m _identify(src/tracker_bridge) by extensions ['ignore', 'ignore_ament_install']
[0.651s] [34mcolcon.colcon_core.package_identification[0m [1;30mLevel 1[0m _identify(src/tracker_bridge) by extension 'ignore'
[0.651s] [34mcolcon.colcon_core.package_identification[0m [1;30mLevel 1[0m _identify(src/tracker_bridge) by extension 'ignore_ament_install'
[0.651s] [34mcolcon.colcon_core.package_identification[0m [1;30mLevel 1[0m _identify(src/tracker_bridge) by extensions ['colcon_pkg']
[0.651s] [34mcolcon.colcon_core.package_identification[0m [1;30mLevel 1[0m _identify(src/tracker_bridge) by extension 'colcon_pkg'
[0.651s] [34mcolcon.colcon_core.package_identification[0m [1;30mLevel 1[0m _identify(src/tracker_bridge) by extensions ['colcon_meta']
[0.651s] [34mcolcon.colcon_core.package_identification[0m [1;30mLevel 1[0m _identify(src/tracker_bridge) by extension 'colcon_meta'
[0.651s] [34mcolcon.colcon_core.package_identification[0m [1;30mLevel 1[0m _identify(src/tracker_bridge) by extensions ['ros']
[0.651s] [34mcolcon.colcon_core.package_identification[0m [1;30mLevel 1[0m _identify(src/tracker_bridge) by extension 'ros'
[0.652s] [34mcolcon.colcon_core.package_identification[0m [1;30mDEBUG[0m [32mPackage 'src/tracker_bridge' with type 'ros.ament_python' and name 'tracker_bridge'[0m
[0.652s] [34mcolcon.colcon_core.package_discovery[0m [1;30mLevel 1[0m discover_packages(recursive) using defaults
[0.652s] [34mcolcon.colcon_core.package_discovery[0m [1;30mLevel 1[0m discover_packages(ignore) discover
[0.652s] [34mcolcon.colcon_core.package_discovery[0m [1;30mLevel 1[0m discover_packages(ignore) using defaults
[0.652s] [34mcolcon.colcon_core.package_discovery[0m [1;30mLevel 1[0m discover_packages(path) discover
[0.652s] [34mcolcon.colcon_core.package_discovery[0m [1;30mLevel 1[0m discover_packages(path) using defaults
[0.671s] [34mcolcon.colcon_core.package_discovery[0m [1;30mLevel 1[0m discover_packages(prefix_path) check parameters
[0.671s] [34mcolcon.colcon_core.package_discovery[0m [1;30mLevel 1[0m discover_packages(prefix_path) discover
[0.679s] [34mcolcon.colcon_installed_package_information.package_discovery[0m [1;30mDEBUG[0m [32mFound 8 installed packages in /home/nuc/ros2_workspace/angus_dexhand_system/install[0m
[0.679s] [34mcolcon.colcon_installed_package_information.package_discovery[0m [1;30mDEBUG[0m [32mFound 8 installed packages in /home/nuc/ros2_workspace/piper_ros/install[0m
[0.680s] [34mcolcon.colcon_installed_package_information.package_discovery[0m [1;30mDEBUG[0m [32mFound 7 installed packages in /home/nuc/ros2_workspace/data_collection_ws/install[0m
[0.681s] [34mcolcon.colcon_installed_package_information.package_discovery[0m [1;30mDEBUG[0m [32mFound 374 installed packages in /opt/ros/humble[0m
[0.682s] [34mcolcon.colcon_core.package_discovery[0m [1;30mLevel 1[0m discover_packages(prefix_path) using defaults
[0.761s] [34mcolcon.colcon_core.verb[0m [1;30mLevel 5[0m set package 'camera_bridge' build argument 'cmake_args' from command line to 'None'
[0.761s] [34mcolcon.colcon_core.verb[0m [1;30mLevel 5[0m set package 'camera_bridge' build argument 'cmake_target' from command line to 'None'
[0.763s] [34mcolcon.colcon_core.verb[0m [1;30mLevel 5[0m set package 'camera_bridge' build argument 'cmake_target_skip_unavailable' from command line to 'False'
[0.763s] [34mcolcon.colcon_core.verb[0m [1;30mLevel 5[0m set package 'camera_bridge' build argument 'cmake_clean_cache' from command line to 'False'
[0.763s] [34mcolcon.colcon_core.verb[0m [1;30mLevel 5[0m set package 'camera_bridge' build argument 'cmake_clean_first' from command line to 'False'
[0.763s] [34mcolcon.colcon_core.verb[0m [1;30mLevel 5[0m set package 'camera_bridge' build argument 'cmake_force_configure' from command line to 'False'
[0.764s] [34mcolcon.colcon_core.verb[0m [1;30mLevel 5[0m set package 'camera_bridge' build argument 'ament_cmake_args' from command line to 'None'
[0.764s] [34mcolcon.colcon_core.verb[0m [1;30mLevel 5[0m set package 'camera_bridge' build argument 'catkin_cmake_args' from command line to 'None'
[0.764s] [34mcolcon.colcon_core.verb[0m [1;30mLevel 5[0m set package 'camera_bridge' build argument 'catkin_skip_building_tests' from command line to 'False'
[0.764s] [34mcolcon.colcon_core.verb[0m [1;30mDEBUG[0m [32mBuilding package 'camera_bridge' with the following arguments: {'ament_cmake_args': None, 'build_base': '/home/nuc/ros2_workspace/data_collection_ws/build/camera_bridge', 'catkin_cmake_args': None, 'catkin_skip_building_tests': False, 'cmake_args': None, 'cmake_clean_cache': False, 'cmake_clean_first': False, 'cmake_force_configure': False, 'cmake_target': None, 'cmake_target_skip_unavailable': False, 'install_base': '/home/nuc/ros2_workspace/data_collection_ws/install/camera_bridge', 'merge_install': False, 'path': '/home/nuc/ros2_workspace/data_collection_ws/src/camera_bridge', 'symlink_install': False, 'test_result_base': None}[0m
[0.764s] [34mcolcon.colcon_core.verb[0m [1;30mLevel 5[0m set package 'data_recorder_interfaces' build argument 'cmake_args' from command line to 'None'
[0.764s] [34mcolcon.colcon_core.verb[0m [1;30mLevel 5[0m set package 'data_recorder_interfaces' build argument 'cmake_target' from command line to 'None'
[0.764s] [34mcolcon.colcon_core.verb[0m [1;30mLevel 5[0m set package 'data_recorder_interfaces' build argument 'cmake_target_skip_unavailable' from command line to 'False'
[0.764s] [34mcolcon.colcon_core.verb[0m [1;30mLevel 5[0m set package 'data_recorder_interfaces' build argument 'cmake_clean_cache' from command line to 'False'
[0.765s] [34mcolcon.colcon_core.verb[0m [1;30mLevel 5[0m set package 'data_recorder_interfaces' build argument 'cmake_clean_first' from command line to 'False'
[0.765s] [34mcolcon.colcon_core.verb[0m [1;30mLevel 5[0m set package 'data_recorder_interfaces' build argument 'cmake_force_configure' from command line to 'False'
[0.765s] [34mcolcon.colcon_core.verb[0m [1;30mLevel 5[0m set package 'data_recorder_interfaces' build argument 'ament_cmake_args' from command line to 'None'
[0.765s] [34mcolcon.colcon_core.verb[0m [1;30mLevel 5[0m set package 'data_recorder_interfaces' build argument 'catkin_cmake_args' from command line to 'None'
[0.765s] [34mcolcon.colcon_core.verb[0m [1;30mLevel 5[0m set package 'data_recorder_interfaces' build argument 'catkin_skip_building_tests' from command line to 'False'
[0.765s] [34mcolcon.colcon_core.verb[0m [1;30mDEBUG[0m [32mBuilding package 'data_recorder_interfaces' with the following arguments: {'ament_cmake_args': None, 'build_base': '/home/nuc/ros2_workspace/data_collection_ws/build/data_recorder_interfaces', 'catkin_cmake_args': None, 'catkin_skip_building_tests': False, 'cmake_args': None, 'cmake_clean_cache': False, 'cmake_clean_first': False, 'cmake_force_configure': False, 'cmake_target': None, 'cmake_target_skip_unavailable': False, 'install_base': '/home/nuc/ros2_workspace/data_collection_ws/install/data_recorder_interfaces', 'merge_install': False, 'path': '/home/nuc/ros2_workspace/data_collection_ws/src/data_recorder_interfaces', 'symlink_install': False, 'test_result_base': None}[0m
[0.765s] [34mcolcon.colcon_core.verb[0m [1;30mLevel 5[0m set package 'open_cyber_glove' build argument 'cmake_args' from command line to 'None'
[0.765s] [34mcolcon.colcon_core.verb[0m [1;30mLevel 5[0m set package 'open_cyber_glove' build argument 'cmake_target' from command line to 'None'
[0.765s] [34mcolcon.colcon_core.verb[0m [1;30mLevel 5[0m set package 'open_cyber_glove' build argument 'cmake_target_skip_unavailable' from command line to 'False'
[0.765s] [34mcolcon.colcon_core.verb[0m [1;30mLevel 5[0m set package 'open_cyber_glove' build argument 'cmake_clean_cache' from command line to 'False'
[0.765s] [34mcolcon.colcon_core.verb[0m [1;30mLevel 5[0m set package 'open_cyber_glove' build argument 'cmake_clean_first' from command line to 'False'
[0.765s] [34mcolcon.colcon_core.verb[0m [1;30mLevel 5[0m set package 'open_cyber_glove' build argument 'cmake_force_configure' from command line to 'False'
[0.765s] [34mcolcon.colcon_core.verb[0m [1;30mLevel 5[0m set package 'open_cyber_glove' build argument 'ament_cmake_args' from command line to 'None'
[0.765s] [34mcolcon.colcon_core.verb[0m [1;30mLevel 5[0m set package 'open_cyber_glove' build argument 'catkin_cmake_args' from command line to 'None'
[0.765s] [34mcolcon.colcon_core.verb[0m [1;30mLevel 5[0m set package 'open_cyber_glove' build argument 'catkin_skip_building_tests' from command line to 'False'
[0.765s] [34mcolcon.colcon_core.verb[0m [1;30mDEBUG[0m [32mBuilding package 'open_cyber_glove' with the following arguments: {'ament_cmake_args': None, 'build_base': '/home/nuc/ros2_workspace/data_collection_ws/build/open_cyber_glove', 'catkin_cmake_args': None, 'catkin_skip_building_tests': False, 'cmake_args': None, 'cmake_clean_cache': False, 'cmake_clean_first': False, 'cmake_force_configure': False, 'cmake_target': None, 'cmake_target_skip_unavailable': False, 'install_base': '/home/nuc/ros2_workspace/data_collection_ws/install/open_cyber_glove', 'merge_install': False, 'path': '/home/nuc/ros2_workspace/data_collection_ws/src/open_cyber_glove', 'symlink_install': False, 'test_result_base': None}[0m
[0.765s] [34mcolcon.colcon_core.verb[0m [1;30mLevel 5[0m set package 'open_cyber_glove_ros2' build argument 'cmake_args' from command line to 'None'
[0.765s] [34mcolcon.colcon_core.verb[0m [1;30mLevel 5[0m set package 'open_cyber_glove_ros2' build argument 'cmake_target' from command line to 'None'
[0.765s] [34mcolcon.colcon_core.verb[0m [1;30mLevel 5[0m set package 'open_cyber_glove_ros2' build argument 'cmake_target_skip_unavailable' from command line to 'False'
[0.765s] [34mcolcon.colcon_core.verb[0m [1;30mLevel 5[0m set package 'open_cyber_glove_ros2' build argument 'cmake_clean_cache' from command line to 'False'
[0.765s] [34mcolcon.colcon_core.verb[0m [1;30mLevel 5[0m set package 'open_cyber_glove_ros2' build argument 'cmake_clean_first' from command line to 'False'
[0.765s] [34mcolcon.colcon_core.verb[0m [1;30mLevel 5[0m set package 'open_cyber_glove_ros2' build argument 'cmake_force_configure' from command line to 'False'
[0.765s] [34mcolcon.colcon_core.verb[0m [1;30mLevel 5[0m set package 'open_cyber_glove_ros2' build argument 'ament_cmake_args' from command line to 'None'
[0.765s] [34mcolcon.colcon_core.verb[0m [1;30mLevel 5[0m set package 'open_cyber_glove_ros2' build argument 'catkin_cmake_args' from command line to 'None'
[0.765s] [34mcolcon.colcon_core.verb[0m [1;30mLevel 5[0m set package 'open_cyber_glove_ros2' build argument 'catkin_skip_building_tests' from command line to 'False'
[0.765s] [34mcolcon.colcon_core.verb[0m [1;30mDEBUG[0m [32mBuilding package 'open_cyber_glove_ros2' with the following arguments: {'ament_cmake_args': None, 'build_base': '/home/nuc/ros2_workspace/data_collection_ws/build/open_cyber_glove_ros2', 'catkin_cmake_args': None, 'catkin_skip_building_tests': False, 'cmake_args': None, 'cmake_clean_cache': False, 'cmake_clean_first': False, 'cmake_force_configure': False, 'cmake_target': None, 'cmake_target_skip_unavailable': False, 'install_base': '/home/nuc/ros2_workspace/data_collection_ws/install/open_cyber_glove_ros2', 'merge_install': False, 'path': '/home/nuc/ros2_workspace/data_collection_ws/src/open_cyber_glove_ros2', 'symlink_install': False, 'test_result_base': None}[0m
[0.765s] [34mcolcon.colcon_core.verb[0m [1;30mLevel 5[0m set package 'piper_teleop' build argument 'cmake_args' from command line to 'None'
[0.765s] [34mcolcon.colcon_core.verb[0m [1;30mLevel 5[0m set package 'piper_teleop' build argument 'cmake_target' from command line to 'None'
[0.765s] [34mcolcon.colcon_core.verb[0m [1;30mLevel 5[0m set package 'piper_teleop' build argument 'cmake_target_skip_unavailable' from command line to 'False'
[0.766s] [34mcolcon.colcon_core.verb[0m [1;30mLevel 5[0m set package 'piper_teleop' build argument 'cmake_clean_cache' from command line to 'False'
[0.766s] [34mcolcon.colcon_core.verb[0m [1;30mLevel 5[0m set package 'piper_teleop' build argument 'cmake_clean_first' from command line to 'False'
[0.766s] [34mcolcon.colcon_core.verb[0m [1;30mLevel 5[0m set package 'piper_teleop' build argument 'cmake_force_configure' from command line to 'False'
[0.766s] [34mcolcon.colcon_core.verb[0m [1;30mLevel 5[0m set package 'piper_teleop' build argument 'ament_cmake_args' from command line to 'None'
[0.766s] [34mcolcon.colcon_core.verb[0m [1;30mLevel 5[0m set package 'piper_teleop' build argument 'catkin_cmake_args' from command line to 'None'
[0.766s] [34mcolcon.colcon_core.verb[0m [1;30mLevel 5[0m set package 'piper_teleop' build argument 'catkin_skip_building_tests' from command line to 'False'
[0.766s] [34mcolcon.colcon_core.verb[0m [1;30mDEBUG[0m [32mBuilding package 'piper_teleop' with the following arguments: {'ament_cmake_args': None, 'build_base': '/home/nuc/ros2_workspace/data_collection_ws/build/piper_teleop', 'catkin_cmake_args': None, 'catkin_skip_building_tests': False, 'cmake_args': None, 'cmake_clean_cache': False, 'cmake_clean_first': False, 'cmake_force_configure': False, 'cmake_target': None, 'cmake_target_skip_unavailable': False, 'install_base': '/home/nuc/ros2_workspace/data_collection_ws/install/piper_teleop', 'merge_install': False, 'path': '/home/nuc/ros2_workspace/data_collection_ws/src/piper_teleop', 'symlink_install': False, 'test_result_base': None}[0m
[0.767s] [34mcolcon.colcon_core.verb[0m [1;30mLevel 5[0m set package 'tracker_bridge' build argument 'cmake_args' from command line to 'None'
[0.767s] [34mcolcon.colcon_core.verb[0m [1;30mLevel 5[0m set package 'tracker_bridge' build argument 'cmake_target' from command line to 'None'
[0.767s] [34mcolcon.colcon_core.verb[0m [1;30mLevel 5[0m set package 'tracker_bridge' build argument 'cmake_target_skip_unavailable' from command line to 'False'
[0.767s] [34mcolcon.colcon_core.verb[0m [1;30mLevel 5[0m set package 'tracker_bridge' build argument 'cmake_clean_cache' from command line to 'False'
[0.767s] [34mcolcon.colcon_core.verb[0m [1;30mLevel 5[0m set package 'tracker_bridge' build argument 'cmake_clean_first' from command line to 'False'
[0.767s] [34mcolcon.colcon_core.verb[0m [1;30mLevel 5[0m set package 'tracker_bridge' build argument 'cmake_force_configure' from command line to 'False'
[0.767s] [34mcolcon.colcon_core.verb[0m [1;30mLevel 5[0m set package 'tracker_bridge' build argument 'ament_cmake_args' from command line to 'None'
[0.767s] [34mcolcon.colcon_core.verb[0m [1;30mLevel 5[0m set package 'tracker_bridge' build argument 'catkin_cmake_args' from command line to 'None'
[0.767s] [34mcolcon.colcon_core.verb[0m [1;30mLevel 5[0m set package 'tracker_bridge' build argument 'catkin_skip_building_tests' from command line to 'False'
[0.767s] [34mcolcon.colcon_core.verb[0m [1;30mDEBUG[0m [32mBuilding package 'tracker_bridge' with the following arguments: {'ament_cmake_args': None, 'build_base': '/home/nuc/ros2_workspace/data_collection_ws/build/tracker_bridge', 'catkin_cmake_args': None, 'catkin_skip_building_tests': False, 'cmake_args': None, 'cmake_clean_cache': False, 'cmake_clean_first': False, 'cmake_force_configure': False, 'cmake_target': None, 'cmake_target_skip_unavailable': False, 'install_base': '/home/nuc/ros2_workspace/data_collection_ws/install/tracker_bridge', 'merge_install': False, 'path': '/home/nuc/ros2_workspace/data_collection_ws/src/tracker_bridge', 'symlink_install': False, 'test_result_base': None}[0m
[0.767s] [34mcolcon.colcon_core.verb[0m [1;30mLevel 5[0m set package 'data_recorder_ros2' build argument 'cmake_args' from command line to 'None'
[0.767s] [34mcolcon.colcon_core.verb[0m [1;30mLevel 5[0m set package 'data_recorder_ros2' build argument 'cmake_target' from command line to 'None'
[0.767s] [34mcolcon.colcon_core.verb[0m [1;30mLevel 5[0m set package 'data_recorder_ros2' build argument 'cmake_target_skip_unavailable' from command line to 'False'
[0.767s] [34mcolcon.colcon_core.verb[0m [1;30mLevel 5[0m set package 'data_recorder_ros2' build argument 'cmake_clean_cache' from command line to 'False'
[0.767s] [34mcolcon.colcon_core.verb[0m [1;30mLevel 5[0m set package 'data_recorder_ros2' build argument 'cmake_clean_first' from command line to 'False'
[0.767s] [34mcolcon.colcon_core.verb[0m [1;30mLevel 5[0m set package 'data_recorder_ros2' build argument 'cmake_force_configure' from command line to 'False'
[0.767s] [34mcolcon.colcon_core.verb[0m [1;30mLevel 5[0m set package 'data_recorder_ros2' build argument 'ament_cmake_args' from command line to 'None'
[0.767s] [34mcolcon.colcon_core.verb[0m [1;30mLevel 5[0m set package 'data_recorder_ros2' build argument 'catkin_cmake_args' from command line to 'None'
[0.767s] [34mcolcon.colcon_core.verb[0m [1;30mLevel 5[0m set package 'data_recorder_ros2' build argument 'catkin_skip_building_tests' from command line to 'False'
[0.767s] [34mcolcon.colcon_core.verb[0m [1;30mDEBUG[0m [32mBuilding package 'data_recorder_ros2' with the following arguments: {'ament_cmake_args': None, 'build_base': '/home/nuc/ros2_workspace/data_collection_ws/build/data_recorder_ros2', 'catkin_cmake_args': None, 'catkin_skip_building_tests': False, 'cmake_args': None, 'cmake_clean_cache': False, 'cmake_clean_first': False, 'cmake_force_configure': False, 'cmake_target': None, 'cmake_target_skip_unavailable': False, 'install_base': '/home/nuc/ros2_workspace/data_collection_ws/install/data_recorder_ros2', 'merge_install': False, 'path': '/home/nuc/ros2_workspace/data_collection_ws/src/data_recorder_ros2', 'symlink_install': False, 'test_result_base': None}[0m
[0.767s] [34mcolcon.colcon_core.executor[0m [1;30mINFO[0m Executing jobs using 'parallel' executor
[0.768s] [34mcolcon.colcon_parallel_executor.executor.parallel[0m [1;30mDEBUG[0m [32mrun_until_complete[0m
[0.769s] [34mcolcon.colcon_ros.task.ament_cmake.build[0m [1;30mINFO[0m Building ROS package in '/home/nuc/ros2_workspace/data_collection_ws/src/data_recorder_interfaces' with build type 'ament_cmake'
[0.769s] [34mcolcon.colcon_cmake.task.cmake.build[0m [1;30mINFO[0m Building CMake package in '/home/nuc/ros2_workspace/data_collection_ws/src/data_recorder_interfaces'
[0.775s] [34mcolcon.colcon_core.plugin_system[0m [1;30mINFO[0m Skipping extension 'colcon_core.shell.bat': Not used on non-Windows systems
[0.775s] [34mcolcon.colcon_core.shell[0m [1;30mINFO[0m Skip shell extension 'powershell' for command environment: Not usable outside of PowerShell
[0.775s] [34mcolcon.colcon_core.shell[0m [1;30mDEBUG[0m [32mSkip shell extension 'dsv' for command environment[0m
[0.783s] [34mcolcon.colcon_ros.task.ament_python.build[0m [1;30mINFO[0m Building ROS package in '/home/nuc/ros2_workspace/data_collection_ws/src/camera_bridge' with build type 'ament_python'
[0.784s] [34mcolcon.colcon_core.shell[0m [1;30mLevel 1[0m create_environment_hook('camera_bridge', 'ament_prefix_path')
[0.784s] [34mcolcon.colcon_core.shell[0m [1;30mINFO[0m Creating environment hook '/home/nuc/ros2_workspace/data_collection_ws/install/camera_bridge/share/camera_bridge/hook/ament_prefix_path.ps1'
[0.785s] [34mcolcon.colcon_core.shell[0m [1;30mINFO[0m Creating environment descriptor '/home/nuc/ros2_workspace/data_collection_ws/install/camera_bridge/share/camera_bridge/hook/ament_prefix_path.dsv'
[0.788s] [34mcolcon.colcon_core.shell[0m [1;30mINFO[0m Creating environment hook '/home/nuc/ros2_workspace/data_collection_ws/install/camera_bridge/share/camera_bridge/hook/ament_prefix_path.sh'
[0.789s] [34mcolcon.colcon_core.shell[0m [1;30mINFO[0m Skip shell extension 'powershell' for command environment: Not usable outside of PowerShell
[0.789s] [34mcolcon.colcon_core.shell[0m [1;30mDEBUG[0m [32mSkip shell extension 'dsv' for command environment[0m
[0.797s] [34mcolcon.colcon_core.event_handler.log_command[0m [1;30mDEBUG[0m [32mInvoking command in '/home/nuc/ros2_workspace/data_collection_ws/build/data_recorder_interfaces': CMAKE_PREFIX_PATH=${CMAKE_PREFIX_PATH}:/home/nuc/ros2_workspace/data_collection_ws/install/tracker_bridge:/home/nuc/ros2_workspace/data_collection_ws/install/piper_teleop:/home/nuc/ros2_workspace/data_collection_ws/install/open_cyber_glove_ros2:/home/nuc/ros2_workspace/data_collection_ws/install/data_recorder_ros2:/home/nuc/ros2_workspace/data_collection_ws/install/camera_bridge:/home/nuc/ros2_workspace/angus_dexhand_system/install/setting_info:/home/nuc/ros2_workspace/angus_dexhand_system/install/matrix_touch_gui:/home/nuc/ros2_workspace/angus_dexhand_system/install/gui_control:/home/nuc/ros2_workspace/angus_dexhand_system/install/graphic_display:/home/nuc/ros2_workspace/angus_dexhand_system/install/linker_hand_ros2_sdk:/home/nuc/ros2_workspace/angus_dexhand_system/install/linker_hand_mujoco_ros2:/home/nuc/ros2_workspace/angus_dexhand_system/install/glove_to_hand_control:/home/nuc/ros2_workspace/angus_dexhand_system/install/camera_to_hand_control:/home/nuc/ros2_workspace/piper_ros/install/piper:/opt/ros/humble /usr/bin/cmake --build /home/nuc/ros2_workspace/data_collection_ws/build/data_recorder_interfaces -- -j2 -l2[0m
[1.042s] [34mcolcon.colcon_core.task.python.build[0m [1;30mINFO[0m Building Python package in '/home/nuc/ros2_workspace/data_collection_ws/src/camera_bridge'
[1.042s] [34mcolcon.colcon_core.shell[0m [1;30mINFO[0m Skip shell extension 'powershell' for command environment: Not usable outside of PowerShell
[1.042s] [34mcolcon.colcon_core.shell[0m [1;30mDEBUG[0m [32mSkip shell extension 'dsv' for command environment[0m
[1.392s] [34mcolcon.colcon_core.event_handler.log_command[0m [1;30mDEBUG[0m [32mInvoked command in '/home/nuc/ros2_workspace/data_collection_ws/build/data_recorder_interfaces' returned '0': CMAKE_PREFIX_PATH=${CMAKE_PREFIX_PATH}:/home/nuc/ros2_workspace/data_collection_ws/install/tracker_bridge:/home/nuc/ros2_workspace/data_collection_ws/install/piper_teleop:/home/nuc/ros2_workspace/data_collection_ws/install/open_cyber_glove_ros2:/home/nuc/ros2_workspace/data_collection_ws/install/data_recorder_ros2:/home/nuc/ros2_workspace/data_collection_ws/install/camera_bridge:/home/nuc/ros2_workspace/angus_dexhand_system/install/setting_info:/home/nuc/ros2_workspace/angus_dexhand_system/install/matrix_touch_gui:/home/nuc/ros2_workspace/angus_dexhand_system/install/gui_control:/home/nuc/ros2_workspace/angus_dexhand_system/install/graphic_display:/home/nuc/ros2_workspace/angus_dexhand_system/install/linker_hand_ros2_sdk:/home/nuc/ros2_workspace/angus_dexhand_system/install/linker_hand_mujoco_ros2:/home/nuc/ros2_workspace/angus_dexhand_system/install/glove_to_hand_control:/home/nuc/ros2_workspace/angus_dexhand_system/install/camera_to_hand_control:/home/nuc/ros2_workspace/piper_ros/install/piper:/opt/ros/humble /usr/bin/cmake --build /home/nuc/ros2_workspace/data_collection_ws/build/data_recorder_interfaces -- -j2 -l2[0m
[1.406s] [34mcolcon.colcon_core.event_handler.log_command[0m [1;30mDEBUG[0m [32mInvoking command in '/home/nuc/ros2_workspace/data_collection_ws/build/data_recorder_interfaces': CMAKE_PREFIX_PATH=${CMAKE_PREFIX_PATH}:/home/nuc/ros2_workspace/data_collection_ws/install/tracker_bridge:/home/nuc/ros2_workspace/data_collection_ws/install/piper_teleop:/home/nuc/ros2_workspace/data_collection_ws/install/open_cyber_glove_ros2:/home/nuc/ros2_workspace/data_collection_ws/install/data_recorder_ros2:/home/nuc/ros2_workspace/data_collection_ws/install/camera_bridge:/home/nuc/ros2_workspace/angus_dexhand_system/install/setting_info:/home/nuc/ros2_workspace/angus_dexhand_system/install/matrix_touch_gui:/home/nuc/ros2_workspace/angus_dexhand_system/install/gui_control:/home/nuc/ros2_workspace/angus_dexhand_system/install/graphic_display:/home/nuc/ros2_workspace/angus_dexhand_system/install/linker_hand_ros2_sdk:/home/nuc/ros2_workspace/angus_dexhand_system/install/linker_hand_mujoco_ros2:/home/nuc/ros2_workspace/angus_dexhand_system/install/glove_to_hand_control:/home/nuc/ros2_workspace/angus_dexhand_system/install/camera_to_hand_control:/home/nuc/ros2_workspace/piper_ros/install/piper:/opt/ros/humble /usr/bin/cmake --install /home/nuc/ros2_workspace/data_collection_ws/build/data_recorder_interfaces[0m
[1.481s] [34mcolcon.colcon_core.environment[0m [1;30mLevel 1[0m create_environment_scripts_only(data_recorder_interfaces)
[1.481s] [34mcolcon.colcon_core.event_handler.log_command[0m [1;30mDEBUG[0m [32mInvoked command in '/home/nuc/ros2_workspace/data_collection_ws/build/data_recorder_interfaces' returned '0': CMAKE_PREFIX_PATH=${CMAKE_PREFIX_PATH}:/home/nuc/ros2_workspace/data_collection_ws/install/tracker_bridge:/home/nuc/ros2_workspace/data_collection_ws/install/piper_teleop:/home/nuc/ros2_workspace/data_collection_ws/install/open_cyber_glove_ros2:/home/nuc/ros2_workspace/data_collection_ws/install/data_recorder_ros2:/home/nuc/ros2_workspace/data_collection_ws/install/camera_bridge:/home/nuc/ros2_workspace/angus_dexhand_system/install/setting_info:/home/nuc/ros2_workspace/angus_dexhand_system/install/matrix_touch_gui:/home/nuc/ros2_workspace/angus_dexhand_system/install/gui_control:/home/nuc/ros2_workspace/angus_dexhand_system/install/graphic_display:/home/nuc/ros2_workspace/angus_dexhand_system/install/linker_hand_ros2_sdk:/home/nuc/ros2_workspace/angus_dexhand_system/install/linker_hand_mujoco_ros2:/home/nuc/ros2_workspace/angus_dexhand_system/install/glove_to_hand_control:/home/nuc/ros2_workspace/angus_dexhand_system/install/camera_to_hand_control:/home/nuc/ros2_workspace/piper_ros/install/piper:/opt/ros/humble /usr/bin/cmake --install /home/nuc/ros2_workspace/data_collection_ws/build/data_recorder_interfaces[0m
[1.487s] [34mcolcon.colcon_core.environment[0m [1;30mLevel 1[0m checking '/home/nuc/ros2_workspace/data_collection_ws/install/data_recorder_interfaces' for CMake module files
[1.487s] [34mcolcon.colcon_core.environment[0m [1;30mLevel 1[0m checking '/home/nuc/ros2_workspace/data_collection_ws/install/data_recorder_interfaces' for CMake config files
[1.487s] [34mcolcon.colcon_core.shell[0m [1;30mLevel 1[0m create_environment_hook('data_recorder_interfaces', 'cmake_prefix_path')
[1.488s] [34mcolcon.colcon_core.shell[0m [1;30mINFO[0m Creating environment hook '/home/nuc/ros2_workspace/data_collection_ws/install/data_recorder_interfaces/share/data_recorder_interfaces/hook/cmake_prefix_path.ps1'
[1.489s] [34mcolcon.colcon_core.shell[0m [1;30mINFO[0m Creating environment descriptor '/home/nuc/ros2_workspace/data_collection_ws/install/data_recorder_interfaces/share/data_recorder_interfaces/hook/cmake_prefix_path.dsv'
[1.489s] [34mcolcon.colcon_core.shell[0m [1;30mINFO[0m Creating environment hook '/home/nuc/ros2_workspace/data_collection_ws/install/data_recorder_interfaces/share/data_recorder_interfaces/hook/cmake_prefix_path.sh'
[1.489s] [34mcolcon.colcon_core.environment[0m [1;30mLevel 1[0m checking '/home/nuc/ros2_workspace/data_collection_ws/install/data_recorder_interfaces/lib'
[1.489s] [34mcolcon.colcon_core.shell[0m [1;30mLevel 1[0m create_environment_hook('data_recorder_interfaces', 'ld_library_path_lib')
[1.490s] [34mcolcon.colcon_core.shell[0m [1;30mINFO[0m Creating environment hook '/home/nuc/ros2_workspace/data_collection_ws/install/data_recorder_interfaces/share/data_recorder_interfaces/hook/ld_library_path_lib.ps1'
[1.490s] [34mcolcon.colcon_core.shell[0m [1;30mINFO[0m Creating environment descriptor '/home/nuc/ros2_workspace/data_collection_ws/install/data_recorder_interfaces/share/data_recorder_interfaces/hook/ld_library_path_lib.dsv'
[1.490s] [34mcolcon.colcon_core.shell[0m [1;30mINFO[0m Creating environment hook '/home/nuc/ros2_workspace/data_collection_ws/install/data_recorder_interfaces/share/data_recorder_interfaces/hook/ld_library_path_lib.sh'
[1.490s] [34mcolcon.colcon_core.environment[0m [1;30mLevel 1[0m checking '/home/nuc/ros2_workspace/data_collection_ws/install/data_recorder_interfaces/bin'
[1.491s] [34mcolcon.colcon_core.environment[0m [1;30mLevel 1[0m checking '/home/nuc/ros2_workspace/data_collection_ws/install/data_recorder_interfaces/lib/pkgconfig/data_recorder_interfaces.pc'
[1.491s] [34mcolcon.colcon_core.environment[0m [1;30mLevel 1[0m checking '/home/nuc/ros2_workspace/data_collection_ws/install/data_recorder_interfaces/lib/python3.10/site-packages'
[1.491s] [34mcolcon.colcon_core.environment[0m [1;30mLevel 1[0m checking '/home/nuc/ros2_workspace/data_collection_ws/install/data_recorder_interfaces/bin'
[1.491s] [34mcolcon.colcon_core.shell[0m [1;30mINFO[0m Creating package script '/home/nuc/ros2_workspace/data_collection_ws/install/data_recorder_interfaces/share/data_recorder_interfaces/package.ps1'
[1.492s] [34mcolcon.colcon_core.shell[0m [1;30mINFO[0m Creating package descriptor '/home/nuc/ros2_workspace/data_collection_ws/install/data_recorder_interfaces/share/data_recorder_interfaces/package.dsv'
[1.493s] [34mcolcon.colcon_core.shell[0m [1;30mINFO[0m Creating package script '/home/nuc/ros2_workspace/data_collection_ws/install/data_recorder_interfaces/share/data_recorder_interfaces/package.sh'
[1.494s] [34mcolcon.colcon_core.shell[0m [1;30mINFO[0m Creating package script '/home/nuc/ros2_workspace/data_collection_ws/install/data_recorder_interfaces/share/data_recorder_interfaces/package.bash'
[1.495s] [34mcolcon.colcon_core.shell[0m [1;30mINFO[0m Creating package script '/home/nuc/ros2_workspace/data_collection_ws/install/data_recorder_interfaces/share/data_recorder_interfaces/package.zsh'
[1.496s] [34mcolcon.colcon_core.environment[0m [1;30mLevel 1[0m create_file_with_runtime_dependencies(/home/nuc/ros2_workspace/data_collection_ws/install/data_recorder_interfaces/share/colcon-core/packages/data_recorder_interfaces)
[1.496s] [34mcolcon.colcon_core.environment[0m [1;30mLevel 1[0m create_environment_scripts_only(data_recorder_interfaces)
[1.496s] [34mcolcon.colcon_core.environment[0m [1;30mLevel 1[0m checking '/home/nuc/ros2_workspace/data_collection_ws/install/data_recorder_interfaces' for CMake module files
[1.496s] [34mcolcon.colcon_core.environment[0m [1;30mLevel 1[0m checking '/home/nuc/ros2_workspace/data_collection_ws/install/data_recorder_interfaces' for CMake config files
[1.497s] [34mcolcon.colcon_core.shell[0m [1;30mLevel 1[0m create_environment_hook('data_recorder_interfaces', 'cmake_prefix_path')
[1.497s] [34mcolcon.colcon_core.shell[0m [1;30mINFO[0m Creating environment hook '/home/nuc/ros2_workspace/data_collection_ws/install/data_recorder_interfaces/share/data_recorder_interfaces/hook/cmake_prefix_path.ps1'
[1.497s] [34mcolcon.colcon_core.shell[0m [1;30mINFO[0m Creating environment descriptor '/home/nuc/ros2_workspace/data_collection_ws/install/data_recorder_interfaces/share/data_recorder_interfaces/hook/cmake_prefix_path.dsv'
[1.497s] [34mcolcon.colcon_core.shell[0m [1;30mINFO[0m Creating environment hook '/home/nuc/ros2_workspace/data_collection_ws/install/data_recorder_interfaces/share/data_recorder_interfaces/hook/cmake_prefix_path.sh'
[1.498s] [34mcolcon.colcon_core.environment[0m [1;30mLevel 1[0m checking '/home/nuc/ros2_workspace/data_collection_ws/install/data_recorder_interfaces/lib'
[1.498s] [34mcolcon.colcon_core.shell[0m [1;30mLevel 1[0m create_environment_hook('data_recorder_interfaces', 'ld_library_path_lib')
[1.498s] [34mcolcon.colcon_core.shell[0m [1;30mINFO[0m Creating environment hook '/home/nuc/ros2_workspace/data_collection_ws/install/data_recorder_interfaces/share/data_recorder_interfaces/hook/ld_library_path_lib.ps1'
[1.498s] [34mcolcon.colcon_core.shell[0m [1;30mINFO[0m Creating environment descriptor '/home/nuc/ros2_workspace/data_collection_ws/install/data_recorder_interfaces/share/data_recorder_interfaces/hook/ld_library_path_lib.dsv'
[1.498s] [34mcolcon.colcon_core.shell[0m [1;30mINFO[0m Creating environment hook '/home/nuc/ros2_workspace/data_collection_ws/install/data_recorder_interfaces/share/data_recorder_interfaces/hook/ld_library_path_lib.sh'
[1.499s] [34mcolcon.colcon_core.environment[0m [1;30mLevel 1[0m checking '/home/nuc/ros2_workspace/data_collection_ws/install/data_recorder_interfaces/bin'
[1.499s] [34mcolcon.colcon_core.environment[0m [1;30mLevel 1[0m checking '/home/nuc/ros2_workspace/data_collection_ws/install/data_recorder_interfaces/lib/pkgconfig/data_recorder_interfaces.pc'
[1.499s] [34mcolcon.colcon_core.environment[0m [1;30mLevel 1[0m checking '/home/nuc/ros2_workspace/data_collection_ws/install/data_recorder_interfaces/lib/python3.10/site-packages'
[1.499s] [34mcolcon.colcon_core.environment[0m [1;30mLevel 1[0m checking '/home/nuc/ros2_workspace/data_collection_ws/install/data_recorder_interfaces/bin'
[1.499s] [34mcolcon.colcon_core.shell[0m [1;30mINFO[0m Creating package script '/home/nuc/ros2_workspace/data_collection_ws/install/data_recorder_interfaces/share/data_recorder_interfaces/package.ps1'
[1.501s] [34mcolcon.colcon_core.shell[0m [1;30mINFO[0m Creating package descriptor '/home/nuc/ros2_workspace/data_collection_ws/install/data_recorder_interfaces/share/data_recorder_interfaces/package.dsv'
[1.501s] [34mcolcon.colcon_core.shell[0m [1;30mINFO[0m Creating package script '/home/nuc/ros2_workspace/data_collection_ws/install/data_recorder_interfaces/share/data_recorder_interfaces/package.sh'
[1.502s] [34mcolcon.colcon_core.shell[0m [1;30mINFO[0m Creating package script '/home/nuc/ros2_workspace/data_collection_ws/install/data_recorder_interfaces/share/data_recorder_interfaces/package.bash'
[1.502s] [34mcolcon.colcon_core.shell[0m [1;30mINFO[0m Creating package script '/home/nuc/ros2_workspace/data_collection_ws/install/data_recorder_interfaces/share/data_recorder_interfaces/package.zsh'
[1.503s] [34mcolcon.colcon_core.environment[0m [1;30mLevel 1[0m create_file_with_runtime_dependencies(/home/nuc/ros2_workspace/data_collection_ws/install/data_recorder_interfaces/share/colcon-core/packages/data_recorder_interfaces)
[1.504s] [34mcolcon.colcon_core.task.python.build[0m [1;30mINFO[0m Building Python package in '/home/nuc/ros2_workspace/data_collection_ws/src/open_cyber_glove'
[1.504s] [34mcolcon.colcon_core.shell[0m [1;30mINFO[0m Skip shell extension 'powershell' for command environment: Not usable outside of PowerShell
[1.504s] [34mcolcon.colcon_core.shell[0m [1;30mDEBUG[0m [32mSkip shell extension 'dsv' for command environment[0m
[1.512s] [34mcolcon.colcon_core.event_handler.log_command[0m [1;30mDEBUG[0m [32mInvoking command in '/home/nuc/ros2_workspace/data_collection_ws/src/camera_bridge': PYTHONPATH=/home/nuc/ros2_workspace/data_collection_ws/build/camera_bridge/prefix_override:/usr/lib/python3/dist-packages/colcon_core/task/python/colcon_distutils_commands:/home/nuc/ros2_workspace/data_collection_ws/install/camera_bridge/lib/python3.10/site-packages:${PYTHONPATH} /usr/bin/python3 -W ignore:setup.py install is deprecated -W ignore:easy_install command is deprecated setup.py egg_info --egg-base ../../build/camera_bridge build --build-base /home/nuc/ros2_workspace/data_collection_ws/build/camera_bridge/build install --record /home/nuc/ros2_workspace/data_collection_ws/build/camera_bridge/install.log --single-version-externally-managed install_data[0m
[1.744s] [34mcolcon.colcon_core.environment[0m [1;30mLevel 1[0m checking '/home/nuc/ros2_workspace/data_collection_ws/install/camera_bridge' for CMake module files
[1.744s] [34mcolcon.colcon_core.event_handler.log_command[0m [1;30mDEBUG[0m [32mInvoked command in '/home/nuc/ros2_workspace/data_collection_ws/src/camera_bridge' returned '0': PYTHONPATH=/home/nuc/ros2_workspace/data_collection_ws/build/camera_bridge/prefix_override:/usr/lib/python3/dist-packages/colcon_core/task/python/colcon_distutils_commands:/home/nuc/ros2_workspace/data_collection_ws/install/camera_bridge/lib/python3.10/site-packages:${PYTHONPATH} /usr/bin/python3 -W ignore:setup.py install is deprecated -W ignore:easy_install command is deprecated setup.py egg_info --egg-base ../../build/camera_bridge build --build-base /home/nuc/ros2_workspace/data_collection_ws/build/camera_bridge/build install --record /home/nuc/ros2_workspace/data_collection_ws/build/camera_bridge/install.log --single-version-externally-managed install_data[0m
[1.745s] [34mcolcon.colcon_core.environment[0m [1;30mLevel 1[0m checking '/home/nuc/ros2_workspace/data_collection_ws/install/camera_bridge' for CMake config files
[1.746s] [34mcolcon.colcon_core.environment[0m [1;30mLevel 1[0m checking '/home/nuc/ros2_workspace/data_collection_ws/install/camera_bridge/lib'
[1.746s] [34mcolcon.colcon_core.environment[0m [1;30mLevel 1[0m checking '/home/nuc/ros2_workspace/data_collection_ws/install/camera_bridge/bin'
[1.746s] [34mcolcon.colcon_core.environment[0m [1;30mLevel 1[0m checking '/home/nuc/ros2_workspace/data_collection_ws/install/camera_bridge/lib/pkgconfig/camera_bridge.pc'
[1.746s] [34mcolcon.colcon_core.environment[0m [1;30mLevel 1[0m checking '/home/nuc/ros2_workspace/data_collection_ws/install/camera_bridge/lib/python3.10/site-packages'
[1.746s] [34mcolcon.colcon_core.shell[0m [1;30mLevel 1[0m create_environment_hook('camera_bridge', 'pythonpath')
[1.746s] [34mcolcon.colcon_core.shell[0m [1;30mINFO[0m Creating environment hook '/home/nuc/ros2_workspace/data_collection_ws/install/camera_bridge/share/camera_bridge/hook/pythonpath.ps1'
[1.747s] [34mcolcon.colcon_core.shell[0m [1;30mINFO[0m Creating environment descriptor '/home/nuc/ros2_workspace/data_collection_ws/install/camera_bridge/share/camera_bridge/hook/pythonpath.dsv'
[1.747s] [34mcolcon.colcon_core.shell[0m [1;30mINFO[0m Creating environment hook '/home/nuc/ros2_workspace/data_collection_ws/install/camera_bridge/share/camera_bridge/hook/pythonpath.sh'
[1.748s] [34mcolcon.colcon_core.environment[0m [1;30mLevel 1[0m checking '/home/nuc/ros2_workspace/data_collection_ws/install/camera_bridge/bin'
[1.748s] [34mcolcon.colcon_core.environment[0m [1;30mLevel 1[0m create_environment_scripts_only(camera_bridge)
[1.748s] [34mcolcon.colcon_core.shell[0m [1;30mINFO[0m Creating package script '/home/nuc/ros2_workspace/data_collection_ws/install/camera_bridge/share/camera_bridge/package.ps1'
[1.748s] [34mcolcon.colcon_core.shell[0m [1;30mINFO[0m Creating package descriptor '/home/nuc/ros2_workspace/data_collection_ws/install/camera_bridge/share/camera_bridge/package.dsv'
[1.748s] [34mcolcon.colcon_core.shell[0m [1;30mINFO[0m Creating package script '/home/nuc/ros2_workspace/data_collection_ws/install/camera_bridge/share/camera_bridge/package.sh'
[1.749s] [34mcolcon.colcon_core.shell[0m [1;30mINFO[0m Creating package script '/home/nuc/ros2_workspace/data_collection_ws/install/camera_bridge/share/camera_bridge/package.bash'
[1.749s] [34mcolcon.colcon_core.shell[0m [1;30mINFO[0m Creating package script '/home/nuc/ros2_workspace/data_collection_ws/install/camera_bridge/share/camera_bridge/package.zsh'
[1.750s] [34mcolcon.colcon_core.environment[0m [1;30mLevel 1[0m create_file_with_runtime_dependencies(/home/nuc/ros2_workspace/data_collection_ws/install/camera_bridge/share/colcon-core/packages/camera_bridge)
[1.750s] [34mcolcon.colcon_ros.task.ament_python.build[0m [1;30mINFO[0m Building ROS package in '/home/nuc/ros2_workspace/data_collection_ws/src/open_cyber_glove_ros2' with build type 'ament_python'
[1.750s] [34mcolcon.colcon_core.shell[0m [1;30mLevel 1[0m create_environment_hook('open_cyber_glove_ros2', 'ament_prefix_path')
[1.750s] [34mcolcon.colcon_core.shell[0m [1;30mINFO[0m Creating environment hook '/home/nuc/ros2_workspace/data_collection_ws/install/open_cyber_glove_ros2/share/open_cyber_glove_ros2/hook/ament_prefix_path.ps1'
[1.750s] [34mcolcon.colcon_core.shell[0m [1;30mINFO[0m Creating environment descriptor '/home/nuc/ros2_workspace/data_collection_ws/install/open_cyber_glove_ros2/share/open_cyber_glove_ros2/hook/ament_prefix_path.dsv'
[1.751s] [34mcolcon.colcon_core.shell[0m [1;30mINFO[0m Creating environment hook '/home/nuc/ros2_workspace/data_collection_ws/install/open_cyber_glove_ros2/share/open_cyber_glove_ros2/hook/ament_prefix_path.sh'
[1.752s] [34mcolcon.colcon_core.shell[0m [1;30mINFO[0m Skip shell extension 'powershell' for command environment: Not usable outside of PowerShell
[1.752s] [34mcolcon.colcon_core.shell[0m [1;30mDEBUG[0m [32mSkip shell extension 'dsv' for command environment[0m
[1.935s] [34mcolcon.colcon_core.task.python.build[0m [1;30mINFO[0m Building Python package in '/home/nuc/ros2_workspace/data_collection_ws/src/open_cyber_glove_ros2'
[1.935s] [34mcolcon.colcon_core.shell[0m [1;30mINFO[0m Skip shell extension 'powershell' for command environment: Not usable outside of PowerShell
[1.935s] [34mcolcon.colcon_core.shell[0m [1;30mDEBUG[0m [32mSkip shell extension 'dsv' for command environment[0m
[1.966s] [34mcolcon.colcon_core.event_handler.log_command[0m [1;30mDEBUG[0m [32mInvoking command in '/home/nuc/ros2_workspace/data_collection_ws/src/open_cyber_glove': PYTHONPATH=/home/nuc/ros2_workspace/data_collection_ws/build/open_cyber_glove/prefix_override:/usr/lib/python3/dist-packages/colcon_core/task/python/colcon_distutils_commands:/home/nuc/ros2_workspace/data_collection_ws/install/open_cyber_glove/lib/python3.10/site-packages:${PYTHONPATH} /usr/bin/python3 -W ignore:setup.py install is deprecated -W ignore:easy_install command is deprecated setup.py egg_info --egg-base ../../build/open_cyber_glove build --build-base /home/nuc/ros2_workspace/data_collection_ws/build/open_cyber_glove/build install --record /home/nuc/ros2_workspace/data_collection_ws/build/open_cyber_glove/install.log --single-version-externally-managed[0m
[2.161s] [34mcolcon.colcon_core.environment[0m [1;30mLevel 1[0m checking '/home/nuc/ros2_workspace/data_collection_ws/install/open_cyber_glove' for CMake module files
[2.161s] [34mcolcon.colcon_core.environment[0m [1;30mLevel 1[0m checking '/home/nuc/ros2_workspace/data_collection_ws/install/open_cyber_glove' for CMake config files
[2.163s] [34mcolcon.colcon_core.event_handler.log_command[0m [1;30mDEBUG[0m [32mInvoked command in '/home/nuc/ros2_workspace/data_collection_ws/src/open_cyber_glove' returned '0': PYTHONPATH=/home/nuc/ros2_workspace/data_collection_ws/build/open_cyber_glove/prefix_override:/usr/lib/python3/dist-packages/colcon_core/task/python/colcon_distutils_commands:/home/nuc/ros2_workspace/data_collection_ws/install/open_cyber_glove/lib/python3.10/site-packages:${PYTHONPATH} /usr/bin/python3 -W ignore:setup.py install is deprecated -W ignore:easy_install command is deprecated setup.py egg_info --egg-base ../../build/open_cyber_glove build --build-base /home/nuc/ros2_workspace/data_collection_ws/build/open_cyber_glove/build install --record /home/nuc/ros2_workspace/data_collection_ws/build/open_cyber_glove/install.log --single-version-externally-managed[0m
[2.163s] [34mcolcon.colcon_core.environment[0m [1;30mLevel 1[0m checking '/home/nuc/ros2_workspace/data_collection_ws/install/open_cyber_glove/lib'
[2.163s] [34mcolcon.colcon_core.environment[0m [1;30mLevel 1[0m checking '/home/nuc/ros2_workspace/data_collection_ws/install/open_cyber_glove/bin'
[2.163s] [34mcolcon.colcon_core.environment[0m [1;30mLevel 1[0m checking '/home/nuc/ros2_workspace/data_collection_ws/install/open_cyber_glove/lib/pkgconfig/open_cyber_glove.pc'
[2.163s] [34mcolcon.colcon_core.environment[0m [1;30mLevel 1[0m checking '/home/nuc/ros2_workspace/data_collection_ws/install/open_cyber_glove/lib/python3.10/site-packages'
[2.163s] [34mcolcon.colcon_core.shell[0m [1;30mLevel 1[0m create_environment_hook('open_cyber_glove', 'pythonpath')
[2.163s] [34mcolcon.colcon_core.shell[0m [1;30mINFO[0m Creating environment hook '/home/nuc/ros2_workspace/data_collection_ws/install/open_cyber_glove/share/open_cyber_glove/hook/pythonpath.ps1'
[2.165s] [34mcolcon.colcon_core.shell[0m [1;30mINFO[0m Creating environment descriptor '/home/nuc/ros2_workspace/data_collection_ws/install/open_cyber_glove/share/open_cyber_glove/hook/pythonpath.dsv'
[2.166s] [34mcolcon.colcon_core.shell[0m [1;30mINFO[0m Creating environment hook '/home/nuc/ros2_workspace/data_collection_ws/install/open_cyber_glove/share/open_cyber_glove/hook/pythonpath.sh'
[2.166s] [34mcolcon.colcon_core.environment[0m [1;30mLevel 1[0m checking '/home/nuc/ros2_workspace/data_collection_ws/install/open_cyber_glove/bin'
[2.166s] [34mcolcon.colcon_core.environment[0m [1;30mLevel 1[0m create_environment_scripts_only(open_cyber_glove)
[2.167s] [34mcolcon.colcon_core.shell[0m [1;30mINFO[0m Creating package script '/home/nuc/ros2_workspace/data_collection_ws/install/open_cyber_glove/share/open_cyber_glove/package.ps1'
[2.167s] [34mcolcon.colcon_core.shell[0m [1;30mINFO[0m Creating package descriptor '/home/nuc/ros2_workspace/data_collection_ws/install/open_cyber_glove/share/open_cyber_glove/package.dsv'
[2.167s] [34mcolcon.colcon_core.shell[0m [1;30mINFO[0m Creating package script '/home/nuc/ros2_workspace/data_collection_ws/install/open_cyber_glove/share/open_cyber_glove/package.sh'
[2.168s] [34mcolcon.colcon_core.shell[0m [1;30mINFO[0m Creating package script '/home/nuc/ros2_workspace/data_collection_ws/install/open_cyber_glove/share/open_cyber_glove/package.bash'
[2.168s] [34mcolcon.colcon_core.shell[0m [1;30mINFO[0m Creating package script '/home/nuc/ros2_workspace/data_collection_ws/install/open_cyber_glove/share/open_cyber_glove/package.zsh'
[2.168s] [34mcolcon.colcon_core.environment[0m [1;30mLevel 1[0m create_file_with_runtime_dependencies(/home/nuc/ros2_workspace/data_collection_ws/install/open_cyber_glove/share/colcon-core/packages/open_cyber_glove)
[2.169s] [34mcolcon.colcon_ros.task.ament_python.build[0m [1;30mINFO[0m Building ROS package in '/home/nuc/ros2_workspace/data_collection_ws/src/piper_teleop' with build type 'ament_python'
[2.169s] [34mcolcon.colcon_core.shell[0m [1;30mLevel 1[0m create_environment_hook('piper_teleop', 'ament_prefix_path')
[2.169s] [34mcolcon.colcon_core.shell[0m [1;30mINFO[0m Creating environment hook '/home/nuc/ros2_workspace/data_collection_ws/install/piper_teleop/share/piper_teleop/hook/ament_prefix_path.ps1'
[2.169s] [34mcolcon.colcon_core.shell[0m [1;30mINFO[0m Creating environment descriptor '/home/nuc/ros2_workspace/data_collection_ws/install/piper_teleop/share/piper_teleop/hook/ament_prefix_path.dsv'
[2.170s] [34mcolcon.colcon_core.shell[0m [1;30mINFO[0m Creating environment hook '/home/nuc/ros2_workspace/data_collection_ws/install/piper_teleop/share/piper_teleop/hook/ament_prefix_path.sh'
[2.171s] [34mcolcon.colcon_core.shell[0m [1;30mINFO[0m Skip shell extension 'powershell' for command environment: Not usable outside of PowerShell
[2.171s] [34mcolcon.colcon_core.shell[0m [1;30mDEBUG[0m [32mSkip shell extension 'dsv' for command environment[0m
[2.351s] [34mcolcon.colcon_core.task.python.build[0m [1;30mINFO[0m Building Python package in '/home/nuc/ros2_workspace/data_collection_ws/src/piper_teleop'
[2.351s] [34mcolcon.colcon_core.shell[0m [1;30mINFO[0m Skip shell extension 'powershell' for command environment: Not usable outside of PowerShell
[2.351s] [34mcolcon.colcon_core.shell[0m [1;30mDEBUG[0m [32mSkip shell extension 'dsv' for command environment[0m
[2.360s] [34mcolcon.colcon_core.event_handler.log_command[0m [1;30mDEBUG[0m [32mInvoking command in '/home/nuc/ros2_workspace/data_collection_ws/src/open_cyber_glove_ros2': PYTHONPATH=/home/nuc/ros2_workspace/data_collection_ws/build/open_cyber_glove_ros2/prefix_override:/usr/lib/python3/dist-packages/colcon_core/task/python/colcon_distutils_commands:/home/nuc/ros2_workspace/data_collection_ws/install/open_cyber_glove_ros2/lib/python3.10/site-packages:${PYTHONPATH} /usr/bin/python3 -W ignore:setup.py install is deprecated -W ignore:easy_install command is deprecated setup.py egg_info --egg-base ../../build/open_cyber_glove_ros2 build --build-base /home/nuc/ros2_workspace/data_collection_ws/build/open_cyber_glove_ros2/build install --record /home/nuc/ros2_workspace/data_collection_ws/build/open_cyber_glove_ros2/install.log --single-version-externally-managed install_data[0m
[2.578s] [34mcolcon.colcon_core.environment[0m [1;30mLevel 1[0m checking '/home/nuc/ros2_workspace/data_collection_ws/install/open_cyber_glove_ros2' for CMake module files
[2.579s] [34mcolcon.colcon_core.environment[0m [1;30mLevel 1[0m checking '/home/nuc/ros2_workspace/data_collection_ws/install/open_cyber_glove_ros2' for CMake config files
[2.579s] [34mcolcon.colcon_core.environment[0m [1;30mLevel 1[0m checking '/home/nuc/ros2_workspace/data_collection_ws/install/open_cyber_glove_ros2/lib'
[2.579s] [34mcolcon.colcon_core.environment[0m [1;30mLevel 1[0m checking '/home/nuc/ros2_workspace/data_collection_ws/install/open_cyber_glove_ros2/bin'
[2.579s] [34mcolcon.colcon_core.environment[0m [1;30mLevel 1[0m checking '/home/nuc/ros2_workspace/data_collection_ws/install/open_cyber_glove_ros2/lib/pkgconfig/open_cyber_glove_ros2.pc'
[2.580s] [34mcolcon.colcon_core.environment[0m [1;30mLevel 1[0m checking '/home/nuc/ros2_workspace/data_collection_ws/install/open_cyber_glove_ros2/lib/python3.10/site-packages'
[2.580s] [34mcolcon.colcon_core.shell[0m [1;30mLevel 1[0m create_environment_hook('open_cyber_glove_ros2', 'pythonpath')
[2.580s] [34mcolcon.colcon_core.shell[0m [1;30mINFO[0m Creating environment hook '/home/nuc/ros2_workspace/data_collection_ws/install/open_cyber_glove_ros2/share/open_cyber_glove_ros2/hook/pythonpath.ps1'
[2.580s] [34mcolcon.colcon_core.event_handler.log_command[0m [1;30mDEBUG[0m [32mInvoked command in '/home/nuc/ros2_workspace/data_collection_ws/src/open_cyber_glove_ros2' returned '0': PYTHONPATH=/home/nuc/ros2_workspace/data_collection_ws/build/open_cyber_glove_ros2/prefix_override:/usr/lib/python3/dist-packages/colcon_core/task/python/colcon_distutils_commands:/home/nuc/ros2_workspace/data_collection_ws/install/open_cyber_glove_ros2/lib/python3.10/site-packages:${PYTHONPATH} /usr/bin/python3 -W ignore:setup.py install is deprecated -W ignore:easy_install command is deprecated setup.py egg_info --egg-base ../../build/open_cyber_glove_ros2 build --build-base /home/nuc/ros2_workspace/data_collection_ws/build/open_cyber_glove_ros2/build install --record /home/nuc/ros2_workspace/data_collection_ws/build/open_cyber_glove_ros2/install.log --single-version-externally-managed install_data[0m
[2.581s] [34mcolcon.colcon_core.shell[0m [1;30mINFO[0m Creating environment descriptor '/home/nuc/ros2_workspace/data_collection_ws/install/open_cyber_glove_ros2/share/open_cyber_glove_ros2/hook/pythonpath.dsv'
[2.581s] [34mcolcon.colcon_core.shell[0m [1;30mINFO[0m Creating environment hook '/home/nuc/ros2_workspace/data_collection_ws/install/open_cyber_glove_ros2/share/open_cyber_glove_ros2/hook/pythonpath.sh'
[2.582s] [34mcolcon.colcon_core.environment[0m [1;30mLevel 1[0m checking '/home/nuc/ros2_workspace/data_collection_ws/install/open_cyber_glove_ros2/bin'
[2.582s] [34mcolcon.colcon_core.environment[0m [1;30mLevel 1[0m create_environment_scripts_only(open_cyber_glove_ros2)
[2.582s] [34mcolcon.colcon_core.shell[0m [1;30mINFO[0m Creating package script '/home/nuc/ros2_workspace/data_collection_ws/install/open_cyber_glove_ros2/share/open_cyber_glove_ros2/package.ps1'
[2.582s] [34mcolcon.colcon_core.shell[0m [1;30mINFO[0m Creating package descriptor '/home/nuc/ros2_workspace/data_collection_ws/install/open_cyber_glove_ros2/share/open_cyber_glove_ros2/package.dsv'
[2.583s] [34mcolcon.colcon_core.shell[0m [1;30mINFO[0m Creating package script '/home/nuc/ros2_workspace/data_collection_ws/install/open_cyber_glove_ros2/share/open_cyber_glove_ros2/package.sh'
[2.584s] [34mcolcon.colcon_core.shell[0m [1;30mINFO[0m Creating package script '/home/nuc/ros2_workspace/data_collection_ws/install/open_cyber_glove_ros2/share/open_cyber_glove_ros2/package.bash'
[2.584s] [34mcolcon.colcon_core.shell[0m [1;30mINFO[0m Creating package script '/home/nuc/ros2_workspace/data_collection_ws/install/open_cyber_glove_ros2/share/open_cyber_glove_ros2/package.zsh'
[2.584s] [34mcolcon.colcon_core.environment[0m [1;30mLevel 1[0m create_file_with_runtime_dependencies(/home/nuc/ros2_workspace/data_collection_ws/install/open_cyber_glove_ros2/share/colcon-core/packages/open_cyber_glove_ros2)
[2.585s] [34mcolcon.colcon_ros.task.ament_python.build[0m [1;30mINFO[0m Building ROS package in '/home/nuc/ros2_workspace/data_collection_ws/src/tracker_bridge' with build type 'ament_python'
[2.585s] [34mcolcon.colcon_core.shell[0m [1;30mLevel 1[0m create_environment_hook('tracker_bridge', 'ament_prefix_path')
[2.585s] [34mcolcon.colcon_core.shell[0m [1;30mINFO[0m Creating environment hook '/home/nuc/ros2_workspace/data_collection_ws/install/tracker_bridge/share/tracker_bridge/hook/ament_prefix_path.ps1'
[2.585s] [34mcolcon.colcon_core.shell[0m [1;30mINFO[0m Creating environment descriptor '/home/nuc/ros2_workspace/data_collection_ws/install/tracker_bridge/share/tracker_bridge/hook/ament_prefix_path.dsv'
[2.586s] [34mcolcon.colcon_core.shell[0m [1;30mINFO[0m Creating environment hook '/home/nuc/ros2_workspace/data_collection_ws/install/tracker_bridge/share/tracker_bridge/hook/ament_prefix_path.sh'
[2.586s] [34mcolcon.colcon_core.shell[0m [1;30mINFO[0m Skip shell extension 'powershell' for command environment: Not usable outside of PowerShell
[2.586s] [34mcolcon.colcon_core.shell[0m [1;30mDEBUG[0m [32mSkip shell extension 'dsv' for command environment[0m
[2.770s] [34mcolcon.colcon_core.task.python.build[0m [1;30mINFO[0m Building Python package in '/home/nuc/ros2_workspace/data_collection_ws/src/tracker_bridge'
[2.771s] [34mcolcon.colcon_core.shell[0m [1;30mINFO[0m Skip shell extension 'powershell' for command environment: Not usable outside of PowerShell
[2.771s] [34mcolcon.colcon_core.shell[0m [1;30mDEBUG[0m [32mSkip shell extension 'dsv' for command environment[0m
[2.780s] [34mcolcon.colcon_core.event_handler.log_command[0m [1;30mDEBUG[0m [32mInvoking command in '/home/nuc/ros2_workspace/data_collection_ws/src/piper_teleop': PYTHONPATH=/home/nuc/ros2_workspace/data_collection_ws/build/piper_teleop/prefix_override:/usr/lib/python3/dist-packages/colcon_core/task/python/colcon_distutils_commands:/home/nuc/ros2_workspace/data_collection_ws/install/piper_teleop/lib/python3.10/site-packages:${PYTHONPATH} /usr/bin/python3 -W ignore:setup.py install is deprecated -W ignore:easy_install command is deprecated setup.py egg_info --egg-base ../../build/piper_teleop build --build-base /home/nuc/ros2_workspace/data_collection_ws/build/piper_teleop/build install --record /home/nuc/ros2_workspace/data_collection_ws/build/piper_teleop/install.log --single-version-externally-managed install_data[0m
[2.983s] [34mcolcon.colcon_core.environment[0m [1;30mLevel 1[0m checking '/home/nuc/ros2_workspace/data_collection_ws/install/piper_teleop' for CMake module files
[2.984s] [34mcolcon.colcon_core.event_handler.log_command[0m [1;30mDEBUG[0m [32mInvoked command in '/home/nuc/ros2_workspace/data_collection_ws/src/piper_teleop' returned '0': PYTHONPATH=/home/nuc/ros2_workspace/data_collection_ws/build/piper_teleop/prefix_override:/usr/lib/python3/dist-packages/colcon_core/task/python/colcon_distutils_commands:/home/nuc/ros2_workspace/data_collection_ws/install/piper_teleop/lib/python3.10/site-packages:${PYTHONPATH} /usr/bin/python3 -W ignore:setup.py install is deprecated -W ignore:easy_install command is deprecated setup.py egg_info --egg-base ../../build/piper_teleop build --build-base /home/nuc/ros2_workspace/data_collection_ws/build/piper_teleop/build install --record /home/nuc/ros2_workspace/data_collection_ws/build/piper_teleop/install.log --single-version-externally-managed install_data[0m
[2.984s] [34mcolcon.colcon_core.environment[0m [1;30mLevel 1[0m checking '/home/nuc/ros2_workspace/data_collection_ws/install/piper_teleop' for CMake config files
[2.985s] [34mcolcon.colcon_core.environment[0m [1;30mLevel 1[0m checking '/home/nuc/ros2_workspace/data_collection_ws/install/piper_teleop/lib'
[2.985s] [34mcolcon.colcon_core.environment[0m [1;30mLevel 1[0m checking '/home/nuc/ros2_workspace/data_collection_ws/install/piper_teleop/bin'
[2.985s] [34mcolcon.colcon_core.environment[0m [1;30mLevel 1[0m checking '/home/nuc/ros2_workspace/data_collection_ws/install/piper_teleop/lib/pkgconfig/piper_teleop.pc'
[2.985s] [34mcolcon.colcon_core.environment[0m [1;30mLevel 1[0m checking '/home/nuc/ros2_workspace/data_collection_ws/install/piper_teleop/lib/python3.10/site-packages'
[2.986s] [34mcolcon.colcon_core.shell[0m [1;30mLevel 1[0m create_environment_hook('piper_teleop', 'pythonpath')
[2.986s] [34mcolcon.colcon_core.shell[0m [1;30mINFO[0m Creating environment hook '/home/nuc/ros2_workspace/data_collection_ws/install/piper_teleop/share/piper_teleop/hook/pythonpath.ps1'
[2.987s] [34mcolcon.colcon_core.shell[0m [1;30mINFO[0m Creating environment descriptor '/home/nuc/ros2_workspace/data_collection_ws/install/piper_teleop/share/piper_teleop/hook/pythonpath.dsv'
[2.988s] [34mcolcon.colcon_core.shell[0m [1;30mINFO[0m Creating environment hook '/home/nuc/ros2_workspace/data_collection_ws/install/piper_teleop/share/piper_teleop/hook/pythonpath.sh'
[2.988s] [34mcolcon.colcon_core.environment[0m [1;30mLevel 1[0m checking '/home/nuc/ros2_workspace/data_collection_ws/install/piper_teleop/bin'
[2.988s] [34mcolcon.colcon_core.environment[0m [1;30mLevel 1[0m create_environment_scripts_only(piper_teleop)
[2.989s] [34mcolcon.colcon_core.shell[0m [1;30mINFO[0m Creating package script '/home/nuc/ros2_workspace/data_collection_ws/install/piper_teleop/share/piper_teleop/package.ps1'
[2.989s] [34mcolcon.colcon_core.shell[0m [1;30mINFO[0m Creating package descriptor '/home/nuc/ros2_workspace/data_collection_ws/install/piper_teleop/share/piper_teleop/package.dsv'
[2.990s] [34mcolcon.colcon_core.shell[0m [1;30mINFO[0m Creating package script '/home/nuc/ros2_workspace/data_collection_ws/install/piper_teleop/share/piper_teleop/package.sh'
[2.990s] [34mcolcon.colcon_core.shell[0m [1;30mINFO[0m Creating package script '/home/nuc/ros2_workspace/data_collection_ws/install/piper_teleop/share/piper_teleop/package.bash'
[2.990s] [34mcolcon.colcon_core.shell[0m [1;30mINFO[0m Creating package script '/home/nuc/ros2_workspace/data_collection_ws/install/piper_teleop/share/piper_teleop/package.zsh'
[2.991s] [34mcolcon.colcon_core.environment[0m [1;30mLevel 1[0m create_file_with_runtime_dependencies(/home/nuc/ros2_workspace/data_collection_ws/install/piper_teleop/share/colcon-core/packages/piper_teleop)
[2.991s] [34mcolcon.colcon_ros.task.ament_python.build[0m [1;30mINFO[0m Building ROS package in '/home/nuc/ros2_workspace/data_collection_ws/src/data_recorder_ros2' with build type 'ament_python'
[2.991s] [34mcolcon.colcon_core.shell[0m [1;30mLevel 1[0m create_environment_hook('data_recorder_ros2', 'ament_prefix_path')
[2.991s] [34mcolcon.colcon_core.shell[0m [1;30mINFO[0m Creating environment hook '/home/nuc/ros2_workspace/data_collection_ws/install/data_recorder_ros2/share/data_recorder_ros2/hook/ament_prefix_path.ps1'
[2.992s] [34mcolcon.colcon_core.shell[0m [1;30mINFO[0m Creating environment descriptor '/home/nuc/ros2_workspace/data_collection_ws/install/data_recorder_ros2/share/data_recorder_ros2/hook/ament_prefix_path.dsv'
[2.994s] [34mcolcon.colcon_core.shell[0m [1;30mINFO[0m Creating environment hook '/home/nuc/ros2_workspace/data_collection_ws/install/data_recorder_ros2/share/data_recorder_ros2/hook/ament_prefix_path.sh'
[2.995s] [34mcolcon.colcon_core.shell[0m [1;30mINFO[0m Skip shell extension 'powershell' for command environment: Not usable outside of PowerShell
[2.995s] [34mcolcon.colcon_core.shell[0m [1;30mDEBUG[0m [32mSkip shell extension 'dsv' for command environment[0m
[3.175s] [34mcolcon.colcon_core.task.python.build[0m [1;30mINFO[0m Building Python package in '/home/nuc/ros2_workspace/data_collection_ws/src/data_recorder_ros2'
[3.175s] [34mcolcon.colcon_core.shell[0m [1;30mINFO[0m Skip shell extension 'powershell' for command environment: Not usable outside of PowerShell
[3.176s] [34mcolcon.colcon_core.shell[0m [1;30mDEBUG[0m [32mSkip shell extension 'dsv' for command environment[0m
[3.181s] [34mcolcon.colcon_core.event_handler.log_command[0m [1;30mDEBUG[0m [32mInvoking command in '/home/nuc/ros2_workspace/data_collection_ws/src/tracker_bridge': PYTHONPATH=/home/nuc/ros2_workspace/data_collection_ws/build/tracker_bridge/prefix_override:/usr/lib/python3/dist-packages/colcon_core/task/python/colcon_distutils_commands:/home/nuc/ros2_workspace/data_collection_ws/install/tracker_bridge/lib/python3.10/site-packages:${PYTHONPATH} /usr/bin/python3 -W ignore:setup.py install is deprecated -W ignore:easy_install command is deprecated setup.py egg_info --egg-base ../../build/tracker_bridge build --build-base /home/nuc/ros2_workspace/data_collection_ws/build/tracker_bridge/build install --record /home/nuc/ros2_workspace/data_collection_ws/build/tracker_bridge/install.log --single-version-externally-managed install_data[0m
[3.396s] [34mcolcon.colcon_core.environment[0m [1;30mLevel 1[0m checking '/home/nuc/ros2_workspace/data_collection_ws/install/tracker_bridge' for CMake module files
[3.396s] [34mcolcon.colcon_core.environment[0m [1;30mLevel 1[0m checking '/home/nuc/ros2_workspace/data_collection_ws/install/tracker_bridge' for CMake config files
[3.397s] [34mcolcon.colcon_core.event_handler.log_command[0m [1;30mDEBUG[0m [32mInvoked command in '/home/nuc/ros2_workspace/data_collection_ws/src/tracker_bridge' returned '0': PYTHONPATH=/home/nuc/ros2_workspace/data_collection_ws/build/tracker_bridge/prefix_override:/usr/lib/python3/dist-packages/colcon_core/task/python/colcon_distutils_commands:/home/nuc/ros2_workspace/data_collection_ws/install/tracker_bridge/lib/python3.10/site-packages:${PYTHONPATH} /usr/bin/python3 -W ignore:setup.py install is deprecated -W ignore:easy_install command is deprecated setup.py egg_info --egg-base ../../build/tracker_bridge build --build-base /home/nuc/ros2_workspace/data_collection_ws/build/tracker_bridge/build install --record /home/nuc/ros2_workspace/data_collection_ws/build/tracker_bridge/install.log --single-version-externally-managed install_data[0m
[3.397s] [34mcolcon.colcon_core.environment[0m [1;30mLevel 1[0m checking '/home/nuc/ros2_workspace/data_collection_ws/install/tracker_bridge/lib'
[3.397s] [34mcolcon.colcon_core.environment[0m [1;30mLevel 1[0m checking '/home/nuc/ros2_workspace/data_collection_ws/install/tracker_bridge/bin'
[3.397s] [34mcolcon.colcon_core.environment[0m [1;30mLevel 1[0m checking '/home/nuc/ros2_workspace/data_collection_ws/install/tracker_bridge/lib/pkgconfig/tracker_bridge.pc'
[3.398s] [34mcolcon.colcon_core.environment[0m [1;30mLevel 1[0m checking '/home/nuc/ros2_workspace/data_collection_ws/install/tracker_bridge/lib/python3.10/site-packages'
[3.398s] [34mcolcon.colcon_core.shell[0m [1;30mLevel 1[0m create_environment_hook('tracker_bridge', 'pythonpath')
[3.398s] [34mcolcon.colcon_core.shell[0m [1;30mINFO[0m Creating environment hook '/home/nuc/ros2_workspace/data_collection_ws/install/tracker_bridge/share/tracker_bridge/hook/pythonpath.ps1'
[3.399s] [34mcolcon.colcon_core.shell[0m [1;30mINFO[0m Creating environment descriptor '/home/nuc/ros2_workspace/data_collection_ws/install/tracker_bridge/share/tracker_bridge/hook/pythonpath.dsv'
[3.400s] [34mcolcon.colcon_core.shell[0m [1;30mINFO[0m Creating environment hook '/home/nuc/ros2_workspace/data_collection_ws/install/tracker_bridge/share/tracker_bridge/hook/pythonpath.sh'
[3.400s] [34mcolcon.colcon_core.environment[0m [1;30mLevel 1[0m checking '/home/nuc/ros2_workspace/data_collection_ws/install/tracker_bridge/bin'
[3.400s] [34mcolcon.colcon_core.environment[0m [1;30mLevel 1[0m create_environment_scripts_only(tracker_bridge)
[3.401s] [34mcolcon.colcon_core.shell[0m [1;30mINFO[0m Creating package script '/home/nuc/ros2_workspace/data_collection_ws/install/tracker_bridge/share/tracker_bridge/package.ps1'
[3.401s] [34mcolcon.colcon_core.shell[0m [1;30mINFO[0m Creating package descriptor '/home/nuc/ros2_workspace/data_collection_ws/install/tracker_bridge/share/tracker_bridge/package.dsv'
[3.402s] [34mcolcon.colcon_core.shell[0m [1;30mINFO[0m Creating package script '/home/nuc/ros2_workspace/data_collection_ws/install/tracker_bridge/share/tracker_bridge/package.sh'
[3.402s] [34mcolcon.colcon_core.shell[0m [1;30mINFO[0m Creating package script '/home/nuc/ros2_workspace/data_collection_ws/install/tracker_bridge/share/tracker_bridge/package.bash'
[3.403s] [34mcolcon.colcon_core.shell[0m [1;30mINFO[0m Creating package script '/home/nuc/ros2_workspace/data_collection_ws/install/tracker_bridge/share/tracker_bridge/package.zsh'
[3.403s] [34mcolcon.colcon_core.environment[0m [1;30mLevel 1[0m create_file_with_runtime_dependencies(/home/nuc/ros2_workspace/data_collection_ws/install/tracker_bridge/share/colcon-core/packages/tracker_bridge)
[3.431s] [34mcolcon.colcon_core.event_handler.log_command[0m [1;30mDEBUG[0m [32mInvoking command in '/home/nuc/ros2_workspace/data_collection_ws/src/data_recorder_ros2': PYTHONPATH=/home/nuc/ros2_workspace/data_collection_ws/build/data_recorder_ros2/prefix_override:/usr/lib/python3/dist-packages/colcon_core/task/python/colcon_distutils_commands:/home/nuc/ros2_workspace/data_collection_ws/install/data_recorder_ros2/lib/python3.10/site-packages:${PYTHONPATH} /usr/bin/python3 -W ignore:setup.py install is deprecated -W ignore:easy_install command is deprecated setup.py egg_info --egg-base ../../build/data_recorder_ros2 build --build-base /home/nuc/ros2_workspace/data_collection_ws/build/data_recorder_ros2/build install --record /home/nuc/ros2_workspace/data_collection_ws/build/data_recorder_ros2/install.log --single-version-externally-managed install_data[0m
[3.634s] [34mcolcon.colcon_core.environment[0m [1;30mLevel 1[0m checking '/home/nuc/ros2_workspace/data_collection_ws/install/data_recorder_ros2' for CMake module files
[3.635s] [34mcolcon.colcon_core.environment[0m [1;30mLevel 1[0m checking '/home/nuc/ros2_workspace/data_collection_ws/install/data_recorder_ros2' for CMake config files
[3.635s] [34mcolcon.colcon_core.environment[0m [1;30mLevel 1[0m checking '/home/nuc/ros2_workspace/data_collection_ws/install/data_recorder_ros2/lib'
[3.635s] [34mcolcon.colcon_core.environment[0m [1;30mLevel 1[0m checking '/home/nuc/ros2_workspace/data_collection_ws/install/data_recorder_ros2/bin'
[3.635s] [34mcolcon.colcon_core.environment[0m [1;30mLevel 1[0m checking '/home/nuc/ros2_workspace/data_collection_ws/install/data_recorder_ros2/lib/pkgconfig/data_recorder_ros2.pc'
[3.636s] [34mcolcon.colcon_core.event_handler.log_command[0m [1;30mDEBUG[0m [32mInvoked command in '/home/nuc/ros2_workspace/data_collection_ws/src/data_recorder_ros2' returned '0': PYTHONPATH=/home/nuc/ros2_workspace/data_collection_ws/build/data_recorder_ros2/prefix_override:/usr/lib/python3/dist-packages/colcon_core/task/python/colcon_distutils_commands:/home/nuc/ros2_workspace/data_collection_ws/install/data_recorder_ros2/lib/python3.10/site-packages:${PYTHONPATH} /usr/bin/python3 -W ignore:setup.py install is deprecated -W ignore:easy_install command is deprecated setup.py egg_info --egg-base ../../build/data_recorder_ros2 build --build-base /home/nuc/ros2_workspace/data_collection_ws/build/data_recorder_ros2/build install --record /home/nuc/ros2_workspace/data_collection_ws/build/data_recorder_ros2/install.log --single-version-externally-managed install_data[0m
[3.636s] [34mcolcon.colcon_core.environment[0m [1;30mLevel 1[0m checking '/home/nuc/ros2_workspace/data_collection_ws/install/data_recorder_ros2/lib/python3.10/site-packages'
[3.636s] [34mcolcon.colcon_core.shell[0m [1;30mLevel 1[0m create_environment_hook('data_recorder_ros2', 'pythonpath')
[3.636s] [34mcolcon.colcon_core.shell[0m [1;30mINFO[0m Creating environment hook '/home/nuc/ros2_workspace/data_collection_ws/install/data_recorder_ros2/share/data_recorder_ros2/hook/pythonpath.ps1'
[3.637s] [34mcolcon.colcon_core.shell[0m [1;30mINFO[0m Creating environment descriptor '/home/nuc/ros2_workspace/data_collection_ws/install/data_recorder_ros2/share/data_recorder_ros2/hook/pythonpath.dsv'
[3.638s] [34mcolcon.colcon_core.shell[0m [1;30mINFO[0m Creating environment hook '/home/nuc/ros2_workspace/data_collection_ws/install/data_recorder_ros2/share/data_recorder_ros2/hook/pythonpath.sh'
[3.639s] [34mcolcon.colcon_core.environment[0m [1;30mLevel 1[0m checking '/home/nuc/ros2_workspace/data_collection_ws/install/data_recorder_ros2/bin'
[3.639s] [34mcolcon.colcon_core.environment[0m [1;30mLevel 1[0m create_environment_scripts_only(data_recorder_ros2)
[3.639s] [34mcolcon.colcon_core.shell[0m [1;30mINFO[0m Creating package script '/home/nuc/ros2_workspace/data_collection_ws/install/data_recorder_ros2/share/data_recorder_ros2/package.ps1'
[3.640s] [34mcolcon.colcon_core.shell[0m [1;30mINFO[0m Creating package descriptor '/home/nuc/ros2_workspace/data_collection_ws/install/data_recorder_ros2/share/data_recorder_ros2/package.dsv'
[3.640s] [34mcolcon.colcon_core.shell[0m [1;30mINFO[0m Creating package script '/home/nuc/ros2_workspace/data_collection_ws/install/data_recorder_ros2/share/data_recorder_ros2/package.sh'
[3.641s] [34mcolcon.colcon_core.shell[0m [1;30mINFO[0m Creating package script '/home/nuc/ros2_workspace/data_collection_ws/install/data_recorder_ros2/share/data_recorder_ros2/package.bash'
[3.641s] [34mcolcon.colcon_core.shell[0m [1;30mINFO[0m Creating package script '/home/nuc/ros2_workspace/data_collection_ws/install/data_recorder_ros2/share/data_recorder_ros2/package.zsh'
[3.642s] [34mcolcon.colcon_core.environment[0m [1;30mLevel 1[0m create_file_with_runtime_dependencies(/home/nuc/ros2_workspace/data_collection_ws/install/data_recorder_ros2/share/colcon-core/packages/data_recorder_ros2)
[3.643s] [34mcolcon.colcon_parallel_executor.executor.parallel[0m [1;30mDEBUG[0m [32mclosing loop[0m
[3.643s] [34mcolcon.colcon_parallel_executor.executor.parallel[0m [1;30mDEBUG[0m [32mloop closed[0m
[3.643s] [34mcolcon.colcon_parallel_executor.executor.parallel[0m [1;30mDEBUG[0m [32mrun_until_complete finished with '0'[0m
[3.643s] [34mcolcon.colcon_core.event_reactor[0m [1;30mDEBUG[0m [32mjoining thread[0m
[3.659s] [34mcolcon.colcon_core.plugin_system[0m [1;30mINFO[0m Skipping extension 'colcon_notification.desktop_notification.terminal_notifier': Not used on non-Darwin systems
[3.659s] [34mcolcon.colcon_core.plugin_system[0m [1;30mINFO[0m Skipping extension 'colcon_notification.desktop_notification.win32': Not used on non-Windows systems
[3.659s] [34mcolcon.colcon_notification.desktop_notification[0m [1;30mINFO[0m Sending desktop notification using 'notify2'
[3.785s] [34mcolcon.colcon_core.event_reactor[0m [1;30mDEBUG[0m [32mjoined thread[0m
[3.787s] [34mcolcon.colcon_core.shell[0m [1;30mINFO[0m Creating prefix script '/home/nuc/ros2_workspace/data_collection_ws/install/local_setup.ps1'
[3.790s] [34mcolcon.colcon_core.shell[0m [1;30mINFO[0m Creating prefix util module '/home/nuc/ros2_workspace/data_collection_ws/install/_local_setup_util_ps1.py'
[3.794s] [34mcolcon.colcon_core.shell[0m [1;30mINFO[0m Creating prefix chain script '/home/nuc/ros2_workspace/data_collection_ws/install/setup.ps1'
[3.798s] [34mcolcon.colcon_core.shell[0m [1;30mINFO[0m Creating prefix script '/home/nuc/ros2_workspace/data_collection_ws/install/local_setup.sh'
[3.800s] [34mcolcon.colcon_core.shell[0m [1;30mINFO[0m Creating prefix util module '/home/nuc/ros2_workspace/data_collection_ws/install/_local_setup_util_sh.py'
[3.801s] [34mcolcon.colcon_core.shell[0m [1;30mINFO[0m Creating prefix chain script '/home/nuc/ros2_workspace/data_collection_ws/install/setup.sh'
[3.805s] [34mcolcon.colcon_core.shell[0m [1;30mINFO[0m Creating prefix script '/home/nuc/ros2_workspace/data_collection_ws/install/local_setup.bash'
[3.806s] [34mcolcon.colcon_core.shell[0m [1;30mINFO[0m Creating prefix chain script '/home/nuc/ros2_workspace/data_collection_ws/install/setup.bash'
[3.810s] [34mcolcon.colcon_core.shell[0m [1;30mINFO[0m Creating prefix script '/home/nuc/ros2_workspace/data_collection_ws/install/local_setup.zsh'
[3.812s] [34mcolcon.colcon_core.shell[0m [1;30mINFO[0m Creating prefix chain script '/home/nuc/ros2_workspace/data_collection_ws/install/setup.zsh'
