[0.399s] Invoking command in '/home/nuc/ros2_workspace/data_collection_ws/src/open_cyber_glove_ros2': PYTHONPATH=/home/nuc/ros2_workspace/data_collection_ws/build/open_cyber_glove_ros2/prefix_override:/usr/lib/python3/dist-packages/colcon_core/task/python/colcon_distutils_commands:/home/nuc/ros2_workspace/data_collection_ws/install/open_cyber_glove_ros2/lib/python3.10/site-packages:${PYTHONPATH} /usr/bin/python3 -W ignore:setup.py install is deprecated -W ignore:easy_install command is deprecated setup.py egg_info --egg-base ../../build/open_cyber_glove_ros2 build --build-base /home/nuc/ros2_workspace/data_collection_ws/build/open_cyber_glove_ros2/build install --record /home/nuc/ros2_workspace/data_collection_ws/build/open_cyber_glove_ros2/install.log --single-version-externally-managed install_data
[0.554s] running egg_info
[0.554s] writing ../../build/open_cyber_glove_ros2/open_cyber_glove_ros2.egg-info/PKG-INFO
[0.556s] writing dependency_links to ../../build/open_cyber_glove_ros2/open_cyber_glove_ros2.egg-info/dependency_links.txt
[0.556s] writing entry points to ../../build/open_cyber_glove_ros2/open_cyber_glove_ros2.egg-info/entry_points.txt
[0.556s] writing requirements to ../../build/open_cyber_glove_ros2/open_cyber_glove_ros2.egg-info/requires.txt
[0.558s] writing top-level names to ../../build/open_cyber_glove_ros2/open_cyber_glove_ros2.egg-info/top_level.txt
[0.558s] reading manifest file '../../build/open_cyber_glove_ros2/open_cyber_glove_ros2.egg-info/SOURCES.txt'
[0.559s] writing manifest file '../../build/open_cyber_glove_ros2/open_cyber_glove_ros2.egg-info/SOURCES.txt'
[0.559s] running build
[0.559s] running build_py
[0.561s] running install
[0.562s] running install_lib
[0.563s] running install_data
[0.564s] running install_egg_info
[0.566s] removing '/home/nuc/ros2_workspace/data_collection_ws/install/open_cyber_glove_ros2/lib/python3.10/site-packages/open_cyber_glove_ros2-0.1.0-py3.10.egg-info' (and everything under it)
[0.569s] Copying ../../build/open_cyber_glove_ros2/open_cyber_glove_ros2.egg-info to /home/nuc/ros2_workspace/data_collection_ws/install/open_cyber_glove_ros2/lib/python3.10/site-packages/open_cyber_glove_ros2-0.1.0-py3.10.egg-info
[0.573s] running install_scripts
[0.585s] Installing data_node script to /home/nuc/ros2_workspace/data_collection_ws/install/open_cyber_glove_ros2/lib/open_cyber_glove_ros2
[0.586s] Installing glove_joint_state_dual_publisher script to /home/nuc/ros2_workspace/data_collection_ws/install/open_cyber_glove_ros2/lib/open_cyber_glove_ros2
[0.587s] Installing glove_to_2fingle_gripper script to /home/nuc/ros2_workspace/data_collection_ws/install/open_cyber_glove_ros2/lib/open_cyber_glove_ros2
[0.587s] Installing visualizer_node script to /home/nuc/ros2_workspace/data_collection_ws/install/open_cyber_glove_ros2/lib/open_cyber_glove_ros2
[0.588s] writing list of installed files to '/home/nuc/ros2_workspace/data_collection_ws/build/open_cyber_glove_ros2/install.log'
[0.603s] Invoked command in '/home/nuc/ros2_workspace/data_collection_ws/src/open_cyber_glove_ros2' returned '0': PYTHONPATH=/home/nuc/ros2_workspace/data_collection_ws/build/open_cyber_glove_ros2/prefix_override:/usr/lib/python3/dist-packages/colcon_core/task/python/colcon_distutils_commands:/home/nuc/ros2_workspace/data_collection_ws/install/open_cyber_glove_ros2/lib/python3.10/site-packages:${PYTHONPATH} /usr/bin/python3 -W ignore:setup.py install is deprecated -W ignore:easy_install command is deprecated setup.py egg_info --egg-base ../../build/open_cyber_glove_ros2 build --build-base /home/nuc/ros2_workspace/data_collection_ws/build/open_cyber_glove_ros2/build install --record /home/nuc/ros2_workspace/data_collection_ws/build/open_cyber_glove_ros2/install.log --single-version-externally-managed install_data
