running egg_info
writing ../../build/piper_teleop/piper_teleop.egg-info/PKG-INFO
writing dependency_links to ../../build/piper_teleop/piper_teleop.egg-info/dependency_links.txt
writing entry points to ../../build/piper_teleop/piper_teleop.egg-info/entry_points.txt
writing requirements to ../../build/piper_teleop/piper_teleop.egg-info/requires.txt
writing top-level names to ../../build/piper_teleop/piper_teleop.egg-info/top_level.txt
reading manifest file '../../build/piper_teleop/piper_teleop.egg-info/SOURCES.txt'
writing manifest file '../../build/piper_teleop/piper_teleop.egg-info/SOURCES.txt'
running build
running build_py
running install
running install_lib
running install_data
running install_egg_info
removing '/home/nuc/ros2_workspace/data_collection_ws/install/piper_teleop/lib/python3.10/site-packages/piper_teleop-0.0.0-py3.10.egg-info' (and everything under it)
Copying ../../build/piper_teleop/piper_teleop.egg-info to /home/nuc/ros2_workspace/data_collection_ws/install/piper_teleop/lib/python3.10/site-packages/piper_teleop-0.0.0-py3.10.egg-info
running install_scripts
Installing teleop_absolute_wrist script to /home/nuc/ros2_workspace/data_collection_ws/install/piper_teleop/lib/piper_teleop
Installing teleop_node script to /home/nuc/ros2_workspace/data_collection_ws/install/piper_teleop/lib/piper_teleop
writing list of installed files to '/home/nuc/ros2_workspace/data_collection_ws/build/piper_teleop/install.log'
