running develop
Removing /home/bryce/ros2_workspace/data_collection_ws/install/open_cyber_glove_ros2/lib/python3.10/site-packages/open-cyber-glove-ros2.egg-link (link to .)
running egg_info
writing ../../build/open_cyber_glove_ros2/open_cyber_glove_ros2.egg-info/PKG-INFO
writing dependency_links to ../../build/open_cyber_glove_ros2/open_cyber_glove_ros2.egg-info/dependency_links.txt
writing entry points to ../../build/open_cyber_glove_ros2/open_cyber_glove_ros2.egg-info/entry_points.txt
writing requirements to ../../build/open_cyber_glove_ros2/open_cyber_glove_ros2.egg-info/requires.txt
writing top-level names to ../../build/open_cyber_glove_ros2/open_cyber_glove_ros2.egg-info/top_level.txt
reading manifest file '../../build/open_cyber_glove_ros2/open_cyber_glove_ros2.egg-info/SOURCES.txt'
writing manifest file '../../build/open_cyber_glove_ros2/open_cyber_glove_ros2.egg-info/SOURCES.txt'
running build
running build_py
copying open_cyber_glove_ros2/glove_joint_state_dual_publisher.py -> /home/bryce/ros2_workspace/data_collection_ws/build/open_cyber_glove_ros2/build/lib/open_cyber_glove_ros2
running install
running install_lib
creating /home/bryce/ros2_workspace/data_collection_ws/install/open_cyber_glove_ros2/lib/python3.10/site-packages/open_cyber_glove_ros2
copying /home/bryce/ros2_workspace/data_collection_ws/build/open_cyber_glove_ros2/build/lib/open_cyber_glove_ros2/glove_joint_state_dual_publisher.py -> /home/bryce/ros2_workspace/data_collection_ws/install/open_cyber_glove_ros2/lib/python3.10/site-packages/open_cyber_glove_ros2
copying /home/bryce/ros2_workspace/data_collection_ws/build/open_cyber_glove_ros2/build/lib/open_cyber_glove_ros2/visualizer_node.py -> /home/bryce/ros2_workspace/data_collection_ws/install/open_cyber_glove_ros2/lib/python3.10/site-packages/open_cyber_glove_ros2
copying /home/bryce/ros2_workspace/data_collection_ws/build/open_cyber_glove_ros2/build/lib/open_cyber_glove_ros2/glove_to_2fingle_gripper.py -> /home/bryce/ros2_workspace/data_collection_ws/install/open_cyber_glove_ros2/lib/python3.10/site-packages/open_cyber_glove_ros2
copying /home/bryce/ros2_workspace/data_collection_ws/build/open_cyber_glove_ros2/build/lib/open_cyber_glove_ros2/data_node.py -> /home/bryce/ros2_workspace/data_collection_ws/install/open_cyber_glove_ros2/lib/python3.10/site-packages/open_cyber_glove_ros2
copying /home/bryce/ros2_workspace/data_collection_ws/build/open_cyber_glove_ros2/build/lib/open_cyber_glove_ros2/__init__.py -> /home/bryce/ros2_workspace/data_collection_ws/install/open_cyber_glove_ros2/lib/python3.10/site-packages/open_cyber_glove_ros2
byte-compiling /home/bryce/ros2_workspace/data_collection_ws/install/open_cyber_glove_ros2/lib/python3.10/site-packages/open_cyber_glove_ros2/glove_joint_state_dual_publisher.py to glove_joint_state_dual_publisher.cpython-310.pyc
byte-compiling /home/bryce/ros2_workspace/data_collection_ws/install/open_cyber_glove_ros2/lib/python3.10/site-packages/open_cyber_glove_ros2/visualizer_node.py to visualizer_node.cpython-310.pyc
byte-compiling /home/bryce/ros2_workspace/data_collection_ws/install/open_cyber_glove_ros2/lib/python3.10/site-packages/open_cyber_glove_ros2/glove_to_2fingle_gripper.py to glove_to_2fingle_gripper.cpython-310.pyc
byte-compiling /home/bryce/ros2_workspace/data_collection_ws/install/open_cyber_glove_ros2/lib/python3.10/site-packages/open_cyber_glove_ros2/data_node.py to data_node.cpython-310.pyc
byte-compiling /home/bryce/ros2_workspace/data_collection_ws/install/open_cyber_glove_ros2/lib/python3.10/site-packages/open_cyber_glove_ros2/__init__.py to __init__.cpython-310.pyc
running install_data
copying resource/open_cyber_glove_ros2 -> /home/bryce/ros2_workspace/data_collection_ws/install/open_cyber_glove_ros2/share/ament_index/resource_index/packages
copying package.xml -> /home/bryce/ros2_workspace/data_collection_ws/install/open_cyber_glove_ros2/share/open_cyber_glove_ros2
copying launch/glove_joint_state_heartbeat_publisher.launch.py -> /home/bryce/ros2_workspace/data_collection_ws/install/open_cyber_glove_ros2/share/open_cyber_glove_ros2/launch
copying msg/GloveDataMsg.msg -> /home/bryce/ros2_workspace/data_collection_ws/install/open_cyber_glove_ros2/share/open_cyber_glove_ros2/msg
running install_egg_info
Copying ../../build/open_cyber_glove_ros2/open_cyber_glove_ros2.egg-info to /home/bryce/ros2_workspace/data_collection_ws/install/open_cyber_glove_ros2/lib/python3.10/site-packages/open_cyber_glove_ros2-0.1.0-py3.10.egg-info
running install_scripts
Installing data_node script to /home/bryce/ros2_workspace/data_collection_ws/install/open_cyber_glove_ros2/lib/open_cyber_glove_ros2
Installing glove_joint_state_dual_publisher script to /home/bryce/ros2_workspace/data_collection_ws/install/open_cyber_glove_ros2/lib/open_cyber_glove_ros2
Installing glove_to_2fingle_gripper script to /home/bryce/ros2_workspace/data_collection_ws/install/open_cyber_glove_ros2/lib/open_cyber_glove_ros2
Installing visualizer_node script to /home/bryce/ros2_workspace/data_collection_ws/install/open_cyber_glove_ros2/lib/open_cyber_glove_ros2
writing list of installed files to '/home/bryce/ros2_workspace/data_collection_ws/build/open_cyber_glove_ros2/install.log'
