[0.817s] Invoking command in '/home/bryce/ros2_workspace/data_collection_ws/build/open_cyber_glove_ros2': PYTHONPATH=/home/bryce/ros2_workspace/data_collection_ws/build/open_cyber_glove_ros2/prefix_override:/usr/lib/python3/dist-packages/colcon_core/task/python/colcon_distutils_commands:/home/bryce/ros2_workspace/data_collection_ws/install/open_cyber_glove_ros2/lib/python3.10/site-packages:${PYTHONPATH} /usr/bin/python3 -W ignore:setup.py install is deprecated -W ignore:easy_install command is deprecated setup.py develop --uninstall --editable --build-directory /home/bryce/ros2_workspace/data_collection_ws/build/open_cyber_glove_ros2/build
[1.043s] running develop
[1.204s] Removing /home/bryce/ros2_workspace/data_collection_ws/install/open_cyber_glove_ros2/lib/python3.10/site-packages/open-cyber-glove-ros2.egg-link (link to .)
[1.225s] Invoked command in '/home/bryce/ros2_workspace/data_collection_ws/build/open_cyber_glove_ros2' returned '0': PYTHONPATH=/home/bryce/ros2_workspace/data_collection_ws/build/open_cyber_glove_ros2/prefix_override:/usr/lib/python3/dist-packages/colcon_core/task/python/colcon_distutils_commands:/home/bryce/ros2_workspace/data_collection_ws/install/open_cyber_glove_ros2/lib/python3.10/site-packages:${PYTHONPATH} /usr/bin/python3 -W ignore:setup.py install is deprecated -W ignore:easy_install command is deprecated setup.py develop --uninstall --editable --build-directory /home/bryce/ros2_workspace/data_collection_ws/build/open_cyber_glove_ros2/build
[1.226s] Invoking command in '/home/bryce/ros2_workspace/data_collection_ws/src/open_cyber_glove_ros2': PYTHONPATH=/home/bryce/ros2_workspace/data_collection_ws/build/open_cyber_glove_ros2/prefix_override:/usr/lib/python3/dist-packages/colcon_core/task/python/colcon_distutils_commands:/home/bryce/ros2_workspace/data_collection_ws/install/open_cyber_glove_ros2/lib/python3.10/site-packages:${PYTHONPATH} /usr/bin/python3 -W ignore:setup.py install is deprecated -W ignore:easy_install command is deprecated setup.py egg_info --egg-base ../../build/open_cyber_glove_ros2 build --build-base /home/bryce/ros2_workspace/data_collection_ws/build/open_cyber_glove_ros2/build install --record /home/bryce/ros2_workspace/data_collection_ws/build/open_cyber_glove_ros2/install.log --single-version-externally-managed install_data --force
[1.432s] running egg_info
[1.432s] writing ../../build/open_cyber_glove_ros2/open_cyber_glove_ros2.egg-info/PKG-INFO
[1.432s] writing dependency_links to ../../build/open_cyber_glove_ros2/open_cyber_glove_ros2.egg-info/dependency_links.txt
[1.432s] writing entry points to ../../build/open_cyber_glove_ros2/open_cyber_glove_ros2.egg-info/entry_points.txt
[1.433s] writing requirements to ../../build/open_cyber_glove_ros2/open_cyber_glove_ros2.egg-info/requires.txt
[1.433s] writing top-level names to ../../build/open_cyber_glove_ros2/open_cyber_glove_ros2.egg-info/top_level.txt
[1.435s] reading manifest file '../../build/open_cyber_glove_ros2/open_cyber_glove_ros2.egg-info/SOURCES.txt'
[1.435s] writing manifest file '../../build/open_cyber_glove_ros2/open_cyber_glove_ros2.egg-info/SOURCES.txt'
[1.435s] running build
[1.435s] running build_py
[1.435s] copying open_cyber_glove_ros2/glove_joint_state_dual_publisher.py -> /home/bryce/ros2_workspace/data_collection_ws/build/open_cyber_glove_ros2/build/lib/open_cyber_glove_ros2
[1.435s] running install
[1.436s] running install_lib
[1.436s] creating /home/bryce/ros2_workspace/data_collection_ws/install/open_cyber_glove_ros2/lib/python3.10/site-packages/open_cyber_glove_ros2
[1.436s] copying /home/bryce/ros2_workspace/data_collection_ws/build/open_cyber_glove_ros2/build/lib/open_cyber_glove_ros2/glove_joint_state_dual_publisher.py -> /home/bryce/ros2_workspace/data_collection_ws/install/open_cyber_glove_ros2/lib/python3.10/site-packages/open_cyber_glove_ros2
[1.436s] copying /home/bryce/ros2_workspace/data_collection_ws/build/open_cyber_glove_ros2/build/lib/open_cyber_glove_ros2/visualizer_node.py -> /home/bryce/ros2_workspace/data_collection_ws/install/open_cyber_glove_ros2/lib/python3.10/site-packages/open_cyber_glove_ros2
[1.436s] copying /home/bryce/ros2_workspace/data_collection_ws/build/open_cyber_glove_ros2/build/lib/open_cyber_glove_ros2/glove_to_2fingle_gripper.py -> /home/bryce/ros2_workspace/data_collection_ws/install/open_cyber_glove_ros2/lib/python3.10/site-packages/open_cyber_glove_ros2
[1.436s] copying /home/bryce/ros2_workspace/data_collection_ws/build/open_cyber_glove_ros2/build/lib/open_cyber_glove_ros2/data_node.py -> /home/bryce/ros2_workspace/data_collection_ws/install/open_cyber_glove_ros2/lib/python3.10/site-packages/open_cyber_glove_ros2
[1.437s] copying /home/bryce/ros2_workspace/data_collection_ws/build/open_cyber_glove_ros2/build/lib/open_cyber_glove_ros2/__init__.py -> /home/bryce/ros2_workspace/data_collection_ws/install/open_cyber_glove_ros2/lib/python3.10/site-packages/open_cyber_glove_ros2
[1.437s] byte-compiling /home/bryce/ros2_workspace/data_collection_ws/install/open_cyber_glove_ros2/lib/python3.10/site-packages/open_cyber_glove_ros2/glove_joint_state_dual_publisher.py to glove_joint_state_dual_publisher.cpython-310.pyc
[1.438s] byte-compiling /home/bryce/ros2_workspace/data_collection_ws/install/open_cyber_glove_ros2/lib/python3.10/site-packages/open_cyber_glove_ros2/visualizer_node.py to visualizer_node.cpython-310.pyc
[1.438s] byte-compiling /home/bryce/ros2_workspace/data_collection_ws/install/open_cyber_glove_ros2/lib/python3.10/site-packages/open_cyber_glove_ros2/glove_to_2fingle_gripper.py to glove_to_2fingle_gripper.cpython-310.pyc
[1.439s] byte-compiling /home/bryce/ros2_workspace/data_collection_ws/install/open_cyber_glove_ros2/lib/python3.10/site-packages/open_cyber_glove_ros2/data_node.py to data_node.cpython-310.pyc
[1.440s] byte-compiling /home/bryce/ros2_workspace/data_collection_ws/install/open_cyber_glove_ros2/lib/python3.10/site-packages/open_cyber_glove_ros2/__init__.py to __init__.cpython-310.pyc
[1.440s] running install_data
[1.440s] copying resource/open_cyber_glove_ros2 -> /home/bryce/ros2_workspace/data_collection_ws/install/open_cyber_glove_ros2/share/ament_index/resource_index/packages
[1.440s] copying package.xml -> /home/bryce/ros2_workspace/data_collection_ws/install/open_cyber_glove_ros2/share/open_cyber_glove_ros2
[1.440s] copying launch/glove_joint_state_heartbeat_publisher.launch.py -> /home/bryce/ros2_workspace/data_collection_ws/install/open_cyber_glove_ros2/share/open_cyber_glove_ros2/launch
[1.440s] copying msg/GloveDataMsg.msg -> /home/bryce/ros2_workspace/data_collection_ws/install/open_cyber_glove_ros2/share/open_cyber_glove_ros2/msg
[1.440s] running install_egg_info
[1.441s] Copying ../../build/open_cyber_glove_ros2/open_cyber_glove_ros2.egg-info to /home/bryce/ros2_workspace/data_collection_ws/install/open_cyber_glove_ros2/lib/python3.10/site-packages/open_cyber_glove_ros2-0.1.0-py3.10.egg-info
[1.442s] running install_scripts
[1.455s] Installing data_node script to /home/bryce/ros2_workspace/data_collection_ws/install/open_cyber_glove_ros2/lib/open_cyber_glove_ros2
[1.455s] Installing glove_joint_state_dual_publisher script to /home/bryce/ros2_workspace/data_collection_ws/install/open_cyber_glove_ros2/lib/open_cyber_glove_ros2
[1.455s] Installing glove_to_2fingle_gripper script to /home/bryce/ros2_workspace/data_collection_ws/install/open_cyber_glove_ros2/lib/open_cyber_glove_ros2
[1.455s] Installing visualizer_node script to /home/bryce/ros2_workspace/data_collection_ws/install/open_cyber_glove_ros2/lib/open_cyber_glove_ros2
[1.455s] writing list of installed files to '/home/bryce/ros2_workspace/data_collection_ws/build/open_cyber_glove_ros2/install.log'
[1.471s] Invoked command in '/home/bryce/ros2_workspace/data_collection_ws/src/open_cyber_glove_ros2' returned '0': PYTHONPATH=/home/bryce/ros2_workspace/data_collection_ws/build/open_cyber_glove_ros2/prefix_override:/usr/lib/python3/dist-packages/colcon_core/task/python/colcon_distutils_commands:/home/bryce/ros2_workspace/data_collection_ws/install/open_cyber_glove_ros2/lib/python3.10/site-packages:${PYTHONPATH} /usr/bin/python3 -W ignore:setup.py install is deprecated -W ignore:easy_install command is deprecated setup.py egg_info --egg-base ../../build/open_cyber_glove_ros2 build --build-base /home/bryce/ros2_workspace/data_collection_ws/build/open_cyber_glove_ros2/build install --record /home/bryce/ros2_workspace/data_collection_ws/build/open_cyber_glove_ros2/install.log --single-version-externally-managed install_data --force
