[0.010s] Invoking command in '/home/nuc/ros2_workspace/data_collection_ws/build/data_recorder_interfaces': CMAKE_PREFIX_PATH=${CMAKE_PREFIX_PATH}:/home/nuc/ros2_workspace/data_collection_ws/install/tracker_bridge:/home/nuc/ros2_workspace/data_collection_ws/install/piper_teleop:/home/nuc/ros2_workspace/data_collection_ws/install/open_cyber_glove_ros2:/home/nuc/ros2_workspace/data_collection_ws/install/data_recorder_ros2:/home/nuc/ros2_workspace/data_collection_ws/install/camera_bridge:/home/nuc/ros2_workspace/angus_dexhand_system/install/setting_info:/home/nuc/ros2_workspace/angus_dexhand_system/install/matrix_touch_gui:/home/nuc/ros2_workspace/angus_dexhand_system/install/gui_control:/home/nuc/ros2_workspace/angus_dexhand_system/install/graphic_display:/home/nuc/ros2_workspace/angus_dexhand_system/install/linker_hand_ros2_sdk:/home/nuc/ros2_workspace/angus_dexhand_system/install/linker_hand_mujoco_ros2:/home/nuc/ros2_workspace/angus_dexhand_system/install/glove_to_hand_control:/home/nuc/ros2_workspace/angus_dexhand_system/install/camera_to_hand_control:/home/nuc/ros2_workspace/piper_ros/install/piper:/opt/ros/humble /usr/bin/cmake /home/nuc/ros2_workspace/data_collection_ws/src/data_recorder_interfaces -DCMAKE_INSTALL_PREFIX=/home/nuc/ros2_workspace/data_collection_ws/install/data_recorder_interfaces
[0.071s] -- The C compiler identification is GNU 11.4.0
[0.128s] -- The CXX compiler identification is GNU 11.4.0
[0.138s] -- Detecting C compiler ABI info
[0.211s] -- Detecting C compiler ABI info - done
[0.216s] -- Check for working C compiler: /usr/bin/cc - skipped
[0.216s] -- Detecting C compile features
[0.216s] -- Detecting C compile features - done
[0.218s] -- Detecting CXX compiler ABI info
[0.308s] -- Detecting CXX compiler ABI info - done
[0.312s] -- Check for working CXX compiler: /usr/bin/c++ - skipped
[0.312s] -- Detecting CXX compile features
[0.313s] -- Detecting CXX compile features - done
[0.317s] -- Found ament_cmake: 1.3.13 (/opt/ros/humble/share/ament_cmake/cmake)
[0.467s] -- Found Python3: /usr/bin/python3 (found version "3.10.12") found components: Interpreter 
[0.557s] -- Found std_msgs: 4.9.1 (/opt/ros/humble/share/std_msgs/cmake)
[0.595s] -- Found rosidl_generator_c: 3.1.8 (/opt/ros/humble/share/rosidl_generator_c/cmake)
[0.601s] -- Found rosidl_adapter: 3.1.8 (/opt/ros/humble/share/rosidl_adapter/cmake)
[0.609s] -- Found rosidl_generator_cpp: 3.1.8 (/opt/ros/humble/share/rosidl_generator_cpp/cmake)
[0.621s] -- Using all available rosidl_typesupport_c: rosidl_typesupport_fastrtps_c;rosidl_typesupport_introspection_c
[0.641s] -- Using all available rosidl_typesupport_cpp: rosidl_typesupport_fastrtps_cpp;rosidl_typesupport_introspection_cpp
[0.665s] -- Found rosidl_default_generators: 1.2.0 (/opt/ros/humble/share/rosidl_default_generators/cmake)
[0.908s] -- Found ament_cmake_ros: 0.10.0 (/opt/ros/humble/share/ament_cmake_ros/cmake)
[1.277s] -- Using all available rosidl_typesupport_c: rosidl_typesupport_fastrtps_c;rosidl_typesupport_introspection_c
[1.437s] -- Using all available rosidl_typesupport_cpp: rosidl_typesupport_fastrtps_cpp;rosidl_typesupport_introspection_cpp
[1.457s] -- Found PythonInterp: /usr/bin/python3 (found suitable version "3.10.12", minimum required is "3.6") 
[1.459s] -- Found python_cmake_module: 0.10.0 (/opt/ros/humble/share/python_cmake_module/cmake)
[1.495s] -- Found PythonLibs: /usr/lib/x86_64-linux-gnu/libpython3.10.so (found suitable version "3.10.12", minimum required is "3.5") 
[1.496s] -- Using PYTHON_EXECUTABLE: /usr/bin/python3
[1.496s] -- Using PYTHON_INCLUDE_DIRS: /usr/include/python3.10
[1.496s] -- Using PYTHON_LIBRARIES: /usr/lib/x86_64-linux-gnu/libpython3.10.so
[1.508s] -- Found PythonExtra: .so  
[1.558s] -- Found ament_lint_auto: 0.12.15 (/opt/ros/humble/share/ament_lint_auto/cmake)
[1.581s] -- Added test 'lint_cmake' to check CMake code style
[1.581s] -- Added test 'xmllint' to check XML markup files
[1.581s] -- Configuring done
[1.600s] -- Generating done
[1.606s] -- Build files have been written to: /home/nuc/ros2_workspace/data_collection_ws/build/data_recorder_interfaces
[1.613s] Invoked command in '/home/nuc/ros2_workspace/data_collection_ws/build/data_recorder_interfaces' returned '0': CMAKE_PREFIX_PATH=${CMAKE_PREFIX_PATH}:/home/nuc/ros2_workspace/data_collection_ws/install/tracker_bridge:/home/nuc/ros2_workspace/data_collection_ws/install/piper_teleop:/home/nuc/ros2_workspace/data_collection_ws/install/open_cyber_glove_ros2:/home/nuc/ros2_workspace/data_collection_ws/install/data_recorder_ros2:/home/nuc/ros2_workspace/data_collection_ws/install/camera_bridge:/home/nuc/ros2_workspace/angus_dexhand_system/install/setting_info:/home/nuc/ros2_workspace/angus_dexhand_system/install/matrix_touch_gui:/home/nuc/ros2_workspace/angus_dexhand_system/install/gui_control:/home/nuc/ros2_workspace/angus_dexhand_system/install/graphic_display:/home/nuc/ros2_workspace/angus_dexhand_system/install/linker_hand_ros2_sdk:/home/nuc/ros2_workspace/angus_dexhand_system/install/linker_hand_mujoco_ros2:/home/nuc/ros2_workspace/angus_dexhand_system/install/glove_to_hand_control:/home/nuc/ros2_workspace/angus_dexhand_system/install/camera_to_hand_control:/home/nuc/ros2_workspace/piper_ros/install/piper:/opt/ros/humble /usr/bin/cmake /home/nuc/ros2_workspace/data_collection_ws/src/data_recorder_interfaces -DCMAKE_INSTALL_PREFIX=/home/nuc/ros2_workspace/data_collection_ws/install/data_recorder_interfaces
[1.615s] Invoking command in '/home/nuc/ros2_workspace/data_collection_ws/build/data_recorder_interfaces': CMAKE_PREFIX_PATH=${CMAKE_PREFIX_PATH}:/home/nuc/ros2_workspace/data_collection_ws/install/tracker_bridge:/home/nuc/ros2_workspace/data_collection_ws/install/piper_teleop:/home/nuc/ros2_workspace/data_collection_ws/install/open_cyber_glove_ros2:/home/nuc/ros2_workspace/data_collection_ws/install/data_recorder_ros2:/home/nuc/ros2_workspace/data_collection_ws/install/camera_bridge:/home/nuc/ros2_workspace/angus_dexhand_system/install/setting_info:/home/nuc/ros2_workspace/angus_dexhand_system/install/matrix_touch_gui:/home/nuc/ros2_workspace/angus_dexhand_system/install/gui_control:/home/nuc/ros2_workspace/angus_dexhand_system/install/graphic_display:/home/nuc/ros2_workspace/angus_dexhand_system/install/linker_hand_ros2_sdk:/home/nuc/ros2_workspace/angus_dexhand_system/install/linker_hand_mujoco_ros2:/home/nuc/ros2_workspace/angus_dexhand_system/install/glove_to_hand_control:/home/nuc/ros2_workspace/angus_dexhand_system/install/camera_to_hand_control:/home/nuc/ros2_workspace/piper_ros/install/piper:/opt/ros/humble /usr/bin/cmake --build /home/nuc/ros2_workspace/data_collection_ws/build/data_recorder_interfaces -- -j2 -l2
[1.660s] [  2%] [34m[1mGenerating C code for ROS interfaces[0m
[1.734s] [  5%] [34m[1mGenerating C++ code for ROS interfaces[0m
[2.051s] [  7%] [32mBuilding C object CMakeFiles/data_recorder_interfaces__rosidl_generator_c.dir/rosidl_generator_c/data_recorder_interfaces/msg/detail/float32_stamped__functions.c.o[0m
[2.115s] [ 10%] [32mBuilding C object CMakeFiles/data_recorder_interfaces__rosidl_generator_c.dir/rosidl_generator_c/data_recorder_interfaces/srv/detail/start_recording__functions.c.o[0m
[2.167s] [ 10%] Built target data_recorder_interfaces__cpp
[2.186s] [ 12%] [32m[1mLinking C shared library libdata_recorder_interfaces__rosidl_generator_c.so[0m
[2.196s] [ 12%] Built target ament_cmake_python_copy_data_recorder_interfaces
[2.203s] [ 15%] [34m[1mGenerating C++ type support dispatch for ROS interfaces[0m
[2.226s] [ 15%] Built target data_recorder_interfaces__rosidl_generator_c
[2.241s] [ 17%] [34m[1mGenerating C++ type support for eProsima Fast-RTPS[0m
[2.368s] [ 20%] [32mBuilding CXX object CMakeFiles/data_recorder_interfaces__rosidl_typesupport_cpp.dir/rosidl_typesupport_cpp/data_recorder_interfaces/msg/float32_stamped__type_support.cpp.o[0m
[2.510s] [ 23%] [32mBuilding CXX object CMakeFiles/data_recorder_interfaces__rosidl_typesupport_fastrtps_cpp.dir/rosidl_typesupport_fastrtps_cpp/data_recorder_interfaces/msg/detail/dds_fastrtps/float32_stamped__type_support.cpp.o[0m
[2.545s] [ 25%] [32mBuilding CXX object CMakeFiles/data_recorder_interfaces__rosidl_typesupport_cpp.dir/rosidl_typesupport_cpp/data_recorder_interfaces/srv/start_recording__type_support.cpp.o[0m
[2.705s] [ 28%] [32m[1mLinking CXX shared library libdata_recorder_interfaces__rosidl_typesupport_cpp.so[0m
[2.743s] [ 28%] Built target data_recorder_interfaces__rosidl_typesupport_cpp
[2.754s] [ 30%] [34m[1mGenerating C introspection for ROS interfaces[0m
[2.850s] [ 33%] [32mBuilding CXX object CMakeFiles/data_recorder_interfaces__rosidl_typesupport_fastrtps_cpp.dir/rosidl_typesupport_fastrtps_cpp/data_recorder_interfaces/srv/detail/dds_fastrtps/start_recording__type_support.cpp.o[0m
[2.949s] [ 35%] [32mBuilding C object CMakeFiles/data_recorder_interfaces__rosidl_typesupport_introspection_c.dir/rosidl_typesupport_introspection_c/data_recorder_interfaces/msg/detail/float32_stamped__type_support.c.o[0m
[2.983s] [ 38%] [32mBuilding C object CMakeFiles/data_recorder_interfaces__rosidl_typesupport_introspection_c.dir/rosidl_typesupport_introspection_c/data_recorder_interfaces/srv/detail/start_recording__type_support.c.o[0m
[3.021s] [ 41%] [32m[1mLinking C shared library libdata_recorder_interfaces__rosidl_typesupport_introspection_c.so[0m
[3.061s] [ 41%] Built target data_recorder_interfaces__rosidl_typesupport_introspection_c
[3.072s] [ 43%] [34m[1mGenerating C type support dispatch for ROS interfaces[0m
[3.225s] [ 46%] [32m[1mLinking CXX shared library libdata_recorder_interfaces__rosidl_typesupport_fastrtps_cpp.so[0m
[3.253s] [ 48%] [32mBuilding CXX object CMakeFiles/data_recorder_interfaces__rosidl_typesupport_c.dir/rosidl_typesupport_c/data_recorder_interfaces/msg/float32_stamped__type_support.cpp.o[0m
[3.293s] [ 51%] [32mBuilding CXX object CMakeFiles/data_recorder_interfaces__rosidl_typesupport_c.dir/rosidl_typesupport_c/data_recorder_interfaces/srv/start_recording__type_support.cpp.o[0m
[3.326s] [ 53%] [32m[1mLinking CXX shared library libdata_recorder_interfaces__rosidl_typesupport_c.so[0m
[3.327s] [ 53%] Built target data_recorder_interfaces__rosidl_typesupport_fastrtps_cpp
[3.340s] [ 56%] [34m[1mGenerating C++ introspection for ROS interfaces[0m
[3.377s] [ 56%] Built target data_recorder_interfaces__rosidl_typesupport_c
[3.580s] running egg_info
[3.581s] creating data_recorder_interfaces.egg-info
[3.581s] writing data_recorder_interfaces.egg-info/PKG-INFO
[3.581s] writing dependency_links to data_recorder_interfaces.egg-info/dependency_links.txt
[3.581s] writing top-level names to data_recorder_interfaces.egg-info/top_level.txt
[3.581s] writing manifest file 'data_recorder_interfaces.egg-info/SOURCES.txt'
[3.581s] reading manifest file 'data_recorder_interfaces.egg-info/SOURCES.txt'
[3.582s] writing manifest file 'data_recorder_interfaces.egg-info/SOURCES.txt'
[3.601s] [ 56%] Built target ament_cmake_python_build_data_recorder_interfaces_egg
[3.610s] [ 58%] [34m[1mGenerating C type support for eProsima Fast-RTPS[0m
[3.623s] [ 61%] [32mBuilding CXX object CMakeFiles/data_recorder_interfaces__rosidl_typesupport_introspection_cpp.dir/rosidl_typesupport_introspection_cpp/data_recorder_interfaces/msg/detail/float32_stamped__type_support.cpp.o[0m
[3.832s] [ 64%] [32mBuilding CXX object CMakeFiles/data_recorder_interfaces__rosidl_typesupport_fastrtps_c.dir/rosidl_typesupport_fastrtps_c/data_recorder_interfaces/msg/detail/float32_stamped__type_support_c.cpp.o[0m
[3.977s] [ 66%] [32mBuilding CXX object CMakeFiles/data_recorder_interfaces__rosidl_typesupport_introspection_cpp.dir/rosidl_typesupport_introspection_cpp/data_recorder_interfaces/srv/detail/start_recording__type_support.cpp.o[0m
[4.071s] [ 69%] [32mBuilding CXX object CMakeFiles/data_recorder_interfaces__rosidl_typesupport_fastrtps_c.dir/rosidl_typesupport_fastrtps_c/data_recorder_interfaces/srv/detail/start_recording__type_support_c.cpp.o[0m
[4.302s] [ 71%] [32m[1mLinking CXX shared library libdata_recorder_interfaces__rosidl_typesupport_fastrtps_c.so[0m
[4.364s] [ 74%] [32m[1mLinking CXX shared library libdata_recorder_interfaces__rosidl_typesupport_introspection_cpp.so[0m
[4.372s] [ 74%] Built target data_recorder_interfaces__rosidl_typesupport_fastrtps_c
[4.423s] [ 74%] Built target data_recorder_interfaces__rosidl_typesupport_introspection_cpp
[4.456s] [ 74%] Built target data_recorder_interfaces
[4.481s] [ 76%] [34m[1mGenerating Python code for ROS interfaces[0m
[4.936s] [ 76%] Built target data_recorder_interfaces__py
[4.990s] [ 79%] [32mBuilding C object CMakeFiles/data_recorder_interfaces__rosidl_generator_py.dir/rosidl_generator_py/data_recorder_interfaces/msg/_float32_stamped_s.c.o[0m
[5.000s] [ 82%] [32mBuilding C object CMakeFiles/data_recorder_interfaces__rosidl_generator_py.dir/rosidl_generator_py/data_recorder_interfaces/srv/_start_recording_s.c.o[0m
[5.202s] [ 84%] [32m[1mLinking C shared library rosidl_generator_py/data_recorder_interfaces/libdata_recorder_interfaces__rosidl_generator_py.so[0m
[5.286s] [ 84%] Built target data_recorder_interfaces__rosidl_generator_py
[5.331s] [ 87%] [32mBuilding C object CMakeFiles/data_recorder_interfaces__rosidl_typesupport_fastrtps_c__pyext.dir/rosidl_generator_py/data_recorder_interfaces/_data_recorder_interfaces_s.ep.rosidl_typesupport_fastrtps_c.c.o[0m
[5.354s] [ 89%] [32mBuilding C object CMakeFiles/data_recorder_interfaces__rosidl_typesupport_introspection_c__pyext.dir/rosidl_generator_py/data_recorder_interfaces/_data_recorder_interfaces_s.ep.rosidl_typesupport_introspection_c.c.o[0m
[5.494s] [ 92%] [32m[1mLinking C shared library rosidl_generator_py/data_recorder_interfaces/data_recorder_interfaces_s__rosidl_typesupport_fastrtps_c.cpython-310-x86_64-linux-gnu.so[0m
[5.602s] [ 94%] [32m[1mLinking C shared library rosidl_generator_py/data_recorder_interfaces/data_recorder_interfaces_s__rosidl_typesupport_introspection_c.cpython-310-x86_64-linux-gnu.so[0m
[5.620s] [ 94%] Built target data_recorder_interfaces__rosidl_typesupport_fastrtps_c__pyext
[5.686s] [ 97%] [32mBuilding C object CMakeFiles/data_recorder_interfaces__rosidl_typesupport_c__pyext.dir/rosidl_generator_py/data_recorder_interfaces/_data_recorder_interfaces_s.ep.rosidl_typesupport_c.c.o[0m
[5.713s] [ 97%] Built target data_recorder_interfaces__rosidl_typesupport_introspection_c__pyext
[5.832s] [100%] [32m[1mLinking C shared library rosidl_generator_py/data_recorder_interfaces/data_recorder_interfaces_s__rosidl_typesupport_c.cpython-310-x86_64-linux-gnu.so[0m
[5.900s] [100%] Built target data_recorder_interfaces__rosidl_typesupport_c__pyext
[5.926s] Invoked command in '/home/nuc/ros2_workspace/data_collection_ws/build/data_recorder_interfaces' returned '0': CMAKE_PREFIX_PATH=${CMAKE_PREFIX_PATH}:/home/nuc/ros2_workspace/data_collection_ws/install/tracker_bridge:/home/nuc/ros2_workspace/data_collection_ws/install/piper_teleop:/home/nuc/ros2_workspace/data_collection_ws/install/open_cyber_glove_ros2:/home/nuc/ros2_workspace/data_collection_ws/install/data_recorder_ros2:/home/nuc/ros2_workspace/data_collection_ws/install/camera_bridge:/home/nuc/ros2_workspace/angus_dexhand_system/install/setting_info:/home/nuc/ros2_workspace/angus_dexhand_system/install/matrix_touch_gui:/home/nuc/ros2_workspace/angus_dexhand_system/install/gui_control:/home/nuc/ros2_workspace/angus_dexhand_system/install/graphic_display:/home/nuc/ros2_workspace/angus_dexhand_system/install/linker_hand_ros2_sdk:/home/nuc/ros2_workspace/angus_dexhand_system/install/linker_hand_mujoco_ros2:/home/nuc/ros2_workspace/angus_dexhand_system/install/glove_to_hand_control:/home/nuc/ros2_workspace/angus_dexhand_system/install/camera_to_hand_control:/home/nuc/ros2_workspace/piper_ros/install/piper:/opt/ros/humble /usr/bin/cmake --build /home/nuc/ros2_workspace/data_collection_ws/build/data_recorder_interfaces -- -j2 -l2
[5.948s] Invoking command in '/home/nuc/ros2_workspace/data_collection_ws/build/data_recorder_interfaces': CMAKE_PREFIX_PATH=${CMAKE_PREFIX_PATH}:/home/nuc/ros2_workspace/data_collection_ws/install/tracker_bridge:/home/nuc/ros2_workspace/data_collection_ws/install/piper_teleop:/home/nuc/ros2_workspace/data_collection_ws/install/open_cyber_glove_ros2:/home/nuc/ros2_workspace/data_collection_ws/install/data_recorder_ros2:/home/nuc/ros2_workspace/data_collection_ws/install/camera_bridge:/home/nuc/ros2_workspace/angus_dexhand_system/install/setting_info:/home/nuc/ros2_workspace/angus_dexhand_system/install/matrix_touch_gui:/home/nuc/ros2_workspace/angus_dexhand_system/install/gui_control:/home/nuc/ros2_workspace/angus_dexhand_system/install/graphic_display:/home/nuc/ros2_workspace/angus_dexhand_system/install/linker_hand_ros2_sdk:/home/nuc/ros2_workspace/angus_dexhand_system/install/linker_hand_mujoco_ros2:/home/nuc/ros2_workspace/angus_dexhand_system/install/glove_to_hand_control:/home/nuc/ros2_workspace/angus_dexhand_system/install/camera_to_hand_control:/home/nuc/ros2_workspace/piper_ros/install/piper:/opt/ros/humble /usr/bin/cmake --install /home/nuc/ros2_workspace/data_collection_ws/build/data_recorder_interfaces
[5.969s] -- Install configuration: ""
[5.969s] -- Installing: /home/nuc/ros2_workspace/data_collection_ws/install/data_recorder_interfaces/share/ament_index/resource_index/rosidl_interfaces/data_recorder_interfaces
[5.969s] -- Installing: /home/nuc/ros2_workspace/data_collection_ws/install/data_recorder_interfaces/include/data_recorder_interfaces/data_recorder_interfaces
[5.969s] -- Installing: /home/nuc/ros2_workspace/data_collection_ws/install/data_recorder_interfaces/include/data_recorder_interfaces/data_recorder_interfaces/srv
[5.969s] -- Installing: /home/nuc/ros2_workspace/data_collection_ws/install/data_recorder_interfaces/include/data_recorder_interfaces/data_recorder_interfaces/srv/start_recording.h
[5.969s] -- Installing: /home/nuc/ros2_workspace/data_collection_ws/install/data_recorder_interfaces/include/data_recorder_interfaces/data_recorder_interfaces/srv/detail
[5.969s] -- Installing: /home/nuc/ros2_workspace/data_collection_ws/install/data_recorder_interfaces/include/data_recorder_interfaces/data_recorder_interfaces/srv/detail/start_recording__struct.h
[5.969s] -- Installing: /home/nuc/ros2_workspace/data_collection_ws/install/data_recorder_interfaces/include/data_recorder_interfaces/data_recorder_interfaces/srv/detail/start_recording__functions.h
[5.969s] -- Installing: /home/nuc/ros2_workspace/data_collection_ws/install/data_recorder_interfaces/include/data_recorder_interfaces/data_recorder_interfaces/srv/detail/start_recording__type_support.h
[5.969s] -- Installing: /home/nuc/ros2_workspace/data_collection_ws/install/data_recorder_interfaces/include/data_recorder_interfaces/data_recorder_interfaces/srv/detail/start_recording__functions.c
[5.969s] -- Installing: /home/nuc/ros2_workspace/data_collection_ws/install/data_recorder_interfaces/include/data_recorder_interfaces/data_recorder_interfaces/msg
[5.970s] -- Installing: /home/nuc/ros2_workspace/data_collection_ws/install/data_recorder_interfaces/include/data_recorder_interfaces/data_recorder_interfaces/msg/float32_stamped.h
[5.970s] -- Installing: /home/nuc/ros2_workspace/data_collection_ws/install/data_recorder_interfaces/include/data_recorder_interfaces/data_recorder_interfaces/msg/rosidl_generator_c__visibility_control.h
[5.970s] -- Installing: /home/nuc/ros2_workspace/data_collection_ws/install/data_recorder_interfaces/include/data_recorder_interfaces/data_recorder_interfaces/msg/detail
[5.970s] -- Installing: /home/nuc/ros2_workspace/data_collection_ws/install/data_recorder_interfaces/include/data_recorder_interfaces/data_recorder_interfaces/msg/detail/float32_stamped__type_support.h
[5.970s] -- Installing: /home/nuc/ros2_workspace/data_collection_ws/install/data_recorder_interfaces/include/data_recorder_interfaces/data_recorder_interfaces/msg/detail/float32_stamped__functions.c
[5.970s] -- Installing: /home/nuc/ros2_workspace/data_collection_ws/install/data_recorder_interfaces/include/data_recorder_interfaces/data_recorder_interfaces/msg/detail/float32_stamped__functions.h
[5.970s] -- Installing: /home/nuc/ros2_workspace/data_collection_ws/install/data_recorder_interfaces/include/data_recorder_interfaces/data_recorder_interfaces/msg/detail/float32_stamped__struct.h
[5.970s] -- Installing: /home/nuc/ros2_workspace/data_collection_ws/install/data_recorder_interfaces/share/data_recorder_interfaces/environment/library_path.sh
[5.970s] -- Installing: /home/nuc/ros2_workspace/data_collection_ws/install/data_recorder_interfaces/share/data_recorder_interfaces/environment/library_path.dsv
[5.970s] -- Installing: /home/nuc/ros2_workspace/data_collection_ws/install/data_recorder_interfaces/lib/libdata_recorder_interfaces__rosidl_generator_c.so
[5.970s] -- Set runtime path of "/home/nuc/ros2_workspace/data_collection_ws/install/data_recorder_interfaces/lib/libdata_recorder_interfaces__rosidl_generator_c.so" to ""
[5.970s] -- Up-to-date: /home/nuc/ros2_workspace/data_collection_ws/install/data_recorder_interfaces/include/data_recorder_interfaces/data_recorder_interfaces
[5.970s] -- Up-to-date: /home/nuc/ros2_workspace/data_collection_ws/install/data_recorder_interfaces/include/data_recorder_interfaces/data_recorder_interfaces/srv
[5.970s] -- Up-to-date: /home/nuc/ros2_workspace/data_collection_ws/install/data_recorder_interfaces/include/data_recorder_interfaces/data_recorder_interfaces/srv/detail
[5.970s] -- Installing: /home/nuc/ros2_workspace/data_collection_ws/install/data_recorder_interfaces/include/data_recorder_interfaces/data_recorder_interfaces/srv/detail/start_recording__rosidl_typesupport_fastrtps_c.h
[5.970s] -- Up-to-date: /home/nuc/ros2_workspace/data_collection_ws/install/data_recorder_interfaces/include/data_recorder_interfaces/data_recorder_interfaces/msg
[5.970s] -- Installing: /home/nuc/ros2_workspace/data_collection_ws/install/data_recorder_interfaces/include/data_recorder_interfaces/data_recorder_interfaces/msg/rosidl_typesupport_fastrtps_c__visibility_control.h
[5.970s] -- Up-to-date: /home/nuc/ros2_workspace/data_collection_ws/install/data_recorder_interfaces/include/data_recorder_interfaces/data_recorder_interfaces/msg/detail
[5.970s] -- Installing: /home/nuc/ros2_workspace/data_collection_ws/install/data_recorder_interfaces/include/data_recorder_interfaces/data_recorder_interfaces/msg/detail/float32_stamped__rosidl_typesupport_fastrtps_c.h
[5.970s] -- Installing: /home/nuc/ros2_workspace/data_collection_ws/install/data_recorder_interfaces/lib/libdata_recorder_interfaces__rosidl_typesupport_fastrtps_c.so
[5.971s] -- Set runtime path of "/home/nuc/ros2_workspace/data_collection_ws/install/data_recorder_interfaces/lib/libdata_recorder_interfaces__rosidl_typesupport_fastrtps_c.so" to ""
[5.975s] -- Up-to-date: /home/nuc/ros2_workspace/data_collection_ws/install/data_recorder_interfaces/include/data_recorder_interfaces/data_recorder_interfaces
[5.976s] -- Up-to-date: /home/nuc/ros2_workspace/data_collection_ws/install/data_recorder_interfaces/include/data_recorder_interfaces/data_recorder_interfaces/srv
[5.976s] -- Installing: /home/nuc/ros2_workspace/data_collection_ws/install/data_recorder_interfaces/include/data_recorder_interfaces/data_recorder_interfaces/srv/start_recording.hpp
[5.976s] -- Up-to-date: /home/nuc/ros2_workspace/data_collection_ws/install/data_recorder_interfaces/include/data_recorder_interfaces/data_recorder_interfaces/srv/detail
[5.977s] -- Installing: /home/nuc/ros2_workspace/data_collection_ws/install/data_recorder_interfaces/include/data_recorder_interfaces/data_recorder_interfaces/srv/detail/start_recording__type_support.hpp
[5.977s] -- Installing: /home/nuc/ros2_workspace/data_collection_ws/install/data_recorder_interfaces/include/data_recorder_interfaces/data_recorder_interfaces/srv/detail/start_recording__builder.hpp
[5.977s] -- Installing: /home/nuc/ros2_workspace/data_collection_ws/install/data_recorder_interfaces/include/data_recorder_interfaces/data_recorder_interfaces/srv/detail/start_recording__traits.hpp
[5.978s] -- Installing: /home/nuc/ros2_workspace/data_collection_ws/install/data_recorder_interfaces/include/data_recorder_interfaces/data_recorder_interfaces/srv/detail/start_recording__struct.hpp
[5.978s] -- Up-to-date: /home/nuc/ros2_workspace/data_collection_ws/install/data_recorder_interfaces/include/data_recorder_interfaces/data_recorder_interfaces/msg
[5.978s] -- Installing: /home/nuc/ros2_workspace/data_collection_ws/install/data_recorder_interfaces/include/data_recorder_interfaces/data_recorder_interfaces/msg/float32_stamped.hpp
[5.979s] -- Installing: /home/nuc/ros2_workspace/data_collection_ws/install/data_recorder_interfaces/include/data_recorder_interfaces/data_recorder_interfaces/msg/rosidl_generator_cpp__visibility_control.hpp
[5.979s] -- Up-to-date: /home/nuc/ros2_workspace/data_collection_ws/install/data_recorder_interfaces/include/data_recorder_interfaces/data_recorder_interfaces/msg/detail
[5.979s] -- Installing: /home/nuc/ros2_workspace/data_collection_ws/install/data_recorder_interfaces/include/data_recorder_interfaces/data_recorder_interfaces/msg/detail/float32_stamped__type_support.hpp
[5.980s] -- Installing: /home/nuc/ros2_workspace/data_collection_ws/install/data_recorder_interfaces/include/data_recorder_interfaces/data_recorder_interfaces/msg/detail/float32_stamped__traits.hpp
[5.980s] -- Installing: /home/nuc/ros2_workspace/data_collection_ws/install/data_recorder_interfaces/include/data_recorder_interfaces/data_recorder_interfaces/msg/detail/float32_stamped__struct.hpp
[5.980s] -- Installing: /home/nuc/ros2_workspace/data_collection_ws/install/data_recorder_interfaces/include/data_recorder_interfaces/data_recorder_interfaces/msg/detail/float32_stamped__builder.hpp
[5.980s] -- Up-to-date: /home/nuc/ros2_workspace/data_collection_ws/install/data_recorder_interfaces/include/data_recorder_interfaces/data_recorder_interfaces
[5.980s] -- Up-to-date: /home/nuc/ros2_workspace/data_collection_ws/install/data_recorder_interfaces/include/data_recorder_interfaces/data_recorder_interfaces/srv
[5.980s] -- Up-to-date: /home/nuc/ros2_workspace/data_collection_ws/install/data_recorder_interfaces/include/data_recorder_interfaces/data_recorder_interfaces/srv/detail
[5.980s] -- Installing: /home/nuc/ros2_workspace/data_collection_ws/install/data_recorder_interfaces/include/data_recorder_interfaces/data_recorder_interfaces/srv/detail/start_recording__rosidl_typesupport_fastrtps_cpp.hpp
[5.981s] -- Installing: /home/nuc/ros2_workspace/data_collection_ws/install/data_recorder_interfaces/include/data_recorder_interfaces/data_recorder_interfaces/srv/detail/dds_fastrtps
[5.981s] -- Up-to-date: /home/nuc/ros2_workspace/data_collection_ws/install/data_recorder_interfaces/include/data_recorder_interfaces/data_recorder_interfaces/msg
[5.981s] -- Installing: /home/nuc/ros2_workspace/data_collection_ws/install/data_recorder_interfaces/include/data_recorder_interfaces/data_recorder_interfaces/msg/rosidl_typesupport_fastrtps_cpp__visibility_control.h
[5.981s] -- Up-to-date: /home/nuc/ros2_workspace/data_collection_ws/install/data_recorder_interfaces/include/data_recorder_interfaces/data_recorder_interfaces/msg/detail
[5.982s] -- Installing: /home/nuc/ros2_workspace/data_collection_ws/install/data_recorder_interfaces/include/data_recorder_interfaces/data_recorder_interfaces/msg/detail/float32_stamped__rosidl_typesupport_fastrtps_cpp.hpp
[5.982s] -- Installing: /home/nuc/ros2_workspace/data_collection_ws/install/data_recorder_interfaces/include/data_recorder_interfaces/data_recorder_interfaces/msg/detail/dds_fastrtps
[5.982s] -- Installing: /home/nuc/ros2_workspace/data_collection_ws/install/data_recorder_interfaces/lib/libdata_recorder_interfaces__rosidl_typesupport_fastrtps_cpp.so
[5.982s] -- Set runtime path of "/home/nuc/ros2_workspace/data_collection_ws/install/data_recorder_interfaces/lib/libdata_recorder_interfaces__rosidl_typesupport_fastrtps_cpp.so" to ""
[5.982s] -- Up-to-date: /home/nuc/ros2_workspace/data_collection_ws/install/data_recorder_interfaces/include/data_recorder_interfaces/data_recorder_interfaces
[5.982s] -- Up-to-date: /home/nuc/ros2_workspace/data_collection_ws/install/data_recorder_interfaces/include/data_recorder_interfaces/data_recorder_interfaces/srv
[5.982s] -- Up-to-date: /home/nuc/ros2_workspace/data_collection_ws/install/data_recorder_interfaces/include/data_recorder_interfaces/data_recorder_interfaces/srv/detail
[5.983s] -- Installing: /home/nuc/ros2_workspace/data_collection_ws/install/data_recorder_interfaces/include/data_recorder_interfaces/data_recorder_interfaces/srv/detail/start_recording__type_support.c
[5.983s] -- Installing: /home/nuc/ros2_workspace/data_collection_ws/install/data_recorder_interfaces/include/data_recorder_interfaces/data_recorder_interfaces/srv/detail/start_recording__rosidl_typesupport_introspection_c.h
[5.984s] -- Up-to-date: /home/nuc/ros2_workspace/data_collection_ws/install/data_recorder_interfaces/include/data_recorder_interfaces/data_recorder_interfaces/msg
[5.984s] -- Up-to-date: /home/nuc/ros2_workspace/data_collection_ws/install/data_recorder_interfaces/include/data_recorder_interfaces/data_recorder_interfaces/msg/detail
[5.984s] -- Installing: /home/nuc/ros2_workspace/data_collection_ws/install/data_recorder_interfaces/include/data_recorder_interfaces/data_recorder_interfaces/msg/detail/float32_stamped__type_support.c
[5.984s] -- Installing: /home/nuc/ros2_workspace/data_collection_ws/install/data_recorder_interfaces/include/data_recorder_interfaces/data_recorder_interfaces/msg/detail/float32_stamped__rosidl_typesupport_introspection_c.h
[5.984s] -- Installing: /home/nuc/ros2_workspace/data_collection_ws/install/data_recorder_interfaces/include/data_recorder_interfaces/data_recorder_interfaces/msg/rosidl_typesupport_introspection_c__visibility_control.h
[5.984s] -- Installing: /home/nuc/ros2_workspace/data_collection_ws/install/data_recorder_interfaces/lib/libdata_recorder_interfaces__rosidl_typesupport_introspection_c.so
[5.984s] -- Set runtime path of "/home/nuc/ros2_workspace/data_collection_ws/install/data_recorder_interfaces/lib/libdata_recorder_interfaces__rosidl_typesupport_introspection_c.so" to ""
[5.984s] -- Installing: /home/nuc/ros2_workspace/data_collection_ws/install/data_recorder_interfaces/lib/libdata_recorder_interfaces__rosidl_typesupport_c.so
[5.984s] -- Set runtime path of "/home/nuc/ros2_workspace/data_collection_ws/install/data_recorder_interfaces/lib/libdata_recorder_interfaces__rosidl_typesupport_c.so" to ""
[5.984s] -- Up-to-date: /home/nuc/ros2_workspace/data_collection_ws/install/data_recorder_interfaces/include/data_recorder_interfaces/data_recorder_interfaces
[5.984s] -- Up-to-date: /home/nuc/ros2_workspace/data_collection_ws/install/data_recorder_interfaces/include/data_recorder_interfaces/data_recorder_interfaces/srv
[5.984s] -- Up-to-date: /home/nuc/ros2_workspace/data_collection_ws/install/data_recorder_interfaces/include/data_recorder_interfaces/data_recorder_interfaces/srv/detail
[5.984s] -- Installing: /home/nuc/ros2_workspace/data_collection_ws/install/data_recorder_interfaces/include/data_recorder_interfaces/data_recorder_interfaces/srv/detail/start_recording__rosidl_typesupport_introspection_cpp.hpp
[5.984s] -- Installing: /home/nuc/ros2_workspace/data_collection_ws/install/data_recorder_interfaces/include/data_recorder_interfaces/data_recorder_interfaces/srv/detail/start_recording__type_support.cpp
[5.984s] -- Up-to-date: /home/nuc/ros2_workspace/data_collection_ws/install/data_recorder_interfaces/include/data_recorder_interfaces/data_recorder_interfaces/msg
[5.984s] -- Up-to-date: /home/nuc/ros2_workspace/data_collection_ws/install/data_recorder_interfaces/include/data_recorder_interfaces/data_recorder_interfaces/msg/detail
[5.984s] -- Installing: /home/nuc/ros2_workspace/data_collection_ws/install/data_recorder_interfaces/include/data_recorder_interfaces/data_recorder_interfaces/msg/detail/float32_stamped__rosidl_typesupport_introspection_cpp.hpp
[5.984s] -- Installing: /home/nuc/ros2_workspace/data_collection_ws/install/data_recorder_interfaces/include/data_recorder_interfaces/data_recorder_interfaces/msg/detail/float32_stamped__type_support.cpp
[5.986s] -- Installing: /home/nuc/ros2_workspace/data_collection_ws/install/data_recorder_interfaces/lib/libdata_recorder_interfaces__rosidl_typesupport_introspection_cpp.so
[5.986s] -- Set runtime path of "/home/nuc/ros2_workspace/data_collection_ws/install/data_recorder_interfaces/lib/libdata_recorder_interfaces__rosidl_typesupport_introspection_cpp.so" to ""
[5.986s] -- Installing: /home/nuc/ros2_workspace/data_collection_ws/install/data_recorder_interfaces/lib/libdata_recorder_interfaces__rosidl_typesupport_cpp.so
[5.987s] -- Set runtime path of "/home/nuc/ros2_workspace/data_collection_ws/install/data_recorder_interfaces/lib/libdata_recorder_interfaces__rosidl_typesupport_cpp.so" to ""
[5.987s] -- Installing: /home/nuc/ros2_workspace/data_collection_ws/install/data_recorder_interfaces/share/data_recorder_interfaces/environment/pythonpath.sh
[5.987s] -- Installing: /home/nuc/ros2_workspace/data_collection_ws/install/data_recorder_interfaces/share/data_recorder_interfaces/environment/pythonpath.dsv
[5.988s] -- Installing: /home/nuc/ros2_workspace/data_collection_ws/install/data_recorder_interfaces/local/lib/python3.10/dist-packages/data_recorder_interfaces-0.0.0-py3.10.egg-info
[5.988s] -- Installing: /home/nuc/ros2_workspace/data_collection_ws/install/data_recorder_interfaces/local/lib/python3.10/dist-packages/data_recorder_interfaces-0.0.0-py3.10.egg-info/SOURCES.txt
[5.988s] -- Installing: /home/nuc/ros2_workspace/data_collection_ws/install/data_recorder_interfaces/local/lib/python3.10/dist-packages/data_recorder_interfaces-0.0.0-py3.10.egg-info/dependency_links.txt
[5.988s] -- Installing: /home/nuc/ros2_workspace/data_collection_ws/install/data_recorder_interfaces/local/lib/python3.10/dist-packages/data_recorder_interfaces-0.0.0-py3.10.egg-info/top_level.txt
[5.989s] -- Installing: /home/nuc/ros2_workspace/data_collection_ws/install/data_recorder_interfaces/local/lib/python3.10/dist-packages/data_recorder_interfaces-0.0.0-py3.10.egg-info/PKG-INFO
[5.989s] -- Installing: /home/nuc/ros2_workspace/data_collection_ws/install/data_recorder_interfaces/local/lib/python3.10/dist-packages/data_recorder_interfaces
[5.989s] -- Installing: /home/nuc/ros2_workspace/data_collection_ws/install/data_recorder_interfaces/local/lib/python3.10/dist-packages/data_recorder_interfaces/_data_recorder_interfaces_s.ep.rosidl_typesupport_c.c
[5.989s] -- Installing: /home/nuc/ros2_workspace/data_collection_ws/install/data_recorder_interfaces/local/lib/python3.10/dist-packages/data_recorder_interfaces/_data_recorder_interfaces_s.ep.rosidl_typesupport_fastrtps_c.c
[5.989s] -- Installing: /home/nuc/ros2_workspace/data_collection_ws/install/data_recorder_interfaces/local/lib/python3.10/dist-packages/data_recorder_interfaces/__init__.py
[5.989s] -- Installing: /home/nuc/ros2_workspace/data_collection_ws/install/data_recorder_interfaces/local/lib/python3.10/dist-packages/data_recorder_interfaces/data_recorder_interfaces_s__rosidl_typesupport_introspection_c.cpython-310-x86_64-linux-gnu.so
[5.989s] -- Installing: /home/nuc/ros2_workspace/data_collection_ws/install/data_recorder_interfaces/local/lib/python3.10/dist-packages/data_recorder_interfaces/_data_recorder_interfaces_s.ep.rosidl_typesupport_introspection_c.c
[5.989s] -- Installing: /home/nuc/ros2_workspace/data_collection_ws/install/data_recorder_interfaces/local/lib/python3.10/dist-packages/data_recorder_interfaces/srv
[5.990s] -- Installing: /home/nuc/ros2_workspace/data_collection_ws/install/data_recorder_interfaces/local/lib/python3.10/dist-packages/data_recorder_interfaces/srv/__init__.py
[5.990s] -- Installing: /home/nuc/ros2_workspace/data_collection_ws/install/data_recorder_interfaces/local/lib/python3.10/dist-packages/data_recorder_interfaces/srv/_start_recording_s.c
[5.990s] -- Installing: /home/nuc/ros2_workspace/data_collection_ws/install/data_recorder_interfaces/local/lib/python3.10/dist-packages/data_recorder_interfaces/srv/_start_recording.py
[5.990s] -- Installing: /home/nuc/ros2_workspace/data_collection_ws/install/data_recorder_interfaces/local/lib/python3.10/dist-packages/data_recorder_interfaces/data_recorder_interfaces_s__rosidl_typesupport_fastrtps_c.cpython-310-x86_64-linux-gnu.so
[5.990s] -- Installing: /home/nuc/ros2_workspace/data_collection_ws/install/data_recorder_interfaces/local/lib/python3.10/dist-packages/data_recorder_interfaces/data_recorder_interfaces_s__rosidl_typesupport_c.cpython-310-x86_64-linux-gnu.so
[5.990s] -- Installing: /home/nuc/ros2_workspace/data_collection_ws/install/data_recorder_interfaces/local/lib/python3.10/dist-packages/data_recorder_interfaces/msg
[5.991s] -- Installing: /home/nuc/ros2_workspace/data_collection_ws/install/data_recorder_interfaces/local/lib/python3.10/dist-packages/data_recorder_interfaces/msg/__init__.py
[5.991s] -- Installing: /home/nuc/ros2_workspace/data_collection_ws/install/data_recorder_interfaces/local/lib/python3.10/dist-packages/data_recorder_interfaces/msg/_float32_stamped.py
[5.992s] -- Installing: /home/nuc/ros2_workspace/data_collection_ws/install/data_recorder_interfaces/local/lib/python3.10/dist-packages/data_recorder_interfaces/msg/_float32_stamped_s.c
[5.992s] -- Installing: /home/nuc/ros2_workspace/data_collection_ws/install/data_recorder_interfaces/local/lib/python3.10/dist-packages/data_recorder_interfaces/libdata_recorder_interfaces__rosidl_generator_py.so
[6.036s] Listing '/home/nuc/ros2_workspace/data_collection_ws/install/data_recorder_interfaces/local/lib/python3.10/dist-packages/data_recorder_interfaces'...
[6.036s] Compiling '/home/nuc/ros2_workspace/data_collection_ws/install/data_recorder_interfaces/local/lib/python3.10/dist-packages/data_recorder_interfaces/__init__.py'...
[6.036s] Listing '/home/nuc/ros2_workspace/data_collection_ws/install/data_recorder_interfaces/local/lib/python3.10/dist-packages/data_recorder_interfaces/msg'...
[6.036s] Compiling '/home/nuc/ros2_workspace/data_collection_ws/install/data_recorder_interfaces/local/lib/python3.10/dist-packages/data_recorder_interfaces/msg/__init__.py'...
[6.036s] Compiling '/home/nuc/ros2_workspace/data_collection_ws/install/data_recorder_interfaces/local/lib/python3.10/dist-packages/data_recorder_interfaces/msg/_float32_stamped.py'...
[6.036s] Listing '/home/nuc/ros2_workspace/data_collection_ws/install/data_recorder_interfaces/local/lib/python3.10/dist-packages/data_recorder_interfaces/srv'...
[6.036s] Compiling '/home/nuc/ros2_workspace/data_collection_ws/install/data_recorder_interfaces/local/lib/python3.10/dist-packages/data_recorder_interfaces/srv/__init__.py'...
[6.036s] Compiling '/home/nuc/ros2_workspace/data_collection_ws/install/data_recorder_interfaces/local/lib/python3.10/dist-packages/data_recorder_interfaces/srv/_start_recording.py'...
[6.040s] -- Installing: /home/nuc/ros2_workspace/data_collection_ws/install/data_recorder_interfaces/local/lib/python3.10/dist-packages/data_recorder_interfaces/data_recorder_interfaces_s__rosidl_typesupport_fastrtps_c.cpython-310-x86_64-linux-gnu.so
[6.041s] -- Set runtime path of "/home/nuc/ros2_workspace/data_collection_ws/install/data_recorder_interfaces/local/lib/python3.10/dist-packages/data_recorder_interfaces/data_recorder_interfaces_s__rosidl_typesupport_fastrtps_c.cpython-310-x86_64-linux-gnu.so" to ""
[6.041s] -- Installing: /home/nuc/ros2_workspace/data_collection_ws/install/data_recorder_interfaces/local/lib/python3.10/dist-packages/data_recorder_interfaces/data_recorder_interfaces_s__rosidl_typesupport_introspection_c.cpython-310-x86_64-linux-gnu.so
[6.042s] -- Set runtime path of "/home/nuc/ros2_workspace/data_collection_ws/install/data_recorder_interfaces/local/lib/python3.10/dist-packages/data_recorder_interfaces/data_recorder_interfaces_s__rosidl_typesupport_introspection_c.cpython-310-x86_64-linux-gnu.so" to ""
[6.042s] -- Installing: /home/nuc/ros2_workspace/data_collection_ws/install/data_recorder_interfaces/local/lib/python3.10/dist-packages/data_recorder_interfaces/data_recorder_interfaces_s__rosidl_typesupport_c.cpython-310-x86_64-linux-gnu.so
[6.043s] -- Set runtime path of "/home/nuc/ros2_workspace/data_collection_ws/install/data_recorder_interfaces/local/lib/python3.10/dist-packages/data_recorder_interfaces/data_recorder_interfaces_s__rosidl_typesupport_c.cpython-310-x86_64-linux-gnu.so" to ""
[6.043s] -- Installing: /home/nuc/ros2_workspace/data_collection_ws/install/data_recorder_interfaces/lib/libdata_recorder_interfaces__rosidl_generator_py.so
[6.043s] -- Set runtime path of "/home/nuc/ros2_workspace/data_collection_ws/install/data_recorder_interfaces/lib/libdata_recorder_interfaces__rosidl_generator_py.so" to ""
[6.044s] -- Installing: /home/nuc/ros2_workspace/data_collection_ws/install/data_recorder_interfaces/share/data_recorder_interfaces/msg/Float32Stamped.idl
[6.044s] -- Installing: /home/nuc/ros2_workspace/data_collection_ws/install/data_recorder_interfaces/share/data_recorder_interfaces/srv/StartRecording.idl
[6.044s] -- Installing: /home/nuc/ros2_workspace/data_collection_ws/install/data_recorder_interfaces/share/data_recorder_interfaces/msg/Float32Stamped.msg
[6.045s] -- Installing: /home/nuc/ros2_workspace/data_collection_ws/install/data_recorder_interfaces/share/data_recorder_interfaces/srv/StartRecording.srv
[6.045s] -- Installing: /home/nuc/ros2_workspace/data_collection_ws/install/data_recorder_interfaces/share/data_recorder_interfaces/srv/StartRecording_Request.msg
[6.045s] -- Installing: /home/nuc/ros2_workspace/data_collection_ws/install/data_recorder_interfaces/share/data_recorder_interfaces/srv/StartRecording_Response.msg
[6.045s] -- Installing: /home/nuc/ros2_workspace/data_collection_ws/install/data_recorder_interfaces/share/ament_index/resource_index/package_run_dependencies/data_recorder_interfaces
[6.046s] -- Installing: /home/nuc/ros2_workspace/data_collection_ws/install/data_recorder_interfaces/share/ament_index/resource_index/parent_prefix_path/data_recorder_interfaces
[6.046s] -- Installing: /home/nuc/ros2_workspace/data_collection_ws/install/data_recorder_interfaces/share/data_recorder_interfaces/environment/ament_prefix_path.sh
[6.046s] -- Installing: /home/nuc/ros2_workspace/data_collection_ws/install/data_recorder_interfaces/share/data_recorder_interfaces/environment/ament_prefix_path.dsv
[6.046s] -- Installing: /home/nuc/ros2_workspace/data_collection_ws/install/data_recorder_interfaces/share/data_recorder_interfaces/environment/path.sh
[6.046s] -- Installing: /home/nuc/ros2_workspace/data_collection_ws/install/data_recorder_interfaces/share/data_recorder_interfaces/environment/path.dsv
[6.047s] -- Installing: /home/nuc/ros2_workspace/data_collection_ws/install/data_recorder_interfaces/share/data_recorder_interfaces/local_setup.bash
[6.047s] -- Installing: /home/nuc/ros2_workspace/data_collection_ws/install/data_recorder_interfaces/share/data_recorder_interfaces/local_setup.sh
[6.047s] -- Installing: /home/nuc/ros2_workspace/data_collection_ws/install/data_recorder_interfaces/share/data_recorder_interfaces/local_setup.zsh
[6.047s] -- Installing: /home/nuc/ros2_workspace/data_collection_ws/install/data_recorder_interfaces/share/data_recorder_interfaces/local_setup.dsv
[6.047s] -- Installing: /home/nuc/ros2_workspace/data_collection_ws/install/data_recorder_interfaces/share/data_recorder_interfaces/package.dsv
[6.047s] -- Installing: /home/nuc/ros2_workspace/data_collection_ws/install/data_recorder_interfaces/share/ament_index/resource_index/packages/data_recorder_interfaces
[6.047s] -- Installing: /home/nuc/ros2_workspace/data_collection_ws/install/data_recorder_interfaces/share/data_recorder_interfaces/cmake/export_data_recorder_interfaces__rosidl_generator_cExport.cmake
[6.047s] -- Installing: /home/nuc/ros2_workspace/data_collection_ws/install/data_recorder_interfaces/share/data_recorder_interfaces/cmake/export_data_recorder_interfaces__rosidl_generator_cExport-noconfig.cmake
[6.048s] -- Installing: /home/nuc/ros2_workspace/data_collection_ws/install/data_recorder_interfaces/share/data_recorder_interfaces/cmake/export_data_recorder_interfaces__rosidl_typesupport_fastrtps_cExport.cmake
[6.048s] -- Installing: /home/nuc/ros2_workspace/data_collection_ws/install/data_recorder_interfaces/share/data_recorder_interfaces/cmake/export_data_recorder_interfaces__rosidl_typesupport_fastrtps_cExport-noconfig.cmake
[6.048s] -- Installing: /home/nuc/ros2_workspace/data_collection_ws/install/data_recorder_interfaces/share/data_recorder_interfaces/cmake/export_data_recorder_interfaces__rosidl_generator_cppExport.cmake
[6.048s] -- Installing: /home/nuc/ros2_workspace/data_collection_ws/install/data_recorder_interfaces/share/data_recorder_interfaces/cmake/export_data_recorder_interfaces__rosidl_typesupport_fastrtps_cppExport.cmake
[6.048s] -- Installing: /home/nuc/ros2_workspace/data_collection_ws/install/data_recorder_interfaces/share/data_recorder_interfaces/cmake/export_data_recorder_interfaces__rosidl_typesupport_fastrtps_cppExport-noconfig.cmake
[6.049s] -- Installing: /home/nuc/ros2_workspace/data_collection_ws/install/data_recorder_interfaces/share/data_recorder_interfaces/cmake/data_recorder_interfaces__rosidl_typesupport_introspection_cExport.cmake
[6.049s] -- Installing: /home/nuc/ros2_workspace/data_collection_ws/install/data_recorder_interfaces/share/data_recorder_interfaces/cmake/data_recorder_interfaces__rosidl_typesupport_introspection_cExport-noconfig.cmake
[6.049s] -- Installing: /home/nuc/ros2_workspace/data_collection_ws/install/data_recorder_interfaces/share/data_recorder_interfaces/cmake/data_recorder_interfaces__rosidl_typesupport_cExport.cmake
[6.049s] -- Installing: /home/nuc/ros2_workspace/data_collection_ws/install/data_recorder_interfaces/share/data_recorder_interfaces/cmake/data_recorder_interfaces__rosidl_typesupport_cExport-noconfig.cmake
[6.049s] -- Installing: /home/nuc/ros2_workspace/data_collection_ws/install/data_recorder_interfaces/share/data_recorder_interfaces/cmake/data_recorder_interfaces__rosidl_typesupport_introspection_cppExport.cmake
[6.049s] -- Installing: /home/nuc/ros2_workspace/data_collection_ws/install/data_recorder_interfaces/share/data_recorder_interfaces/cmake/data_recorder_interfaces__rosidl_typesupport_introspection_cppExport-noconfig.cmake
[6.050s] -- Installing: /home/nuc/ros2_workspace/data_collection_ws/install/data_recorder_interfaces/share/data_recorder_interfaces/cmake/data_recorder_interfaces__rosidl_typesupport_cppExport.cmake
[6.050s] -- Installing: /home/nuc/ros2_workspace/data_collection_ws/install/data_recorder_interfaces/share/data_recorder_interfaces/cmake/data_recorder_interfaces__rosidl_typesupport_cppExport-noconfig.cmake
[6.051s] -- Installing: /home/nuc/ros2_workspace/data_collection_ws/install/data_recorder_interfaces/share/data_recorder_interfaces/cmake/export_data_recorder_interfaces__rosidl_generator_pyExport.cmake
[6.051s] -- Installing: /home/nuc/ros2_workspace/data_collection_ws/install/data_recorder_interfaces/share/data_recorder_interfaces/cmake/export_data_recorder_interfaces__rosidl_generator_pyExport-noconfig.cmake
[6.051s] -- Installing: /home/nuc/ros2_workspace/data_collection_ws/install/data_recorder_interfaces/share/data_recorder_interfaces/cmake/rosidl_cmake-extras.cmake
[6.051s] -- Installing: /home/nuc/ros2_workspace/data_collection_ws/install/data_recorder_interfaces/share/data_recorder_interfaces/cmake/ament_cmake_export_dependencies-extras.cmake
[6.051s] -- Installing: /home/nuc/ros2_workspace/data_collection_ws/install/data_recorder_interfaces/share/data_recorder_interfaces/cmake/ament_cmake_export_include_directories-extras.cmake
[6.051s] -- Installing: /home/nuc/ros2_workspace/data_collection_ws/install/data_recorder_interfaces/share/data_recorder_interfaces/cmake/ament_cmake_export_libraries-extras.cmake
[6.051s] -- Installing: /home/nuc/ros2_workspace/data_collection_ws/install/data_recorder_interfaces/share/data_recorder_interfaces/cmake/ament_cmake_export_targets-extras.cmake
[6.052s] -- Installing: /home/nuc/ros2_workspace/data_collection_ws/install/data_recorder_interfaces/share/data_recorder_interfaces/cmake/rosidl_cmake_export_typesupport_targets-extras.cmake
[6.052s] -- Installing: /home/nuc/ros2_workspace/data_collection_ws/install/data_recorder_interfaces/share/data_recorder_interfaces/cmake/rosidl_cmake_export_typesupport_libraries-extras.cmake
[6.052s] -- Installing: /home/nuc/ros2_workspace/data_collection_ws/install/data_recorder_interfaces/share/data_recorder_interfaces/cmake/data_recorder_interfacesConfig.cmake
[6.052s] -- Installing: /home/nuc/ros2_workspace/data_collection_ws/install/data_recorder_interfaces/share/data_recorder_interfaces/cmake/data_recorder_interfacesConfig-version.cmake
[6.052s] -- Installing: /home/nuc/ros2_workspace/data_collection_ws/install/data_recorder_interfaces/share/data_recorder_interfaces/package.xml
[6.056s] Invoked command in '/home/nuc/ros2_workspace/data_collection_ws/build/data_recorder_interfaces' returned '0': CMAKE_PREFIX_PATH=${CMAKE_PREFIX_PATH}:/home/nuc/ros2_workspace/data_collection_ws/install/tracker_bridge:/home/nuc/ros2_workspace/data_collection_ws/install/piper_teleop:/home/nuc/ros2_workspace/data_collection_ws/install/open_cyber_glove_ros2:/home/nuc/ros2_workspace/data_collection_ws/install/data_recorder_ros2:/home/nuc/ros2_workspace/data_collection_ws/install/camera_bridge:/home/nuc/ros2_workspace/angus_dexhand_system/install/setting_info:/home/nuc/ros2_workspace/angus_dexhand_system/install/matrix_touch_gui:/home/nuc/ros2_workspace/angus_dexhand_system/install/gui_control:/home/nuc/ros2_workspace/angus_dexhand_system/install/graphic_display:/home/nuc/ros2_workspace/angus_dexhand_system/install/linker_hand_ros2_sdk:/home/nuc/ros2_workspace/angus_dexhand_system/install/linker_hand_mujoco_ros2:/home/nuc/ros2_workspace/angus_dexhand_system/install/glove_to_hand_control:/home/nuc/ros2_workspace/angus_dexhand_system/install/camera_to_hand_control:/home/nuc/ros2_workspace/piper_ros/install/piper:/opt/ros/humble /usr/bin/cmake --install /home/nuc/ros2_workspace/data_collection_ws/build/data_recorder_interfaces
