[0.530s] Invoking command in '/home/bryce/ros2_workspace/data_collection_ws/build/open_cyber_glove_ros2': PYTHONPATH=/home/bryce/ros2_workspace/data_collection_ws/build/open_cyber_glove_ros2/prefix_override:/usr/lib/python3/dist-packages/colcon_core/task/python/colcon_distutils_commands:/home/bryce/ros2_workspace/data_collection_ws/install/open_cyber_glove_ros2/lib/python3.10/site-packages:${PYTHONPATH} /usr/bin/python3 -W ignore:setup.py install is deprecated -W ignore:easy_install command is deprecated setup.py develop --editable --build-directory /home/bryce/ros2_workspace/data_collection_ws/build/open_cyber_glove_ros2/build --no-deps symlink_data --force
[0.744s] running develop
[0.893s] running egg_info
[0.893s] writing open_cyber_glove_ros2.egg-info/PKG-INFO
[0.893s] writing dependency_links to open_cyber_glove_ros2.egg-info/dependency_links.txt
[0.893s] writing entry points to open_cyber_glove_ros2.egg-info/entry_points.txt
[0.894s] writing requirements to open_cyber_glove_ros2.egg-info/requires.txt
[0.894s] writing top-level names to open_cyber_glove_ros2.egg-info/top_level.txt
[0.895s] reading manifest file 'open_cyber_glove_ros2.egg-info/SOURCES.txt'
[0.896s] writing manifest file 'open_cyber_glove_ros2.egg-info/SOURCES.txt'
[0.919s] running build_ext
[0.919s] Creating /home/bryce/ros2_workspace/data_collection_ws/install/open_cyber_glove_ros2/lib/python3.10/site-packages/open-cyber-glove-ros2.egg-link (link to .)
[0.919s] Installing data_node script to /home/bryce/ros2_workspace/data_collection_ws/install/open_cyber_glove_ros2/lib/open_cyber_glove_ros2
[0.919s] Installing glove_joint_state_dual_publisher script to /home/bryce/ros2_workspace/data_collection_ws/install/open_cyber_glove_ros2/lib/open_cyber_glove_ros2
[0.920s] Installing glove_to_2fingle_gripper script to /home/bryce/ros2_workspace/data_collection_ws/install/open_cyber_glove_ros2/lib/open_cyber_glove_ros2
[0.920s] Installing visualizer_node script to /home/bryce/ros2_workspace/data_collection_ws/install/open_cyber_glove_ros2/lib/open_cyber_glove_ros2
[0.920s] 
[0.920s] Installed /home/bryce/ros2_workspace/data_collection_ws/build/open_cyber_glove_ros2
[0.920s] running symlink_data
[0.920s] symbolically linking /home/bryce/ros2_workspace/data_collection_ws/build/open_cyber_glove_ros2/resource/open_cyber_glove_ros2 -> /home/bryce/ros2_workspace/data_collection_ws/install/open_cyber_glove_ros2/share/ament_index/resource_index/packages
[0.920s] symbolically linking /home/bryce/ros2_workspace/data_collection_ws/build/open_cyber_glove_ros2/package.xml -> /home/bryce/ros2_workspace/data_collection_ws/install/open_cyber_glove_ros2/share/open_cyber_glove_ros2
[0.920s] symbolically linking /home/bryce/ros2_workspace/data_collection_ws/build/open_cyber_glove_ros2/launch/glove_joint_state_heartbeat_publisher.launch.py -> /home/bryce/ros2_workspace/data_collection_ws/install/open_cyber_glove_ros2/share/open_cyber_glove_ros2/launch
[0.920s] symbolically linking /home/bryce/ros2_workspace/data_collection_ws/build/open_cyber_glove_ros2/msg/GloveDataMsg.msg -> /home/bryce/ros2_workspace/data_collection_ws/install/open_cyber_glove_ros2/share/open_cyber_glove_ros2/msg
[0.942s] Invoked command in '/home/bryce/ros2_workspace/data_collection_ws/build/open_cyber_glove_ros2' returned '0': PYTHONPATH=/home/bryce/ros2_workspace/data_collection_ws/build/open_cyber_glove_ros2/prefix_override:/usr/lib/python3/dist-packages/colcon_core/task/python/colcon_distutils_commands:/home/bryce/ros2_workspace/data_collection_ws/install/open_cyber_glove_ros2/lib/python3.10/site-packages:${PYTHONPATH} /usr/bin/python3 -W ignore:setup.py install is deprecated -W ignore:easy_install command is deprecated setup.py develop --editable --build-directory /home/bryce/ros2_workspace/data_collection_ws/build/open_cyber_glove_ros2/build --no-deps symlink_data --force
