running develop
running egg_info
writing data_recorder_ros2.egg-info/PKG-INFO
writing dependency_links to data_recorder_ros2.egg-info/dependency_links.txt
writing entry points to data_recorder_ros2.egg-info/entry_points.txt
writing requirements to data_recorder_ros2.egg-info/requires.txt
writing top-level names to data_recorder_ros2.egg-info/top_level.txt
reading manifest file 'data_recorder_ros2.egg-info/SOURCES.txt'
writing manifest file 'data_recorder_ros2.egg-info/SOURCES.txt'
running build_ext
Creating /home/nuc/ros2_workspace/data_collection_ws/install/data_recorder_ros2/lib/python3.10/site-packages/data-recorder-ros2.egg-link (link to .)
Installing anheng_scale_node script to /home/nuc/ros2_workspace/data_collection_ws/install/data_recorder_ros2/lib/data_recorder_ros2
Installing heartbeat_publisher script to /home/nuc/ros2_workspace/data_collection_ws/install/data_recorder_ros2/lib/data_recorder_ros2
Installing recorder_service script to /home/nuc/ros2_workspace/data_collection_ws/install/data_recorder_ros2/lib/data_recorder_ros2

Installed /home/nuc/ros2_workspace/data_collection_ws/build/data_recorder_ros2
running symlink_data
symbolically linking /home/nuc/ros2_workspace/data_collection_ws/build/data_recorder_ros2/resource/data_recorder_ros2 -> /home/nuc/ros2_workspace/data_collection_ws/install/data_recorder_ros2/share/ament_index/resource_index/packages
symbolically linking /home/nuc/ros2_workspace/data_collection_ws/build/data_recorder_ros2/package.xml -> /home/nuc/ros2_workspace/data_collection_ws/install/data_recorder_ros2/share/data_recorder_ros2
symbolically linking /home/nuc/ros2_workspace/data_collection_ws/build/data_recorder_ros2/launch/scale.launch.py -> /home/nuc/ros2_workspace/data_collection_ws/install/data_recorder_ros2/share/data_recorder_ros2/launch
symbolically linking /home/nuc/ros2_workspace/data_collection_ws/build/data_recorder_ros2/launch/recorder.launch.py -> /home/nuc/ros2_workspace/data_collection_ws/install/data_recorder_ros2/share/data_recorder_ros2/launch
symbolically linking /home/nuc/ros2_workspace/data_collection_ws/build/data_recorder_ros2/launch/data_recorder_bringup.launch.py -> /home/nuc/ros2_workspace/data_collection_ws/install/data_recorder_ros2/share/data_recorder_ros2/launch
symbolically linking /home/nuc/ros2_workspace/data_collection_ws/build/data_recorder_ros2/launch/rs_d435i.launch.py -> /home/nuc/ros2_workspace/data_collection_ws/install/data_recorder_ros2/share/data_recorder_ros2/launch
symbolically linking /home/nuc/ros2_workspace/data_collection_ws/build/data_recorder_ros2/launch/usb_camera.launch.py -> /home/nuc/ros2_workspace/data_collection_ws/install/data_recorder_ros2/share/data_recorder_ros2/launch
symbolically linking /home/nuc/ros2_workspace/data_collection_ws/build/data_recorder_ros2/config/camera1.yaml -> /home/nuc/ros2_workspace/data_collection_ws/install/data_recorder_ros2/share/data_recorder_ros2/config
symbolically linking /home/nuc/ros2_workspace/data_collection_ws/build/data_recorder_ros2/config/camera2.yaml -> /home/nuc/ros2_workspace/data_collection_ws/install/data_recorder_ros2/share/data_recorder_ros2/config
