[0.566s] Invoking command in '/home/nuc/ros2_workspace/data_collection_ws/build/data_recorder_ros2': PYTHONPATH=/home/nuc/ros2_workspace/data_collection_ws/build/data_recorder_ros2/prefix_override:/usr/lib/python3/dist-packages/colcon_core/task/python/colcon_distutils_commands:/home/nuc/ros2_workspace/data_collection_ws/install/data_recorder_ros2/lib/python3.10/site-packages:${PYTHONPATH} /usr/bin/python3 -W ignore:setup.py install is deprecated -W ignore:easy_install command is deprecated setup.py develop --editable --build-directory /home/nuc/ros2_workspace/data_collection_ws/build/data_recorder_ros2/build --no-deps symlink_data --force
[0.800s] running develop
[0.940s] running egg_info
[0.940s] writing data_recorder_ros2.egg-info/PKG-INFO
[0.941s] writing dependency_links to data_recorder_ros2.egg-info/dependency_links.txt
[0.941s] writing entry points to data_recorder_ros2.egg-info/entry_points.txt
[0.941s] writing requirements to data_recorder_ros2.egg-info/requires.txt
[0.941s] writing top-level names to data_recorder_ros2.egg-info/top_level.txt
[0.942s] reading manifest file 'data_recorder_ros2.egg-info/SOURCES.txt'
[0.943s] writing manifest file 'data_recorder_ros2.egg-info/SOURCES.txt'
[0.944s] running build_ext
[0.944s] Creating /home/nuc/ros2_workspace/data_collection_ws/install/data_recorder_ros2/lib/python3.10/site-packages/data-recorder-ros2.egg-link (link to .)
[0.945s] Installing anheng_scale_node script to /home/nuc/ros2_workspace/data_collection_ws/install/data_recorder_ros2/lib/data_recorder_ros2
[0.945s] Installing heartbeat_publisher script to /home/nuc/ros2_workspace/data_collection_ws/install/data_recorder_ros2/lib/data_recorder_ros2
[0.945s] Installing recorder_service script to /home/nuc/ros2_workspace/data_collection_ws/install/data_recorder_ros2/lib/data_recorder_ros2
[0.945s] 
[0.945s] Installed /home/nuc/ros2_workspace/data_collection_ws/build/data_recorder_ros2
[0.945s] running symlink_data
[0.945s] symbolically linking /home/nuc/ros2_workspace/data_collection_ws/build/data_recorder_ros2/resource/data_recorder_ros2 -> /home/nuc/ros2_workspace/data_collection_ws/install/data_recorder_ros2/share/ament_index/resource_index/packages
[0.945s] symbolically linking /home/nuc/ros2_workspace/data_collection_ws/build/data_recorder_ros2/package.xml -> /home/nuc/ros2_workspace/data_collection_ws/install/data_recorder_ros2/share/data_recorder_ros2
[0.945s] symbolically linking /home/nuc/ros2_workspace/data_collection_ws/build/data_recorder_ros2/launch/scale.launch.py -> /home/nuc/ros2_workspace/data_collection_ws/install/data_recorder_ros2/share/data_recorder_ros2/launch
[0.945s] symbolically linking /home/nuc/ros2_workspace/data_collection_ws/build/data_recorder_ros2/launch/recorder.launch.py -> /home/nuc/ros2_workspace/data_collection_ws/install/data_recorder_ros2/share/data_recorder_ros2/launch
[0.945s] symbolically linking /home/nuc/ros2_workspace/data_collection_ws/build/data_recorder_ros2/launch/data_recorder_bringup.launch.py -> /home/nuc/ros2_workspace/data_collection_ws/install/data_recorder_ros2/share/data_recorder_ros2/launch
[0.945s] symbolically linking /home/nuc/ros2_workspace/data_collection_ws/build/data_recorder_ros2/launch/rs_d435i.launch.py -> /home/nuc/ros2_workspace/data_collection_ws/install/data_recorder_ros2/share/data_recorder_ros2/launch
[0.945s] symbolically linking /home/nuc/ros2_workspace/data_collection_ws/build/data_recorder_ros2/launch/usb_camera.launch.py -> /home/nuc/ros2_workspace/data_collection_ws/install/data_recorder_ros2/share/data_recorder_ros2/launch
[0.945s] symbolically linking /home/nuc/ros2_workspace/data_collection_ws/build/data_recorder_ros2/config/camera1.yaml -> /home/nuc/ros2_workspace/data_collection_ws/install/data_recorder_ros2/share/data_recorder_ros2/config
[0.945s] symbolically linking /home/nuc/ros2_workspace/data_collection_ws/build/data_recorder_ros2/config/camera2.yaml -> /home/nuc/ros2_workspace/data_collection_ws/install/data_recorder_ros2/share/data_recorder_ros2/config
[0.965s] Invoked command in '/home/nuc/ros2_workspace/data_collection_ws/build/data_recorder_ros2' returned '0': PYTHONPATH=/home/nuc/ros2_workspace/data_collection_ws/build/data_recorder_ros2/prefix_override:/usr/lib/python3/dist-packages/colcon_core/task/python/colcon_distutils_commands:/home/nuc/ros2_workspace/data_collection_ws/install/data_recorder_ros2/lib/python3.10/site-packages:${PYTHONPATH} /usr/bin/python3 -W ignore:setup.py install is deprecated -W ignore:easy_install command is deprecated setup.py develop --editable --build-directory /home/nuc/ros2_workspace/data_collection_ws/build/data_recorder_ros2/build --no-deps symlink_data --force
