[0.599s] Invoking command in '/home/bryce/ros2_workspace/data_collection_ws/src/data_recorder_ros2': CMAKE_PREFIX_PATH=/home/bryce/ros2_workspace/data_collection_ws/install/data_recorder_interfaces:/home/bryce/ros2_workspace/data_collection_ws/install/open_cyber_glove_ros2 LD_LIBRARY_PATH=/home/bryce/ros2_workspace/data_collection_ws/install/data_recorder_interfaces/lib:/home/bryce/ros2_workspace/data_collection_ws/install/open_cyber_glove_ros2/lib:/usr/local/cuda-13.0/lib64:/opt/ros/humble/opt/rviz_ogre_vendor/lib:/opt/ros/humble/lib/x86_64-linux-gnu:/opt/ros/humble/lib:/home/bryce/.mujoco/mujoco210/bin PYTHONPATH=/home/bryce/ros2_workspace/data_collection_ws/build/data_recorder_ros2/prefix_override:/usr/lib/python3/dist-packages/colcon_core/task/python/colcon_distutils_commands:/home/bryce/ros2_workspace/data_collection_ws/install/data_recorder_ros2/lib/python3.10/site-packages:${PYTHONPATH} /usr/bin/python3 -W ignore:setup.py install is deprecated -W ignore:easy_install command is deprecated setup.py egg_info --egg-base ../../build/data_recorder_ros2 build --build-base /home/bryce/ros2_workspace/data_collection_ws/build/data_recorder_ros2/build install --record /home/bryce/ros2_workspace/data_collection_ws/build/data_recorder_ros2/install.log --single-version-externally-managed install_data
[0.825s] running egg_info
[0.826s] writing ../../build/data_recorder_ros2/data_recorder_ros2.egg-info/PKG-INFO
[0.826s] writing dependency_links to ../../build/data_recorder_ros2/data_recorder_ros2.egg-info/dependency_links.txt
[0.826s] writing entry points to ../../build/data_recorder_ros2/data_recorder_ros2.egg-info/entry_points.txt
[0.826s] writing requirements to ../../build/data_recorder_ros2/data_recorder_ros2.egg-info/requires.txt
[0.826s] writing top-level names to ../../build/data_recorder_ros2/data_recorder_ros2.egg-info/top_level.txt
[0.828s] reading manifest file '../../build/data_recorder_ros2/data_recorder_ros2.egg-info/SOURCES.txt'
[0.829s] writing manifest file '../../build/data_recorder_ros2/data_recorder_ros2.egg-info/SOURCES.txt'
[0.829s] running build
[0.829s] running build_py
[0.829s] copying data_recorder_ros2/recorder_service.py -> /home/bryce/ros2_workspace/data_collection_ws/build/data_recorder_ros2/build/lib/data_recorder_ros2
[0.829s] running install
[0.830s] running install_lib
[0.830s] copying /home/bryce/ros2_workspace/data_collection_ws/build/data_recorder_ros2/build/lib/data_recorder_ros2/recorder_service.py -> /home/bryce/ros2_workspace/data_collection_ws/install/data_recorder_ros2/lib/python3.10/site-packages/data_recorder_ros2
[0.831s] byte-compiling /home/bryce/ros2_workspace/data_collection_ws/install/data_recorder_ros2/lib/python3.10/site-packages/data_recorder_ros2/recorder_service.py to recorder_service.cpython-310.pyc
[0.832s] running install_data
[0.832s] copying launch/data_recorder_bringup.launch.py -> /home/bryce/ros2_workspace/data_collection_ws/install/data_recorder_ros2/share/data_recorder_ros2/launch
[0.832s] copying launch/rs_d435i.launch.py -> /home/bryce/ros2_workspace/data_collection_ws/install/data_recorder_ros2/share/data_recorder_ros2/launch
[0.832s] running install_egg_info
[0.834s] removing '/home/bryce/ros2_workspace/data_collection_ws/install/data_recorder_ros2/lib/python3.10/site-packages/data_recorder_ros2-0.1.0-py3.10.egg-info' (and everything under it)
[0.834s] Copying ../../build/data_recorder_ros2/data_recorder_ros2.egg-info to /home/bryce/ros2_workspace/data_collection_ws/install/data_recorder_ros2/lib/python3.10/site-packages/data_recorder_ros2-0.1.0-py3.10.egg-info
[0.834s] running install_scripts
[0.852s] Installing anheng_scale_node script to /home/bryce/ros2_workspace/data_collection_ws/install/data_recorder_ros2/lib/data_recorder_ros2
[0.852s] Installing heartbeat_publisher script to /home/bryce/ros2_workspace/data_collection_ws/install/data_recorder_ros2/lib/data_recorder_ros2
[0.852s] Installing recorder_service script to /home/bryce/ros2_workspace/data_collection_ws/install/data_recorder_ros2/lib/data_recorder_ros2
[0.852s] writing list of installed files to '/home/bryce/ros2_workspace/data_collection_ws/build/data_recorder_ros2/install.log'
[0.876s] Invoked command in '/home/bryce/ros2_workspace/data_collection_ws/src/data_recorder_ros2' returned '0': CMAKE_PREFIX_PATH=/home/bryce/ros2_workspace/data_collection_ws/install/data_recorder_interfaces:/home/bryce/ros2_workspace/data_collection_ws/install/open_cyber_glove_ros2 LD_LIBRARY_PATH=/home/bryce/ros2_workspace/data_collection_ws/install/data_recorder_interfaces/lib:/home/bryce/ros2_workspace/data_collection_ws/install/open_cyber_glove_ros2/lib:/usr/local/cuda-13.0/lib64:/opt/ros/humble/opt/rviz_ogre_vendor/lib:/opt/ros/humble/lib/x86_64-linux-gnu:/opt/ros/humble/lib:/home/bryce/.mujoco/mujoco210/bin PYTHONPATH=/home/bryce/ros2_workspace/data_collection_ws/build/data_recorder_ros2/prefix_override:/usr/lib/python3/dist-packages/colcon_core/task/python/colcon_distutils_commands:/home/bryce/ros2_workspace/data_collection_ws/install/data_recorder_ros2/lib/python3.10/site-packages:${PYTHONPATH} /usr/bin/python3 -W ignore:setup.py install is deprecated -W ignore:easy_install command is deprecated setup.py egg_info --egg-base ../../build/data_recorder_ros2 build --build-base /home/bryce/ros2_workspace/data_collection_ws/build/data_recorder_ros2/build install --record /home/bryce/ros2_workspace/data_collection_ws/build/data_recorder_ros2/install.log --single-version-externally-managed install_data
