running egg_info
creating ../../build/open_cyber_glove_ros2/open_cyber_glove_ros2.egg-info
writing ../../build/open_cyber_glove_ros2/open_cyber_glove_ros2.egg-info/PKG-INFO
writing dependency_links to ../../build/open_cyber_glove_ros2/open_cyber_glove_ros2.egg-info/dependency_links.txt
writing entry points to ../../build/open_cyber_glove_ros2/open_cyber_glove_ros2.egg-info/entry_points.txt
writing requirements to ../../build/open_cyber_glove_ros2/open_cyber_glove_ros2.egg-info/requires.txt
writing top-level names to ../../build/open_cyber_glove_ros2/open_cyber_glove_ros2.egg-info/top_level.txt
writing manifest file '../../build/open_cyber_glove_ros2/open_cyber_glove_ros2.egg-info/SOURCES.txt'
reading manifest file '../../build/open_cyber_glove_ros2/open_cyber_glove_ros2.egg-info/SOURCES.txt'
writing manifest file '../../build/open_cyber_glove_ros2/open_cyber_glove_ros2.egg-info/SOURCES.txt'
running build
running build_py
creating /home/bryce/ros2_workspace/data_collection_ws/build/open_cyber_glove_ros2/build
creating /home/bryce/ros2_workspace/data_collection_ws/build/open_cyber_glove_ros2/build/lib
creating /home/bryce/ros2_workspace/data_collection_ws/build/open_cyber_glove_ros2/build/lib/open_cyber_glove_ros2
copying open_cyber_glove_ros2/glove_joint_state_dual_publisher.py -> /home/bryce/ros2_workspace/data_collection_ws/build/open_cyber_glove_ros2/build/lib/open_cyber_glove_ros2
copying open_cyber_glove_ros2/visualizer_node.py -> /home/bryce/ros2_workspace/data_collection_ws/build/open_cyber_glove_ros2/build/lib/open_cyber_glove_ros2
copying open_cyber_glove_ros2/glove_to_2fingle_gripper.py -> /home/bryce/ros2_workspace/data_collection_ws/build/open_cyber_glove_ros2/build/lib/open_cyber_glove_ros2
copying open_cyber_glove_ros2/data_node.py -> /home/bryce/ros2_workspace/data_collection_ws/build/open_cyber_glove_ros2/build/lib/open_cyber_glove_ros2
copying open_cyber_glove_ros2/__init__.py -> /home/bryce/ros2_workspace/data_collection_ws/build/open_cyber_glove_ros2/build/lib/open_cyber_glove_ros2
running install
running install_lib
creating /home/bryce/ros2_workspace/data_collection_ws/install/open_cyber_glove_ros2/lib/python3.10/site-packages/open_cyber_glove_ros2
copying /home/bryce/ros2_workspace/data_collection_ws/build/open_cyber_glove_ros2/build/lib/open_cyber_glove_ros2/glove_joint_state_dual_publisher.py -> /home/bryce/ros2_workspace/data_collection_ws/install/open_cyber_glove_ros2/lib/python3.10/site-packages/open_cyber_glove_ros2
copying /home/bryce/ros2_workspace/data_collection_ws/build/open_cyber_glove_ros2/build/lib/open_cyber_glove_ros2/visualizer_node.py -> /home/bryce/ros2_workspace/data_collection_ws/install/open_cyber_glove_ros2/lib/python3.10/site-packages/open_cyber_glove_ros2
copying /home/bryce/ros2_workspace/data_collection_ws/build/open_cyber_glove_ros2/build/lib/open_cyber_glove_ros2/glove_to_2fingle_gripper.py -> /home/bryce/ros2_workspace/data_collection_ws/install/open_cyber_glove_ros2/lib/python3.10/site-packages/open_cyber_glove_ros2
copying /home/bryce/ros2_workspace/data_collection_ws/build/open_cyber_glove_ros2/build/lib/open_cyber_glove_ros2/data_node.py -> /home/bryce/ros2_workspace/data_collection_ws/install/open_cyber_glove_ros2/lib/python3.10/site-packages/open_cyber_glove_ros2
copying /home/bryce/ros2_workspace/data_collection_ws/build/open_cyber_glove_ros2/build/lib/open_cyber_glove_ros2/__init__.py -> /home/bryce/ros2_workspace/data_collection_ws/install/open_cyber_glove_ros2/lib/python3.10/site-packages/open_cyber_glove_ros2
byte-compiling /home/bryce/ros2_workspace/data_collection_ws/install/open_cyber_glove_ros2/lib/python3.10/site-packages/open_cyber_glove_ros2/glove_joint_state_dual_publisher.py to glove_joint_state_dual_publisher.cpython-310.pyc
byte-compiling /home/bryce/ros2_workspace/data_collection_ws/install/open_cyber_glove_ros2/lib/python3.10/site-packages/open_cyber_glove_ros2/visualizer_node.py to visualizer_node.cpython-310.pyc
byte-compiling /home/bryce/ros2_workspace/data_collection_ws/install/open_cyber_glove_ros2/lib/python3.10/site-packages/open_cyber_glove_ros2/glove_to_2fingle_gripper.py to glove_to_2fingle_gripper.cpython-310.pyc
byte-compiling /home/bryce/ros2_workspace/data_collection_ws/install/open_cyber_glove_ros2/lib/python3.10/site-packages/open_cyber_glove_ros2/data_node.py to data_node.cpython-310.pyc
byte-compiling /home/bryce/ros2_workspace/data_collection_ws/install/open_cyber_glove_ros2/lib/python3.10/site-packages/open_cyber_glove_ros2/__init__.py to __init__.cpython-310.pyc
running install_data
error: can't copy 'resource/open_cyber_glove_ros2': doesn't exist or not a regular file
