[0.799s] Invoking command in '/home/bryce/ros2_workspace/data_collection_ws/src/open_cyber_glove_ros2': PYTHONPATH=/home/bryce/ros2_workspace/data_collection_ws/build/open_cyber_glove_ros2/prefix_override:/usr/lib/python3/dist-packages/colcon_core/task/python/colcon_distutils_commands:/home/bryce/ros2_workspace/data_collection_ws/install/open_cyber_glove_ros2/lib/python3.10/site-packages:${PYTHONPATH} /usr/bin/python3 -W ignore:setup.py install is deprecated -W ignore:easy_install command is deprecated setup.py egg_info --egg-base ../../build/open_cyber_glove_ros2 build --build-base /home/bryce/ros2_workspace/data_collection_ws/build/open_cyber_glove_ros2/build install --record /home/bryce/ros2_workspace/data_collection_ws/build/open_cyber_glove_ros2/install.log --single-version-externally-managed install_data
[1.008s] running egg_info
[1.008s] creating ../../build/open_cyber_glove_ros2/open_cyber_glove_ros2.egg-info
[1.008s] writing ../../build/open_cyber_glove_ros2/open_cyber_glove_ros2.egg-info/PKG-INFO
[1.008s] writing dependency_links to ../../build/open_cyber_glove_ros2/open_cyber_glove_ros2.egg-info/dependency_links.txt
[1.008s] writing entry points to ../../build/open_cyber_glove_ros2/open_cyber_glove_ros2.egg-info/entry_points.txt
[1.009s] writing requirements to ../../build/open_cyber_glove_ros2/open_cyber_glove_ros2.egg-info/requires.txt
[1.009s] writing top-level names to ../../build/open_cyber_glove_ros2/open_cyber_glove_ros2.egg-info/top_level.txt
[1.009s] writing manifest file '../../build/open_cyber_glove_ros2/open_cyber_glove_ros2.egg-info/SOURCES.txt'
[1.011s] reading manifest file '../../build/open_cyber_glove_ros2/open_cyber_glove_ros2.egg-info/SOURCES.txt'
[1.011s] writing manifest file '../../build/open_cyber_glove_ros2/open_cyber_glove_ros2.egg-info/SOURCES.txt'
[1.011s] running build
[1.011s] running build_py
[1.011s] creating /home/bryce/ros2_workspace/data_collection_ws/build/open_cyber_glove_ros2/build
[1.011s] creating /home/bryce/ros2_workspace/data_collection_ws/build/open_cyber_glove_ros2/build/lib
[1.011s] creating /home/bryce/ros2_workspace/data_collection_ws/build/open_cyber_glove_ros2/build/lib/open_cyber_glove_ros2
[1.011s] copying open_cyber_glove_ros2/glove_joint_state_dual_publisher.py -> /home/bryce/ros2_workspace/data_collection_ws/build/open_cyber_glove_ros2/build/lib/open_cyber_glove_ros2
[1.012s] copying open_cyber_glove_ros2/visualizer_node.py -> /home/bryce/ros2_workspace/data_collection_ws/build/open_cyber_glove_ros2/build/lib/open_cyber_glove_ros2
[1.012s] copying open_cyber_glove_ros2/glove_to_2fingle_gripper.py -> /home/bryce/ros2_workspace/data_collection_ws/build/open_cyber_glove_ros2/build/lib/open_cyber_glove_ros2
[1.012s] copying open_cyber_glove_ros2/data_node.py -> /home/bryce/ros2_workspace/data_collection_ws/build/open_cyber_glove_ros2/build/lib/open_cyber_glove_ros2
[1.012s] copying open_cyber_glove_ros2/__init__.py -> /home/bryce/ros2_workspace/data_collection_ws/build/open_cyber_glove_ros2/build/lib/open_cyber_glove_ros2
[1.012s] running install
[1.012s] running install_lib
[1.013s] creating /home/bryce/ros2_workspace/data_collection_ws/install/open_cyber_glove_ros2/lib/python3.10/site-packages/open_cyber_glove_ros2
[1.013s] copying /home/bryce/ros2_workspace/data_collection_ws/build/open_cyber_glove_ros2/build/lib/open_cyber_glove_ros2/glove_joint_state_dual_publisher.py -> /home/bryce/ros2_workspace/data_collection_ws/install/open_cyber_glove_ros2/lib/python3.10/site-packages/open_cyber_glove_ros2
[1.013s] copying /home/bryce/ros2_workspace/data_collection_ws/build/open_cyber_glove_ros2/build/lib/open_cyber_glove_ros2/visualizer_node.py -> /home/bryce/ros2_workspace/data_collection_ws/install/open_cyber_glove_ros2/lib/python3.10/site-packages/open_cyber_glove_ros2
[1.013s] copying /home/bryce/ros2_workspace/data_collection_ws/build/open_cyber_glove_ros2/build/lib/open_cyber_glove_ros2/glove_to_2fingle_gripper.py -> /home/bryce/ros2_workspace/data_collection_ws/install/open_cyber_glove_ros2/lib/python3.10/site-packages/open_cyber_glove_ros2
[1.013s] copying /home/bryce/ros2_workspace/data_collection_ws/build/open_cyber_glove_ros2/build/lib/open_cyber_glove_ros2/data_node.py -> /home/bryce/ros2_workspace/data_collection_ws/install/open_cyber_glove_ros2/lib/python3.10/site-packages/open_cyber_glove_ros2
[1.013s] copying /home/bryce/ros2_workspace/data_collection_ws/build/open_cyber_glove_ros2/build/lib/open_cyber_glove_ros2/__init__.py -> /home/bryce/ros2_workspace/data_collection_ws/install/open_cyber_glove_ros2/lib/python3.10/site-packages/open_cyber_glove_ros2
[1.013s] byte-compiling /home/bryce/ros2_workspace/data_collection_ws/install/open_cyber_glove_ros2/lib/python3.10/site-packages/open_cyber_glove_ros2/glove_joint_state_dual_publisher.py to glove_joint_state_dual_publisher.cpython-310.pyc
[1.014s] byte-compiling /home/bryce/ros2_workspace/data_collection_ws/install/open_cyber_glove_ros2/lib/python3.10/site-packages/open_cyber_glove_ros2/visualizer_node.py to visualizer_node.cpython-310.pyc
[1.015s] byte-compiling /home/bryce/ros2_workspace/data_collection_ws/install/open_cyber_glove_ros2/lib/python3.10/site-packages/open_cyber_glove_ros2/glove_to_2fingle_gripper.py to glove_to_2fingle_gripper.cpython-310.pyc
[1.015s] byte-compiling /home/bryce/ros2_workspace/data_collection_ws/install/open_cyber_glove_ros2/lib/python3.10/site-packages/open_cyber_glove_ros2/data_node.py to data_node.cpython-310.pyc
[1.016s] byte-compiling /home/bryce/ros2_workspace/data_collection_ws/install/open_cyber_glove_ros2/lib/python3.10/site-packages/open_cyber_glove_ros2/__init__.py to __init__.cpython-310.pyc
[1.016s] running install_data
[1.016s] error: can't copy 'resource/open_cyber_glove_ros2': doesn't exist or not a regular file
[1.033s] Invoked command in '/home/bryce/ros2_workspace/data_collection_ws/src/open_cyber_glove_ros2' returned '1': PYTHONPATH=/home/bryce/ros2_workspace/data_collection_ws/build/open_cyber_glove_ros2/prefix_override:/usr/lib/python3/dist-packages/colcon_core/task/python/colcon_distutils_commands:/home/bryce/ros2_workspace/data_collection_ws/install/open_cyber_glove_ros2/lib/python3.10/site-packages:${PYTHONPATH} /usr/bin/python3 -W ignore:setup.py install is deprecated -W ignore:easy_install command is deprecated setup.py egg_info --egg-base ../../build/open_cyber_glove_ros2 build --build-base /home/bryce/ros2_workspace/data_collection_ws/build/open_cyber_glove_ros2/build install --record /home/bryce/ros2_workspace/data_collection_ws/build/open_cyber_glove_ros2/install.log --single-version-externally-managed install_data
