running egg_info
creating ../../build/piper_teleop/piper_teleop.egg-info
writing ../../build/piper_teleop/piper_teleop.egg-info/PKG-INFO
writing dependency_links to ../../build/piper_teleop/piper_teleop.egg-info/dependency_links.txt
writing entry points to ../../build/piper_teleop/piper_teleop.egg-info/entry_points.txt
writing requirements to ../../build/piper_teleop/piper_teleop.egg-info/requires.txt
writing top-level names to ../../build/piper_teleop/piper_teleop.egg-info/top_level.txt
writing manifest file '../../build/piper_teleop/piper_teleop.egg-info/SOURCES.txt'
reading manifest file '../../build/piper_teleop/piper_teleop.egg-info/SOURCES.txt'
writing manifest file '../../build/piper_teleop/piper_teleop.egg-info/SOURCES.txt'
running build
running build_py
creating /home/nuc/ros2_workspace/data_collection_ws/build/piper_teleop/build
creating /home/nuc/ros2_workspace/data_collection_ws/build/piper_teleop/build/lib
creating /home/nuc/ros2_workspace/data_collection_ws/build/piper_teleop/build/lib/piper_teleop
copying piper_teleop/__init__.py -> /home/nuc/ros2_workspace/data_collection_ws/build/piper_teleop/build/lib/piper_teleop
copying piper_teleop/teleop_node.py -> /home/nuc/ros2_workspace/data_collection_ws/build/piper_teleop/build/lib/piper_teleop
copying piper_teleop/teleop_absolute_wrist.py -> /home/nuc/ros2_workspace/data_collection_ws/build/piper_teleop/build/lib/piper_teleop
running install
running install_lib
creating /home/nuc/ros2_workspace/data_collection_ws/install/piper_teleop/lib/python3.10/site-packages/piper_teleop
copying /home/nuc/ros2_workspace/data_collection_ws/build/piper_teleop/build/lib/piper_teleop/__init__.py -> /home/nuc/ros2_workspace/data_collection_ws/install/piper_teleop/lib/python3.10/site-packages/piper_teleop
copying /home/nuc/ros2_workspace/data_collection_ws/build/piper_teleop/build/lib/piper_teleop/teleop_node.py -> /home/nuc/ros2_workspace/data_collection_ws/install/piper_teleop/lib/python3.10/site-packages/piper_teleop
copying /home/nuc/ros2_workspace/data_collection_ws/build/piper_teleop/build/lib/piper_teleop/teleop_absolute_wrist.py -> /home/nuc/ros2_workspace/data_collection_ws/install/piper_teleop/lib/python3.10/site-packages/piper_teleop
byte-compiling /home/nuc/ros2_workspace/data_collection_ws/install/piper_teleop/lib/python3.10/site-packages/piper_teleop/__init__.py to __init__.cpython-310.pyc
byte-compiling /home/nuc/ros2_workspace/data_collection_ws/install/piper_teleop/lib/python3.10/site-packages/piper_teleop/teleop_node.py to teleop_node.cpython-310.pyc
byte-compiling /home/nuc/ros2_workspace/data_collection_ws/install/piper_teleop/lib/python3.10/site-packages/piper_teleop/teleop_absolute_wrist.py to teleop_absolute_wrist.cpython-310.pyc
running install_data
creating /home/nuc/ros2_workspace/data_collection_ws/install/piper_teleop/share/ament_index
creating /home/nuc/ros2_workspace/data_collection_ws/install/piper_teleop/share/ament_index/resource_index
creating /home/nuc/ros2_workspace/data_collection_ws/install/piper_teleop/share/ament_index/resource_index/packages
copying resource/piper_teleop -> /home/nuc/ros2_workspace/data_collection_ws/install/piper_teleop/share/ament_index/resource_index/packages
copying package.xml -> /home/nuc/ros2_workspace/data_collection_ws/install/piper_teleop/share/piper_teleop
running install_egg_info
Copying ../../build/piper_teleop/piper_teleop.egg-info to /home/nuc/ros2_workspace/data_collection_ws/install/piper_teleop/lib/python3.10/site-packages/piper_teleop-0.0.0-py3.10.egg-info
running install_scripts
Installing teleop_absolute_wrist script to /home/nuc/ros2_workspace/data_collection_ws/install/piper_teleop/lib/piper_teleop
Installing teleop_node script to /home/nuc/ros2_workspace/data_collection_ws/install/piper_teleop/lib/piper_teleop
writing list of installed files to '/home/nuc/ros2_workspace/data_collection_ws/build/piper_teleop/install.log'
