[0.522s] Invoking command in '/home/nuc/ros2_workspace/data_collection_ws/src/piper_teleop': PYTHONPATH=/home/nuc/ros2_workspace/data_collection_ws/build/piper_teleop/prefix_override:/usr/lib/python3/dist-packages/colcon_core/task/python/colcon_distutils_commands:/home/nuc/ros2_workspace/data_collection_ws/install/piper_teleop/lib/python3.10/site-packages:${PYTHONPATH} /usr/bin/python3 -W ignore:setup.py install is deprecated -W ignore:easy_install command is deprecated setup.py egg_info --egg-base ../../build/piper_teleop build --build-base /home/nuc/ros2_workspace/data_collection_ws/build/piper_teleop/build install --record /home/nuc/ros2_workspace/data_collection_ws/build/piper_teleop/install.log --single-version-externally-managed install_data
[1.005s] running egg_info
[1.006s] creating ../../build/piper_teleop/piper_teleop.egg-info
[1.006s] writing ../../build/piper_teleop/piper_teleop.egg-info/PKG-INFO
[1.007s] writing dependency_links to ../../build/piper_teleop/piper_teleop.egg-info/dependency_links.txt
[1.007s] writing entry points to ../../build/piper_teleop/piper_teleop.egg-info/entry_points.txt
[1.007s] writing requirements to ../../build/piper_teleop/piper_teleop.egg-info/requires.txt
[1.007s] writing top-level names to ../../build/piper_teleop/piper_teleop.egg-info/top_level.txt
[1.007s] writing manifest file '../../build/piper_teleop/piper_teleop.egg-info/SOURCES.txt'
[1.009s] reading manifest file '../../build/piper_teleop/piper_teleop.egg-info/SOURCES.txt'
[1.009s] writing manifest file '../../build/piper_teleop/piper_teleop.egg-info/SOURCES.txt'
[1.010s] running build
[1.010s] running build_py
[1.011s] creating /home/nuc/ros2_workspace/data_collection_ws/build/piper_teleop/build
[1.011s] creating /home/nuc/ros2_workspace/data_collection_ws/build/piper_teleop/build/lib
[1.011s] creating /home/nuc/ros2_workspace/data_collection_ws/build/piper_teleop/build/lib/piper_teleop
[1.011s] copying piper_teleop/__init__.py -> /home/nuc/ros2_workspace/data_collection_ws/build/piper_teleop/build/lib/piper_teleop
[1.011s] copying piper_teleop/teleop_node.py -> /home/nuc/ros2_workspace/data_collection_ws/build/piper_teleop/build/lib/piper_teleop
[1.011s] copying piper_teleop/teleop_absolute_wrist.py -> /home/nuc/ros2_workspace/data_collection_ws/build/piper_teleop/build/lib/piper_teleop
[1.011s] running install
[1.012s] running install_lib
[1.012s] creating /home/nuc/ros2_workspace/data_collection_ws/install/piper_teleop/lib/python3.10/site-packages/piper_teleop
[1.012s] copying /home/nuc/ros2_workspace/data_collection_ws/build/piper_teleop/build/lib/piper_teleop/__init__.py -> /home/nuc/ros2_workspace/data_collection_ws/install/piper_teleop/lib/python3.10/site-packages/piper_teleop
[1.012s] copying /home/nuc/ros2_workspace/data_collection_ws/build/piper_teleop/build/lib/piper_teleop/teleop_node.py -> /home/nuc/ros2_workspace/data_collection_ws/install/piper_teleop/lib/python3.10/site-packages/piper_teleop
[1.013s] copying /home/nuc/ros2_workspace/data_collection_ws/build/piper_teleop/build/lib/piper_teleop/teleop_absolute_wrist.py -> /home/nuc/ros2_workspace/data_collection_ws/install/piper_teleop/lib/python3.10/site-packages/piper_teleop
[1.015s] byte-compiling /home/nuc/ros2_workspace/data_collection_ws/install/piper_teleop/lib/python3.10/site-packages/piper_teleop/__init__.py to __init__.cpython-310.pyc
[1.015s] byte-compiling /home/nuc/ros2_workspace/data_collection_ws/install/piper_teleop/lib/python3.10/site-packages/piper_teleop/teleop_node.py to teleop_node.cpython-310.pyc
[1.016s] byte-compiling /home/nuc/ros2_workspace/data_collection_ws/install/piper_teleop/lib/python3.10/site-packages/piper_teleop/teleop_absolute_wrist.py to teleop_absolute_wrist.cpython-310.pyc
[1.017s] running install_data
[1.017s] creating /home/nuc/ros2_workspace/data_collection_ws/install/piper_teleop/share/ament_index
[1.017s] creating /home/nuc/ros2_workspace/data_collection_ws/install/piper_teleop/share/ament_index/resource_index
[1.017s] creating /home/nuc/ros2_workspace/data_collection_ws/install/piper_teleop/share/ament_index/resource_index/packages
[1.017s] copying resource/piper_teleop -> /home/nuc/ros2_workspace/data_collection_ws/install/piper_teleop/share/ament_index/resource_index/packages
[1.017s] copying package.xml -> /home/nuc/ros2_workspace/data_collection_ws/install/piper_teleop/share/piper_teleop
[1.017s] running install_egg_info
[1.018s] Copying ../../build/piper_teleop/piper_teleop.egg-info to /home/nuc/ros2_workspace/data_collection_ws/install/piper_teleop/lib/python3.10/site-packages/piper_teleop-0.0.0-py3.10.egg-info
[1.021s] running install_scripts
[1.042s] Installing teleop_absolute_wrist script to /home/nuc/ros2_workspace/data_collection_ws/install/piper_teleop/lib/piper_teleop
[1.043s] Installing teleop_node script to /home/nuc/ros2_workspace/data_collection_ws/install/piper_teleop/lib/piper_teleop
[1.043s] writing list of installed files to '/home/nuc/ros2_workspace/data_collection_ws/build/piper_teleop/install.log'
[1.065s] Invoked command in '/home/nuc/ros2_workspace/data_collection_ws/src/piper_teleop' returned '0': PYTHONPATH=/home/nuc/ros2_workspace/data_collection_ws/build/piper_teleop/prefix_override:/usr/lib/python3/dist-packages/colcon_core/task/python/colcon_distutils_commands:/home/nuc/ros2_workspace/data_collection_ws/install/piper_teleop/lib/python3.10/site-packages:${PYTHONPATH} /usr/bin/python3 -W ignore:setup.py install is deprecated -W ignore:easy_install command is deprecated setup.py egg_info --egg-base ../../build/piper_teleop build --build-base /home/nuc/ros2_workspace/data_collection_ws/build/piper_teleop/build install --record /home/nuc/ros2_workspace/data_collection_ws/build/piper_teleop/install.log --single-version-externally-managed install_data
