[0.138s] [34mcolcon[0m [1;30mDEBUG[0m [32mCommand line arguments: ['/usr/bin/colcon', 'build'][0m
[0.138s] [34mcolcon[0m [1;30mDEBUG[0m [32mParsed command line arguments: Namespace(log_base=None, log_level=None, verb_name='build', build_base='build', install_base='install', merge_install=False, symlink_install=False, test_result_base=None, continue_on_error=False, executor='parallel', parallel_workers=2, event_handlers=None, ignore_user_meta=False, metas=['./colcon.meta'], base_paths=['.'], packages_ignore=None, packages_ignore_regex=None, paths=None, packages_up_to=None, packages_up_to_regex=None, packages_above=None, packages_above_and_dependencies=None, packages_above_depth=None, packages_select_by_dep=None, packages_skip_by_dep=None, packages_skip_up_to=None, packages_select_build_failed=False, packages_skip_build_finished=False, packages_select_test_failures=False, packages_skip_test_passed=False, packages_select=None, packages_skip=None, packages_select_regex=None, packages_skip_regex=None, packages_start=None, packages_end=None, allow_overriding=[], cmake_args=None, cmake_target=None, cmake_target_skip_unavailable=False, cmake_clean_cache=False, cmake_clean_first=False, cmake_force_configure=False, ament_cmake_args=None, catkin_cmake_args=None, catkin_skip_building_tests=False, mixin_files=None, mixin=None, verb_parser=<colcon_mixin.mixin.mixin_argument.MixinArgumentDecorator object at 0x71e9cf32cfa0>, verb_extension=<colcon_core.verb.build.BuildVerb object at 0x71e9cf4e6560>, main=<bound method BuildVerb.main of <colcon_core.verb.build.BuildVerb object at 0x71e9cf4e6560>>, mixin_verb=('build',))[0m
[0.411s] [34mcolcon.colcon_core.package_discovery[0m [1;30mLevel 1[0m discover_packages(colcon_meta) check parameters
[0.411s] [34mcolcon.colcon_core.package_discovery[0m [1;30mLevel 1[0m discover_packages(recursive) check parameters
[0.411s] [34mcolcon.colcon_core.package_discovery[0m [1;30mLevel 1[0m discover_packages(ignore) check parameters
[0.411s] [34mcolcon.colcon_core.package_discovery[0m [1;30mLevel 1[0m discover_packages(path) check parameters
[0.411s] [34mcolcon.colcon_core.package_discovery[0m [1;30mLevel 1[0m discover_packages(colcon_meta) discover
[0.411s] [34mcolcon.colcon_core.package_discovery[0m [1;30mLevel 1[0m discover_packages(recursive) discover
[0.411s] [34mcolcon.colcon_core.package_discovery[0m [1;30mINFO[0m Crawling recursively for packages in '/home/nuc/ros2_workspace/data_collection_ws'
[0.412s] [34mcolcon.colcon_core.package_identification[0m [1;30mLevel 1[0m _identify(.) by extensions ['ignore', 'ignore_ament_install']
[0.412s] [34mcolcon.colcon_core.package_identification[0m [1;30mLevel 1[0m _identify(.) by extension 'ignore'
[0.412s] [34mcolcon.colcon_core.package_identification[0m [1;30mLevel 1[0m _identify(.) by extension 'ignore_ament_install'
[0.412s] [34mcolcon.colcon_core.package_identification[0m [1;30mLevel 1[0m _identify(.) by extensions ['colcon_pkg']
[0.412s] [34mcolcon.colcon_core.package_identification[0m [1;30mLevel 1[0m _identify(.) by extension 'colcon_pkg'
[0.412s] [34mcolcon.colcon_core.package_identification[0m [1;30mLevel 1[0m _identify(.) by extensions ['colcon_meta']
[0.412s] [34mcolcon.colcon_core.package_identification[0m [1;30mLevel 1[0m _identify(.) by extension 'colcon_meta'
[0.412s] [34mcolcon.colcon_core.package_identification[0m [1;30mLevel 1[0m _identify(.) by extensions ['ros']
[0.412s] [34mcolcon.colcon_core.package_identification[0m [1;30mLevel 1[0m _identify(.) by extension 'ros'
[0.426s] [34mcolcon.colcon_core.package_identification[0m [1;30mLevel 1[0m _identify(.) by extensions ['cmake', 'python']
[0.426s] [34mcolcon.colcon_core.package_identification[0m [1;30mLevel 1[0m _identify(.) by extension 'cmake'
[0.426s] [34mcolcon.colcon_core.package_identification[0m [1;30mLevel 1[0m _identify(.) by extension 'python'
[0.426s] [34mcolcon.colcon_core.package_identification[0m [1;30mLevel 1[0m _identify(.) by extensions ['python_setup_py']
[0.426s] [34mcolcon.colcon_core.package_identification[0m [1;30mLevel 1[0m _identify(.) by extension 'python_setup_py'
[0.426s] [34mcolcon.colcon_core.package_identification[0m [1;30mLevel 1[0m _identify(build) by extensions ['ignore', 'ignore_ament_install']
[0.426s] [34mcolcon.colcon_core.package_identification[0m [1;30mLevel 1[0m _identify(build) by extension 'ignore'
[0.426s] [34mcolcon.colcon_core.package_identification[0m [1;30mLevel 1[0m _identify(build) ignored
[0.428s] [34mcolcon.colcon_core.package_identification[0m [1;30mLevel 1[0m _identify(control_server) by extensions ['ignore', 'ignore_ament_install']
[0.428s] [34mcolcon.colcon_core.package_identification[0m [1;30mLevel 1[0m _identify(control_server) by extension 'ignore'
[0.428s] [34mcolcon.colcon_core.package_identification[0m [1;30mLevel 1[0m _identify(control_server) by extension 'ignore_ament_install'
[0.428s] [34mcolcon.colcon_core.package_identification[0m [1;30mLevel 1[0m _identify(control_server) by extensions ['colcon_pkg']
[0.428s] [34mcolcon.colcon_core.package_identification[0m [1;30mLevel 1[0m _identify(control_server) by extension 'colcon_pkg'
[0.428s] [34mcolcon.colcon_core.package_identification[0m [1;30mLevel 1[0m _identify(control_server) by extensions ['colcon_meta']
[0.428s] [34mcolcon.colcon_core.package_identification[0m [1;30mLevel 1[0m _identify(control_server) by extension 'colcon_meta'
[0.428s] [34mcolcon.colcon_core.package_identification[0m [1;30mLevel 1[0m _identify(control_server) by extensions ['ros']
[0.428s] [34mcolcon.colcon_core.package_identification[0m [1;30mLevel 1[0m _identify(control_server) by extension 'ros'
[0.428s] [34mcolcon.colcon_core.package_identification[0m [1;30mLevel 1[0m _identify(control_server) by extensions ['cmake', 'python']
[0.428s] [34mcolcon.colcon_core.package_identification[0m [1;30mLevel 1[0m _identify(control_server) by extension 'cmake'
[0.428s] [34mcolcon.colcon_core.package_identification[0m [1;30mLevel 1[0m _identify(control_server) by extension 'python'
[0.428s] [34mcolcon.colcon_core.package_identification[0m [1;30mLevel 1[0m _identify(control_server) by extensions ['python_setup_py']
[0.428s] [34mcolcon.colcon_core.package_identification[0m [1;30mLevel 1[0m _identify(control_server) by extension 'python_setup_py'
[0.428s] [34mcolcon.colcon_core.package_identification[0m [1;30mLevel 1[0m _identify(install) by extensions ['ignore', 'ignore_ament_install']
[0.428s] [34mcolcon.colcon_core.package_identification[0m [1;30mLevel 1[0m _identify(install) by extension 'ignore'
[0.428s] [34mcolcon.colcon_core.package_identification[0m [1;30mLevel 1[0m _identify(install) ignored
[0.428s] [34mcolcon.colcon_core.package_identification[0m [1;30mLevel 1[0m _identify(log) by extensions ['ignore', 'ignore_ament_install']
[0.428s] [34mcolcon.colcon_core.package_identification[0m [1;30mLevel 1[0m _identify(log) by extension 'ignore'
[0.428s] [34mcolcon.colcon_core.package_identification[0m [1;30mLevel 1[0m _identify(log) ignored
[0.428s] [34mcolcon.colcon_core.package_identification[0m [1;30mLevel 1[0m _identify(src) by extensions ['ignore', 'ignore_ament_install']
[0.428s] [34mcolcon.colcon_core.package_identification[0m [1;30mLevel 1[0m _identify(src) by extension 'ignore'
[0.428s] [34mcolcon.colcon_core.package_identification[0m [1;30mLevel 1[0m _identify(src) by extension 'ignore_ament_install'
[0.428s] [34mcolcon.colcon_core.package_identification[0m [1;30mLevel 1[0m _identify(src) by extensions ['colcon_pkg']
[0.428s] [34mcolcon.colcon_core.package_identification[0m [1;30mLevel 1[0m _identify(src) by extension 'colcon_pkg'
[0.428s] [34mcolcon.colcon_core.package_identification[0m [1;30mLevel 1[0m _identify(src) by extensions ['colcon_meta']
[0.428s] [34mcolcon.colcon_core.package_identification[0m [1;30mLevel 1[0m _identify(src) by extension 'colcon_meta'
[0.428s] [34mcolcon.colcon_core.package_identification[0m [1;30mLevel 1[0m _identify(src) by extensions ['ros']
[0.429s] [34mcolcon.colcon_core.package_identification[0m [1;30mLevel 1[0m _identify(src) by extension 'ros'
[0.429s] [34mcolcon.colcon_core.package_identification[0m [1;30mLevel 1[0m _identify(src) by extensions ['cmake', 'python']
[0.429s] [34mcolcon.colcon_core.package_identification[0m [1;30mLevel 1[0m _identify(src) by extension 'cmake'
[0.429s] [34mcolcon.colcon_core.package_identification[0m [1;30mLevel 1[0m _identify(src) by extension 'python'
[0.429s] [34mcolcon.colcon_core.package_identification[0m [1;30mLevel 1[0m _identify(src) by extensions ['python_setup_py']
[0.429s] [34mcolcon.colcon_core.package_identification[0m [1;30mLevel 1[0m _identify(src) by extension 'python_setup_py'
[0.429s] [34mcolcon.colcon_core.package_identification[0m [1;30mLevel 1[0m _identify(src/camera_bridge) by extensions ['ignore', 'ignore_ament_install']
[0.429s] [34mcolcon.colcon_core.package_identification[0m [1;30mLevel 1[0m _identify(src/camera_bridge) by extension 'ignore'
[0.429s] [34mcolcon.colcon_core.package_identification[0m [1;30mLevel 1[0m _identify(src/camera_bridge) by extension 'ignore_ament_install'
[0.429s] [34mcolcon.colcon_core.package_identification[0m [1;30mLevel 1[0m _identify(src/camera_bridge) by extensions ['colcon_pkg']
[0.429s] [34mcolcon.colcon_core.package_identification[0m [1;30mLevel 1[0m _identify(src/camera_bridge) by extension 'colcon_pkg'
[0.429s] [34mcolcon.colcon_core.package_identification[0m [1;30mLevel 1[0m _identify(src/camera_bridge) by extensions ['colcon_meta']
[0.429s] [34mcolcon.colcon_core.package_identification[0m [1;30mLevel 1[0m _identify(src/camera_bridge) by extension 'colcon_meta'
[0.429s] [34mcolcon.colcon_core.package_identification[0m [1;30mLevel 1[0m _identify(src/camera_bridge) by extensions ['ros']
[0.429s] [34mcolcon.colcon_core.package_identification[0m [1;30mLevel 1[0m _identify(src/camera_bridge) by extension 'ros'
[0.432s] [34mcolcon.colcon_core.package_identification[0m [1;30mDEBUG[0m [32mPackage 'src/camera_bridge' with type 'ros.ament_python' and name 'camera_bridge'[0m
[0.432s] [34mcolcon.colcon_core.package_identification[0m [1;30mLevel 1[0m _identify(src/data_recorder_interfaces) by extensions ['ignore', 'ignore_ament_install']
[0.432s] [34mcolcon.colcon_core.package_identification[0m [1;30mLevel 1[0m _identify(src/data_recorder_interfaces) by extension 'ignore'
[0.432s] [34mcolcon.colcon_core.package_identification[0m [1;30mLevel 1[0m _identify(src/data_recorder_interfaces) by extension 'ignore_ament_install'
[0.432s] [34mcolcon.colcon_core.package_identification[0m [1;30mLevel 1[0m _identify(src/data_recorder_interfaces) by extensions ['colcon_pkg']
[0.432s] [34mcolcon.colcon_core.package_identification[0m [1;30mLevel 1[0m _identify(src/data_recorder_interfaces) by extension 'colcon_pkg'
[0.432s] [34mcolcon.colcon_core.package_identification[0m [1;30mLevel 1[0m _identify(src/data_recorder_interfaces) by extensions ['colcon_meta']
[0.432s] [34mcolcon.colcon_core.package_identification[0m [1;30mLevel 1[0m _identify(src/data_recorder_interfaces) by extension 'colcon_meta'
[0.432s] [34mcolcon.colcon_core.package_identification[0m [1;30mLevel 1[0m _identify(src/data_recorder_interfaces) by extensions ['ros']
[0.432s] [34mcolcon.colcon_core.package_identification[0m [1;30mLevel 1[0m _identify(src/data_recorder_interfaces) by extension 'ros'
[0.433s] [34mcolcon.colcon_core.package_identification[0m [1;30mDEBUG[0m [32mPackage 'src/data_recorder_interfaces' with type 'ros.ament_cmake' and name 'data_recorder_interfaces'[0m
[0.433s] [34mcolcon.colcon_core.package_identification[0m [1;30mLevel 1[0m _identify(src/data_recorder_ros2) by extensions ['ignore', 'ignore_ament_install']
[0.433s] [34mcolcon.colcon_core.package_identification[0m [1;30mLevel 1[0m _identify(src/data_recorder_ros2) by extension 'ignore'
[0.433s] [34mcolcon.colcon_core.package_identification[0m [1;30mLevel 1[0m _identify(src/data_recorder_ros2) by extension 'ignore_ament_install'
[0.433s] [34mcolcon.colcon_core.package_identification[0m [1;30mLevel 1[0m _identify(src/data_recorder_ros2) by extensions ['colcon_pkg']
[0.433s] [34mcolcon.colcon_core.package_identification[0m [1;30mLevel 1[0m _identify(src/data_recorder_ros2) by extension 'colcon_pkg'
[0.433s] [34mcolcon.colcon_core.package_identification[0m [1;30mLevel 1[0m _identify(src/data_recorder_ros2) by extensions ['colcon_meta']
[0.433s] [34mcolcon.colcon_core.package_identification[0m [1;30mLevel 1[0m _identify(src/data_recorder_ros2) by extension 'colcon_meta'
[0.433s] [34mcolcon.colcon_core.package_identification[0m [1;30mLevel 1[0m _identify(src/data_recorder_ros2) by extensions ['ros']
[0.433s] [34mcolcon.colcon_core.package_identification[0m [1;30mLevel 1[0m _identify(src/data_recorder_ros2) by extension 'ros'
[0.434s] [34mcolcon.colcon_core.package_identification[0m [1;30mDEBUG[0m [32mPackage 'src/data_recorder_ros2' with type 'ros.ament_python' and name 'data_recorder_ros2'[0m
[0.434s] [34mcolcon.colcon_core.package_identification[0m [1;30mLevel 1[0m _identify(src/open_cyber_glove) by extensions ['ignore', 'ignore_ament_install']
[0.434s] [34mcolcon.colcon_core.package_identification[0m [1;30mLevel 1[0m _identify(src/open_cyber_glove) by extension 'ignore'
[0.434s] [34mcolcon.colcon_core.package_identification[0m [1;30mLevel 1[0m _identify(src/open_cyber_glove) by extension 'ignore_ament_install'
[0.434s] [34mcolcon.colcon_core.package_identification[0m [1;30mLevel 1[0m _identify(src/open_cyber_glove) by extensions ['colcon_pkg']
[0.434s] [34mcolcon.colcon_core.package_identification[0m [1;30mLevel 1[0m _identify(src/open_cyber_glove) by extension 'colcon_pkg'
[0.434s] [34mcolcon.colcon_core.package_identification[0m [1;30mLevel 1[0m _identify(src/open_cyber_glove) by extensions ['colcon_meta']
[0.434s] [34mcolcon.colcon_core.package_identification[0m [1;30mLevel 1[0m _identify(src/open_cyber_glove) by extension 'colcon_meta'
[0.434s] [34mcolcon.colcon_core.package_identification[0m [1;30mLevel 1[0m _identify(src/open_cyber_glove) by extensions ['ros']
[0.434s] [34mcolcon.colcon_core.package_identification[0m [1;30mLevel 1[0m _identify(src/open_cyber_glove) by extension 'ros'
[0.434s] [34mcolcon.colcon_core.package_identification[0m [1;30mLevel 1[0m _identify(src/open_cyber_glove) by extensions ['cmake', 'python']
[0.434s] [34mcolcon.colcon_core.package_identification[0m [1;30mLevel 1[0m _identify(src/open_cyber_glove) by extension 'cmake'
[0.434s] [34mcolcon.colcon_core.package_identification[0m [1;30mLevel 1[0m _identify(src/open_cyber_glove) by extension 'python'
[0.434s] [34mcolcon.colcon_core.package_identification[0m [1;30mLevel 1[0m _identify(src/open_cyber_glove) by extensions ['python_setup_py']
[0.434s] [34mcolcon.colcon_core.package_identification[0m [1;30mLevel 1[0m _identify(src/open_cyber_glove) by extension 'python_setup_py'
[0.612s] [34mcolcon.colcon_core.package_identification[0m [1;30mDEBUG[0m [32mPackage 'src/open_cyber_glove' with type 'python' and name 'open_cyber_glove'[0m
[0.612s] [34mcolcon.colcon_core.package_identification[0m [1;30mLevel 1[0m _identify(src/open_cyber_glove_ros2) by extensions ['ignore', 'ignore_ament_install']
[0.612s] [34mcolcon.colcon_core.package_identification[0m [1;30mLevel 1[0m _identify(src/open_cyber_glove_ros2) by extension 'ignore'
[0.612s] [34mcolcon.colcon_core.package_identification[0m [1;30mLevel 1[0m _identify(src/open_cyber_glove_ros2) by extension 'ignore_ament_install'
[0.612s] [34mcolcon.colcon_core.package_identification[0m [1;30mLevel 1[0m _identify(src/open_cyber_glove_ros2) by extensions ['colcon_pkg']
[0.612s] [34mcolcon.colcon_core.package_identification[0m [1;30mLevel 1[0m _identify(src/open_cyber_glove_ros2) by extension 'colcon_pkg'
[0.613s] [34mcolcon.colcon_core.package_identification[0m [1;30mLevel 1[0m _identify(src/open_cyber_glove_ros2) by extensions ['colcon_meta']
[0.613s] [34mcolcon.colcon_core.package_identification[0m [1;30mLevel 1[0m _identify(src/open_cyber_glove_ros2) by extension 'colcon_meta'
[0.613s] [34mcolcon.colcon_core.package_identification[0m [1;30mLevel 1[0m _identify(src/open_cyber_glove_ros2) by extensions ['ros']
[0.613s] [34mcolcon.colcon_core.package_identification[0m [1;30mLevel 1[0m _identify(src/open_cyber_glove_ros2) by extension 'ros'
[0.614s] [34mcolcon.colcon_core.package_identification[0m [1;30mDEBUG[0m [32mPackage 'src/open_cyber_glove_ros2' with type 'ros.ament_python' and name 'open_cyber_glove_ros2'[0m
[0.614s] [34mcolcon.colcon_core.package_identification[0m [1;30mLevel 1[0m _identify(src/piper_teleop) by extensions ['ignore', 'ignore_ament_install']
[0.614s] [34mcolcon.colcon_core.package_identification[0m [1;30mLevel 1[0m _identify(src/piper_teleop) by extension 'ignore'
[0.614s] [34mcolcon.colcon_core.package_identification[0m [1;30mLevel 1[0m _identify(src/piper_teleop) by extension 'ignore_ament_install'
[0.614s] [34mcolcon.colcon_core.package_identification[0m [1;30mLevel 1[0m _identify(src/piper_teleop) by extensions ['colcon_pkg']
[0.614s] [34mcolcon.colcon_core.package_identification[0m [1;30mLevel 1[0m _identify(src/piper_teleop) by extension 'colcon_pkg'
[0.614s] [34mcolcon.colcon_core.package_identification[0m [1;30mLevel 1[0m _identify(src/piper_teleop) by extensions ['colcon_meta']
[0.614s] [34mcolcon.colcon_core.package_identification[0m [1;30mLevel 1[0m _identify(src/piper_teleop) by extension 'colcon_meta'
[0.614s] [34mcolcon.colcon_core.package_identification[0m [1;30mLevel 1[0m _identify(src/piper_teleop) by extensions ['ros']
[0.614s] [34mcolcon.colcon_core.package_identification[0m [1;30mLevel 1[0m _identify(src/piper_teleop) by extension 'ros'
[0.616s] [34mcolcon.colcon_core.package_identification[0m [1;30mDEBUG[0m [32mPackage 'src/piper_teleop' with type 'ros.ament_python' and name 'piper_teleop'[0m
[0.616s] [34mcolcon.colcon_core.package_identification[0m [1;30mLevel 1[0m _identify(src/tracker_bridge) by extensions ['ignore', 'ignore_ament_install']
[0.616s] [34mcolcon.colcon_core.package_identification[0m [1;30mLevel 1[0m _identify(src/tracker_bridge) by extension 'ignore'
[0.616s] [34mcolcon.colcon_core.package_identification[0m [1;30mLevel 1[0m _identify(src/tracker_bridge) by extension 'ignore_ament_install'
[0.616s] [34mcolcon.colcon_core.package_identification[0m [1;30mLevel 1[0m _identify(src/tracker_bridge) by extensions ['colcon_pkg']
[0.616s] [34mcolcon.colcon_core.package_identification[0m [1;30mLevel 1[0m _identify(src/tracker_bridge) by extension 'colcon_pkg'
[0.616s] [34mcolcon.colcon_core.package_identification[0m [1;30mLevel 1[0m _identify(src/tracker_bridge) by extensions ['colcon_meta']
[0.616s] [34mcolcon.colcon_core.package_identification[0m [1;30mLevel 1[0m _identify(src/tracker_bridge) by extension 'colcon_meta'
[0.616s] [34mcolcon.colcon_core.package_identification[0m [1;30mLevel 1[0m _identify(src/tracker_bridge) by extensions ['ros']
[0.616s] [34mcolcon.colcon_core.package_identification[0m [1;30mLevel 1[0m _identify(src/tracker_bridge) by extension 'ros'
[0.617s] [34mcolcon.colcon_core.package_identification[0m [1;30mDEBUG[0m [32mPackage 'src/tracker_bridge' with type 'ros.ament_python' and name 'tracker_bridge'[0m
[0.617s] [34mcolcon.colcon_core.package_discovery[0m [1;30mLevel 1[0m discover_packages(recursive) using defaults
[0.617s] [34mcolcon.colcon_core.package_discovery[0m [1;30mLevel 1[0m discover_packages(ignore) discover
[0.617s] [34mcolcon.colcon_core.package_discovery[0m [1;30mLevel 1[0m discover_packages(ignore) using defaults
[0.617s] [34mcolcon.colcon_core.package_discovery[0m [1;30mLevel 1[0m discover_packages(path) discover
[0.617s] [34mcolcon.colcon_core.package_discovery[0m [1;30mLevel 1[0m discover_packages(path) using defaults
[0.635s] [34mcolcon.colcon_core.package_discovery[0m [1;30mLevel 1[0m discover_packages(prefix_path) check parameters
[0.636s] [34mcolcon.colcon_core.package_discovery[0m [1;30mLevel 1[0m discover_packages(prefix_path) discover
[0.639s] [34mcolcon.colcon_installed_package_information.package_discovery[0m [1;30mDEBUG[0m [32mFound 8 installed packages in /home/nuc/ros2_workspace/angus_dexhand_system/install[0m
[0.640s] [34mcolcon.colcon_installed_package_information.package_discovery[0m [1;30mDEBUG[0m [32mFound 8 installed packages in /home/nuc/ros2_workspace/piper_ros/install[0m
[0.640s] [34mcolcon.colcon_installed_package_information.package_discovery[0m [1;30mDEBUG[0m [32mFound 7 installed packages in /home/nuc/ros2_workspace/data_collection_ws/install[0m
[0.641s] [34mcolcon.colcon_installed_package_information.package_discovery[0m [1;30mDEBUG[0m [32mFound 374 installed packages in /opt/ros/humble[0m
[0.643s] [34mcolcon.colcon_core.package_discovery[0m [1;30mLevel 1[0m discover_packages(prefix_path) using defaults
[0.676s] [34mcolcon.colcon_core.verb[0m [1;30mLevel 5[0m set package 'camera_bridge' build argument 'cmake_args' from command line to 'None'
[0.676s] [34mcolcon.colcon_core.verb[0m [1;30mLevel 5[0m set package 'camera_bridge' build argument 'cmake_target' from command line to 'None'
[0.676s] [34mcolcon.colcon_core.verb[0m [1;30mLevel 5[0m set package 'camera_bridge' build argument 'cmake_target_skip_unavailable' from command line to 'False'
[0.676s] [34mcolcon.colcon_core.verb[0m [1;30mLevel 5[0m set package 'camera_bridge' build argument 'cmake_clean_cache' from command line to 'False'
[0.676s] [34mcolcon.colcon_core.verb[0m [1;30mLevel 5[0m set package 'camera_bridge' build argument 'cmake_clean_first' from command line to 'False'
[0.676s] [34mcolcon.colcon_core.verb[0m [1;30mLevel 5[0m set package 'camera_bridge' build argument 'cmake_force_configure' from command line to 'False'
[0.676s] [34mcolcon.colcon_core.verb[0m [1;30mLevel 5[0m set package 'camera_bridge' build argument 'ament_cmake_args' from command line to 'None'
[0.676s] [34mcolcon.colcon_core.verb[0m [1;30mLevel 5[0m set package 'camera_bridge' build argument 'catkin_cmake_args' from command line to 'None'
[0.676s] [34mcolcon.colcon_core.verb[0m [1;30mLevel 5[0m set package 'camera_bridge' build argument 'catkin_skip_building_tests' from command line to 'False'
[0.676s] [34mcolcon.colcon_core.verb[0m [1;30mDEBUG[0m [32mBuilding package 'camera_bridge' with the following arguments: {'ament_cmake_args': None, 'build_base': '/home/nuc/ros2_workspace/data_collection_ws/build/camera_bridge', 'catkin_cmake_args': None, 'catkin_skip_building_tests': False, 'cmake_args': None, 'cmake_clean_cache': False, 'cmake_clean_first': False, 'cmake_force_configure': False, 'cmake_target': None, 'cmake_target_skip_unavailable': False, 'install_base': '/home/nuc/ros2_workspace/data_collection_ws/install/camera_bridge', 'merge_install': False, 'path': '/home/nuc/ros2_workspace/data_collection_ws/src/camera_bridge', 'symlink_install': False, 'test_result_base': None}[0m
[0.676s] [34mcolcon.colcon_core.verb[0m [1;30mLevel 5[0m set package 'data_recorder_interfaces' build argument 'cmake_args' from command line to 'None'
[0.676s] [34mcolcon.colcon_core.verb[0m [1;30mLevel 5[0m set package 'data_recorder_interfaces' build argument 'cmake_target' from command line to 'None'
[0.676s] [34mcolcon.colcon_core.verb[0m [1;30mLevel 5[0m set package 'data_recorder_interfaces' build argument 'cmake_target_skip_unavailable' from command line to 'False'
[0.676s] [34mcolcon.colcon_core.verb[0m [1;30mLevel 5[0m set package 'data_recorder_interfaces' build argument 'cmake_clean_cache' from command line to 'False'
[0.676s] [34mcolcon.colcon_core.verb[0m [1;30mLevel 5[0m set package 'data_recorder_interfaces' build argument 'cmake_clean_first' from command line to 'False'
[0.676s] [34mcolcon.colcon_core.verb[0m [1;30mLevel 5[0m set package 'data_recorder_interfaces' build argument 'cmake_force_configure' from command line to 'False'
[0.676s] [34mcolcon.colcon_core.verb[0m [1;30mLevel 5[0m set package 'data_recorder_interfaces' build argument 'ament_cmake_args' from command line to 'None'
[0.676s] [34mcolcon.colcon_core.verb[0m [1;30mLevel 5[0m set package 'data_recorder_interfaces' build argument 'catkin_cmake_args' from command line to 'None'
[0.676s] [34mcolcon.colcon_core.verb[0m [1;30mLevel 5[0m set package 'data_recorder_interfaces' build argument 'catkin_skip_building_tests' from command line to 'False'
[0.677s] [34mcolcon.colcon_core.verb[0m [1;30mDEBUG[0m [32mBuilding package 'data_recorder_interfaces' with the following arguments: {'ament_cmake_args': None, 'build_base': '/home/nuc/ros2_workspace/data_collection_ws/build/data_recorder_interfaces', 'catkin_cmake_args': None, 'catkin_skip_building_tests': False, 'cmake_args': None, 'cmake_clean_cache': False, 'cmake_clean_first': False, 'cmake_force_configure': False, 'cmake_target': None, 'cmake_target_skip_unavailable': False, 'install_base': '/home/nuc/ros2_workspace/data_collection_ws/install/data_recorder_interfaces', 'merge_install': False, 'path': '/home/nuc/ros2_workspace/data_collection_ws/src/data_recorder_interfaces', 'symlink_install': False, 'test_result_base': None}[0m
[0.677s] [34mcolcon.colcon_core.verb[0m [1;30mLevel 5[0m set package 'open_cyber_glove' build argument 'cmake_args' from command line to 'None'
[0.677s] [34mcolcon.colcon_core.verb[0m [1;30mLevel 5[0m set package 'open_cyber_glove' build argument 'cmake_target' from command line to 'None'
[0.677s] [34mcolcon.colcon_core.verb[0m [1;30mLevel 5[0m set package 'open_cyber_glove' build argument 'cmake_target_skip_unavailable' from command line to 'False'
[0.677s] [34mcolcon.colcon_core.verb[0m [1;30mLevel 5[0m set package 'open_cyber_glove' build argument 'cmake_clean_cache' from command line to 'False'
[0.677s] [34mcolcon.colcon_core.verb[0m [1;30mLevel 5[0m set package 'open_cyber_glove' build argument 'cmake_clean_first' from command line to 'False'
[0.677s] [34mcolcon.colcon_core.verb[0m [1;30mLevel 5[0m set package 'open_cyber_glove' build argument 'cmake_force_configure' from command line to 'False'
[0.677s] [34mcolcon.colcon_core.verb[0m [1;30mLevel 5[0m set package 'open_cyber_glove' build argument 'ament_cmake_args' from command line to 'None'
[0.677s] [34mcolcon.colcon_core.verb[0m [1;30mLevel 5[0m set package 'open_cyber_glove' build argument 'catkin_cmake_args' from command line to 'None'
[0.677s] [34mcolcon.colcon_core.verb[0m [1;30mLevel 5[0m set package 'open_cyber_glove' build argument 'catkin_skip_building_tests' from command line to 'False'
[0.677s] [34mcolcon.colcon_core.verb[0m [1;30mDEBUG[0m [32mBuilding package 'open_cyber_glove' with the following arguments: {'ament_cmake_args': None, 'build_base': '/home/nuc/ros2_workspace/data_collection_ws/build/open_cyber_glove', 'catkin_cmake_args': None, 'catkin_skip_building_tests': False, 'cmake_args': None, 'cmake_clean_cache': False, 'cmake_clean_first': False, 'cmake_force_configure': False, 'cmake_target': None, 'cmake_target_skip_unavailable': False, 'install_base': '/home/nuc/ros2_workspace/data_collection_ws/install/open_cyber_glove', 'merge_install': False, 'path': '/home/nuc/ros2_workspace/data_collection_ws/src/open_cyber_glove', 'symlink_install': False, 'test_result_base': None}[0m
[0.677s] [34mcolcon.colcon_core.verb[0m [1;30mLevel 5[0m set package 'open_cyber_glove_ros2' build argument 'cmake_args' from command line to 'None'
[0.677s] [34mcolcon.colcon_core.verb[0m [1;30mLevel 5[0m set package 'open_cyber_glove_ros2' build argument 'cmake_target' from command line to 'None'
[0.677s] [34mcolcon.colcon_core.verb[0m [1;30mLevel 5[0m set package 'open_cyber_glove_ros2' build argument 'cmake_target_skip_unavailable' from command line to 'False'
[0.677s] [34mcolcon.colcon_core.verb[0m [1;30mLevel 5[0m set package 'open_cyber_glove_ros2' build argument 'cmake_clean_cache' from command line to 'False'
[0.677s] [34mcolcon.colcon_core.verb[0m [1;30mLevel 5[0m set package 'open_cyber_glove_ros2' build argument 'cmake_clean_first' from command line to 'False'
[0.677s] [34mcolcon.colcon_core.verb[0m [1;30mLevel 5[0m set package 'open_cyber_glove_ros2' build argument 'cmake_force_configure' from command line to 'False'
[0.677s] [34mcolcon.colcon_core.verb[0m [1;30mLevel 5[0m set package 'open_cyber_glove_ros2' build argument 'ament_cmake_args' from command line to 'None'
[0.677s] [34mcolcon.colcon_core.verb[0m [1;30mLevel 5[0m set package 'open_cyber_glove_ros2' build argument 'catkin_cmake_args' from command line to 'None'
[0.677s] [34mcolcon.colcon_core.verb[0m [1;30mLevel 5[0m set package 'open_cyber_glove_ros2' build argument 'catkin_skip_building_tests' from command line to 'False'
[0.677s] [34mcolcon.colcon_core.verb[0m [1;30mDEBUG[0m [32mBuilding package 'open_cyber_glove_ros2' with the following arguments: {'ament_cmake_args': None, 'build_base': '/home/nuc/ros2_workspace/data_collection_ws/build/open_cyber_glove_ros2', 'catkin_cmake_args': None, 'catkin_skip_building_tests': False, 'cmake_args': None, 'cmake_clean_cache': False, 'cmake_clean_first': False, 'cmake_force_configure': False, 'cmake_target': None, 'cmake_target_skip_unavailable': False, 'install_base': '/home/nuc/ros2_workspace/data_collection_ws/install/open_cyber_glove_ros2', 'merge_install': False, 'path': '/home/nuc/ros2_workspace/data_collection_ws/src/open_cyber_glove_ros2', 'symlink_install': False, 'test_result_base': None}[0m
[0.677s] [34mcolcon.colcon_core.verb[0m [1;30mLevel 5[0m set package 'piper_teleop' build argument 'cmake_args' from command line to 'None'
[0.677s] [34mcolcon.colcon_core.verb[0m [1;30mLevel 5[0m set package 'piper_teleop' build argument 'cmake_target' from command line to 'None'
[0.677s] [34mcolcon.colcon_core.verb[0m [1;30mLevel 5[0m set package 'piper_teleop' build argument 'cmake_target_skip_unavailable' from command line to 'False'
[0.677s] [34mcolcon.colcon_core.verb[0m [1;30mLevel 5[0m set package 'piper_teleop' build argument 'cmake_clean_cache' from command line to 'False'
[0.677s] [34mcolcon.colcon_core.verb[0m [1;30mLevel 5[0m set package 'piper_teleop' build argument 'cmake_clean_first' from command line to 'False'
[0.677s] [34mcolcon.colcon_core.verb[0m [1;30mLevel 5[0m set package 'piper_teleop' build argument 'cmake_force_configure' from command line to 'False'
[0.677s] [34mcolcon.colcon_core.verb[0m [1;30mLevel 5[0m set package 'piper_teleop' build argument 'ament_cmake_args' from command line to 'None'
[0.677s] [34mcolcon.colcon_core.verb[0m [1;30mLevel 5[0m set package 'piper_teleop' build argument 'catkin_cmake_args' from command line to 'None'
[0.677s] [34mcolcon.colcon_core.verb[0m [1;30mLevel 5[0m set package 'piper_teleop' build argument 'catkin_skip_building_tests' from command line to 'False'
[0.677s] [34mcolcon.colcon_core.verb[0m [1;30mDEBUG[0m [32mBuilding package 'piper_teleop' with the following arguments: {'ament_cmake_args': None, 'build_base': '/home/nuc/ros2_workspace/data_collection_ws/build/piper_teleop', 'catkin_cmake_args': None, 'catkin_skip_building_tests': False, 'cmake_args': None, 'cmake_clean_cache': False, 'cmake_clean_first': False, 'cmake_force_configure': False, 'cmake_target': None, 'cmake_target_skip_unavailable': False, 'install_base': '/home/nuc/ros2_workspace/data_collection_ws/install/piper_teleop', 'merge_install': False, 'path': '/home/nuc/ros2_workspace/data_collection_ws/src/piper_teleop', 'symlink_install': False, 'test_result_base': None}[0m
[0.677s] [34mcolcon.colcon_core.verb[0m [1;30mLevel 5[0m set package 'tracker_bridge' build argument 'cmake_args' from command line to 'None'
[0.677s] [34mcolcon.colcon_core.verb[0m [1;30mLevel 5[0m set package 'tracker_bridge' build argument 'cmake_target' from command line to 'None'
[0.677s] [34mcolcon.colcon_core.verb[0m [1;30mLevel 5[0m set package 'tracker_bridge' build argument 'cmake_target_skip_unavailable' from command line to 'False'
[0.677s] [34mcolcon.colcon_core.verb[0m [1;30mLevel 5[0m set package 'tracker_bridge' build argument 'cmake_clean_cache' from command line to 'False'
[0.677s] [34mcolcon.colcon_core.verb[0m [1;30mLevel 5[0m set package 'tracker_bridge' build argument 'cmake_clean_first' from command line to 'False'
[0.677s] [34mcolcon.colcon_core.verb[0m [1;30mLevel 5[0m set package 'tracker_bridge' build argument 'cmake_force_configure' from command line to 'False'
[0.677s] [34mcolcon.colcon_core.verb[0m [1;30mLevel 5[0m set package 'tracker_bridge' build argument 'ament_cmake_args' from command line to 'None'
[0.677s] [34mcolcon.colcon_core.verb[0m [1;30mLevel 5[0m set package 'tracker_bridge' build argument 'catkin_cmake_args' from command line to 'None'
[0.677s] [34mcolcon.colcon_core.verb[0m [1;30mLevel 5[0m set package 'tracker_bridge' build argument 'catkin_skip_building_tests' from command line to 'False'
[0.677s] [34mcolcon.colcon_core.verb[0m [1;30mDEBUG[0m [32mBuilding package 'tracker_bridge' with the following arguments: {'ament_cmake_args': None, 'build_base': '/home/nuc/ros2_workspace/data_collection_ws/build/tracker_bridge', 'catkin_cmake_args': None, 'catkin_skip_building_tests': False, 'cmake_args': None, 'cmake_clean_cache': False, 'cmake_clean_first': False, 'cmake_force_configure': False, 'cmake_target': None, 'cmake_target_skip_unavailable': False, 'install_base': '/home/nuc/ros2_workspace/data_collection_ws/install/tracker_bridge', 'merge_install': False, 'path': '/home/nuc/ros2_workspace/data_collection_ws/src/tracker_bridge', 'symlink_install': False, 'test_result_base': None}[0m
[0.678s] [34mcolcon.colcon_core.verb[0m [1;30mLevel 5[0m set package 'data_recorder_ros2' build argument 'cmake_args' from command line to 'None'
[0.678s] [34mcolcon.colcon_core.verb[0m [1;30mLevel 5[0m set package 'data_recorder_ros2' build argument 'cmake_target' from command line to 'None'
[0.678s] [34mcolcon.colcon_core.verb[0m [1;30mLevel 5[0m set package 'data_recorder_ros2' build argument 'cmake_target_skip_unavailable' from command line to 'False'
[0.678s] [34mcolcon.colcon_core.verb[0m [1;30mLevel 5[0m set package 'data_recorder_ros2' build argument 'cmake_clean_cache' from command line to 'False'
[0.678s] [34mcolcon.colcon_core.verb[0m [1;30mLevel 5[0m set package 'data_recorder_ros2' build argument 'cmake_clean_first' from command line to 'False'
[0.678s] [34mcolcon.colcon_core.verb[0m [1;30mLevel 5[0m set package 'data_recorder_ros2' build argument 'cmake_force_configure' from command line to 'False'
[0.678s] [34mcolcon.colcon_core.verb[0m [1;30mLevel 5[0m set package 'data_recorder_ros2' build argument 'ament_cmake_args' from command line to 'None'
[0.678s] [34mcolcon.colcon_core.verb[0m [1;30mLevel 5[0m set package 'data_recorder_ros2' build argument 'catkin_cmake_args' from command line to 'None'
[0.678s] [34mcolcon.colcon_core.verb[0m [1;30mLevel 5[0m set package 'data_recorder_ros2' build argument 'catkin_skip_building_tests' from command line to 'False'
[0.678s] [34mcolcon.colcon_core.verb[0m [1;30mDEBUG[0m [32mBuilding package 'data_recorder_ros2' with the following arguments: {'ament_cmake_args': None, 'build_base': '/home/nuc/ros2_workspace/data_collection_ws/build/data_recorder_ros2', 'catkin_cmake_args': None, 'catkin_skip_building_tests': False, 'cmake_args': None, 'cmake_clean_cache': False, 'cmake_clean_first': False, 'cmake_force_configure': False, 'cmake_target': None, 'cmake_target_skip_unavailable': False, 'install_base': '/home/nuc/ros2_workspace/data_collection_ws/install/data_recorder_ros2', 'merge_install': False, 'path': '/home/nuc/ros2_workspace/data_collection_ws/src/data_recorder_ros2', 'symlink_install': False, 'test_result_base': None}[0m
[0.678s] [34mcolcon.colcon_core.executor[0m [1;30mINFO[0m Executing jobs using 'parallel' executor
[0.679s] [34mcolcon.colcon_parallel_executor.executor.parallel[0m [1;30mDEBUG[0m [32mrun_until_complete[0m
[0.679s] [34mcolcon.colcon_ros.task.ament_cmake.build[0m [1;30mINFO[0m Building ROS package in '/home/nuc/ros2_workspace/data_collection_ws/src/data_recorder_interfaces' with build type 'ament_cmake'
[0.679s] [34mcolcon.colcon_cmake.task.cmake.build[0m [1;30mINFO[0m Building CMake package in '/home/nuc/ros2_workspace/data_collection_ws/src/data_recorder_interfaces'
[0.684s] [34mcolcon.colcon_core.plugin_system[0m [1;30mINFO[0m Skipping extension 'colcon_core.shell.bat': Not used on non-Windows systems
[0.684s] [34mcolcon.colcon_core.shell[0m [1;30mINFO[0m Skip shell extension 'powershell' for command environment: Not usable outside of PowerShell
[0.684s] [34mcolcon.colcon_core.shell[0m [1;30mDEBUG[0m [32mSkip shell extension 'dsv' for command environment[0m
[0.689s] [34mcolcon.colcon_ros.task.ament_python.build[0m [1;30mINFO[0m Building ROS package in '/home/nuc/ros2_workspace/data_collection_ws/src/camera_bridge' with build type 'ament_python'
[0.689s] [34mcolcon.colcon_core.shell[0m [1;30mLevel 1[0m create_environment_hook('camera_bridge', 'ament_prefix_path')
[0.689s] [34mcolcon.colcon_core.shell[0m [1;30mINFO[0m Creating environment hook '/home/nuc/ros2_workspace/data_collection_ws/install/camera_bridge/share/camera_bridge/hook/ament_prefix_path.ps1'
[0.690s] [34mcolcon.colcon_core.shell[0m [1;30mINFO[0m Creating environment descriptor '/home/nuc/ros2_workspace/data_collection_ws/install/camera_bridge/share/camera_bridge/hook/ament_prefix_path.dsv'
[0.691s] [34mcolcon.colcon_core.shell[0m [1;30mINFO[0m Creating environment hook '/home/nuc/ros2_workspace/data_collection_ws/install/camera_bridge/share/camera_bridge/hook/ament_prefix_path.sh'
[0.692s] [34mcolcon.colcon_core.shell[0m [1;30mINFO[0m Skip shell extension 'powershell' for command environment: Not usable outside of PowerShell
[0.692s] [34mcolcon.colcon_core.shell[0m [1;30mDEBUG[0m [32mSkip shell extension 'dsv' for command environment[0m
[0.700s] [34mcolcon.colcon_core.event_handler.log_command[0m [1;30mDEBUG[0m [32mInvoking command in '/home/nuc/ros2_workspace/data_collection_ws/build/data_recorder_interfaces': CMAKE_PREFIX_PATH=${CMAKE_PREFIX_PATH}:/home/nuc/ros2_workspace/data_collection_ws/install/tracker_bridge:/home/nuc/ros2_workspace/data_collection_ws/install/piper_teleop:/home/nuc/ros2_workspace/data_collection_ws/install/open_cyber_glove_ros2:/home/nuc/ros2_workspace/data_collection_ws/install/data_recorder_ros2:/home/nuc/ros2_workspace/data_collection_ws/install/camera_bridge:/home/nuc/ros2_workspace/angus_dexhand_system/install/setting_info:/home/nuc/ros2_workspace/angus_dexhand_system/install/matrix_touch_gui:/home/nuc/ros2_workspace/angus_dexhand_system/install/gui_control:/home/nuc/ros2_workspace/angus_dexhand_system/install/graphic_display:/home/nuc/ros2_workspace/angus_dexhand_system/install/linker_hand_ros2_sdk:/home/nuc/ros2_workspace/angus_dexhand_system/install/linker_hand_mujoco_ros2:/home/nuc/ros2_workspace/angus_dexhand_system/install/glove_to_hand_control:/home/nuc/ros2_workspace/angus_dexhand_system/install/camera_to_hand_control:/home/nuc/ros2_workspace/piper_ros/install/piper:/opt/ros/humble /usr/bin/cmake --build /home/nuc/ros2_workspace/data_collection_ws/build/data_recorder_interfaces -- -j2 -l2[0m
[0.929s] [34mcolcon.colcon_core.task.python.build[0m [1;30mINFO[0m Building Python package in '/home/nuc/ros2_workspace/data_collection_ws/src/camera_bridge'
[0.929s] [34mcolcon.colcon_core.shell[0m [1;30mINFO[0m Skip shell extension 'powershell' for command environment: Not usable outside of PowerShell
[0.929s] [34mcolcon.colcon_core.shell[0m [1;30mDEBUG[0m [32mSkip shell extension 'dsv' for command environment[0m
[1.244s] [34mcolcon.colcon_core.event_handler.log_command[0m [1;30mDEBUG[0m [32mInvoked command in '/home/nuc/ros2_workspace/data_collection_ws/build/data_recorder_interfaces' returned '0': CMAKE_PREFIX_PATH=${CMAKE_PREFIX_PATH}:/home/nuc/ros2_workspace/data_collection_ws/install/tracker_bridge:/home/nuc/ros2_workspace/data_collection_ws/install/piper_teleop:/home/nuc/ros2_workspace/data_collection_ws/install/open_cyber_glove_ros2:/home/nuc/ros2_workspace/data_collection_ws/install/data_recorder_ros2:/home/nuc/ros2_workspace/data_collection_ws/install/camera_bridge:/home/nuc/ros2_workspace/angus_dexhand_system/install/setting_info:/home/nuc/ros2_workspace/angus_dexhand_system/install/matrix_touch_gui:/home/nuc/ros2_workspace/angus_dexhand_system/install/gui_control:/home/nuc/ros2_workspace/angus_dexhand_system/install/graphic_display:/home/nuc/ros2_workspace/angus_dexhand_system/install/linker_hand_ros2_sdk:/home/nuc/ros2_workspace/angus_dexhand_system/install/linker_hand_mujoco_ros2:/home/nuc/ros2_workspace/angus_dexhand_system/install/glove_to_hand_control:/home/nuc/ros2_workspace/angus_dexhand_system/install/camera_to_hand_control:/home/nuc/ros2_workspace/piper_ros/install/piper:/opt/ros/humble /usr/bin/cmake --build /home/nuc/ros2_workspace/data_collection_ws/build/data_recorder_interfaces -- -j2 -l2[0m
[1.258s] [34mcolcon.colcon_core.event_handler.log_command[0m [1;30mDEBUG[0m [32mInvoking command in '/home/nuc/ros2_workspace/data_collection_ws/build/data_recorder_interfaces': CMAKE_PREFIX_PATH=${CMAKE_PREFIX_PATH}:/home/nuc/ros2_workspace/data_collection_ws/install/tracker_bridge:/home/nuc/ros2_workspace/data_collection_ws/install/piper_teleop:/home/nuc/ros2_workspace/data_collection_ws/install/open_cyber_glove_ros2:/home/nuc/ros2_workspace/data_collection_ws/install/data_recorder_ros2:/home/nuc/ros2_workspace/data_collection_ws/install/camera_bridge:/home/nuc/ros2_workspace/angus_dexhand_system/install/setting_info:/home/nuc/ros2_workspace/angus_dexhand_system/install/matrix_touch_gui:/home/nuc/ros2_workspace/angus_dexhand_system/install/gui_control:/home/nuc/ros2_workspace/angus_dexhand_system/install/graphic_display:/home/nuc/ros2_workspace/angus_dexhand_system/install/linker_hand_ros2_sdk:/home/nuc/ros2_workspace/angus_dexhand_system/install/linker_hand_mujoco_ros2:/home/nuc/ros2_workspace/angus_dexhand_system/install/glove_to_hand_control:/home/nuc/ros2_workspace/angus_dexhand_system/install/camera_to_hand_control:/home/nuc/ros2_workspace/piper_ros/install/piper:/opt/ros/humble /usr/bin/cmake --install /home/nuc/ros2_workspace/data_collection_ws/build/data_recorder_interfaces[0m
[1.299s] [34mcolcon.colcon_core.event_handler.log_command[0m [1;30mDEBUG[0m [32mInvoking command in '/home/nuc/ros2_workspace/data_collection_ws/src/camera_bridge': PYTHONPATH=/home/nuc/ros2_workspace/data_collection_ws/build/camera_bridge/prefix_override:/usr/lib/python3/dist-packages/colcon_core/task/python/colcon_distutils_commands:/home/nuc/ros2_workspace/data_collection_ws/install/camera_bridge/lib/python3.10/site-packages:${PYTHONPATH} /usr/bin/python3 -W ignore:setup.py install is deprecated -W ignore:easy_install command is deprecated setup.py egg_info --egg-base ../../build/camera_bridge build --build-base /home/nuc/ros2_workspace/data_collection_ws/build/camera_bridge/build install --record /home/nuc/ros2_workspace/data_collection_ws/build/camera_bridge/install.log --single-version-externally-managed install_data[0m
[1.340s] [34mcolcon.colcon_core.environment[0m [1;30mLevel 1[0m create_environment_scripts_only(data_recorder_interfaces)
[1.341s] [34mcolcon.colcon_core.event_handler.log_command[0m [1;30mDEBUG[0m [32mInvoked command in '/home/nuc/ros2_workspace/data_collection_ws/build/data_recorder_interfaces' returned '0': CMAKE_PREFIX_PATH=${CMAKE_PREFIX_PATH}:/home/nuc/ros2_workspace/data_collection_ws/install/tracker_bridge:/home/nuc/ros2_workspace/data_collection_ws/install/piper_teleop:/home/nuc/ros2_workspace/data_collection_ws/install/open_cyber_glove_ros2:/home/nuc/ros2_workspace/data_collection_ws/install/data_recorder_ros2:/home/nuc/ros2_workspace/data_collection_ws/install/camera_bridge:/home/nuc/ros2_workspace/angus_dexhand_system/install/setting_info:/home/nuc/ros2_workspace/angus_dexhand_system/install/matrix_touch_gui:/home/nuc/ros2_workspace/angus_dexhand_system/install/gui_control:/home/nuc/ros2_workspace/angus_dexhand_system/install/graphic_display:/home/nuc/ros2_workspace/angus_dexhand_system/install/linker_hand_ros2_sdk:/home/nuc/ros2_workspace/angus_dexhand_system/install/linker_hand_mujoco_ros2:/home/nuc/ros2_workspace/angus_dexhand_system/install/glove_to_hand_control:/home/nuc/ros2_workspace/angus_dexhand_system/install/camera_to_hand_control:/home/nuc/ros2_workspace/piper_ros/install/piper:/opt/ros/humble /usr/bin/cmake --install /home/nuc/ros2_workspace/data_collection_ws/build/data_recorder_interfaces[0m
[1.348s] [34mcolcon.colcon_core.environment[0m [1;30mLevel 1[0m checking '/home/nuc/ros2_workspace/data_collection_ws/install/data_recorder_interfaces' for CMake module files
[1.348s] [34mcolcon.colcon_core.environment[0m [1;30mLevel 1[0m checking '/home/nuc/ros2_workspace/data_collection_ws/install/data_recorder_interfaces' for CMake config files
[1.348s] [34mcolcon.colcon_core.shell[0m [1;30mLevel 1[0m create_environment_hook('data_recorder_interfaces', 'cmake_prefix_path')
[1.348s] [34mcolcon.colcon_core.shell[0m [1;30mINFO[0m Creating environment hook '/home/nuc/ros2_workspace/data_collection_ws/install/data_recorder_interfaces/share/data_recorder_interfaces/hook/cmake_prefix_path.ps1'
[1.349s] [34mcolcon.colcon_core.shell[0m [1;30mINFO[0m Creating environment descriptor '/home/nuc/ros2_workspace/data_collection_ws/install/data_recorder_interfaces/share/data_recorder_interfaces/hook/cmake_prefix_path.dsv'
[1.349s] [34mcolcon.colcon_core.shell[0m [1;30mINFO[0m Creating environment hook '/home/nuc/ros2_workspace/data_collection_ws/install/data_recorder_interfaces/share/data_recorder_interfaces/hook/cmake_prefix_path.sh'
[1.350s] [34mcolcon.colcon_core.environment[0m [1;30mLevel 1[0m checking '/home/nuc/ros2_workspace/data_collection_ws/install/data_recorder_interfaces/lib'
[1.350s] [34mcolcon.colcon_core.shell[0m [1;30mLevel 1[0m create_environment_hook('data_recorder_interfaces', 'ld_library_path_lib')
[1.350s] [34mcolcon.colcon_core.shell[0m [1;30mINFO[0m Creating environment hook '/home/nuc/ros2_workspace/data_collection_ws/install/data_recorder_interfaces/share/data_recorder_interfaces/hook/ld_library_path_lib.ps1'
[1.350s] [34mcolcon.colcon_core.shell[0m [1;30mINFO[0m Creating environment descriptor '/home/nuc/ros2_workspace/data_collection_ws/install/data_recorder_interfaces/share/data_recorder_interfaces/hook/ld_library_path_lib.dsv'
[1.351s] [34mcolcon.colcon_core.shell[0m [1;30mINFO[0m Creating environment hook '/home/nuc/ros2_workspace/data_collection_ws/install/data_recorder_interfaces/share/data_recorder_interfaces/hook/ld_library_path_lib.sh'
[1.351s] [34mcolcon.colcon_core.environment[0m [1;30mLevel 1[0m checking '/home/nuc/ros2_workspace/data_collection_ws/install/data_recorder_interfaces/bin'
[1.351s] [34mcolcon.colcon_core.environment[0m [1;30mLevel 1[0m checking '/home/nuc/ros2_workspace/data_collection_ws/install/data_recorder_interfaces/lib/pkgconfig/data_recorder_interfaces.pc'
[1.351s] [34mcolcon.colcon_core.environment[0m [1;30mLevel 1[0m checking '/home/nuc/ros2_workspace/data_collection_ws/install/data_recorder_interfaces/lib/python3.10/site-packages'
[1.351s] [34mcolcon.colcon_core.environment[0m [1;30mLevel 1[0m checking '/home/nuc/ros2_workspace/data_collection_ws/install/data_recorder_interfaces/bin'
[1.351s] [34mcolcon.colcon_core.shell[0m [1;30mINFO[0m Creating package script '/home/nuc/ros2_workspace/data_collection_ws/install/data_recorder_interfaces/share/data_recorder_interfaces/package.ps1'
[1.353s] [34mcolcon.colcon_core.shell[0m [1;30mINFO[0m Creating package descriptor '/home/nuc/ros2_workspace/data_collection_ws/install/data_recorder_interfaces/share/data_recorder_interfaces/package.dsv'
[1.353s] [34mcolcon.colcon_core.shell[0m [1;30mINFO[0m Creating package script '/home/nuc/ros2_workspace/data_collection_ws/install/data_recorder_interfaces/share/data_recorder_interfaces/package.sh'
[1.354s] [34mcolcon.colcon_core.shell[0m [1;30mINFO[0m Creating package script '/home/nuc/ros2_workspace/data_collection_ws/install/data_recorder_interfaces/share/data_recorder_interfaces/package.bash'
[1.355s] [34mcolcon.colcon_core.shell[0m [1;30mINFO[0m Creating package script '/home/nuc/ros2_workspace/data_collection_ws/install/data_recorder_interfaces/share/data_recorder_interfaces/package.zsh'
[1.357s] [34mcolcon.colcon_core.environment[0m [1;30mLevel 1[0m create_file_with_runtime_dependencies(/home/nuc/ros2_workspace/data_collection_ws/install/data_recorder_interfaces/share/colcon-core/packages/data_recorder_interfaces)
[1.357s] [34mcolcon.colcon_core.environment[0m [1;30mLevel 1[0m create_environment_scripts_only(data_recorder_interfaces)
[1.357s] [34mcolcon.colcon_core.environment[0m [1;30mLevel 1[0m checking '/home/nuc/ros2_workspace/data_collection_ws/install/data_recorder_interfaces' for CMake module files
[1.358s] [34mcolcon.colcon_core.environment[0m [1;30mLevel 1[0m checking '/home/nuc/ros2_workspace/data_collection_ws/install/data_recorder_interfaces' for CMake config files
[1.358s] [34mcolcon.colcon_core.shell[0m [1;30mLevel 1[0m create_environment_hook('data_recorder_interfaces', 'cmake_prefix_path')
[1.358s] [34mcolcon.colcon_core.shell[0m [1;30mINFO[0m Creating environment hook '/home/nuc/ros2_workspace/data_collection_ws/install/data_recorder_interfaces/share/data_recorder_interfaces/hook/cmake_prefix_path.ps1'
[1.358s] [34mcolcon.colcon_core.shell[0m [1;30mINFO[0m Creating environment descriptor '/home/nuc/ros2_workspace/data_collection_ws/install/data_recorder_interfaces/share/data_recorder_interfaces/hook/cmake_prefix_path.dsv'
[1.359s] [34mcolcon.colcon_core.shell[0m [1;30mINFO[0m Creating environment hook '/home/nuc/ros2_workspace/data_collection_ws/install/data_recorder_interfaces/share/data_recorder_interfaces/hook/cmake_prefix_path.sh'
[1.359s] [34mcolcon.colcon_core.environment[0m [1;30mLevel 1[0m checking '/home/nuc/ros2_workspace/data_collection_ws/install/data_recorder_interfaces/lib'
[1.359s] [34mcolcon.colcon_core.shell[0m [1;30mLevel 1[0m create_environment_hook('data_recorder_interfaces', 'ld_library_path_lib')
[1.360s] [34mcolcon.colcon_core.shell[0m [1;30mINFO[0m Creating environment hook '/home/nuc/ros2_workspace/data_collection_ws/install/data_recorder_interfaces/share/data_recorder_interfaces/hook/ld_library_path_lib.ps1'
[1.360s] [34mcolcon.colcon_core.shell[0m [1;30mINFO[0m Creating environment descriptor '/home/nuc/ros2_workspace/data_collection_ws/install/data_recorder_interfaces/share/data_recorder_interfaces/hook/ld_library_path_lib.dsv'
[1.360s] [34mcolcon.colcon_core.shell[0m [1;30mINFO[0m Creating environment hook '/home/nuc/ros2_workspace/data_collection_ws/install/data_recorder_interfaces/share/data_recorder_interfaces/hook/ld_library_path_lib.sh'
[1.362s] [34mcolcon.colcon_core.environment[0m [1;30mLevel 1[0m checking '/home/nuc/ros2_workspace/data_collection_ws/install/data_recorder_interfaces/bin'
[1.362s] [34mcolcon.colcon_core.environment[0m [1;30mLevel 1[0m checking '/home/nuc/ros2_workspace/data_collection_ws/install/data_recorder_interfaces/lib/pkgconfig/data_recorder_interfaces.pc'
[1.362s] [34mcolcon.colcon_core.environment[0m [1;30mLevel 1[0m checking '/home/nuc/ros2_workspace/data_collection_ws/install/data_recorder_interfaces/lib/python3.10/site-packages'
[1.362s] [34mcolcon.colcon_core.environment[0m [1;30mLevel 1[0m checking '/home/nuc/ros2_workspace/data_collection_ws/install/data_recorder_interfaces/bin'
[1.362s] [34mcolcon.colcon_core.shell[0m [1;30mINFO[0m Creating package script '/home/nuc/ros2_workspace/data_collection_ws/install/data_recorder_interfaces/share/data_recorder_interfaces/package.ps1'
[1.362s] [34mcolcon.colcon_core.shell[0m [1;30mINFO[0m Creating package descriptor '/home/nuc/ros2_workspace/data_collection_ws/install/data_recorder_interfaces/share/data_recorder_interfaces/package.dsv'
[1.363s] [34mcolcon.colcon_core.shell[0m [1;30mINFO[0m Creating package script '/home/nuc/ros2_workspace/data_collection_ws/install/data_recorder_interfaces/share/data_recorder_interfaces/package.sh'
[1.363s] [34mcolcon.colcon_core.shell[0m [1;30mINFO[0m Creating package script '/home/nuc/ros2_workspace/data_collection_ws/install/data_recorder_interfaces/share/data_recorder_interfaces/package.bash'
[1.363s] [34mcolcon.colcon_core.shell[0m [1;30mINFO[0m Creating package script '/home/nuc/ros2_workspace/data_collection_ws/install/data_recorder_interfaces/share/data_recorder_interfaces/package.zsh'
[1.364s] [34mcolcon.colcon_core.environment[0m [1;30mLevel 1[0m create_file_with_runtime_dependencies(/home/nuc/ros2_workspace/data_collection_ws/install/data_recorder_interfaces/share/colcon-core/packages/data_recorder_interfaces)
[1.364s] [34mcolcon.colcon_core.task.python.build[0m [1;30mINFO[0m Building Python package in '/home/nuc/ros2_workspace/data_collection_ws/src/open_cyber_glove'
[1.364s] [34mcolcon.colcon_core.shell[0m [1;30mINFO[0m Skip shell extension 'powershell' for command environment: Not usable outside of PowerShell
[1.364s] [34mcolcon.colcon_core.shell[0m [1;30mDEBUG[0m [32mSkip shell extension 'dsv' for command environment[0m
[1.547s] [34mcolcon.colcon_core.environment[0m [1;30mLevel 1[0m checking '/home/nuc/ros2_workspace/data_collection_ws/install/camera_bridge' for CMake module files
[1.547s] [34mcolcon.colcon_core.event_handler.log_command[0m [1;30mDEBUG[0m [32mInvoked command in '/home/nuc/ros2_workspace/data_collection_ws/src/camera_bridge' returned '0': PYTHONPATH=/home/nuc/ros2_workspace/data_collection_ws/build/camera_bridge/prefix_override:/usr/lib/python3/dist-packages/colcon_core/task/python/colcon_distutils_commands:/home/nuc/ros2_workspace/data_collection_ws/install/camera_bridge/lib/python3.10/site-packages:${PYTHONPATH} /usr/bin/python3 -W ignore:setup.py install is deprecated -W ignore:easy_install command is deprecated setup.py egg_info --egg-base ../../build/camera_bridge build --build-base /home/nuc/ros2_workspace/data_collection_ws/build/camera_bridge/build install --record /home/nuc/ros2_workspace/data_collection_ws/build/camera_bridge/install.log --single-version-externally-managed install_data[0m
[1.547s] [34mcolcon.colcon_core.environment[0m [1;30mLevel 1[0m checking '/home/nuc/ros2_workspace/data_collection_ws/install/camera_bridge' for CMake config files
[1.548s] [34mcolcon.colcon_core.environment[0m [1;30mLevel 1[0m checking '/home/nuc/ros2_workspace/data_collection_ws/install/camera_bridge/lib'
[1.548s] [34mcolcon.colcon_core.environment[0m [1;30mLevel 1[0m checking '/home/nuc/ros2_workspace/data_collection_ws/install/camera_bridge/bin'
[1.548s] [34mcolcon.colcon_core.environment[0m [1;30mLevel 1[0m checking '/home/nuc/ros2_workspace/data_collection_ws/install/camera_bridge/lib/pkgconfig/camera_bridge.pc'
[1.548s] [34mcolcon.colcon_core.environment[0m [1;30mLevel 1[0m checking '/home/nuc/ros2_workspace/data_collection_ws/install/camera_bridge/lib/python3.10/site-packages'
[1.548s] [34mcolcon.colcon_core.shell[0m [1;30mLevel 1[0m create_environment_hook('camera_bridge', 'pythonpath')
[1.548s] [34mcolcon.colcon_core.shell[0m [1;30mINFO[0m Creating environment hook '/home/nuc/ros2_workspace/data_collection_ws/install/camera_bridge/share/camera_bridge/hook/pythonpath.ps1'
[1.548s] [34mcolcon.colcon_core.shell[0m [1;30mINFO[0m Creating environment descriptor '/home/nuc/ros2_workspace/data_collection_ws/install/camera_bridge/share/camera_bridge/hook/pythonpath.dsv'
[1.549s] [34mcolcon.colcon_core.shell[0m [1;30mINFO[0m Creating environment hook '/home/nuc/ros2_workspace/data_collection_ws/install/camera_bridge/share/camera_bridge/hook/pythonpath.sh'
[1.550s] [34mcolcon.colcon_core.environment[0m [1;30mLevel 1[0m checking '/home/nuc/ros2_workspace/data_collection_ws/install/camera_bridge/bin'
[1.550s] [34mcolcon.colcon_core.environment[0m [1;30mLevel 1[0m create_environment_scripts_only(camera_bridge)
[1.551s] [34mcolcon.colcon_core.shell[0m [1;30mINFO[0m Creating package script '/home/nuc/ros2_workspace/data_collection_ws/install/camera_bridge/share/camera_bridge/package.ps1'
[1.552s] [34mcolcon.colcon_core.shell[0m [1;30mINFO[0m Creating package descriptor '/home/nuc/ros2_workspace/data_collection_ws/install/camera_bridge/share/camera_bridge/package.dsv'
[1.553s] [34mcolcon.colcon_core.shell[0m [1;30mINFO[0m Creating package script '/home/nuc/ros2_workspace/data_collection_ws/install/camera_bridge/share/camera_bridge/package.sh'
[1.553s] [34mcolcon.colcon_core.shell[0m [1;30mINFO[0m Creating package script '/home/nuc/ros2_workspace/data_collection_ws/install/camera_bridge/share/camera_bridge/package.bash'
[1.553s] [34mcolcon.colcon_core.shell[0m [1;30mINFO[0m Creating package script '/home/nuc/ros2_workspace/data_collection_ws/install/camera_bridge/share/camera_bridge/package.zsh'
[1.554s] [34mcolcon.colcon_core.environment[0m [1;30mLevel 1[0m create_file_with_runtime_dependencies(/home/nuc/ros2_workspace/data_collection_ws/install/camera_bridge/share/colcon-core/packages/camera_bridge)
[1.555s] [34mcolcon.colcon_ros.task.ament_python.build[0m [1;30mINFO[0m Building ROS package in '/home/nuc/ros2_workspace/data_collection_ws/src/open_cyber_glove_ros2' with build type 'ament_python'
[1.555s] [34mcolcon.colcon_core.shell[0m [1;30mLevel 1[0m create_environment_hook('open_cyber_glove_ros2', 'ament_prefix_path')
[1.555s] [34mcolcon.colcon_core.shell[0m [1;30mINFO[0m Creating environment hook '/home/nuc/ros2_workspace/data_collection_ws/install/open_cyber_glove_ros2/share/open_cyber_glove_ros2/hook/ament_prefix_path.ps1'
[1.555s] [34mcolcon.colcon_core.shell[0m [1;30mINFO[0m Creating environment descriptor '/home/nuc/ros2_workspace/data_collection_ws/install/open_cyber_glove_ros2/share/open_cyber_glove_ros2/hook/ament_prefix_path.dsv'
[1.556s] [34mcolcon.colcon_core.shell[0m [1;30mINFO[0m Creating environment hook '/home/nuc/ros2_workspace/data_collection_ws/install/open_cyber_glove_ros2/share/open_cyber_glove_ros2/hook/ament_prefix_path.sh'
[1.556s] [34mcolcon.colcon_core.shell[0m [1;30mINFO[0m Skip shell extension 'powershell' for command environment: Not usable outside of PowerShell
[1.556s] [34mcolcon.colcon_core.shell[0m [1;30mDEBUG[0m [32mSkip shell extension 'dsv' for command environment[0m
[1.741s] [34mcolcon.colcon_core.task.python.build[0m [1;30mINFO[0m Building Python package in '/home/nuc/ros2_workspace/data_collection_ws/src/open_cyber_glove_ros2'
[1.742s] [34mcolcon.colcon_core.shell[0m [1;30mINFO[0m Skip shell extension 'powershell' for command environment: Not usable outside of PowerShell
[1.742s] [34mcolcon.colcon_core.shell[0m [1;30mDEBUG[0m [32mSkip shell extension 'dsv' for command environment[0m
[1.804s] [34mcolcon.colcon_core.event_handler.log_command[0m [1;30mDEBUG[0m [32mInvoking command in '/home/nuc/ros2_workspace/data_collection_ws/src/open_cyber_glove': PYTHONPATH=/home/nuc/ros2_workspace/data_collection_ws/build/open_cyber_glove/prefix_override:/usr/lib/python3/dist-packages/colcon_core/task/python/colcon_distutils_commands:/home/nuc/ros2_workspace/data_collection_ws/install/open_cyber_glove/lib/python3.10/site-packages:${PYTHONPATH} /usr/bin/python3 -W ignore:setup.py install is deprecated -W ignore:easy_install command is deprecated setup.py egg_info --egg-base ../../build/open_cyber_glove build --build-base /home/nuc/ros2_workspace/data_collection_ws/build/open_cyber_glove/build install --record /home/nuc/ros2_workspace/data_collection_ws/build/open_cyber_glove/install.log --single-version-externally-managed[0m
[1.997s] [34mcolcon.colcon_core.environment[0m [1;30mLevel 1[0m checking '/home/nuc/ros2_workspace/data_collection_ws/install/open_cyber_glove' for CMake module files
[1.997s] [34mcolcon.colcon_core.event_handler.log_command[0m [1;30mDEBUG[0m [32mInvoked command in '/home/nuc/ros2_workspace/data_collection_ws/src/open_cyber_glove' returned '0': PYTHONPATH=/home/nuc/ros2_workspace/data_collection_ws/build/open_cyber_glove/prefix_override:/usr/lib/python3/dist-packages/colcon_core/task/python/colcon_distutils_commands:/home/nuc/ros2_workspace/data_collection_ws/install/open_cyber_glove/lib/python3.10/site-packages:${PYTHONPATH} /usr/bin/python3 -W ignore:setup.py install is deprecated -W ignore:easy_install command is deprecated setup.py egg_info --egg-base ../../build/open_cyber_glove build --build-base /home/nuc/ros2_workspace/data_collection_ws/build/open_cyber_glove/build install --record /home/nuc/ros2_workspace/data_collection_ws/build/open_cyber_glove/install.log --single-version-externally-managed[0m
[1.997s] [34mcolcon.colcon_core.environment[0m [1;30mLevel 1[0m checking '/home/nuc/ros2_workspace/data_collection_ws/install/open_cyber_glove' for CMake config files
[1.998s] [34mcolcon.colcon_core.environment[0m [1;30mLevel 1[0m checking '/home/nuc/ros2_workspace/data_collection_ws/install/open_cyber_glove/lib'
[1.998s] [34mcolcon.colcon_core.environment[0m [1;30mLevel 1[0m checking '/home/nuc/ros2_workspace/data_collection_ws/install/open_cyber_glove/bin'
[1.998s] [34mcolcon.colcon_core.environment[0m [1;30mLevel 1[0m checking '/home/nuc/ros2_workspace/data_collection_ws/install/open_cyber_glove/lib/pkgconfig/open_cyber_glove.pc'
[1.998s] [34mcolcon.colcon_core.environment[0m [1;30mLevel 1[0m checking '/home/nuc/ros2_workspace/data_collection_ws/install/open_cyber_glove/lib/python3.10/site-packages'
[1.998s] [34mcolcon.colcon_core.shell[0m [1;30mLevel 1[0m create_environment_hook('open_cyber_glove', 'pythonpath')
[1.999s] [34mcolcon.colcon_core.shell[0m [1;30mINFO[0m Creating environment hook '/home/nuc/ros2_workspace/data_collection_ws/install/open_cyber_glove/share/open_cyber_glove/hook/pythonpath.ps1'
[1.999s] [34mcolcon.colcon_core.shell[0m [1;30mINFO[0m Creating environment descriptor '/home/nuc/ros2_workspace/data_collection_ws/install/open_cyber_glove/share/open_cyber_glove/hook/pythonpath.dsv'
[2.000s] [34mcolcon.colcon_core.shell[0m [1;30mINFO[0m Creating environment hook '/home/nuc/ros2_workspace/data_collection_ws/install/open_cyber_glove/share/open_cyber_glove/hook/pythonpath.sh'
[2.001s] [34mcolcon.colcon_core.environment[0m [1;30mLevel 1[0m checking '/home/nuc/ros2_workspace/data_collection_ws/install/open_cyber_glove/bin'
[2.001s] [34mcolcon.colcon_core.environment[0m [1;30mLevel 1[0m create_environment_scripts_only(open_cyber_glove)
[2.001s] [34mcolcon.colcon_core.shell[0m [1;30mINFO[0m Creating package script '/home/nuc/ros2_workspace/data_collection_ws/install/open_cyber_glove/share/open_cyber_glove/package.ps1'
[2.001s] [34mcolcon.colcon_core.shell[0m [1;30mINFO[0m Creating package descriptor '/home/nuc/ros2_workspace/data_collection_ws/install/open_cyber_glove/share/open_cyber_glove/package.dsv'
[2.001s] [34mcolcon.colcon_core.shell[0m [1;30mINFO[0m Creating package script '/home/nuc/ros2_workspace/data_collection_ws/install/open_cyber_glove/share/open_cyber_glove/package.sh'
[2.002s] [34mcolcon.colcon_core.shell[0m [1;30mINFO[0m Creating package script '/home/nuc/ros2_workspace/data_collection_ws/install/open_cyber_glove/share/open_cyber_glove/package.bash'
[2.002s] [34mcolcon.colcon_core.shell[0m [1;30mINFO[0m Creating package script '/home/nuc/ros2_workspace/data_collection_ws/install/open_cyber_glove/share/open_cyber_glove/package.zsh'
[2.003s] [34mcolcon.colcon_core.environment[0m [1;30mLevel 1[0m create_file_with_runtime_dependencies(/home/nuc/ros2_workspace/data_collection_ws/install/open_cyber_glove/share/colcon-core/packages/open_cyber_glove)
[2.004s] [34mcolcon.colcon_ros.task.ament_python.build[0m [1;30mINFO[0m Building ROS package in '/home/nuc/ros2_workspace/data_collection_ws/src/piper_teleop' with build type 'ament_python'
[2.004s] [34mcolcon.colcon_core.shell[0m [1;30mLevel 1[0m create_environment_hook('piper_teleop', 'ament_prefix_path')
[2.004s] [34mcolcon.colcon_core.shell[0m [1;30mINFO[0m Creating environment hook '/home/nuc/ros2_workspace/data_collection_ws/install/piper_teleop/share/piper_teleop/hook/ament_prefix_path.ps1'
[2.004s] [34mcolcon.colcon_core.shell[0m [1;30mINFO[0m Creating environment descriptor '/home/nuc/ros2_workspace/data_collection_ws/install/piper_teleop/share/piper_teleop/hook/ament_prefix_path.dsv'
[2.005s] [34mcolcon.colcon_core.shell[0m [1;30mINFO[0m Creating environment hook '/home/nuc/ros2_workspace/data_collection_ws/install/piper_teleop/share/piper_teleop/hook/ament_prefix_path.sh'
[2.006s] [34mcolcon.colcon_core.shell[0m [1;30mINFO[0m Skip shell extension 'powershell' for command environment: Not usable outside of PowerShell
[2.006s] [34mcolcon.colcon_core.shell[0m [1;30mDEBUG[0m [32mSkip shell extension 'dsv' for command environment[0m
[2.013s] [34mcolcon.colcon_core.event_handler.log_command[0m [1;30mDEBUG[0m [32mInvoking command in '/home/nuc/ros2_workspace/data_collection_ws/src/open_cyber_glove_ros2': PYTHONPATH=/home/nuc/ros2_workspace/data_collection_ws/build/open_cyber_glove_ros2/prefix_override:/usr/lib/python3/dist-packages/colcon_core/task/python/colcon_distutils_commands:/home/nuc/ros2_workspace/data_collection_ws/install/open_cyber_glove_ros2/lib/python3.10/site-packages:${PYTHONPATH} /usr/bin/python3 -W ignore:setup.py install is deprecated -W ignore:easy_install command is deprecated setup.py egg_info --egg-base ../../build/open_cyber_glove_ros2 build --build-base /home/nuc/ros2_workspace/data_collection_ws/build/open_cyber_glove_ros2/build install --record /home/nuc/ros2_workspace/data_collection_ws/build/open_cyber_glove_ros2/install.log --single-version-externally-managed install_data[0m
[2.190s] [34mcolcon.colcon_core.task.python.build[0m [1;30mINFO[0m Building Python package in '/home/nuc/ros2_workspace/data_collection_ws/src/piper_teleop'
[2.190s] [34mcolcon.colcon_core.shell[0m [1;30mINFO[0m Skip shell extension 'powershell' for command environment: Not usable outside of PowerShell
[2.190s] [34mcolcon.colcon_core.shell[0m [1;30mDEBUG[0m [32mSkip shell extension 'dsv' for command environment[0m
[2.211s] [34mcolcon.colcon_core.environment[0m [1;30mLevel 1[0m checking '/home/nuc/ros2_workspace/data_collection_ws/install/open_cyber_glove_ros2' for CMake module files
[2.212s] [34mcolcon.colcon_core.environment[0m [1;30mLevel 1[0m checking '/home/nuc/ros2_workspace/data_collection_ws/install/open_cyber_glove_ros2' for CMake config files
[2.212s] [34mcolcon.colcon_core.environment[0m [1;30mLevel 1[0m checking '/home/nuc/ros2_workspace/data_collection_ws/install/open_cyber_glove_ros2/lib'
[2.212s] [34mcolcon.colcon_core.environment[0m [1;30mLevel 1[0m checking '/home/nuc/ros2_workspace/data_collection_ws/install/open_cyber_glove_ros2/bin'
[2.212s] [34mcolcon.colcon_core.environment[0m [1;30mLevel 1[0m checking '/home/nuc/ros2_workspace/data_collection_ws/install/open_cyber_glove_ros2/lib/pkgconfig/open_cyber_glove_ros2.pc'
[2.212s] [34mcolcon.colcon_core.environment[0m [1;30mLevel 1[0m checking '/home/nuc/ros2_workspace/data_collection_ws/install/open_cyber_glove_ros2/lib/python3.10/site-packages'
[2.212s] [34mcolcon.colcon_core.shell[0m [1;30mLevel 1[0m create_environment_hook('open_cyber_glove_ros2', 'pythonpath')
[2.212s] [34mcolcon.colcon_core.shell[0m [1;30mINFO[0m Creating environment hook '/home/nuc/ros2_workspace/data_collection_ws/install/open_cyber_glove_ros2/share/open_cyber_glove_ros2/hook/pythonpath.ps1'
[2.213s] [34mcolcon.colcon_core.shell[0m [1;30mINFO[0m Creating environment descriptor '/home/nuc/ros2_workspace/data_collection_ws/install/open_cyber_glove_ros2/share/open_cyber_glove_ros2/hook/pythonpath.dsv'
[2.213s] [34mcolcon.colcon_core.event_handler.log_command[0m [1;30mDEBUG[0m [32mInvoked command in '/home/nuc/ros2_workspace/data_collection_ws/src/open_cyber_glove_ros2' returned '0': PYTHONPATH=/home/nuc/ros2_workspace/data_collection_ws/build/open_cyber_glove_ros2/prefix_override:/usr/lib/python3/dist-packages/colcon_core/task/python/colcon_distutils_commands:/home/nuc/ros2_workspace/data_collection_ws/install/open_cyber_glove_ros2/lib/python3.10/site-packages:${PYTHONPATH} /usr/bin/python3 -W ignore:setup.py install is deprecated -W ignore:easy_install command is deprecated setup.py egg_info --egg-base ../../build/open_cyber_glove_ros2 build --build-base /home/nuc/ros2_workspace/data_collection_ws/build/open_cyber_glove_ros2/build install --record /home/nuc/ros2_workspace/data_collection_ws/build/open_cyber_glove_ros2/install.log --single-version-externally-managed install_data[0m
[2.214s] [34mcolcon.colcon_core.shell[0m [1;30mINFO[0m Creating environment hook '/home/nuc/ros2_workspace/data_collection_ws/install/open_cyber_glove_ros2/share/open_cyber_glove_ros2/hook/pythonpath.sh'
[2.214s] [34mcolcon.colcon_core.environment[0m [1;30mLevel 1[0m checking '/home/nuc/ros2_workspace/data_collection_ws/install/open_cyber_glove_ros2/bin'
[2.214s] [34mcolcon.colcon_core.environment[0m [1;30mLevel 1[0m create_environment_scripts_only(open_cyber_glove_ros2)
[2.214s] [34mcolcon.colcon_core.shell[0m [1;30mINFO[0m Creating package script '/home/nuc/ros2_workspace/data_collection_ws/install/open_cyber_glove_ros2/share/open_cyber_glove_ros2/package.ps1'
[2.215s] [34mcolcon.colcon_core.shell[0m [1;30mINFO[0m Creating package descriptor '/home/nuc/ros2_workspace/data_collection_ws/install/open_cyber_glove_ros2/share/open_cyber_glove_ros2/package.dsv'
[2.215s] [34mcolcon.colcon_core.shell[0m [1;30mINFO[0m Creating package script '/home/nuc/ros2_workspace/data_collection_ws/install/open_cyber_glove_ros2/share/open_cyber_glove_ros2/package.sh'
[2.216s] [34mcolcon.colcon_core.shell[0m [1;30mINFO[0m Creating package script '/home/nuc/ros2_workspace/data_collection_ws/install/open_cyber_glove_ros2/share/open_cyber_glove_ros2/package.bash'
[2.216s] [34mcolcon.colcon_core.shell[0m [1;30mINFO[0m Creating package script '/home/nuc/ros2_workspace/data_collection_ws/install/open_cyber_glove_ros2/share/open_cyber_glove_ros2/package.zsh'
[2.217s] [34mcolcon.colcon_core.environment[0m [1;30mLevel 1[0m create_file_with_runtime_dependencies(/home/nuc/ros2_workspace/data_collection_ws/install/open_cyber_glove_ros2/share/colcon-core/packages/open_cyber_glove_ros2)
[2.217s] [34mcolcon.colcon_ros.task.ament_python.build[0m [1;30mINFO[0m Building ROS package in '/home/nuc/ros2_workspace/data_collection_ws/src/tracker_bridge' with build type 'ament_python'
[2.217s] [34mcolcon.colcon_core.shell[0m [1;30mLevel 1[0m create_environment_hook('tracker_bridge', 'ament_prefix_path')
[2.217s] [34mcolcon.colcon_core.shell[0m [1;30mINFO[0m Creating environment hook '/home/nuc/ros2_workspace/data_collection_ws/install/tracker_bridge/share/tracker_bridge/hook/ament_prefix_path.ps1'
[2.218s] [34mcolcon.colcon_core.shell[0m [1;30mINFO[0m Creating environment descriptor '/home/nuc/ros2_workspace/data_collection_ws/install/tracker_bridge/share/tracker_bridge/hook/ament_prefix_path.dsv'
[2.218s] [34mcolcon.colcon_core.shell[0m [1;30mINFO[0m Creating environment hook '/home/nuc/ros2_workspace/data_collection_ws/install/tracker_bridge/share/tracker_bridge/hook/ament_prefix_path.sh'
[2.219s] [34mcolcon.colcon_core.shell[0m [1;30mINFO[0m Skip shell extension 'powershell' for command environment: Not usable outside of PowerShell
[2.219s] [34mcolcon.colcon_core.shell[0m [1;30mDEBUG[0m [32mSkip shell extension 'dsv' for command environment[0m
[2.399s] [34mcolcon.colcon_core.task.python.build[0m [1;30mINFO[0m Building Python package in '/home/nuc/ros2_workspace/data_collection_ws/src/tracker_bridge'
[2.400s] [34mcolcon.colcon_core.shell[0m [1;30mINFO[0m Skip shell extension 'powershell' for command environment: Not usable outside of PowerShell
[2.400s] [34mcolcon.colcon_core.shell[0m [1;30mDEBUG[0m [32mSkip shell extension 'dsv' for command environment[0m
[2.458s] [34mcolcon.colcon_core.event_handler.log_command[0m [1;30mDEBUG[0m [32mInvoking command in '/home/nuc/ros2_workspace/data_collection_ws/src/piper_teleop': PYTHONPATH=/home/nuc/ros2_workspace/data_collection_ws/build/piper_teleop/prefix_override:/usr/lib/python3/dist-packages/colcon_core/task/python/colcon_distutils_commands:/home/nuc/ros2_workspace/data_collection_ws/install/piper_teleop/lib/python3.10/site-packages:${PYTHONPATH} /usr/bin/python3 -W ignore:setup.py install is deprecated -W ignore:easy_install command is deprecated setup.py egg_info --egg-base ../../build/piper_teleop build --build-base /home/nuc/ros2_workspace/data_collection_ws/build/piper_teleop/build install --record /home/nuc/ros2_workspace/data_collection_ws/build/piper_teleop/install.log --single-version-externally-managed install_data[0m
[2.654s] [34mcolcon.colcon_core.event_handler.log_command[0m [1;30mDEBUG[0m [32mInvoking command in '/home/nuc/ros2_workspace/data_collection_ws/src/tracker_bridge': PYTHONPATH=/home/nuc/ros2_workspace/data_collection_ws/build/tracker_bridge/prefix_override:/usr/lib/python3/dist-packages/colcon_core/task/python/colcon_distutils_commands:/home/nuc/ros2_workspace/data_collection_ws/install/tracker_bridge/lib/python3.10/site-packages:${PYTHONPATH} /usr/bin/python3 -W ignore:setup.py install is deprecated -W ignore:easy_install command is deprecated setup.py egg_info --egg-base ../../build/tracker_bridge build --build-base /home/nuc/ros2_workspace/data_collection_ws/build/tracker_bridge/build install --record /home/nuc/ros2_workspace/data_collection_ws/build/tracker_bridge/install.log --single-version-externally-managed install_data[0m
[2.660s] [34mcolcon.colcon_core.environment[0m [1;30mLevel 1[0m checking '/home/nuc/ros2_workspace/data_collection_ws/install/piper_teleop' for CMake module files
[2.661s] [34mcolcon.colcon_core.environment[0m [1;30mLevel 1[0m checking '/home/nuc/ros2_workspace/data_collection_ws/install/piper_teleop' for CMake config files
[2.661s] [34mcolcon.colcon_core.environment[0m [1;30mLevel 1[0m checking '/home/nuc/ros2_workspace/data_collection_ws/install/piper_teleop/lib'
[2.661s] [34mcolcon.colcon_core.environment[0m [1;30mLevel 1[0m checking '/home/nuc/ros2_workspace/data_collection_ws/install/piper_teleop/bin'
[2.661s] [34mcolcon.colcon_core.environment[0m [1;30mLevel 1[0m checking '/home/nuc/ros2_workspace/data_collection_ws/install/piper_teleop/lib/pkgconfig/piper_teleop.pc'
[2.661s] [34mcolcon.colcon_core.environment[0m [1;30mLevel 1[0m checking '/home/nuc/ros2_workspace/data_collection_ws/install/piper_teleop/lib/python3.10/site-packages'
[2.661s] [34mcolcon.colcon_core.shell[0m [1;30mLevel 1[0m create_environment_hook('piper_teleop', 'pythonpath')
[2.662s] [34mcolcon.colcon_core.shell[0m [1;30mINFO[0m Creating environment hook '/home/nuc/ros2_workspace/data_collection_ws/install/piper_teleop/share/piper_teleop/hook/pythonpath.ps1'
[2.661s] [34mcolcon.colcon_core.event_handler.log_command[0m [1;30mDEBUG[0m [32mInvoked command in '/home/nuc/ros2_workspace/data_collection_ws/src/piper_teleop' returned '0': PYTHONPATH=/home/nuc/ros2_workspace/data_collection_ws/build/piper_teleop/prefix_override:/usr/lib/python3/dist-packages/colcon_core/task/python/colcon_distutils_commands:/home/nuc/ros2_workspace/data_collection_ws/install/piper_teleop/lib/python3.10/site-packages:${PYTHONPATH} /usr/bin/python3 -W ignore:setup.py install is deprecated -W ignore:easy_install command is deprecated setup.py egg_info --egg-base ../../build/piper_teleop build --build-base /home/nuc/ros2_workspace/data_collection_ws/build/piper_teleop/build install --record /home/nuc/ros2_workspace/data_collection_ws/build/piper_teleop/install.log --single-version-externally-managed install_data[0m
[2.662s] [34mcolcon.colcon_core.shell[0m [1;30mINFO[0m Creating environment descriptor '/home/nuc/ros2_workspace/data_collection_ws/install/piper_teleop/share/piper_teleop/hook/pythonpath.dsv'
[2.663s] [34mcolcon.colcon_core.shell[0m [1;30mINFO[0m Creating environment hook '/home/nuc/ros2_workspace/data_collection_ws/install/piper_teleop/share/piper_teleop/hook/pythonpath.sh'
[2.663s] [34mcolcon.colcon_core.environment[0m [1;30mLevel 1[0m checking '/home/nuc/ros2_workspace/data_collection_ws/install/piper_teleop/bin'
[2.663s] [34mcolcon.colcon_core.environment[0m [1;30mLevel 1[0m create_environment_scripts_only(piper_teleop)
[2.663s] [34mcolcon.colcon_core.shell[0m [1;30mINFO[0m Creating package script '/home/nuc/ros2_workspace/data_collection_ws/install/piper_teleop/share/piper_teleop/package.ps1'
[2.664s] [34mcolcon.colcon_core.shell[0m [1;30mINFO[0m Creating package descriptor '/home/nuc/ros2_workspace/data_collection_ws/install/piper_teleop/share/piper_teleop/package.dsv'
[2.664s] [34mcolcon.colcon_core.shell[0m [1;30mINFO[0m Creating package script '/home/nuc/ros2_workspace/data_collection_ws/install/piper_teleop/share/piper_teleop/package.sh'
[2.665s] [34mcolcon.colcon_core.shell[0m [1;30mINFO[0m Creating package script '/home/nuc/ros2_workspace/data_collection_ws/install/piper_teleop/share/piper_teleop/package.bash'
[2.665s] [34mcolcon.colcon_core.shell[0m [1;30mINFO[0m Creating package script '/home/nuc/ros2_workspace/data_collection_ws/install/piper_teleop/share/piper_teleop/package.zsh'
[2.665s] [34mcolcon.colcon_core.environment[0m [1;30mLevel 1[0m create_file_with_runtime_dependencies(/home/nuc/ros2_workspace/data_collection_ws/install/piper_teleop/share/colcon-core/packages/piper_teleop)
[2.666s] [34mcolcon.colcon_ros.task.ament_python.build[0m [1;30mINFO[0m Building ROS package in '/home/nuc/ros2_workspace/data_collection_ws/src/data_recorder_ros2' with build type 'ament_python'
[2.666s] [34mcolcon.colcon_core.shell[0m [1;30mLevel 1[0m create_environment_hook('data_recorder_ros2', 'ament_prefix_path')
[2.666s] [34mcolcon.colcon_core.shell[0m [1;30mINFO[0m Creating environment hook '/home/nuc/ros2_workspace/data_collection_ws/install/data_recorder_ros2/share/data_recorder_ros2/hook/ament_prefix_path.ps1'
[2.666s] [34mcolcon.colcon_core.shell[0m [1;30mINFO[0m Creating environment descriptor '/home/nuc/ros2_workspace/data_collection_ws/install/data_recorder_ros2/share/data_recorder_ros2/hook/ament_prefix_path.dsv'
[2.667s] [34mcolcon.colcon_core.shell[0m [1;30mINFO[0m Creating environment hook '/home/nuc/ros2_workspace/data_collection_ws/install/data_recorder_ros2/share/data_recorder_ros2/hook/ament_prefix_path.sh'
[2.667s] [34mcolcon.colcon_core.shell[0m [1;30mINFO[0m Skip shell extension 'powershell' for command environment: Not usable outside of PowerShell
[2.667s] [34mcolcon.colcon_core.shell[0m [1;30mDEBUG[0m [32mSkip shell extension 'dsv' for command environment[0m
[2.848s] [34mcolcon.colcon_core.task.python.build[0m [1;30mINFO[0m Building Python package in '/home/nuc/ros2_workspace/data_collection_ws/src/data_recorder_ros2'
[2.849s] [34mcolcon.colcon_core.shell[0m [1;30mINFO[0m Skip shell extension 'powershell' for command environment: Not usable outside of PowerShell
[2.849s] [34mcolcon.colcon_core.shell[0m [1;30mDEBUG[0m [32mSkip shell extension 'dsv' for command environment[0m
[2.865s] [34mcolcon.colcon_core.environment[0m [1;30mLevel 1[0m checking '/home/nuc/ros2_workspace/data_collection_ws/install/tracker_bridge' for CMake module files
[2.866s] [34mcolcon.colcon_core.event_handler.log_command[0m [1;30mDEBUG[0m [32mInvoked command in '/home/nuc/ros2_workspace/data_collection_ws/src/tracker_bridge' returned '0': PYTHONPATH=/home/nuc/ros2_workspace/data_collection_ws/build/tracker_bridge/prefix_override:/usr/lib/python3/dist-packages/colcon_core/task/python/colcon_distutils_commands:/home/nuc/ros2_workspace/data_collection_ws/install/tracker_bridge/lib/python3.10/site-packages:${PYTHONPATH} /usr/bin/python3 -W ignore:setup.py install is deprecated -W ignore:easy_install command is deprecated setup.py egg_info --egg-base ../../build/tracker_bridge build --build-base /home/nuc/ros2_workspace/data_collection_ws/build/tracker_bridge/build install --record /home/nuc/ros2_workspace/data_collection_ws/build/tracker_bridge/install.log --single-version-externally-managed install_data[0m
[2.866s] [34mcolcon.colcon_core.environment[0m [1;30mLevel 1[0m checking '/home/nuc/ros2_workspace/data_collection_ws/install/tracker_bridge' for CMake config files
[2.866s] [34mcolcon.colcon_core.environment[0m [1;30mLevel 1[0m checking '/home/nuc/ros2_workspace/data_collection_ws/install/tracker_bridge/lib'
[2.867s] [34mcolcon.colcon_core.environment[0m [1;30mLevel 1[0m checking '/home/nuc/ros2_workspace/data_collection_ws/install/tracker_bridge/bin'
[2.867s] [34mcolcon.colcon_core.environment[0m [1;30mLevel 1[0m checking '/home/nuc/ros2_workspace/data_collection_ws/install/tracker_bridge/lib/pkgconfig/tracker_bridge.pc'
[2.867s] [34mcolcon.colcon_core.environment[0m [1;30mLevel 1[0m checking '/home/nuc/ros2_workspace/data_collection_ws/install/tracker_bridge/lib/python3.10/site-packages'
[2.868s] [34mcolcon.colcon_core.shell[0m [1;30mLevel 1[0m create_environment_hook('tracker_bridge', 'pythonpath')
[2.868s] [34mcolcon.colcon_core.shell[0m [1;30mINFO[0m Creating environment hook '/home/nuc/ros2_workspace/data_collection_ws/install/tracker_bridge/share/tracker_bridge/hook/pythonpath.ps1'
[2.868s] [34mcolcon.colcon_core.shell[0m [1;30mINFO[0m Creating environment descriptor '/home/nuc/ros2_workspace/data_collection_ws/install/tracker_bridge/share/tracker_bridge/hook/pythonpath.dsv'
[2.869s] [34mcolcon.colcon_core.shell[0m [1;30mINFO[0m Creating environment hook '/home/nuc/ros2_workspace/data_collection_ws/install/tracker_bridge/share/tracker_bridge/hook/pythonpath.sh'
[2.869s] [34mcolcon.colcon_core.environment[0m [1;30mLevel 1[0m checking '/home/nuc/ros2_workspace/data_collection_ws/install/tracker_bridge/bin'
[2.869s] [34mcolcon.colcon_core.environment[0m [1;30mLevel 1[0m create_environment_scripts_only(tracker_bridge)
[2.869s] [34mcolcon.colcon_core.shell[0m [1;30mINFO[0m Creating package script '/home/nuc/ros2_workspace/data_collection_ws/install/tracker_bridge/share/tracker_bridge/package.ps1'
[2.870s] [34mcolcon.colcon_core.shell[0m [1;30mINFO[0m Creating package descriptor '/home/nuc/ros2_workspace/data_collection_ws/install/tracker_bridge/share/tracker_bridge/package.dsv'
[2.870s] [34mcolcon.colcon_core.shell[0m [1;30mINFO[0m Creating package script '/home/nuc/ros2_workspace/data_collection_ws/install/tracker_bridge/share/tracker_bridge/package.sh'
[2.870s] [34mcolcon.colcon_core.shell[0m [1;30mINFO[0m Creating package script '/home/nuc/ros2_workspace/data_collection_ws/install/tracker_bridge/share/tracker_bridge/package.bash'
[2.871s] [34mcolcon.colcon_core.shell[0m [1;30mINFO[0m Creating package script '/home/nuc/ros2_workspace/data_collection_ws/install/tracker_bridge/share/tracker_bridge/package.zsh'
[2.871s] [34mcolcon.colcon_core.environment[0m [1;30mLevel 1[0m create_file_with_runtime_dependencies(/home/nuc/ros2_workspace/data_collection_ws/install/tracker_bridge/share/colcon-core/packages/tracker_bridge)
[3.091s] [34mcolcon.colcon_core.event_handler.log_command[0m [1;30mDEBUG[0m [32mInvoking command in '/home/nuc/ros2_workspace/data_collection_ws/src/data_recorder_ros2': PYTHONPATH=/home/nuc/ros2_workspace/data_collection_ws/build/data_recorder_ros2/prefix_override:/usr/lib/python3/dist-packages/colcon_core/task/python/colcon_distutils_commands:/home/nuc/ros2_workspace/data_collection_ws/install/data_recorder_ros2/lib/python3.10/site-packages:${PYTHONPATH} /usr/bin/python3 -W ignore:setup.py install is deprecated -W ignore:easy_install command is deprecated setup.py egg_info --egg-base ../../build/data_recorder_ros2 build --build-base /home/nuc/ros2_workspace/data_collection_ws/build/data_recorder_ros2/build install --record /home/nuc/ros2_workspace/data_collection_ws/build/data_recorder_ros2/install.log --single-version-externally-managed install_data[0m
[3.292s] [34mcolcon.colcon_core.environment[0m [1;30mLevel 1[0m checking '/home/nuc/ros2_workspace/data_collection_ws/install/data_recorder_ros2' for CMake module files
[3.293s] [34mcolcon.colcon_core.event_handler.log_command[0m [1;30mDEBUG[0m [32mInvoked command in '/home/nuc/ros2_workspace/data_collection_ws/src/data_recorder_ros2' returned '0': PYTHONPATH=/home/nuc/ros2_workspace/data_collection_ws/build/data_recorder_ros2/prefix_override:/usr/lib/python3/dist-packages/colcon_core/task/python/colcon_distutils_commands:/home/nuc/ros2_workspace/data_collection_ws/install/data_recorder_ros2/lib/python3.10/site-packages:${PYTHONPATH} /usr/bin/python3 -W ignore:setup.py install is deprecated -W ignore:easy_install command is deprecated setup.py egg_info --egg-base ../../build/data_recorder_ros2 build --build-base /home/nuc/ros2_workspace/data_collection_ws/build/data_recorder_ros2/build install --record /home/nuc/ros2_workspace/data_collection_ws/build/data_recorder_ros2/install.log --single-version-externally-managed install_data[0m
[3.293s] [34mcolcon.colcon_core.environment[0m [1;30mLevel 1[0m checking '/home/nuc/ros2_workspace/data_collection_ws/install/data_recorder_ros2' for CMake config files
[3.295s] [34mcolcon.colcon_core.environment[0m [1;30mLevel 1[0m checking '/home/nuc/ros2_workspace/data_collection_ws/install/data_recorder_ros2/lib'
[3.295s] [34mcolcon.colcon_core.environment[0m [1;30mLevel 1[0m checking '/home/nuc/ros2_workspace/data_collection_ws/install/data_recorder_ros2/bin'
[3.295s] [34mcolcon.colcon_core.environment[0m [1;30mLevel 1[0m checking '/home/nuc/ros2_workspace/data_collection_ws/install/data_recorder_ros2/lib/pkgconfig/data_recorder_ros2.pc'
[3.295s] [34mcolcon.colcon_core.environment[0m [1;30mLevel 1[0m checking '/home/nuc/ros2_workspace/data_collection_ws/install/data_recorder_ros2/lib/python3.10/site-packages'
[3.295s] [34mcolcon.colcon_core.shell[0m [1;30mLevel 1[0m create_environment_hook('data_recorder_ros2', 'pythonpath')
[3.295s] [34mcolcon.colcon_core.shell[0m [1;30mINFO[0m Creating environment hook '/home/nuc/ros2_workspace/data_collection_ws/install/data_recorder_ros2/share/data_recorder_ros2/hook/pythonpath.ps1'
[3.295s] [34mcolcon.colcon_core.shell[0m [1;30mINFO[0m Creating environment descriptor '/home/nuc/ros2_workspace/data_collection_ws/install/data_recorder_ros2/share/data_recorder_ros2/hook/pythonpath.dsv'
[3.296s] [34mcolcon.colcon_core.shell[0m [1;30mINFO[0m Creating environment hook '/home/nuc/ros2_workspace/data_collection_ws/install/data_recorder_ros2/share/data_recorder_ros2/hook/pythonpath.sh'
[3.296s] [34mcolcon.colcon_core.environment[0m [1;30mLevel 1[0m checking '/home/nuc/ros2_workspace/data_collection_ws/install/data_recorder_ros2/bin'
[3.296s] [34mcolcon.colcon_core.environment[0m [1;30mLevel 1[0m create_environment_scripts_only(data_recorder_ros2)
[3.296s] [34mcolcon.colcon_core.shell[0m [1;30mINFO[0m Creating package script '/home/nuc/ros2_workspace/data_collection_ws/install/data_recorder_ros2/share/data_recorder_ros2/package.ps1'
[3.297s] [34mcolcon.colcon_core.shell[0m [1;30mINFO[0m Creating package descriptor '/home/nuc/ros2_workspace/data_collection_ws/install/data_recorder_ros2/share/data_recorder_ros2/package.dsv'
[3.297s] [34mcolcon.colcon_core.shell[0m [1;30mINFO[0m Creating package script '/home/nuc/ros2_workspace/data_collection_ws/install/data_recorder_ros2/share/data_recorder_ros2/package.sh'
[3.297s] [34mcolcon.colcon_core.shell[0m [1;30mINFO[0m Creating package script '/home/nuc/ros2_workspace/data_collection_ws/install/data_recorder_ros2/share/data_recorder_ros2/package.bash'
[3.298s] [34mcolcon.colcon_core.shell[0m [1;30mINFO[0m Creating package script '/home/nuc/ros2_workspace/data_collection_ws/install/data_recorder_ros2/share/data_recorder_ros2/package.zsh'
[3.298s] [34mcolcon.colcon_core.environment[0m [1;30mLevel 1[0m create_file_with_runtime_dependencies(/home/nuc/ros2_workspace/data_collection_ws/install/data_recorder_ros2/share/colcon-core/packages/data_recorder_ros2)
[3.298s] [34mcolcon.colcon_parallel_executor.executor.parallel[0m [1;30mDEBUG[0m [32mclosing loop[0m
[3.298s] [34mcolcon.colcon_parallel_executor.executor.parallel[0m [1;30mDEBUG[0m [32mloop closed[0m
[3.299s] [34mcolcon.colcon_parallel_executor.executor.parallel[0m [1;30mDEBUG[0m [32mrun_until_complete finished with '0'[0m
[3.299s] [34mcolcon.colcon_core.event_reactor[0m [1;30mDEBUG[0m [32mjoining thread[0m
[3.306s] [34mcolcon.colcon_core.plugin_system[0m [1;30mINFO[0m Skipping extension 'colcon_notification.desktop_notification.terminal_notifier': Not used on non-Darwin systems
[3.306s] [34mcolcon.colcon_core.plugin_system[0m [1;30mINFO[0m Skipping extension 'colcon_notification.desktop_notification.win32': Not used on non-Windows systems
[3.306s] [34mcolcon.colcon_notification.desktop_notification[0m [1;30mINFO[0m Sending desktop notification using 'notify2'
[3.319s] [34mcolcon.colcon_core.event_reactor[0m [1;30mDEBUG[0m [32mjoined thread[0m
[3.319s] [34mcolcon.colcon_core.shell[0m [1;30mINFO[0m Creating prefix script '/home/nuc/ros2_workspace/data_collection_ws/install/local_setup.ps1'
[3.321s] [34mcolcon.colcon_core.shell[0m [1;30mINFO[0m Creating prefix util module '/home/nuc/ros2_workspace/data_collection_ws/install/_local_setup_util_ps1.py'
[3.322s] [34mcolcon.colcon_core.shell[0m [1;30mINFO[0m Creating prefix chain script '/home/nuc/ros2_workspace/data_collection_ws/install/setup.ps1'
[3.323s] [34mcolcon.colcon_core.shell[0m [1;30mINFO[0m Creating prefix script '/home/nuc/ros2_workspace/data_collection_ws/install/local_setup.sh'
[3.324s] [34mcolcon.colcon_core.shell[0m [1;30mINFO[0m Creating prefix util module '/home/nuc/ros2_workspace/data_collection_ws/install/_local_setup_util_sh.py'
[3.325s] [34mcolcon.colcon_core.shell[0m [1;30mINFO[0m Creating prefix chain script '/home/nuc/ros2_workspace/data_collection_ws/install/setup.sh'
[3.326s] [34mcolcon.colcon_core.shell[0m [1;30mINFO[0m Creating prefix script '/home/nuc/ros2_workspace/data_collection_ws/install/local_setup.bash'
[3.327s] [34mcolcon.colcon_core.shell[0m [1;30mINFO[0m Creating prefix chain script '/home/nuc/ros2_workspace/data_collection_ws/install/setup.bash'
[3.328s] [34mcolcon.colcon_core.shell[0m [1;30mINFO[0m Creating prefix script '/home/nuc/ros2_workspace/data_collection_ws/install/local_setup.zsh'
[3.329s] [34mcolcon.colcon_core.shell[0m [1;30mINFO[0m Creating prefix chain script '/home/nuc/ros2_workspace/data_collection_ws/install/setup.zsh'
