running egg_info
creating ../../build/tracker_bridge/tracker_bridge.egg-info
writing ../../build/tracker_bridge/tracker_bridge.egg-info/PKG-INFO
writing dependency_links to ../../build/tracker_bridge/tracker_bridge.egg-info/dependency_links.txt
writing entry points to ../../build/tracker_bridge/tracker_bridge.egg-info/entry_points.txt
writing requirements to ../../build/tracker_bridge/tracker_bridge.egg-info/requires.txt
writing top-level names to ../../build/tracker_bridge/tracker_bridge.egg-info/top_level.txt
writing manifest file '../../build/tracker_bridge/tracker_bridge.egg-info/SOURCES.txt'
reading manifest file '../../build/tracker_bridge/tracker_bridge.egg-info/SOURCES.txt'
writing manifest file '../../build/tracker_bridge/tracker_bridge.egg-info/SOURCES.txt'
running build
running build_py
creating /home/nuc/ros2_workspace/data_collection_ws/build/tracker_bridge/build
creating /home/nuc/ros2_workspace/data_collection_ws/build/tracker_bridge/build/lib
creating /home/nuc/ros2_workspace/data_collection_ws/build/tracker_bridge/build/lib/tracker_bridge
copying tracker_bridge/__init__.py -> /home/nuc/ros2_workspace/data_collection_ws/build/tracker_bridge/build/lib/tracker_bridge
copying tracker_bridge/plot_trackers.py -> /home/nuc/ros2_workspace/data_collection_ws/build/tracker_bridge/build/lib/tracker_bridge
copying tracker_bridge/tracker_server.py -> /home/nuc/ros2_workspace/data_collection_ws/build/tracker_bridge/build/lib/tracker_bridge
running install
running install_lib
creating /home/nuc/ros2_workspace/data_collection_ws/install/tracker_bridge/lib/python3.10/site-packages/tracker_bridge
copying /home/nuc/ros2_workspace/data_collection_ws/build/tracker_bridge/build/lib/tracker_bridge/__init__.py -> /home/nuc/ros2_workspace/data_collection_ws/install/tracker_bridge/lib/python3.10/site-packages/tracker_bridge
copying /home/nuc/ros2_workspace/data_collection_ws/build/tracker_bridge/build/lib/tracker_bridge/plot_trackers.py -> /home/nuc/ros2_workspace/data_collection_ws/install/tracker_bridge/lib/python3.10/site-packages/tracker_bridge
copying /home/nuc/ros2_workspace/data_collection_ws/build/tracker_bridge/build/lib/tracker_bridge/tracker_server.py -> /home/nuc/ros2_workspace/data_collection_ws/install/tracker_bridge/lib/python3.10/site-packages/tracker_bridge
byte-compiling /home/nuc/ros2_workspace/data_collection_ws/install/tracker_bridge/lib/python3.10/site-packages/tracker_bridge/__init__.py to __init__.cpython-310.pyc
byte-compiling /home/nuc/ros2_workspace/data_collection_ws/install/tracker_bridge/lib/python3.10/site-packages/tracker_bridge/plot_trackers.py to plot_trackers.cpython-310.pyc
byte-compiling /home/nuc/ros2_workspace/data_collection_ws/install/tracker_bridge/lib/python3.10/site-packages/tracker_bridge/tracker_server.py to tracker_server.cpython-310.pyc
running install_data
creating /home/nuc/ros2_workspace/data_collection_ws/install/tracker_bridge/share/ament_index
creating /home/nuc/ros2_workspace/data_collection_ws/install/tracker_bridge/share/ament_index/resource_index
creating /home/nuc/ros2_workspace/data_collection_ws/install/tracker_bridge/share/ament_index/resource_index/packages
copying resource/tracker_bridge -> /home/nuc/ros2_workspace/data_collection_ws/install/tracker_bridge/share/ament_index/resource_index/packages
copying package.xml -> /home/nuc/ros2_workspace/data_collection_ws/install/tracker_bridge/share/tracker_bridge
creating /home/nuc/ros2_workspace/data_collection_ws/install/tracker_bridge/share/tracker_bridge/launch
copying launch/tracker_bridge.launch.py -> /home/nuc/ros2_workspace/data_collection_ws/install/tracker_bridge/share/tracker_bridge/launch
running install_egg_info
Copying ../../build/tracker_bridge/tracker_bridge.egg-info to /home/nuc/ros2_workspace/data_collection_ws/install/tracker_bridge/lib/python3.10/site-packages/tracker_bridge-0.0.0-py3.10.egg-info
running install_scripts
Installing plot_trackers script to /home/nuc/ros2_workspace/data_collection_ws/install/tracker_bridge/lib/tracker_bridge
Installing tracker_server script to /home/nuc/ros2_workspace/data_collection_ws/install/tracker_bridge/lib/tracker_bridge
writing list of installed files to '/home/nuc/ros2_workspace/data_collection_ws/build/tracker_bridge/install.log'
