[0.823s] Invoking command in '/home/nuc/ros2_workspace/data_collection_ws/src/tracker_bridge': PYTHONPATH=/home/nuc/ros2_workspace/data_collection_ws/build/tracker_bridge/prefix_override:/usr/lib/python3/dist-packages/colcon_core/task/python/colcon_distutils_commands:/home/nuc/ros2_workspace/data_collection_ws/install/tracker_bridge/lib/python3.10/site-packages:${PYTHONPATH} /usr/bin/python3 -W ignore:setup.py install is deprecated -W ignore:easy_install command is deprecated setup.py egg_info --egg-base ../../build/tracker_bridge build --build-base /home/nuc/ros2_workspace/data_collection_ws/build/tracker_bridge/build install --record /home/nuc/ros2_workspace/data_collection_ws/build/tracker_bridge/install.log --single-version-externally-managed install_data
[1.011s] running egg_info
[1.012s] creating ../../build/tracker_bridge/tracker_bridge.egg-info
[1.012s] writing ../../build/tracker_bridge/tracker_bridge.egg-info/PKG-INFO
[1.012s] writing dependency_links to ../../build/tracker_bridge/tracker_bridge.egg-info/dependency_links.txt
[1.013s] writing entry points to ../../build/tracker_bridge/tracker_bridge.egg-info/entry_points.txt
[1.013s] writing requirements to ../../build/tracker_bridge/tracker_bridge.egg-info/requires.txt
[1.013s] writing top-level names to ../../build/tracker_bridge/tracker_bridge.egg-info/top_level.txt
[1.013s] writing manifest file '../../build/tracker_bridge/tracker_bridge.egg-info/SOURCES.txt'
[1.014s] reading manifest file '../../build/tracker_bridge/tracker_bridge.egg-info/SOURCES.txt'
[1.015s] writing manifest file '../../build/tracker_bridge/tracker_bridge.egg-info/SOURCES.txt'
[1.016s] running build
[1.016s] running build_py
[1.016s] creating /home/nuc/ros2_workspace/data_collection_ws/build/tracker_bridge/build
[1.016s] creating /home/nuc/ros2_workspace/data_collection_ws/build/tracker_bridge/build/lib
[1.016s] creating /home/nuc/ros2_workspace/data_collection_ws/build/tracker_bridge/build/lib/tracker_bridge
[1.016s] copying tracker_bridge/__init__.py -> /home/nuc/ros2_workspace/data_collection_ws/build/tracker_bridge/build/lib/tracker_bridge
[1.016s] copying tracker_bridge/plot_trackers.py -> /home/nuc/ros2_workspace/data_collection_ws/build/tracker_bridge/build/lib/tracker_bridge
[1.016s] copying tracker_bridge/tracker_server.py -> /home/nuc/ros2_workspace/data_collection_ws/build/tracker_bridge/build/lib/tracker_bridge
[1.016s] running install
[1.017s] running install_lib
[1.017s] creating /home/nuc/ros2_workspace/data_collection_ws/install/tracker_bridge/lib/python3.10/site-packages/tracker_bridge
[1.018s] copying /home/nuc/ros2_workspace/data_collection_ws/build/tracker_bridge/build/lib/tracker_bridge/__init__.py -> /home/nuc/ros2_workspace/data_collection_ws/install/tracker_bridge/lib/python3.10/site-packages/tracker_bridge
[1.018s] copying /home/nuc/ros2_workspace/data_collection_ws/build/tracker_bridge/build/lib/tracker_bridge/plot_trackers.py -> /home/nuc/ros2_workspace/data_collection_ws/install/tracker_bridge/lib/python3.10/site-packages/tracker_bridge
[1.018s] copying /home/nuc/ros2_workspace/data_collection_ws/build/tracker_bridge/build/lib/tracker_bridge/tracker_server.py -> /home/nuc/ros2_workspace/data_collection_ws/install/tracker_bridge/lib/python3.10/site-packages/tracker_bridge
[1.018s] byte-compiling /home/nuc/ros2_workspace/data_collection_ws/install/tracker_bridge/lib/python3.10/site-packages/tracker_bridge/__init__.py to __init__.cpython-310.pyc
[1.018s] byte-compiling /home/nuc/ros2_workspace/data_collection_ws/install/tracker_bridge/lib/python3.10/site-packages/tracker_bridge/plot_trackers.py to plot_trackers.cpython-310.pyc
[1.019s] byte-compiling /home/nuc/ros2_workspace/data_collection_ws/install/tracker_bridge/lib/python3.10/site-packages/tracker_bridge/tracker_server.py to tracker_server.cpython-310.pyc
[1.020s] running install_data
[1.020s] creating /home/nuc/ros2_workspace/data_collection_ws/install/tracker_bridge/share/ament_index
[1.021s] creating /home/nuc/ros2_workspace/data_collection_ws/install/tracker_bridge/share/ament_index/resource_index
[1.021s] creating /home/nuc/ros2_workspace/data_collection_ws/install/tracker_bridge/share/ament_index/resource_index/packages
[1.021s] copying resource/tracker_bridge -> /home/nuc/ros2_workspace/data_collection_ws/install/tracker_bridge/share/ament_index/resource_index/packages
[1.021s] copying package.xml -> /home/nuc/ros2_workspace/data_collection_ws/install/tracker_bridge/share/tracker_bridge
[1.021s] creating /home/nuc/ros2_workspace/data_collection_ws/install/tracker_bridge/share/tracker_bridge/launch
[1.021s] copying launch/tracker_bridge.launch.py -> /home/nuc/ros2_workspace/data_collection_ws/install/tracker_bridge/share/tracker_bridge/launch
[1.021s] running install_egg_info
[1.021s] Copying ../../build/tracker_bridge/tracker_bridge.egg-info to /home/nuc/ros2_workspace/data_collection_ws/install/tracker_bridge/lib/python3.10/site-packages/tracker_bridge-0.0.0-py3.10.egg-info
[1.021s] running install_scripts
[1.037s] Installing plot_trackers script to /home/nuc/ros2_workspace/data_collection_ws/install/tracker_bridge/lib/tracker_bridge
[1.037s] Installing tracker_server script to /home/nuc/ros2_workspace/data_collection_ws/install/tracker_bridge/lib/tracker_bridge
[1.038s] writing list of installed files to '/home/nuc/ros2_workspace/data_collection_ws/build/tracker_bridge/install.log'
[1.108s] Invoked command in '/home/nuc/ros2_workspace/data_collection_ws/src/tracker_bridge' returned '0': PYTHONPATH=/home/nuc/ros2_workspace/data_collection_ws/build/tracker_bridge/prefix_override:/usr/lib/python3/dist-packages/colcon_core/task/python/colcon_distutils_commands:/home/nuc/ros2_workspace/data_collection_ws/install/tracker_bridge/lib/python3.10/site-packages:${PYTHONPATH} /usr/bin/python3 -W ignore:setup.py install is deprecated -W ignore:easy_install command is deprecated setup.py egg_info --egg-base ../../build/tracker_bridge build --build-base /home/nuc/ros2_workspace/data_collection_ws/build/tracker_bridge/build install --record /home/nuc/ros2_workspace/data_collection_ws/build/tracker_bridge/install.log --single-version-externally-managed install_data
