[0.537s] Invoking command in '/home/nuc/ros2_workspace/data_collection_ws/build/data_recorder_ros2': PYTHONPATH=/home/nuc/ros2_workspace/data_collection_ws/build/data_recorder_ros2/prefix_override:/usr/lib/python3/dist-packages/colcon_core/task/python/colcon_distutils_commands:/home/nuc/ros2_workspace/data_collection_ws/install/data_recorder_ros2/lib/python3.10/site-packages:${PYTHONPATH} /usr/bin/python3 -W ignore:setup.py install is deprecated -W ignore:easy_install command is deprecated setup.py develop --uninstall --editable --build-directory /home/nuc/ros2_workspace/data_collection_ws/build/data_recorder_ros2/build
[0.744s] running develop
[0.862s] Removing /home/nuc/ros2_workspace/data_collection_ws/install/data_recorder_ros2/lib/python3.10/site-packages/data-recorder-ros2.egg-link (link to .)
[0.882s] Invoked command in '/home/nuc/ros2_workspace/data_collection_ws/build/data_recorder_ros2' returned '0': PYTHONPATH=/home/nuc/ros2_workspace/data_collection_ws/build/data_recorder_ros2/prefix_override:/usr/lib/python3/dist-packages/colcon_core/task/python/colcon_distutils_commands:/home/nuc/ros2_workspace/data_collection_ws/install/data_recorder_ros2/lib/python3.10/site-packages:${PYTHONPATH} /usr/bin/python3 -W ignore:setup.py install is deprecated -W ignore:easy_install command is deprecated setup.py develop --uninstall --editable --build-directory /home/nuc/ros2_workspace/data_collection_ws/build/data_recorder_ros2/build
[0.884s] Invoking command in '/home/nuc/ros2_workspace/data_collection_ws/src/data_recorder_ros2': PYTHONPATH=/home/nuc/ros2_workspace/data_collection_ws/build/data_recorder_ros2/prefix_override:/usr/lib/python3/dist-packages/colcon_core/task/python/colcon_distutils_commands:/home/nuc/ros2_workspace/data_collection_ws/install/data_recorder_ros2/lib/python3.10/site-packages:${PYTHONPATH} /usr/bin/python3 -W ignore:setup.py install is deprecated -W ignore:easy_install command is deprecated setup.py egg_info --egg-base ../../build/data_recorder_ros2 build --build-base /home/nuc/ros2_workspace/data_collection_ws/build/data_recorder_ros2/build install --record /home/nuc/ros2_workspace/data_collection_ws/build/data_recorder_ros2/install.log --single-version-externally-managed install_data --force
[1.123s] running egg_info
[1.123s] writing ../../build/data_recorder_ros2/data_recorder_ros2.egg-info/PKG-INFO
[1.124s] writing dependency_links to ../../build/data_recorder_ros2/data_recorder_ros2.egg-info/dependency_links.txt
[1.124s] writing entry points to ../../build/data_recorder_ros2/data_recorder_ros2.egg-info/entry_points.txt
[1.124s] writing requirements to ../../build/data_recorder_ros2/data_recorder_ros2.egg-info/requires.txt
[1.124s] writing top-level names to ../../build/data_recorder_ros2/data_recorder_ros2.egg-info/top_level.txt
[1.127s] reading manifest file '../../build/data_recorder_ros2/data_recorder_ros2.egg-info/SOURCES.txt'
[1.127s] reading manifest template 'MANIFEST.in'
[1.127s] writing manifest file '../../build/data_recorder_ros2/data_recorder_ros2.egg-info/SOURCES.txt'
[1.128s] running build
[1.128s] running build_py
[1.128s] copying data_recorder_ros2/heartbeat_publisher.py -> /home/nuc/ros2_workspace/data_collection_ws/build/data_recorder_ros2/build/lib/data_recorder_ros2
[1.128s] running install
[1.128s] running install_lib
[1.129s] creating /home/nuc/ros2_workspace/data_collection_ws/install/data_recorder_ros2/lib/python3.10/site-packages/data_recorder_ros2
[1.129s] copying /home/nuc/ros2_workspace/data_collection_ws/build/data_recorder_ros2/build/lib/data_recorder_ros2/__init__.py -> /home/nuc/ros2_workspace/data_collection_ws/install/data_recorder_ros2/lib/python3.10/site-packages/data_recorder_ros2
[1.129s] copying /home/nuc/ros2_workspace/data_collection_ws/build/data_recorder_ros2/build/lib/data_recorder_ros2/recorder_service.py -> /home/nuc/ros2_workspace/data_collection_ws/install/data_recorder_ros2/lib/python3.10/site-packages/data_recorder_ros2
[1.129s] copying /home/nuc/ros2_workspace/data_collection_ws/build/data_recorder_ros2/build/lib/data_recorder_ros2/anheng_scale_node.py -> /home/nuc/ros2_workspace/data_collection_ws/install/data_recorder_ros2/lib/python3.10/site-packages/data_recorder_ros2
[1.129s] copying /home/nuc/ros2_workspace/data_collection_ws/build/data_recorder_ros2/build/lib/data_recorder_ros2/heartbeat_publisher.py -> /home/nuc/ros2_workspace/data_collection_ws/install/data_recorder_ros2/lib/python3.10/site-packages/data_recorder_ros2
[1.132s] byte-compiling /home/nuc/ros2_workspace/data_collection_ws/install/data_recorder_ros2/lib/python3.10/site-packages/data_recorder_ros2/__init__.py to __init__.cpython-310.pyc
[1.132s] byte-compiling /home/nuc/ros2_workspace/data_collection_ws/install/data_recorder_ros2/lib/python3.10/site-packages/data_recorder_ros2/recorder_service.py to recorder_service.cpython-310.pyc
[1.133s] byte-compiling /home/nuc/ros2_workspace/data_collection_ws/install/data_recorder_ros2/lib/python3.10/site-packages/data_recorder_ros2/anheng_scale_node.py to anheng_scale_node.cpython-310.pyc
[1.133s] byte-compiling /home/nuc/ros2_workspace/data_collection_ws/install/data_recorder_ros2/lib/python3.10/site-packages/data_recorder_ros2/heartbeat_publisher.py to heartbeat_publisher.cpython-310.pyc
[1.133s] running install_data
[1.133s] copying resource/data_recorder_ros2 -> /home/nuc/ros2_workspace/data_collection_ws/install/data_recorder_ros2/share/ament_index/resource_index/packages
[1.133s] copying package.xml -> /home/nuc/ros2_workspace/data_collection_ws/install/data_recorder_ros2/share/data_recorder_ros2
[1.133s] copying launch/scale.launch.py -> /home/nuc/ros2_workspace/data_collection_ws/install/data_recorder_ros2/share/data_recorder_ros2/launch
[1.133s] copying launch/recorder.launch.py -> /home/nuc/ros2_workspace/data_collection_ws/install/data_recorder_ros2/share/data_recorder_ros2/launch
[1.134s] copying launch/data_recorder_bringup.launch.py -> /home/nuc/ros2_workspace/data_collection_ws/install/data_recorder_ros2/share/data_recorder_ros2/launch
[1.134s] copying launch/rs_d435i.launch.py -> /home/nuc/ros2_workspace/data_collection_ws/install/data_recorder_ros2/share/data_recorder_ros2/launch
[1.134s] copying launch/usb_camera.launch.py -> /home/nuc/ros2_workspace/data_collection_ws/install/data_recorder_ros2/share/data_recorder_ros2/launch
[1.134s] copying config/camera1.yaml -> /home/nuc/ros2_workspace/data_collection_ws/install/data_recorder_ros2/share/data_recorder_ros2/config
[1.134s] copying config/camera2.yaml -> /home/nuc/ros2_workspace/data_collection_ws/install/data_recorder_ros2/share/data_recorder_ros2/config
[1.134s] running install_egg_info
[1.137s] Copying ../../build/data_recorder_ros2/data_recorder_ros2.egg-info to /home/nuc/ros2_workspace/data_collection_ws/install/data_recorder_ros2/lib/python3.10/site-packages/data_recorder_ros2-0.1.0-py3.10.egg-info
[1.137s] running install_scripts
[1.156s] Installing anheng_scale_node script to /home/nuc/ros2_workspace/data_collection_ws/install/data_recorder_ros2/lib/data_recorder_ros2
[1.156s] Installing heartbeat_publisher script to /home/nuc/ros2_workspace/data_collection_ws/install/data_recorder_ros2/lib/data_recorder_ros2
[1.156s] Installing recorder_service script to /home/nuc/ros2_workspace/data_collection_ws/install/data_recorder_ros2/lib/data_recorder_ros2
[1.157s] writing list of installed files to '/home/nuc/ros2_workspace/data_collection_ws/build/data_recorder_ros2/install.log'
[1.180s] Invoked command in '/home/nuc/ros2_workspace/data_collection_ws/src/data_recorder_ros2' returned '0': PYTHONPATH=/home/nuc/ros2_workspace/data_collection_ws/build/data_recorder_ros2/prefix_override:/usr/lib/python3/dist-packages/colcon_core/task/python/colcon_distutils_commands:/home/nuc/ros2_workspace/data_collection_ws/install/data_recorder_ros2/lib/python3.10/site-packages:${PYTHONPATH} /usr/bin/python3 -W ignore:setup.py install is deprecated -W ignore:easy_install command is deprecated setup.py egg_info --egg-base ../../build/data_recorder_ros2 build --build-base /home/nuc/ros2_workspace/data_collection_ws/build/data_recorder_ros2/build install --record /home/nuc/ros2_workspace/data_collection_ws/build/data_recorder_ros2/install.log --single-version-externally-managed install_data --force
