[0.006s] Invoking command in '/home/bryce/ros2_workspace/data_collection_ws/build/open_cyber_glove_ros2': CMAKE_PREFIX_PATH=${CMAKE_PREFIX_PATH}:/home/bryce/ros2_workspace/data_collection_ws/install/data_recorder_ros2:/opt/ros/humble /usr/bin/cmake /home/bryce/ros2_workspace/data_collection_ws/src/open_cyber_glove_ros2 -DCMAKE_INSTALL_PREFIX=/home/bryce/ros2_workspace/data_collection_ws/install/open_cyber_glove_ros2
[0.049s] -- The C compiler identification is GNU 11.4.0
[0.090s] -- The CXX compiler identification is GNU 11.4.0
[0.099s] -- Detecting C compiler ABI info
[0.146s] -- Detecting C compiler ABI info - done
[0.150s] -- Check for working C compiler: /usr/bin/cc - skipped
[0.151s] -- Detecting C compile features
[0.151s] -- Detecting C compile features - done
[0.153s] -- Detecting CXX compiler ABI info
[0.206s] -- Detecting CXX compiler ABI info - done
[0.215s] -- Check for working CXX compiler: /usr/bin/c++ - skipped
[0.215s] -- Detecting CXX compile features
[0.216s] -- Detecting CXX compile features - done
[0.219s] -- Found ament_cmake: 1.3.12 (/opt/ros/humble/share/ament_cmake/cmake)
[0.330s] -- Found Python3: /usr/bin/python3 (found version "3.10.12") found components: Interpreter 
[0.395s] -- Found rclpy: 3.3.19 (/opt/ros/humble/share/rclpy/cmake)
[0.396s] -- Found std_msgs: 4.9.0 (/opt/ros/humble/share/std_msgs/cmake)
[0.420s] -- Found rosidl_generator_c: 3.1.7 (/opt/ros/humble/share/rosidl_generator_c/cmake)
[0.423s] -- Found rosidl_adapter: 3.1.7 (/opt/ros/humble/share/rosidl_adapter/cmake)
[0.429s] -- Found rosidl_generator_cpp: 3.1.7 (/opt/ros/humble/share/rosidl_generator_cpp/cmake)
[0.438s] -- Using all available rosidl_typesupport_c: rosidl_typesupport_fastrtps_c;rosidl_typesupport_introspection_c
[0.449s] -- Using all available rosidl_typesupport_cpp: rosidl_typesupport_fastrtps_cpp;rosidl_typesupport_introspection_cpp
[0.466s] -- Found sensor_msgs: 4.9.0 (/opt/ros/humble/share/sensor_msgs/cmake)
[0.491s] -- Found rosidl_default_generators: 1.2.0 (/opt/ros/humble/share/rosidl_default_generators/cmake)
[0.707s] -- Found ament_cmake_ros: 0.10.0 (/opt/ros/humble/share/ament_cmake_ros/cmake)
[1.032s] -- Using all available rosidl_typesupport_c: rosidl_typesupport_fastrtps_c;rosidl_typesupport_introspection_c
[1.161s] -- Using all available rosidl_typesupport_cpp: rosidl_typesupport_fastrtps_cpp;rosidl_typesupport_introspection_cpp
[1.177s] -- Found PythonInterp: /usr/bin/python3 (found suitable version "3.10.12", minimum required is "3.6") 
[1.178s] -- Found python_cmake_module: 0.10.0 (/opt/ros/humble/share/python_cmake_module/cmake)
[1.197s] -- Found PythonLibs: /usr/lib/x86_64-linux-gnu/libpython3.10.so (found suitable version "3.10.12", minimum required is "3.5") 
[1.197s] -- Using PYTHON_EXECUTABLE: /usr/bin/python3
[1.197s] -- Using PYTHON_INCLUDE_DIRS: /usr/include/python3.10
[1.197s] -- Using PYTHON_LIBRARIES: /usr/lib/x86_64-linux-gnu/libpython3.10.so
[1.212s] -- Found PythonExtra: .so  
[1.264s] -- Configuring done
[1.285s] -- Generating done
[1.293s] -- Build files have been written to: /home/bryce/ros2_workspace/data_collection_ws/build/open_cyber_glove_ros2
[1.301s] Invoked command in '/home/bryce/ros2_workspace/data_collection_ws/build/open_cyber_glove_ros2' returned '0': CMAKE_PREFIX_PATH=${CMAKE_PREFIX_PATH}:/home/bryce/ros2_workspace/data_collection_ws/install/data_recorder_ros2:/opt/ros/humble /usr/bin/cmake /home/bryce/ros2_workspace/data_collection_ws/src/open_cyber_glove_ros2 -DCMAKE_INSTALL_PREFIX=/home/bryce/ros2_workspace/data_collection_ws/install/open_cyber_glove_ros2
[1.301s] Invoking command in '/home/bryce/ros2_workspace/data_collection_ws/build/open_cyber_glove_ros2': CMAKE_PREFIX_PATH=${CMAKE_PREFIX_PATH}:/home/bryce/ros2_workspace/data_collection_ws/install/data_recorder_ros2:/opt/ros/humble /usr/bin/cmake --build /home/bryce/ros2_workspace/data_collection_ws/build/open_cyber_glove_ros2 -- -j12 -l12
[1.327s] [  3%] [34m[1mGenerating C code for ROS interfaces[0m
[1.334s] [  6%] [34m[1mGenerating C++ code for ROS interfaces[0m
[1.340s] [  6%] Built target ament_cmake_python_copy_open_cyber_glove_ros2
[1.521s] [  6%] Built target open_cyber_glove_ros2__cpp
[1.522s] [  9%] [32mBuilding C object CMakeFiles/open_cyber_glove_ros2__rosidl_generator_c.dir/rosidl_generator_c/open_cyber_glove_ros2/msg/detail/glove_data_msg__functions.c.o[0m
[1.528s] [ 19%] [34m[1mGenerating C++ type support for eProsima Fast-RTPS[0m
[1.529s] [ 19%] [34m[1mGenerating C++ type support dispatch for ROS interfaces[0m
[1.529s] [ 19%] [34m[1mGenerating C++ introspection for ROS interfaces[0m
[1.550s] running egg_info
[1.550s] creating open_cyber_glove_ros2.egg-info
[1.550s] writing open_cyber_glove_ros2.egg-info/PKG-INFO
[1.550s] writing dependency_links to open_cyber_glove_ros2.egg-info/dependency_links.txt
[1.551s] writing top-level names to open_cyber_glove_ros2.egg-info/top_level.txt
[1.552s] writing manifest file 'open_cyber_glove_ros2.egg-info/SOURCES.txt'
[1.554s] reading manifest file 'open_cyber_glove_ros2.egg-info/SOURCES.txt'
[1.554s] writing manifest file 'open_cyber_glove_ros2.egg-info/SOURCES.txt'
[1.562s] [ 22%] [32m[1mLinking C shared library libopen_cyber_glove_ros2__rosidl_generator_c.so[0m
[1.578s] [ 22%] Built target ament_cmake_python_build_open_cyber_glove_ros2_egg
[1.590s] [ 22%] Built target open_cyber_glove_ros2__rosidl_generator_c
[1.598s] [ 32%] [34m[1mGenerating C introspection for ROS interfaces[0m
[1.598s] [ 32%] [34m[1mGenerating C type support for eProsima Fast-RTPS[0m
[1.598s] [ 32%] [34m[1mGenerating C type support dispatch for ROS interfaces[0m
[1.704s] [ 35%] [32mBuilding CXX object CMakeFiles/open_cyber_glove_ros2__rosidl_typesupport_cpp.dir/rosidl_typesupport_cpp/open_cyber_glove_ros2/msg/glove_data_msg__type_support.cpp.o[0m
[1.722s] [ 38%] [32mBuilding CXX object CMakeFiles/open_cyber_glove_ros2__rosidl_typesupport_introspection_cpp.dir/rosidl_typesupport_introspection_cpp/open_cyber_glove_ros2/msg/detail/glove_data_msg__type_support.cpp.o[0m
[1.724s] [ 41%] [32mBuilding CXX object CMakeFiles/open_cyber_glove_ros2__rosidl_typesupport_fastrtps_cpp.dir/rosidl_typesupport_fastrtps_cpp/open_cyber_glove_ros2/msg/detail/dds_fastrtps/glove_data_msg__type_support.cpp.o[0m
[1.772s] [ 45%] [32mBuilding CXX object CMakeFiles/open_cyber_glove_ros2__rosidl_typesupport_c.dir/rosidl_typesupport_c/open_cyber_glove_ros2/msg/glove_data_msg__type_support.cpp.o[0m
[1.792s] [ 48%] [32mBuilding C object CMakeFiles/open_cyber_glove_ros2__rosidl_typesupport_introspection_c.dir/rosidl_typesupport_introspection_c/open_cyber_glove_ros2/msg/detail/glove_data_msg__type_support.c.o[0m
[1.794s] [ 54%] [32mBuilding CXX object CMakeFiles/open_cyber_glove_ros2__rosidl_typesupport_fastrtps_c.dir/rosidl_typesupport_fastrtps_c/open_cyber_glove_ros2/msg/detail/glove_data_msg__type_support_c.cpp.o[0m
[1.794s] [ 54%] [32m[1mLinking CXX shared library libopen_cyber_glove_ros2__rosidl_typesupport_c.so[0m
[1.822s] [ 58%] [32m[1mLinking C shared library libopen_cyber_glove_ros2__rosidl_typesupport_introspection_c.so[0m
[1.825s] [ 58%] Built target open_cyber_glove_ros2__rosidl_typesupport_c
[1.846s] [ 58%] Built target open_cyber_glove_ros2__rosidl_typesupport_introspection_c
[1.901s] [ 61%] [32m[1mLinking CXX shared library libopen_cyber_glove_ros2__rosidl_typesupport_cpp.so[0m
[1.931s] [ 61%] Built target open_cyber_glove_ros2__rosidl_typesupport_cpp
[2.001s] [ 64%] [32m[1mLinking CXX shared library libopen_cyber_glove_ros2__rosidl_typesupport_introspection_cpp.so[0m
[2.005s] [ 67%] [32m[1mLinking CXX shared library libopen_cyber_glove_ros2__rosidl_typesupport_fastrtps_cpp.so[0m
[2.023s] [ 70%] [32m[1mLinking CXX shared library libopen_cyber_glove_ros2__rosidl_typesupport_fastrtps_c.so[0m
[2.061s] [ 70%] Built target open_cyber_glove_ros2__rosidl_typesupport_introspection_cpp
[2.069s] [ 70%] Built target open_cyber_glove_ros2__rosidl_typesupport_fastrtps_cpp
[2.085s] [ 70%] Built target open_cyber_glove_ros2__rosidl_typesupport_fastrtps_c
[2.098s] [ 70%] Built target open_cyber_glove_ros2
[2.112s] [ 74%] [34m[1mGenerating Python code for ROS interfaces[0m
[2.351s] [ 74%] Built target open_cyber_glove_ros2__py
[2.365s] [ 77%] [32mBuilding C object CMakeFiles/open_cyber_glove_ros2__rosidl_generator_py.dir/rosidl_generator_py/open_cyber_glove_ros2/msg/_glove_data_msg_s.c.o[0m
[2.450s] [ 80%] [32m[1mLinking C shared library rosidl_generator_py/open_cyber_glove_ros2/libopen_cyber_glove_ros2__rosidl_generator_py.so[0m
[2.479s] [ 80%] Built target open_cyber_glove_ros2__rosidl_generator_py
[2.493s] [ 90%] [32mBuilding C object CMakeFiles/open_cyber_glove_ros2__rosidl_typesupport_introspection_c__pyext.dir/rosidl_generator_py/open_cyber_glove_ros2/_open_cyber_glove_ros2_s.ep.rosidl_typesupport_introspection_c.c.o[0m
[2.493s] [ 90%] [32mBuilding C object CMakeFiles/open_cyber_glove_ros2__rosidl_typesupport_c__pyext.dir/rosidl_generator_py/open_cyber_glove_ros2/_open_cyber_glove_ros2_s.ep.rosidl_typesupport_c.c.o[0m
[2.493s] [ 90%] [32mBuilding C object CMakeFiles/open_cyber_glove_ros2__rosidl_typesupport_fastrtps_c__pyext.dir/rosidl_generator_py/open_cyber_glove_ros2/_open_cyber_glove_ros2_s.ep.rosidl_typesupport_fastrtps_c.c.o[0m
[2.559s] [100%] [32m[1mLinking C shared library rosidl_generator_py/open_cyber_glove_ros2/open_cyber_glove_ros2_s__rosidl_typesupport_c.cpython-310-x86_64-linux-gnu.so[0m
[2.559s] [100%] [32m[1mLinking C shared library rosidl_generator_py/open_cyber_glove_ros2/open_cyber_glove_ros2_s__rosidl_typesupport_introspection_c.cpython-310-x86_64-linux-gnu.so[0m
[2.559s] [100%] [32m[1mLinking C shared library rosidl_generator_py/open_cyber_glove_ros2/open_cyber_glove_ros2_s__rosidl_typesupport_fastrtps_c.cpython-310-x86_64-linux-gnu.so[0m
[2.588s] [100%] Built target open_cyber_glove_ros2__rosidl_typesupport_introspection_c__pyext
[2.588s] [100%] Built target open_cyber_glove_ros2__rosidl_typesupport_fastrtps_c__pyext
[2.588s] [100%] Built target open_cyber_glove_ros2__rosidl_typesupport_c__pyext
[2.595s] Invoked command in '/home/bryce/ros2_workspace/data_collection_ws/build/open_cyber_glove_ros2' returned '0': CMAKE_PREFIX_PATH=${CMAKE_PREFIX_PATH}:/home/bryce/ros2_workspace/data_collection_ws/install/data_recorder_ros2:/opt/ros/humble /usr/bin/cmake --build /home/bryce/ros2_workspace/data_collection_ws/build/open_cyber_glove_ros2 -- -j12 -l12
[2.596s] Invoking command in '/home/bryce/ros2_workspace/data_collection_ws/build/open_cyber_glove_ros2': CMAKE_PREFIX_PATH=${CMAKE_PREFIX_PATH}:/home/bryce/ros2_workspace/data_collection_ws/install/data_recorder_ros2:/opt/ros/humble /usr/bin/cmake --install /home/bryce/ros2_workspace/data_collection_ws/build/open_cyber_glove_ros2
[2.602s] -- Install configuration: ""
[2.602s] -- Installing: /home/bryce/ros2_workspace/data_collection_ws/install/open_cyber_glove_ros2/share/ament_index/resource_index/rosidl_interfaces/open_cyber_glove_ros2
[2.602s] -- Installing: /home/bryce/ros2_workspace/data_collection_ws/install/open_cyber_glove_ros2/include/open_cyber_glove_ros2/open_cyber_glove_ros2
[2.602s] -- Installing: /home/bryce/ros2_workspace/data_collection_ws/install/open_cyber_glove_ros2/include/open_cyber_glove_ros2/open_cyber_glove_ros2/msg
[2.603s] -- Installing: /home/bryce/ros2_workspace/data_collection_ws/install/open_cyber_glove_ros2/include/open_cyber_glove_ros2/open_cyber_glove_ros2/msg/rosidl_generator_c__visibility_control.h
[2.603s] -- Installing: /home/bryce/ros2_workspace/data_collection_ws/install/open_cyber_glove_ros2/include/open_cyber_glove_ros2/open_cyber_glove_ros2/msg/glove_data_msg.h
[2.603s] -- Installing: /home/bryce/ros2_workspace/data_collection_ws/install/open_cyber_glove_ros2/include/open_cyber_glove_ros2/open_cyber_glove_ros2/msg/detail
[2.603s] -- Installing: /home/bryce/ros2_workspace/data_collection_ws/install/open_cyber_glove_ros2/include/open_cyber_glove_ros2/open_cyber_glove_ros2/msg/detail/glove_data_msg__type_support.h
[2.603s] -- Installing: /home/bryce/ros2_workspace/data_collection_ws/install/open_cyber_glove_ros2/include/open_cyber_glove_ros2/open_cyber_glove_ros2/msg/detail/glove_data_msg__struct.h
[2.603s] -- Installing: /home/bryce/ros2_workspace/data_collection_ws/install/open_cyber_glove_ros2/include/open_cyber_glove_ros2/open_cyber_glove_ros2/msg/detail/glove_data_msg__functions.c
[2.603s] -- Installing: /home/bryce/ros2_workspace/data_collection_ws/install/open_cyber_glove_ros2/include/open_cyber_glove_ros2/open_cyber_glove_ros2/msg/detail/glove_data_msg__functions.h
[2.603s] -- Installing: /home/bryce/ros2_workspace/data_collection_ws/install/open_cyber_glove_ros2/share/open_cyber_glove_ros2/environment/library_path.sh
[2.603s] -- Installing: /home/bryce/ros2_workspace/data_collection_ws/install/open_cyber_glove_ros2/share/open_cyber_glove_ros2/environment/library_path.dsv
[2.603s] -- Installing: /home/bryce/ros2_workspace/data_collection_ws/install/open_cyber_glove_ros2/lib/libopen_cyber_glove_ros2__rosidl_generator_c.so
[2.603s] -- Set runtime path of "/home/bryce/ros2_workspace/data_collection_ws/install/open_cyber_glove_ros2/lib/libopen_cyber_glove_ros2__rosidl_generator_c.so" to ""
[2.603s] -- Up-to-date: /home/bryce/ros2_workspace/data_collection_ws/install/open_cyber_glove_ros2/include/open_cyber_glove_ros2/open_cyber_glove_ros2
[2.603s] -- Up-to-date: /home/bryce/ros2_workspace/data_collection_ws/install/open_cyber_glove_ros2/include/open_cyber_glove_ros2/open_cyber_glove_ros2/msg
[2.603s] -- Installing: /home/bryce/ros2_workspace/data_collection_ws/install/open_cyber_glove_ros2/include/open_cyber_glove_ros2/open_cyber_glove_ros2/msg/rosidl_typesupport_fastrtps_c__visibility_control.h
[2.603s] -- Up-to-date: /home/bryce/ros2_workspace/data_collection_ws/install/open_cyber_glove_ros2/include/open_cyber_glove_ros2/open_cyber_glove_ros2/msg/detail
[2.603s] -- Installing: /home/bryce/ros2_workspace/data_collection_ws/install/open_cyber_glove_ros2/include/open_cyber_glove_ros2/open_cyber_glove_ros2/msg/detail/glove_data_msg__rosidl_typesupport_fastrtps_c.h
[2.604s] -- Installing: /home/bryce/ros2_workspace/data_collection_ws/install/open_cyber_glove_ros2/lib/libopen_cyber_glove_ros2__rosidl_typesupport_fastrtps_c.so
[2.604s] -- Set runtime path of "/home/bryce/ros2_workspace/data_collection_ws/install/open_cyber_glove_ros2/lib/libopen_cyber_glove_ros2__rosidl_typesupport_fastrtps_c.so" to ""
[2.604s] -- Up-to-date: /home/bryce/ros2_workspace/data_collection_ws/install/open_cyber_glove_ros2/include/open_cyber_glove_ros2/open_cyber_glove_ros2
[2.604s] -- Up-to-date: /home/bryce/ros2_workspace/data_collection_ws/install/open_cyber_glove_ros2/include/open_cyber_glove_ros2/open_cyber_glove_ros2/msg
[2.604s] -- Installing: /home/bryce/ros2_workspace/data_collection_ws/install/open_cyber_glove_ros2/include/open_cyber_glove_ros2/open_cyber_glove_ros2/msg/glove_data_msg.hpp
[2.604s] -- Up-to-date: /home/bryce/ros2_workspace/data_collection_ws/install/open_cyber_glove_ros2/include/open_cyber_glove_ros2/open_cyber_glove_ros2/msg/detail
[2.604s] -- Installing: /home/bryce/ros2_workspace/data_collection_ws/install/open_cyber_glove_ros2/include/open_cyber_glove_ros2/open_cyber_glove_ros2/msg/detail/glove_data_msg__builder.hpp
[2.604s] -- Installing: /home/bryce/ros2_workspace/data_collection_ws/install/open_cyber_glove_ros2/include/open_cyber_glove_ros2/open_cyber_glove_ros2/msg/detail/glove_data_msg__traits.hpp
[2.604s] -- Installing: /home/bryce/ros2_workspace/data_collection_ws/install/open_cyber_glove_ros2/include/open_cyber_glove_ros2/open_cyber_glove_ros2/msg/detail/glove_data_msg__type_support.hpp
[2.604s] -- Installing: /home/bryce/ros2_workspace/data_collection_ws/install/open_cyber_glove_ros2/include/open_cyber_glove_ros2/open_cyber_glove_ros2/msg/detail/glove_data_msg__struct.hpp
[2.604s] -- Installing: /home/bryce/ros2_workspace/data_collection_ws/install/open_cyber_glove_ros2/include/open_cyber_glove_ros2/open_cyber_glove_ros2/msg/rosidl_generator_cpp__visibility_control.hpp
[2.604s] -- Up-to-date: /home/bryce/ros2_workspace/data_collection_ws/install/open_cyber_glove_ros2/include/open_cyber_glove_ros2/open_cyber_glove_ros2
[2.604s] -- Up-to-date: /home/bryce/ros2_workspace/data_collection_ws/install/open_cyber_glove_ros2/include/open_cyber_glove_ros2/open_cyber_glove_ros2/msg
[2.604s] -- Installing: /home/bryce/ros2_workspace/data_collection_ws/install/open_cyber_glove_ros2/include/open_cyber_glove_ros2/open_cyber_glove_ros2/msg/rosidl_typesupport_fastrtps_cpp__visibility_control.h
[2.604s] -- Up-to-date: /home/bryce/ros2_workspace/data_collection_ws/install/open_cyber_glove_ros2/include/open_cyber_glove_ros2/open_cyber_glove_ros2/msg/detail
[2.604s] -- Installing: /home/bryce/ros2_workspace/data_collection_ws/install/open_cyber_glove_ros2/include/open_cyber_glove_ros2/open_cyber_glove_ros2/msg/detail/glove_data_msg__rosidl_typesupport_fastrtps_cpp.hpp
[2.604s] -- Installing: /home/bryce/ros2_workspace/data_collection_ws/install/open_cyber_glove_ros2/include/open_cyber_glove_ros2/open_cyber_glove_ros2/msg/detail/dds_fastrtps
[2.604s] -- Installing: /home/bryce/ros2_workspace/data_collection_ws/install/open_cyber_glove_ros2/lib/libopen_cyber_glove_ros2__rosidl_typesupport_fastrtps_cpp.so
[2.604s] -- Set runtime path of "/home/bryce/ros2_workspace/data_collection_ws/install/open_cyber_glove_ros2/lib/libopen_cyber_glove_ros2__rosidl_typesupport_fastrtps_cpp.so" to ""
[2.605s] -- Up-to-date: /home/bryce/ros2_workspace/data_collection_ws/install/open_cyber_glove_ros2/include/open_cyber_glove_ros2/open_cyber_glove_ros2
[2.605s] -- Up-to-date: /home/bryce/ros2_workspace/data_collection_ws/install/open_cyber_glove_ros2/include/open_cyber_glove_ros2/open_cyber_glove_ros2/msg
[2.605s] -- Installing: /home/bryce/ros2_workspace/data_collection_ws/install/open_cyber_glove_ros2/include/open_cyber_glove_ros2/open_cyber_glove_ros2/msg/rosidl_typesupport_introspection_c__visibility_control.h
[2.605s] -- Up-to-date: /home/bryce/ros2_workspace/data_collection_ws/install/open_cyber_glove_ros2/include/open_cyber_glove_ros2/open_cyber_glove_ros2/msg/detail
[2.605s] -- Installing: /home/bryce/ros2_workspace/data_collection_ws/install/open_cyber_glove_ros2/include/open_cyber_glove_ros2/open_cyber_glove_ros2/msg/detail/glove_data_msg__type_support.c
[2.605s] -- Installing: /home/bryce/ros2_workspace/data_collection_ws/install/open_cyber_glove_ros2/include/open_cyber_glove_ros2/open_cyber_glove_ros2/msg/detail/glove_data_msg__rosidl_typesupport_introspection_c.h
[2.605s] -- Installing: /home/bryce/ros2_workspace/data_collection_ws/install/open_cyber_glove_ros2/lib/libopen_cyber_glove_ros2__rosidl_typesupport_introspection_c.so
[2.605s] -- Set runtime path of "/home/bryce/ros2_workspace/data_collection_ws/install/open_cyber_glove_ros2/lib/libopen_cyber_glove_ros2__rosidl_typesupport_introspection_c.so" to ""
[2.605s] -- Installing: /home/bryce/ros2_workspace/data_collection_ws/install/open_cyber_glove_ros2/lib/libopen_cyber_glove_ros2__rosidl_typesupport_c.so
[2.605s] -- Set runtime path of "/home/bryce/ros2_workspace/data_collection_ws/install/open_cyber_glove_ros2/lib/libopen_cyber_glove_ros2__rosidl_typesupport_c.so" to ""
[2.605s] -- Up-to-date: /home/bryce/ros2_workspace/data_collection_ws/install/open_cyber_glove_ros2/include/open_cyber_glove_ros2/open_cyber_glove_ros2
[2.605s] -- Up-to-date: /home/bryce/ros2_workspace/data_collection_ws/install/open_cyber_glove_ros2/include/open_cyber_glove_ros2/open_cyber_glove_ros2/msg
[2.605s] -- Up-to-date: /home/bryce/ros2_workspace/data_collection_ws/install/open_cyber_glove_ros2/include/open_cyber_glove_ros2/open_cyber_glove_ros2/msg/detail
[2.605s] -- Installing: /home/bryce/ros2_workspace/data_collection_ws/install/open_cyber_glove_ros2/include/open_cyber_glove_ros2/open_cyber_glove_ros2/msg/detail/glove_data_msg__rosidl_typesupport_introspection_cpp.hpp
[2.605s] -- Installing: /home/bryce/ros2_workspace/data_collection_ws/install/open_cyber_glove_ros2/include/open_cyber_glove_ros2/open_cyber_glove_ros2/msg/detail/glove_data_msg__type_support.cpp
[2.605s] -- Installing: /home/bryce/ros2_workspace/data_collection_ws/install/open_cyber_glove_ros2/lib/libopen_cyber_glove_ros2__rosidl_typesupport_introspection_cpp.so
[2.606s] -- Set runtime path of "/home/bryce/ros2_workspace/data_collection_ws/install/open_cyber_glove_ros2/lib/libopen_cyber_glove_ros2__rosidl_typesupport_introspection_cpp.so" to ""
[2.606s] -- Installing: /home/bryce/ros2_workspace/data_collection_ws/install/open_cyber_glove_ros2/lib/libopen_cyber_glove_ros2__rosidl_typesupport_cpp.so
[2.606s] -- Set runtime path of "/home/bryce/ros2_workspace/data_collection_ws/install/open_cyber_glove_ros2/lib/libopen_cyber_glove_ros2__rosidl_typesupport_cpp.so" to ""
[2.606s] -- Installing: /home/bryce/ros2_workspace/data_collection_ws/install/open_cyber_glove_ros2/share/open_cyber_glove_ros2/environment/pythonpath.sh
[2.606s] -- Installing: /home/bryce/ros2_workspace/data_collection_ws/install/open_cyber_glove_ros2/share/open_cyber_glove_ros2/environment/pythonpath.dsv
[2.606s] -- Installing: /home/bryce/ros2_workspace/data_collection_ws/install/open_cyber_glove_ros2/local/lib/python3.10/dist-packages/open_cyber_glove_ros2-0.1.0-py3.10.egg-info
[2.606s] -- Installing: /home/bryce/ros2_workspace/data_collection_ws/install/open_cyber_glove_ros2/local/lib/python3.10/dist-packages/open_cyber_glove_ros2-0.1.0-py3.10.egg-info/dependency_links.txt
[2.606s] -- Installing: /home/bryce/ros2_workspace/data_collection_ws/install/open_cyber_glove_ros2/local/lib/python3.10/dist-packages/open_cyber_glove_ros2-0.1.0-py3.10.egg-info/SOURCES.txt
[2.606s] -- Installing: /home/bryce/ros2_workspace/data_collection_ws/install/open_cyber_glove_ros2/local/lib/python3.10/dist-packages/open_cyber_glove_ros2-0.1.0-py3.10.egg-info/PKG-INFO
[2.606s] -- Installing: /home/bryce/ros2_workspace/data_collection_ws/install/open_cyber_glove_ros2/local/lib/python3.10/dist-packages/open_cyber_glove_ros2-0.1.0-py3.10.egg-info/top_level.txt
[2.606s] -- Installing: /home/bryce/ros2_workspace/data_collection_ws/install/open_cyber_glove_ros2/local/lib/python3.10/dist-packages/open_cyber_glove_ros2
[2.606s] -- Installing: /home/bryce/ros2_workspace/data_collection_ws/install/open_cyber_glove_ros2/local/lib/python3.10/dist-packages/open_cyber_glove_ros2/_open_cyber_glove_ros2_s.ep.rosidl_typesupport_fastrtps_c.c
[2.606s] -- Installing: /home/bryce/ros2_workspace/data_collection_ws/install/open_cyber_glove_ros2/local/lib/python3.10/dist-packages/open_cyber_glove_ros2/open_cyber_glove_ros2_s__rosidl_typesupport_c.cpython-310-x86_64-linux-gnu.so
[2.606s] -- Installing: /home/bryce/ros2_workspace/data_collection_ws/install/open_cyber_glove_ros2/local/lib/python3.10/dist-packages/open_cyber_glove_ros2/msg
[2.607s] -- Installing: /home/bryce/ros2_workspace/data_collection_ws/install/open_cyber_glove_ros2/local/lib/python3.10/dist-packages/open_cyber_glove_ros2/msg/_glove_data_msg.py
[2.607s] -- Installing: /home/bryce/ros2_workspace/data_collection_ws/install/open_cyber_glove_ros2/local/lib/python3.10/dist-packages/open_cyber_glove_ros2/msg/_glove_data_msg_s.c
[2.607s] -- Installing: /home/bryce/ros2_workspace/data_collection_ws/install/open_cyber_glove_ros2/local/lib/python3.10/dist-packages/open_cyber_glove_ros2/msg/__init__.py
[2.607s] -- Installing: /home/bryce/ros2_workspace/data_collection_ws/install/open_cyber_glove_ros2/local/lib/python3.10/dist-packages/open_cyber_glove_ros2/open_cyber_glove_ros2_s__rosidl_typesupport_introspection_c.cpython-310-x86_64-linux-gnu.so
[2.607s] -- Installing: /home/bryce/ros2_workspace/data_collection_ws/install/open_cyber_glove_ros2/local/lib/python3.10/dist-packages/open_cyber_glove_ros2/open_cyber_glove_ros2_s__rosidl_typesupport_fastrtps_c.cpython-310-x86_64-linux-gnu.so
[2.607s] -- Installing: /home/bryce/ros2_workspace/data_collection_ws/install/open_cyber_glove_ros2/local/lib/python3.10/dist-packages/open_cyber_glove_ros2/_open_cyber_glove_ros2_s.ep.rosidl_typesupport_c.c
[2.607s] -- Installing: /home/bryce/ros2_workspace/data_collection_ws/install/open_cyber_glove_ros2/local/lib/python3.10/dist-packages/open_cyber_glove_ros2/_open_cyber_glove_ros2_s.ep.rosidl_typesupport_introspection_c.c
[2.607s] -- Installing: /home/bryce/ros2_workspace/data_collection_ws/install/open_cyber_glove_ros2/local/lib/python3.10/dist-packages/open_cyber_glove_ros2/libopen_cyber_glove_ros2__rosidl_generator_py.so
[2.607s] -- Installing: /home/bryce/ros2_workspace/data_collection_ws/install/open_cyber_glove_ros2/local/lib/python3.10/dist-packages/open_cyber_glove_ros2/__init__.py
[2.632s] Listing '/home/bryce/ros2_workspace/data_collection_ws/install/open_cyber_glove_ros2/local/lib/python3.10/dist-packages/open_cyber_glove_ros2'...
[2.632s] Compiling '/home/bryce/ros2_workspace/data_collection_ws/install/open_cyber_glove_ros2/local/lib/python3.10/dist-packages/open_cyber_glove_ros2/__init__.py'...
[2.632s] Listing '/home/bryce/ros2_workspace/data_collection_ws/install/open_cyber_glove_ros2/local/lib/python3.10/dist-packages/open_cyber_glove_ros2/msg'...
[2.632s] Compiling '/home/bryce/ros2_workspace/data_collection_ws/install/open_cyber_glove_ros2/local/lib/python3.10/dist-packages/open_cyber_glove_ros2/msg/__init__.py'...
[2.632s] Compiling '/home/bryce/ros2_workspace/data_collection_ws/install/open_cyber_glove_ros2/local/lib/python3.10/dist-packages/open_cyber_glove_ros2/msg/_glove_data_msg.py'...
[2.636s] -- Installing: /home/bryce/ros2_workspace/data_collection_ws/install/open_cyber_glove_ros2/local/lib/python3.10/dist-packages/open_cyber_glove_ros2/open_cyber_glove_ros2_s__rosidl_typesupport_fastrtps_c.cpython-310-x86_64-linux-gnu.so
[2.636s] -- Set runtime path of "/home/bryce/ros2_workspace/data_collection_ws/install/open_cyber_glove_ros2/local/lib/python3.10/dist-packages/open_cyber_glove_ros2/open_cyber_glove_ros2_s__rosidl_typesupport_fastrtps_c.cpython-310-x86_64-linux-gnu.so" to ""
[2.636s] -- Installing: /home/bryce/ros2_workspace/data_collection_ws/install/open_cyber_glove_ros2/local/lib/python3.10/dist-packages/open_cyber_glove_ros2/open_cyber_glove_ros2_s__rosidl_typesupport_introspection_c.cpython-310-x86_64-linux-gnu.so
[2.636s] -- Set runtime path of "/home/bryce/ros2_workspace/data_collection_ws/install/open_cyber_glove_ros2/local/lib/python3.10/dist-packages/open_cyber_glove_ros2/open_cyber_glove_ros2_s__rosidl_typesupport_introspection_c.cpython-310-x86_64-linux-gnu.so" to ""
[2.636s] -- Installing: /home/bryce/ros2_workspace/data_collection_ws/install/open_cyber_glove_ros2/local/lib/python3.10/dist-packages/open_cyber_glove_ros2/open_cyber_glove_ros2_s__rosidl_typesupport_c.cpython-310-x86_64-linux-gnu.so
[2.636s] -- Set runtime path of "/home/bryce/ros2_workspace/data_collection_ws/install/open_cyber_glove_ros2/local/lib/python3.10/dist-packages/open_cyber_glove_ros2/open_cyber_glove_ros2_s__rosidl_typesupport_c.cpython-310-x86_64-linux-gnu.so" to ""
[2.636s] -- Installing: /home/bryce/ros2_workspace/data_collection_ws/install/open_cyber_glove_ros2/lib/libopen_cyber_glove_ros2__rosidl_generator_py.so
[2.636s] -- Set runtime path of "/home/bryce/ros2_workspace/data_collection_ws/install/open_cyber_glove_ros2/lib/libopen_cyber_glove_ros2__rosidl_generator_py.so" to ""
[2.637s] -- Installing: /home/bryce/ros2_workspace/data_collection_ws/install/open_cyber_glove_ros2/share/open_cyber_glove_ros2/msg/GloveDataMsg.idl
[2.637s] -- Installing: /home/bryce/ros2_workspace/data_collection_ws/install/open_cyber_glove_ros2/share/open_cyber_glove_ros2/msg/GloveDataMsg.msg
[2.637s] -- Installing: /home/bryce/ros2_workspace/data_collection_ws/install/open_cyber_glove_ros2/lib/open_cyber_glove_ros2/data_node
[2.637s] -- Installing: /home/bryce/ros2_workspace/data_collection_ws/install/open_cyber_glove_ros2/lib/open_cyber_glove_ros2/visualizer_node
[2.637s] -- Installing: /home/bryce/ros2_workspace/data_collection_ws/install/open_cyber_glove_ros2/share/ament_index/resource_index/package_run_dependencies/open_cyber_glove_ros2
[2.637s] -- Installing: /home/bryce/ros2_workspace/data_collection_ws/install/open_cyber_glove_ros2/share/ament_index/resource_index/parent_prefix_path/open_cyber_glove_ros2
[2.637s] -- Installing: /home/bryce/ros2_workspace/data_collection_ws/install/open_cyber_glove_ros2/share/open_cyber_glove_ros2/environment/ament_prefix_path.sh
[2.637s] -- Installing: /home/bryce/ros2_workspace/data_collection_ws/install/open_cyber_glove_ros2/share/open_cyber_glove_ros2/environment/ament_prefix_path.dsv
[2.637s] -- Installing: /home/bryce/ros2_workspace/data_collection_ws/install/open_cyber_glove_ros2/share/open_cyber_glove_ros2/environment/path.sh
[2.637s] -- Installing: /home/bryce/ros2_workspace/data_collection_ws/install/open_cyber_glove_ros2/share/open_cyber_glove_ros2/environment/path.dsv
[2.637s] -- Installing: /home/bryce/ros2_workspace/data_collection_ws/install/open_cyber_glove_ros2/share/open_cyber_glove_ros2/local_setup.bash
[2.637s] -- Installing: /home/bryce/ros2_workspace/data_collection_ws/install/open_cyber_glove_ros2/share/open_cyber_glove_ros2/local_setup.sh
[2.638s] -- Installing: /home/bryce/ros2_workspace/data_collection_ws/install/open_cyber_glove_ros2/share/open_cyber_glove_ros2/local_setup.zsh
[2.638s] -- Installing: /home/bryce/ros2_workspace/data_collection_ws/install/open_cyber_glove_ros2/share/open_cyber_glove_ros2/local_setup.dsv
[2.638s] -- Installing: /home/bryce/ros2_workspace/data_collection_ws/install/open_cyber_glove_ros2/share/open_cyber_glove_ros2/package.dsv
[2.638s] -- Installing: /home/bryce/ros2_workspace/data_collection_ws/install/open_cyber_glove_ros2/share/ament_index/resource_index/packages/open_cyber_glove_ros2
[2.638s] -- Installing: /home/bryce/ros2_workspace/data_collection_ws/install/open_cyber_glove_ros2/share/open_cyber_glove_ros2/cmake/export_open_cyber_glove_ros2__rosidl_generator_cExport.cmake
[2.638s] -- Installing: /home/bryce/ros2_workspace/data_collection_ws/install/open_cyber_glove_ros2/share/open_cyber_glove_ros2/cmake/export_open_cyber_glove_ros2__rosidl_generator_cExport-noconfig.cmake
[2.638s] -- Installing: /home/bryce/ros2_workspace/data_collection_ws/install/open_cyber_glove_ros2/share/open_cyber_glove_ros2/cmake/export_open_cyber_glove_ros2__rosidl_typesupport_fastrtps_cExport.cmake
[2.638s] -- Installing: /home/bryce/ros2_workspace/data_collection_ws/install/open_cyber_glove_ros2/share/open_cyber_glove_ros2/cmake/export_open_cyber_glove_ros2__rosidl_typesupport_fastrtps_cExport-noconfig.cmake
[2.638s] -- Installing: /home/bryce/ros2_workspace/data_collection_ws/install/open_cyber_glove_ros2/share/open_cyber_glove_ros2/cmake/export_open_cyber_glove_ros2__rosidl_generator_cppExport.cmake
[2.638s] -- Installing: /home/bryce/ros2_workspace/data_collection_ws/install/open_cyber_glove_ros2/share/open_cyber_glove_ros2/cmake/export_open_cyber_glove_ros2__rosidl_typesupport_fastrtps_cppExport.cmake
[2.638s] -- Installing: /home/bryce/ros2_workspace/data_collection_ws/install/open_cyber_glove_ros2/share/open_cyber_glove_ros2/cmake/export_open_cyber_glove_ros2__rosidl_typesupport_fastrtps_cppExport-noconfig.cmake
[2.638s] -- Installing: /home/bryce/ros2_workspace/data_collection_ws/install/open_cyber_glove_ros2/share/open_cyber_glove_ros2/cmake/open_cyber_glove_ros2__rosidl_typesupport_introspection_cExport.cmake
[2.639s] -- Installing: /home/bryce/ros2_workspace/data_collection_ws/install/open_cyber_glove_ros2/share/open_cyber_glove_ros2/cmake/open_cyber_glove_ros2__rosidl_typesupport_introspection_cExport-noconfig.cmake
[2.639s] -- Installing: /home/bryce/ros2_workspace/data_collection_ws/install/open_cyber_glove_ros2/share/open_cyber_glove_ros2/cmake/open_cyber_glove_ros2__rosidl_typesupport_cExport.cmake
[2.639s] -- Installing: /home/bryce/ros2_workspace/data_collection_ws/install/open_cyber_glove_ros2/share/open_cyber_glove_ros2/cmake/open_cyber_glove_ros2__rosidl_typesupport_cExport-noconfig.cmake
[2.639s] -- Installing: /home/bryce/ros2_workspace/data_collection_ws/install/open_cyber_glove_ros2/share/open_cyber_glove_ros2/cmake/open_cyber_glove_ros2__rosidl_typesupport_introspection_cppExport.cmake
[2.639s] -- Installing: /home/bryce/ros2_workspace/data_collection_ws/install/open_cyber_glove_ros2/share/open_cyber_glove_ros2/cmake/open_cyber_glove_ros2__rosidl_typesupport_introspection_cppExport-noconfig.cmake
[2.639s] -- Installing: /home/bryce/ros2_workspace/data_collection_ws/install/open_cyber_glove_ros2/share/open_cyber_glove_ros2/cmake/open_cyber_glove_ros2__rosidl_typesupport_cppExport.cmake
[2.639s] -- Installing: /home/bryce/ros2_workspace/data_collection_ws/install/open_cyber_glove_ros2/share/open_cyber_glove_ros2/cmake/open_cyber_glove_ros2__rosidl_typesupport_cppExport-noconfig.cmake
[2.639s] -- Installing: /home/bryce/ros2_workspace/data_collection_ws/install/open_cyber_glove_ros2/share/open_cyber_glove_ros2/cmake/export_open_cyber_glove_ros2__rosidl_generator_pyExport.cmake
[2.639s] -- Installing: /home/bryce/ros2_workspace/data_collection_ws/install/open_cyber_glove_ros2/share/open_cyber_glove_ros2/cmake/export_open_cyber_glove_ros2__rosidl_generator_pyExport-noconfig.cmake
[2.639s] -- Installing: /home/bryce/ros2_workspace/data_collection_ws/install/open_cyber_glove_ros2/share/open_cyber_glove_ros2/cmake/rosidl_cmake-extras.cmake
[2.639s] -- Installing: /home/bryce/ros2_workspace/data_collection_ws/install/open_cyber_glove_ros2/share/open_cyber_glove_ros2/cmake/ament_cmake_export_dependencies-extras.cmake
[2.639s] -- Installing: /home/bryce/ros2_workspace/data_collection_ws/install/open_cyber_glove_ros2/share/open_cyber_glove_ros2/cmake/ament_cmake_export_include_directories-extras.cmake
[2.639s] -- Installing: /home/bryce/ros2_workspace/data_collection_ws/install/open_cyber_glove_ros2/share/open_cyber_glove_ros2/cmake/ament_cmake_export_libraries-extras.cmake
[2.640s] -- Installing: /home/bryce/ros2_workspace/data_collection_ws/install/open_cyber_glove_ros2/share/open_cyber_glove_ros2/cmake/ament_cmake_export_targets-extras.cmake
[2.640s] -- Installing: /home/bryce/ros2_workspace/data_collection_ws/install/open_cyber_glove_ros2/share/open_cyber_glove_ros2/cmake/rosidl_cmake_export_typesupport_targets-extras.cmake
[2.640s] -- Installing: /home/bryce/ros2_workspace/data_collection_ws/install/open_cyber_glove_ros2/share/open_cyber_glove_ros2/cmake/rosidl_cmake_export_typesupport_libraries-extras.cmake
[2.640s] -- Installing: /home/bryce/ros2_workspace/data_collection_ws/install/open_cyber_glove_ros2/share/open_cyber_glove_ros2/cmake/open_cyber_glove_ros2Config.cmake
[2.640s] -- Installing: /home/bryce/ros2_workspace/data_collection_ws/install/open_cyber_glove_ros2/share/open_cyber_glove_ros2/cmake/open_cyber_glove_ros2Config-version.cmake
[2.640s] -- Installing: /home/bryce/ros2_workspace/data_collection_ws/install/open_cyber_glove_ros2/share/open_cyber_glove_ros2/package.xml
[2.642s] Invoked command in '/home/bryce/ros2_workspace/data_collection_ws/build/open_cyber_glove_ros2' returned '0': CMAKE_PREFIX_PATH=${CMAKE_PREFIX_PATH}:/home/bryce/ros2_workspace/data_collection_ws/install/data_recorder_ros2:/opt/ros/humble /usr/bin/cmake --install /home/bryce/ros2_workspace/data_collection_ws/build/open_cyber_glove_ros2
