-- Found ament_cmake: 1.3.12 (/opt/ros/humble/share/ament_cmake/cmake)
-- Found std_msgs: 4.9.0 (/opt/ros/humble/share/std_msgs/cmake)
-- Found rosidl_generator_c: 3.1.8 (/opt/ros/humble/share/rosidl_generator_c/cmake)
-- Found rosidl_adapter: 3.1.8 (/opt/ros/humble/share/rosidl_adapter/cmake)
-- Found rosidl_generator_cpp: 3.1.8 (/opt/ros/humble/share/rosidl_generator_cpp/cmake)
-- Using all available rosidl_typesupport_c: rosidl_typesupport_fastrtps_c;rosidl_typesupport_introspection_c
-- Using all available rosidl_typesupport_cpp: rosidl_typesupport_fastrtps_cpp;rosidl_typesupport_introspection_cpp
-- Found rosidl_default_generators: 1.2.0 (/opt/ros/humble/share/rosidl_default_generators/cmake)
-- Found ament_cmake_ros: 0.10.0 (/opt/ros/humble/share/ament_cmake_ros/cmake)
-- Using all available rosidl_typesupport_c: rosidl_typesupport_fastrtps_c;rosidl_typesupport_introspection_c
-- Using all available rosidl_typesupport_cpp: rosidl_typesupport_fastrtps_cpp;rosidl_typesupport_introspection_cpp
-- Found python_cmake_module: 0.10.0 (/opt/ros/humble/share/python_cmake_module/cmake)
-- Using PYTHON_EXECUTABLE: /usr/bin/python3
-- Using PYTHON_INCLUDE_DIRS: /usr/include/python3.10
-- Using PYTHON_LIBRARIES: /usr/lib/x86_64-linux-gnu/libpython3.10.so
-- Found ament_lint_auto: 0.12.14 (/opt/ros/humble/share/ament_lint_auto/cmake)
-- Added test 'lint_cmake' to check CMake code style
-- Added test 'xmllint' to check XML markup files
-- Configuring done
-- Generating done
-- Build files have been written to: /home/bryce/ros2_workspace/data_collection_ws/build/data_recorder_interfaces
[35m[1mConsolidate compiler generated dependencies of target data_recorder_interfaces__rosidl_generator_c[0m
[  3%] Built target data_recorder_interfaces__cpp
[  6%] [32m[1mLinking C shared library libdata_recorder_interfaces__rosidl_generator_c.so[0m
[  6%] Built target ament_cmake_python_copy_data_recorder_interfaces
[35m[1mConsolidate compiler generated dependencies of target data_recorder_interfaces__rosidl_typesupport_cpp[0m
[35m[1mConsolidate compiler generated dependencies of target data_recorder_interfaces__rosidl_typesupport_fastrtps_cpp[0m
[35m[1mConsolidate compiler generated dependencies of target data_recorder_interfaces__rosidl_typesupport_introspection_cpp[0m
[  9%] [32m[1mLinking CXX shared library libdata_recorder_interfaces__rosidl_typesupport_cpp.so[0m
[ 12%] [32mBuilding CXX object CMakeFiles/data_recorder_interfaces__rosidl_typesupport_fastrtps_cpp.dir/rosidl_typesupport_fastrtps_cpp/data_recorder_interfaces/srv/detail/dds_fastrtps/start_recording__type_support.cpp.o[0m
[ 16%] [32m[1mLinking CXX shared library libdata_recorder_interfaces__rosidl_typesupport_introspection_cpp.so[0m
[ 22%] Built target data_recorder_interfaces__rosidl_generator_c
[35m[1mConsolidate compiler generated dependencies of target data_recorder_interfaces__rosidl_typesupport_introspection_c[0m
[35m[1mConsolidate compiler generated dependencies of target data_recorder_interfaces__rosidl_typesupport_fastrtps_c[0m
[35m[1mConsolidate compiler generated dependencies of target data_recorder_interfaces__rosidl_typesupport_c[0m
[ 29%] Built target data_recorder_interfaces__rosidl_typesupport_cpp
[ 32%] [32m[1mLinking C shared library libdata_recorder_interfaces__rosidl_typesupport_introspection_c.so[0m
[ 35%] [32mBuilding CXX object CMakeFiles/data_recorder_interfaces__rosidl_typesupport_fastrtps_c.dir/rosidl_typesupport_fastrtps_c/data_recorder_interfaces/srv/detail/start_recording__type_support_c.cpp.o[0m
[ 38%] [32m[1mLinking CXX shared library libdata_recorder_interfaces__rosidl_typesupport_c.so[0m
[ 45%] Built target data_recorder_interfaces__rosidl_typesupport_introspection_c
[ 51%] Built target data_recorder_interfaces__rosidl_typesupport_c
[ 58%] Built target data_recorder_interfaces__rosidl_typesupport_introspection_cpp
running egg_info
writing data_recorder_interfaces.egg-info/PKG-INFO
writing dependency_links to data_recorder_interfaces.egg-info/dependency_links.txt
writing top-level names to data_recorder_interfaces.egg-info/top_level.txt
reading manifest file 'data_recorder_interfaces.egg-info/SOURCES.txt'
writing manifest file 'data_recorder_interfaces.egg-info/SOURCES.txt'
[ 58%] Built target ament_cmake_python_build_data_recorder_interfaces_egg
[ 61%] [32m[1mLinking CXX shared library libdata_recorder_interfaces__rosidl_typesupport_fastrtps_c.so[0m
[ 64%] [32m[1mLinking CXX shared library libdata_recorder_interfaces__rosidl_typesupport_fastrtps_cpp.so[0m
[ 67%] Built target data_recorder_interfaces__rosidl_typesupport_fastrtps_c
[ 70%] Built target data_recorder_interfaces__rosidl_typesupport_fastrtps_cpp
[ 70%] Built target data_recorder_interfaces
[ 74%] Built target data_recorder_interfaces__py
[35m[1mConsolidate compiler generated dependencies of target data_recorder_interfaces__rosidl_generator_py[0m
[ 77%] [32m[1mLinking C shared library rosidl_generator_py/data_recorder_interfaces/libdata_recorder_interfaces__rosidl_generator_py.so[0m
[ 80%] Built target data_recorder_interfaces__rosidl_generator_py
[35m[1mConsolidate compiler generated dependencies of target data_recorder_interfaces__rosidl_typesupport_introspection_c__pyext[0m
[35m[1mConsolidate compiler generated dependencies of target data_recorder_interfaces__rosidl_typesupport_c__pyext[0m
[35m[1mConsolidate compiler generated dependencies of target data_recorder_interfaces__rosidl_typesupport_fastrtps_c__pyext[0m
[ 87%] [32mBuilding C object CMakeFiles/data_recorder_interfaces__rosidl_typesupport_fastrtps_c__pyext.dir/rosidl_generator_py/data_recorder_interfaces/_data_recorder_interfaces_s.ep.rosidl_typesupport_fastrtps_c.c.o[0m
[ 87%] [32m[1mLinking C shared library rosidl_generator_py/data_recorder_interfaces/data_recorder_interfaces_s__rosidl_typesupport_c.cpython-310-x86_64-linux-gnu.so[0m
[ 90%] [32m[1mLinking C shared library rosidl_generator_py/data_recorder_interfaces/data_recorder_interfaces_s__rosidl_typesupport_introspection_c.cpython-310-x86_64-linux-gnu.so[0m
[ 96%] Built target data_recorder_interfaces__rosidl_typesupport_introspection_c__pyext
[ 96%] Built target data_recorder_interfaces__rosidl_typesupport_c__pyext
[100%] [32m[1mLinking C shared library rosidl_generator_py/data_recorder_interfaces/data_recorder_interfaces_s__rosidl_typesupport_fastrtps_c.cpython-310-x86_64-linux-gnu.so[0m
[100%] Built target data_recorder_interfaces__rosidl_typesupport_fastrtps_c__pyext
-- Install configuration: ""
-- Up-to-date: /home/bryce/ros2_workspace/data_collection_ws/install/data_recorder_interfaces/share/ament_index/resource_index/rosidl_interfaces/data_recorder_interfaces
-- Up-to-date: /home/bryce/ros2_workspace/data_collection_ws/install/data_recorder_interfaces/include/data_recorder_interfaces/data_recorder_interfaces
-- Up-to-date: /home/bryce/ros2_workspace/data_collection_ws/install/data_recorder_interfaces/include/data_recorder_interfaces/data_recorder_interfaces/msg
-- Up-to-date: /home/bryce/ros2_workspace/data_collection_ws/install/data_recorder_interfaces/include/data_recorder_interfaces/data_recorder_interfaces/msg/rosidl_generator_c__visibility_control.h
-- Up-to-date: /home/bryce/ros2_workspace/data_collection_ws/install/data_recorder_interfaces/include/data_recorder_interfaces/data_recorder_interfaces/srv
-- Up-to-date: /home/bryce/ros2_workspace/data_collection_ws/install/data_recorder_interfaces/include/data_recorder_interfaces/data_recorder_interfaces/srv/start_recording.h
-- Up-to-date: /home/bryce/ros2_workspace/data_collection_ws/install/data_recorder_interfaces/include/data_recorder_interfaces/data_recorder_interfaces/srv/detail
-- Up-to-date: /home/bryce/ros2_workspace/data_collection_ws/install/data_recorder_interfaces/include/data_recorder_interfaces/data_recorder_interfaces/srv/detail/start_recording__struct.h
-- Up-to-date: /home/bryce/ros2_workspace/data_collection_ws/install/data_recorder_interfaces/include/data_recorder_interfaces/data_recorder_interfaces/srv/detail/start_recording__functions.c
-- Up-to-date: /home/bryce/ros2_workspace/data_collection_ws/install/data_recorder_interfaces/include/data_recorder_interfaces/data_recorder_interfaces/srv/detail/start_recording__type_support.h
-- Up-to-date: /home/bryce/ros2_workspace/data_collection_ws/install/data_recorder_interfaces/include/data_recorder_interfaces/data_recorder_interfaces/srv/detail/start_recording__functions.h
-- Up-to-date: /home/bryce/ros2_workspace/data_collection_ws/install/data_recorder_interfaces/share/data_recorder_interfaces/environment/library_path.sh
-- Installing: /home/bryce/ros2_workspace/data_collection_ws/install/data_recorder_interfaces/share/data_recorder_interfaces/environment/library_path.dsv
-- Installing: /home/bryce/ros2_workspace/data_collection_ws/install/data_recorder_interfaces/lib/libdata_recorder_interfaces__rosidl_generator_c.so
-- Set runtime path of "/home/bryce/ros2_workspace/data_collection_ws/install/data_recorder_interfaces/lib/libdata_recorder_interfaces__rosidl_generator_c.so" to ""
-- Up-to-date: /home/bryce/ros2_workspace/data_collection_ws/install/data_recorder_interfaces/include/data_recorder_interfaces/data_recorder_interfaces
-- Up-to-date: /home/bryce/ros2_workspace/data_collection_ws/install/data_recorder_interfaces/include/data_recorder_interfaces/data_recorder_interfaces/msg
-- Up-to-date: /home/bryce/ros2_workspace/data_collection_ws/install/data_recorder_interfaces/include/data_recorder_interfaces/data_recorder_interfaces/msg/rosidl_typesupport_fastrtps_c__visibility_control.h
-- Up-to-date: /home/bryce/ros2_workspace/data_collection_ws/install/data_recorder_interfaces/include/data_recorder_interfaces/data_recorder_interfaces/srv
-- Up-to-date: /home/bryce/ros2_workspace/data_collection_ws/install/data_recorder_interfaces/include/data_recorder_interfaces/data_recorder_interfaces/srv/detail
-- Up-to-date: /home/bryce/ros2_workspace/data_collection_ws/install/data_recorder_interfaces/include/data_recorder_interfaces/data_recorder_interfaces/srv/detail/start_recording__rosidl_typesupport_fastrtps_c.h
-- Installing: /home/bryce/ros2_workspace/data_collection_ws/install/data_recorder_interfaces/lib/libdata_recorder_interfaces__rosidl_typesupport_fastrtps_c.so
-- Set runtime path of "/home/bryce/ros2_workspace/data_collection_ws/install/data_recorder_interfaces/lib/libdata_recorder_interfaces__rosidl_typesupport_fastrtps_c.so" to ""
-- Up-to-date: /home/bryce/ros2_workspace/data_collection_ws/install/data_recorder_interfaces/include/data_recorder_interfaces/data_recorder_interfaces
-- Up-to-date: /home/bryce/ros2_workspace/data_collection_ws/install/data_recorder_interfaces/include/data_recorder_interfaces/data_recorder_interfaces/msg
-- Up-to-date: /home/bryce/ros2_workspace/data_collection_ws/install/data_recorder_interfaces/include/data_recorder_interfaces/data_recorder_interfaces/msg/rosidl_generator_cpp__visibility_control.hpp
-- Up-to-date: /home/bryce/ros2_workspace/data_collection_ws/install/data_recorder_interfaces/include/data_recorder_interfaces/data_recorder_interfaces/srv
-- Up-to-date: /home/bryce/ros2_workspace/data_collection_ws/install/data_recorder_interfaces/include/data_recorder_interfaces/data_recorder_interfaces/srv/start_recording.hpp
-- Up-to-date: /home/bryce/ros2_workspace/data_collection_ws/install/data_recorder_interfaces/include/data_recorder_interfaces/data_recorder_interfaces/srv/detail
-- Up-to-date: /home/bryce/ros2_workspace/data_collection_ws/install/data_recorder_interfaces/include/data_recorder_interfaces/data_recorder_interfaces/srv/detail/start_recording__builder.hpp
-- Up-to-date: /home/bryce/ros2_workspace/data_collection_ws/install/data_recorder_interfaces/include/data_recorder_interfaces/data_recorder_interfaces/srv/detail/start_recording__struct.hpp
-- Up-to-date: /home/bryce/ros2_workspace/data_collection_ws/install/data_recorder_interfaces/include/data_recorder_interfaces/data_recorder_interfaces/srv/detail/start_recording__traits.hpp
-- Up-to-date: /home/bryce/ros2_workspace/data_collection_ws/install/data_recorder_interfaces/include/data_recorder_interfaces/data_recorder_interfaces/srv/detail/start_recording__type_support.hpp
-- Up-to-date: /home/bryce/ros2_workspace/data_collection_ws/install/data_recorder_interfaces/include/data_recorder_interfaces/data_recorder_interfaces
-- Up-to-date: /home/bryce/ros2_workspace/data_collection_ws/install/data_recorder_interfaces/include/data_recorder_interfaces/data_recorder_interfaces/msg
-- Up-to-date: /home/bryce/ros2_workspace/data_collection_ws/install/data_recorder_interfaces/include/data_recorder_interfaces/data_recorder_interfaces/msg/rosidl_typesupport_fastrtps_cpp__visibility_control.h
-- Up-to-date: /home/bryce/ros2_workspace/data_collection_ws/install/data_recorder_interfaces/include/data_recorder_interfaces/data_recorder_interfaces/srv
-- Up-to-date: /home/bryce/ros2_workspace/data_collection_ws/install/data_recorder_interfaces/include/data_recorder_interfaces/data_recorder_interfaces/srv/detail
-- Up-to-date: /home/bryce/ros2_workspace/data_collection_ws/install/data_recorder_interfaces/include/data_recorder_interfaces/data_recorder_interfaces/srv/detail/dds_fastrtps
-- Up-to-date: /home/bryce/ros2_workspace/data_collection_ws/install/data_recorder_interfaces/include/data_recorder_interfaces/data_recorder_interfaces/srv/detail/start_recording__rosidl_typesupport_fastrtps_cpp.hpp
-- Installing: /home/bryce/ros2_workspace/data_collection_ws/install/data_recorder_interfaces/lib/libdata_recorder_interfaces__rosidl_typesupport_fastrtps_cpp.so
-- Set runtime path of "/home/bryce/ros2_workspace/data_collection_ws/install/data_recorder_interfaces/lib/libdata_recorder_interfaces__rosidl_typesupport_fastrtps_cpp.so" to ""
-- Up-to-date: /home/bryce/ros2_workspace/data_collection_ws/install/data_recorder_interfaces/include/data_recorder_interfaces/data_recorder_interfaces
-- Up-to-date: /home/bryce/ros2_workspace/data_collection_ws/install/data_recorder_interfaces/include/data_recorder_interfaces/data_recorder_interfaces/msg
-- Up-to-date: /home/bryce/ros2_workspace/data_collection_ws/install/data_recorder_interfaces/include/data_recorder_interfaces/data_recorder_interfaces/msg/rosidl_typesupport_introspection_c__visibility_control.h
-- Up-to-date: /home/bryce/ros2_workspace/data_collection_ws/install/data_recorder_interfaces/include/data_recorder_interfaces/data_recorder_interfaces/srv
-- Up-to-date: /home/bryce/ros2_workspace/data_collection_ws/install/data_recorder_interfaces/include/data_recorder_interfaces/data_recorder_interfaces/srv/detail
-- Up-to-date: /home/bryce/ros2_workspace/data_collection_ws/install/data_recorder_interfaces/include/data_recorder_interfaces/data_recorder_interfaces/srv/detail/start_recording__type_support.c
-- Up-to-date: /home/bryce/ros2_workspace/data_collection_ws/install/data_recorder_interfaces/include/data_recorder_interfaces/data_recorder_interfaces/srv/detail/start_recording__rosidl_typesupport_introspection_c.h
-- Installing: /home/bryce/ros2_workspace/data_collection_ws/install/data_recorder_interfaces/lib/libdata_recorder_interfaces__rosidl_typesupport_introspection_c.so
-- Set runtime path of "/home/bryce/ros2_workspace/data_collection_ws/install/data_recorder_interfaces/lib/libdata_recorder_interfaces__rosidl_typesupport_introspection_c.so" to ""
-- Installing: /home/bryce/ros2_workspace/data_collection_ws/install/data_recorder_interfaces/lib/libdata_recorder_interfaces__rosidl_typesupport_c.so
-- Set runtime path of "/home/bryce/ros2_workspace/data_collection_ws/install/data_recorder_interfaces/lib/libdata_recorder_interfaces__rosidl_typesupport_c.so" to ""
-- Up-to-date: /home/bryce/ros2_workspace/data_collection_ws/install/data_recorder_interfaces/include/data_recorder_interfaces/data_recorder_interfaces
-- Up-to-date: /home/bryce/ros2_workspace/data_collection_ws/install/data_recorder_interfaces/include/data_recorder_interfaces/data_recorder_interfaces/srv
-- Up-to-date: /home/bryce/ros2_workspace/data_collection_ws/install/data_recorder_interfaces/include/data_recorder_interfaces/data_recorder_interfaces/srv/detail
-- Up-to-date: /home/bryce/ros2_workspace/data_collection_ws/install/data_recorder_interfaces/include/data_recorder_interfaces/data_recorder_interfaces/srv/detail/start_recording__type_support.cpp
-- Up-to-date: /home/bryce/ros2_workspace/data_collection_ws/install/data_recorder_interfaces/include/data_recorder_interfaces/data_recorder_interfaces/srv/detail/start_recording__rosidl_typesupport_introspection_cpp.hpp
-- Installing: /home/bryce/ros2_workspace/data_collection_ws/install/data_recorder_interfaces/lib/libdata_recorder_interfaces__rosidl_typesupport_introspection_cpp.so
-- Set runtime path of "/home/bryce/ros2_workspace/data_collection_ws/install/data_recorder_interfaces/lib/libdata_recorder_interfaces__rosidl_typesupport_introspection_cpp.so" to ""
-- Installing: /home/bryce/ros2_workspace/data_collection_ws/install/data_recorder_interfaces/lib/libdata_recorder_interfaces__rosidl_typesupport_cpp.so
-- Set runtime path of "/home/bryce/ros2_workspace/data_collection_ws/install/data_recorder_interfaces/lib/libdata_recorder_interfaces__rosidl_typesupport_cpp.so" to ""
-- Up-to-date: /home/bryce/ros2_workspace/data_collection_ws/install/data_recorder_interfaces/share/data_recorder_interfaces/environment/pythonpath.sh
-- Installing: /home/bryce/ros2_workspace/data_collection_ws/install/data_recorder_interfaces/share/data_recorder_interfaces/environment/pythonpath.dsv
-- Up-to-date: /home/bryce/ros2_workspace/data_collection_ws/install/data_recorder_interfaces/local/lib/python3.10/dist-packages/data_recorder_interfaces-0.0.0-py3.10.egg-info
-- Installing: /home/bryce/ros2_workspace/data_collection_ws/install/data_recorder_interfaces/local/lib/python3.10/dist-packages/data_recorder_interfaces-0.0.0-py3.10.egg-info/dependency_links.txt
-- Installing: /home/bryce/ros2_workspace/data_collection_ws/install/data_recorder_interfaces/local/lib/python3.10/dist-packages/data_recorder_interfaces-0.0.0-py3.10.egg-info/SOURCES.txt
-- Installing: /home/bryce/ros2_workspace/data_collection_ws/install/data_recorder_interfaces/local/lib/python3.10/dist-packages/data_recorder_interfaces-0.0.0-py3.10.egg-info/PKG-INFO
-- Installing: /home/bryce/ros2_workspace/data_collection_ws/install/data_recorder_interfaces/local/lib/python3.10/dist-packages/data_recorder_interfaces-0.0.0-py3.10.egg-info/top_level.txt
-- Up-to-date: /home/bryce/ros2_workspace/data_collection_ws/install/data_recorder_interfaces/local/lib/python3.10/dist-packages/data_recorder_interfaces
-- Up-to-date: /home/bryce/ros2_workspace/data_collection_ws/install/data_recorder_interfaces/local/lib/python3.10/dist-packages/data_recorder_interfaces/_data_recorder_interfaces_s.ep.rosidl_typesupport_introspection_c.c
-- Installing: /home/bryce/ros2_workspace/data_collection_ws/install/data_recorder_interfaces/local/lib/python3.10/dist-packages/data_recorder_interfaces/data_recorder_interfaces_s__rosidl_typesupport_c.cpython-310-x86_64-linux-gnu.so
-- Installing: /home/bryce/ros2_workspace/data_collection_ws/install/data_recorder_interfaces/local/lib/python3.10/dist-packages/data_recorder_interfaces/data_recorder_interfaces_s__rosidl_typesupport_fastrtps_c.cpython-310-x86_64-linux-gnu.so
-- Up-to-date: /home/bryce/ros2_workspace/data_collection_ws/install/data_recorder_interfaces/local/lib/python3.10/dist-packages/data_recorder_interfaces/_data_recorder_interfaces_s.ep.rosidl_typesupport_c.c
-- Installing: /home/bryce/ros2_workspace/data_collection_ws/install/data_recorder_interfaces/local/lib/python3.10/dist-packages/data_recorder_interfaces/libdata_recorder_interfaces__rosidl_generator_py.so
-- Up-to-date: /home/bryce/ros2_workspace/data_collection_ws/install/data_recorder_interfaces/local/lib/python3.10/dist-packages/data_recorder_interfaces/_data_recorder_interfaces_s.ep.rosidl_typesupport_fastrtps_c.c
-- Installing: /home/bryce/ros2_workspace/data_collection_ws/install/data_recorder_interfaces/local/lib/python3.10/dist-packages/data_recorder_interfaces/__init__.py
-- Up-to-date: /home/bryce/ros2_workspace/data_collection_ws/install/data_recorder_interfaces/local/lib/python3.10/dist-packages/data_recorder_interfaces/srv
-- Up-to-date: /home/bryce/ros2_workspace/data_collection_ws/install/data_recorder_interfaces/local/lib/python3.10/dist-packages/data_recorder_interfaces/srv/_start_recording_s.c
-- Up-to-date: /home/bryce/ros2_workspace/data_collection_ws/install/data_recorder_interfaces/local/lib/python3.10/dist-packages/data_recorder_interfaces/srv/_start_recording.py
-- Up-to-date: /home/bryce/ros2_workspace/data_collection_ws/install/data_recorder_interfaces/local/lib/python3.10/dist-packages/data_recorder_interfaces/srv/__init__.py
-- Installing: /home/bryce/ros2_workspace/data_collection_ws/install/data_recorder_interfaces/local/lib/python3.10/dist-packages/data_recorder_interfaces/data_recorder_interfaces_s__rosidl_typesupport_introspection_c.cpython-310-x86_64-linux-gnu.so
Listing '/home/bryce/ros2_workspace/data_collection_ws/install/data_recorder_interfaces/local/lib/python3.10/dist-packages/data_recorder_interfaces'...
Compiling '/home/bryce/ros2_workspace/data_collection_ws/install/data_recorder_interfaces/local/lib/python3.10/dist-packages/data_recorder_interfaces/__init__.py'...
Listing '/home/bryce/ros2_workspace/data_collection_ws/install/data_recorder_interfaces/local/lib/python3.10/dist-packages/data_recorder_interfaces/srv'...
-- Installing: /home/bryce/ros2_workspace/data_collection_ws/install/data_recorder_interfaces/local/lib/python3.10/dist-packages/data_recorder_interfaces/data_recorder_interfaces_s__rosidl_typesupport_fastrtps_c.cpython-310-x86_64-linux-gnu.so
-- Set runtime path of "/home/bryce/ros2_workspace/data_collection_ws/install/data_recorder_interfaces/local/lib/python3.10/dist-packages/data_recorder_interfaces/data_recorder_interfaces_s__rosidl_typesupport_fastrtps_c.cpython-310-x86_64-linux-gnu.so" to ""
-- Installing: /home/bryce/ros2_workspace/data_collection_ws/install/data_recorder_interfaces/local/lib/python3.10/dist-packages/data_recorder_interfaces/data_recorder_interfaces_s__rosidl_typesupport_introspection_c.cpython-310-x86_64-linux-gnu.so
-- Set runtime path of "/home/bryce/ros2_workspace/data_collection_ws/install/data_recorder_interfaces/local/lib/python3.10/dist-packages/data_recorder_interfaces/data_recorder_interfaces_s__rosidl_typesupport_introspection_c.cpython-310-x86_64-linux-gnu.so" to ""
-- Installing: /home/bryce/ros2_workspace/data_collection_ws/install/data_recorder_interfaces/local/lib/python3.10/dist-packages/data_recorder_interfaces/data_recorder_interfaces_s__rosidl_typesupport_c.cpython-310-x86_64-linux-gnu.so
-- Set runtime path of "/home/bryce/ros2_workspace/data_collection_ws/install/data_recorder_interfaces/local/lib/python3.10/dist-packages/data_recorder_interfaces/data_recorder_interfaces_s__rosidl_typesupport_c.cpython-310-x86_64-linux-gnu.so" to ""
-- Installing: /home/bryce/ros2_workspace/data_collection_ws/install/data_recorder_interfaces/lib/libdata_recorder_interfaces__rosidl_generator_py.so
-- Set runtime path of "/home/bryce/ros2_workspace/data_collection_ws/install/data_recorder_interfaces/lib/libdata_recorder_interfaces__rosidl_generator_py.so" to ""
-- Up-to-date: /home/bryce/ros2_workspace/data_collection_ws/install/data_recorder_interfaces/share/data_recorder_interfaces/srv/StartRecording.idl
-- Up-to-date: /home/bryce/ros2_workspace/data_collection_ws/install/data_recorder_interfaces/share/data_recorder_interfaces/srv/StartRecording.srv
-- Up-to-date: /home/bryce/ros2_workspace/data_collection_ws/install/data_recorder_interfaces/share/data_recorder_interfaces/srv/StartRecording_Request.msg
-- Up-to-date: /home/bryce/ros2_workspace/data_collection_ws/install/data_recorder_interfaces/share/data_recorder_interfaces/srv/StartRecording_Response.msg
-- Up-to-date: /home/bryce/ros2_workspace/data_collection_ws/install/data_recorder_interfaces/share/ament_index/resource_index/package_run_dependencies/data_recorder_interfaces
-- Installing: /home/bryce/ros2_workspace/data_collection_ws/install/data_recorder_interfaces/share/ament_index/resource_index/parent_prefix_path/data_recorder_interfaces
-- Up-to-date: /home/bryce/ros2_workspace/data_collection_ws/install/data_recorder_interfaces/share/data_recorder_interfaces/environment/ament_prefix_path.sh
-- Installing: /home/bryce/ros2_workspace/data_collection_ws/install/data_recorder_interfaces/share/data_recorder_interfaces/environment/ament_prefix_path.dsv
-- Up-to-date: /home/bryce/ros2_workspace/data_collection_ws/install/data_recorder_interfaces/share/data_recorder_interfaces/environment/path.sh
-- Installing: /home/bryce/ros2_workspace/data_collection_ws/install/data_recorder_interfaces/share/data_recorder_interfaces/environment/path.dsv
-- Up-to-date: /home/bryce/ros2_workspace/data_collection_ws/install/data_recorder_interfaces/share/data_recorder_interfaces/local_setup.bash
-- Up-to-date: /home/bryce/ros2_workspace/data_collection_ws/install/data_recorder_interfaces/share/data_recorder_interfaces/local_setup.sh
-- Up-to-date: /home/bryce/ros2_workspace/data_collection_ws/install/data_recorder_interfaces/share/data_recorder_interfaces/local_setup.zsh
-- Installing: /home/bryce/ros2_workspace/data_collection_ws/install/data_recorder_interfaces/share/data_recorder_interfaces/local_setup.dsv
-- Installing: /home/bryce/ros2_workspace/data_collection_ws/install/data_recorder_interfaces/share/data_recorder_interfaces/package.dsv
-- Up-to-date: /home/bryce/ros2_workspace/data_collection_ws/install/data_recorder_interfaces/share/ament_index/resource_index/packages/data_recorder_interfaces
-- Up-to-date: /home/bryce/ros2_workspace/data_collection_ws/install/data_recorder_interfaces/share/data_recorder_interfaces/cmake/export_data_recorder_interfaces__rosidl_generator_cExport.cmake
-- Up-to-date: /home/bryce/ros2_workspace/data_collection_ws/install/data_recorder_interfaces/share/data_recorder_interfaces/cmake/export_data_recorder_interfaces__rosidl_generator_cExport-noconfig.cmake
-- Up-to-date: /home/bryce/ros2_workspace/data_collection_ws/install/data_recorder_interfaces/share/data_recorder_interfaces/cmake/export_data_recorder_interfaces__rosidl_typesupport_fastrtps_cExport.cmake
-- Up-to-date: /home/bryce/ros2_workspace/data_collection_ws/install/data_recorder_interfaces/share/data_recorder_interfaces/cmake/export_data_recorder_interfaces__rosidl_typesupport_fastrtps_cExport-noconfig.cmake
-- Up-to-date: /home/bryce/ros2_workspace/data_collection_ws/install/data_recorder_interfaces/share/data_recorder_interfaces/cmake/export_data_recorder_interfaces__rosidl_generator_cppExport.cmake
-- Up-to-date: /home/bryce/ros2_workspace/data_collection_ws/install/data_recorder_interfaces/share/data_recorder_interfaces/cmake/export_data_recorder_interfaces__rosidl_typesupport_fastrtps_cppExport.cmake
-- Up-to-date: /home/bryce/ros2_workspace/data_collection_ws/install/data_recorder_interfaces/share/data_recorder_interfaces/cmake/export_data_recorder_interfaces__rosidl_typesupport_fastrtps_cppExport-noconfig.cmake
-- Up-to-date: /home/bryce/ros2_workspace/data_collection_ws/install/data_recorder_interfaces/share/data_recorder_interfaces/cmake/data_recorder_interfaces__rosidl_typesupport_introspection_cExport.cmake
-- Up-to-date: /home/bryce/ros2_workspace/data_collection_ws/install/data_recorder_interfaces/share/data_recorder_interfaces/cmake/data_recorder_interfaces__rosidl_typesupport_introspection_cExport-noconfig.cmake
-- Up-to-date: /home/bryce/ros2_workspace/data_collection_ws/install/data_recorder_interfaces/share/data_recorder_interfaces/cmake/data_recorder_interfaces__rosidl_typesupport_cExport.cmake
-- Up-to-date: /home/bryce/ros2_workspace/data_collection_ws/install/data_recorder_interfaces/share/data_recorder_interfaces/cmake/data_recorder_interfaces__rosidl_typesupport_cExport-noconfig.cmake
-- Up-to-date: /home/bryce/ros2_workspace/data_collection_ws/install/data_recorder_interfaces/share/data_recorder_interfaces/cmake/data_recorder_interfaces__rosidl_typesupport_introspection_cppExport.cmake
-- Up-to-date: /home/bryce/ros2_workspace/data_collection_ws/install/data_recorder_interfaces/share/data_recorder_interfaces/cmake/data_recorder_interfaces__rosidl_typesupport_introspection_cppExport-noconfig.cmake
-- Up-to-date: /home/bryce/ros2_workspace/data_collection_ws/install/data_recorder_interfaces/share/data_recorder_interfaces/cmake/data_recorder_interfaces__rosidl_typesupport_cppExport.cmake
-- Up-to-date: /home/bryce/ros2_workspace/data_collection_ws/install/data_recorder_interfaces/share/data_recorder_interfaces/cmake/data_recorder_interfaces__rosidl_typesupport_cppExport-noconfig.cmake
-- Up-to-date: /home/bryce/ros2_workspace/data_collection_ws/install/data_recorder_interfaces/share/data_recorder_interfaces/cmake/export_data_recorder_interfaces__rosidl_generator_pyExport.cmake
-- Up-to-date: /home/bryce/ros2_workspace/data_collection_ws/install/data_recorder_interfaces/share/data_recorder_interfaces/cmake/export_data_recorder_interfaces__rosidl_generator_pyExport-noconfig.cmake
-- Up-to-date: /home/bryce/ros2_workspace/data_collection_ws/install/data_recorder_interfaces/share/data_recorder_interfaces/cmake/rosidl_cmake-extras.cmake
-- Up-to-date: /home/bryce/ros2_workspace/data_collection_ws/install/data_recorder_interfaces/share/data_recorder_interfaces/cmake/ament_cmake_export_include_directories-extras.cmake
-- Up-to-date: /home/bryce/ros2_workspace/data_collection_ws/install/data_recorder_interfaces/share/data_recorder_interfaces/cmake/ament_cmake_export_libraries-extras.cmake
-- Up-to-date: /home/bryce/ros2_workspace/data_collection_ws/install/data_recorder_interfaces/share/data_recorder_interfaces/cmake/ament_cmake_export_targets-extras.cmake
-- Up-to-date: /home/bryce/ros2_workspace/data_collection_ws/install/data_recorder_interfaces/share/data_recorder_interfaces/cmake/rosidl_cmake_export_typesupport_targets-extras.cmake
-- Up-to-date: /home/bryce/ros2_workspace/data_collection_ws/install/data_recorder_interfaces/share/data_recorder_interfaces/cmake/ament_cmake_export_dependencies-extras.cmake
-- Up-to-date: /home/bryce/ros2_workspace/data_collection_ws/install/data_recorder_interfaces/share/data_recorder_interfaces/cmake/rosidl_cmake_export_typesupport_libraries-extras.cmake
-- Up-to-date: /home/bryce/ros2_workspace/data_collection_ws/install/data_recorder_interfaces/share/data_recorder_interfaces/cmake/data_recorder_interfacesConfig.cmake
-- Up-to-date: /home/bryce/ros2_workspace/data_collection_ws/install/data_recorder_interfaces/share/data_recorder_interfaces/cmake/data_recorder_interfacesConfig-version.cmake
-- Up-to-date: /home/bryce/ros2_workspace/data_collection_ws/install/data_recorder_interfaces/share/data_recorder_interfaces/package.xml
