[0.013s] Invoking command in '/home/bryce/ros2_workspace/data_collection_ws/build/data_recorder_interfaces': CMAKE_PREFIX_PATH=${CMAKE_PREFIX_PATH}:/home/bryce/ros2_workspace/data_collection_ws/install/data_recorder_ros2:/opt/ros/humble /usr/bin/cmake --build /home/bryce/ros2_workspace/data_collection_ws/build/data_recorder_interfaces -- -j12 -l12
[0.241s] -- Found ament_cmake: 1.3.12 (/opt/ros/humble/share/ament_cmake/cmake)
[0.241s] -- Found std_msgs: 4.9.0 (/opt/ros/humble/share/std_msgs/cmake)
[0.241s] -- Found rosidl_generator_c: 3.1.8 (/opt/ros/humble/share/rosidl_generator_c/cmake)
[0.241s] -- Found rosidl_adapter: 3.1.8 (/opt/ros/humble/share/rosidl_adapter/cmake)
[0.241s] -- Found rosidl_generator_cpp: 3.1.8 (/opt/ros/humble/share/rosidl_generator_cpp/cmake)
[0.241s] -- Using all available rosidl_typesupport_c: rosidl_typesupport_fastrtps_c;rosidl_typesupport_introspection_c
[0.241s] -- Using all available rosidl_typesupport_cpp: rosidl_typesupport_fastrtps_cpp;rosidl_typesupport_introspection_cpp
[0.241s] -- Found rosidl_default_generators: 1.2.0 (/opt/ros/humble/share/rosidl_default_generators/cmake)
[0.404s] -- Found ament_cmake_ros: 0.10.0 (/opt/ros/humble/share/ament_cmake_ros/cmake)
[0.684s] -- Using all available rosidl_typesupport_c: rosidl_typesupport_fastrtps_c;rosidl_typesupport_introspection_c
[0.792s] -- Using all available rosidl_typesupport_cpp: rosidl_typesupport_fastrtps_cpp;rosidl_typesupport_introspection_cpp
[0.818s] -- Found python_cmake_module: 0.10.0 (/opt/ros/humble/share/python_cmake_module/cmake)
[0.845s] -- Using PYTHON_EXECUTABLE: /usr/bin/python3
[0.846s] -- Using PYTHON_INCLUDE_DIRS: /usr/include/python3.10
[0.846s] -- Using PYTHON_LIBRARIES: /usr/lib/x86_64-linux-gnu/libpython3.10.so
[0.856s] -- Found ament_lint_auto: 0.12.14 (/opt/ros/humble/share/ament_lint_auto/cmake)
[0.870s] -- Added test 'lint_cmake' to check CMake code style
[0.871s] -- Added test 'xmllint' to check XML markup files
[0.873s] -- Configuring done
[0.898s] -- Generating done
[0.906s] -- Build files have been written to: /home/bryce/ros2_workspace/data_collection_ws/build/data_recorder_interfaces
[0.924s] [35m[1mConsolidate compiler generated dependencies of target data_recorder_interfaces__rosidl_generator_c[0m
[0.931s] [  3%] Built target data_recorder_interfaces__cpp
[0.931s] [  6%] [32m[1mLinking C shared library libdata_recorder_interfaces__rosidl_generator_c.so[0m
[0.938s] [  6%] Built target ament_cmake_python_copy_data_recorder_interfaces
[0.938s] [35m[1mConsolidate compiler generated dependencies of target data_recorder_interfaces__rosidl_typesupport_cpp[0m
[0.938s] [35m[1mConsolidate compiler generated dependencies of target data_recorder_interfaces__rosidl_typesupport_fastrtps_cpp[0m
[0.940s] [35m[1mConsolidate compiler generated dependencies of target data_recorder_interfaces__rosidl_typesupport_introspection_cpp[0m
[0.947s] [  9%] [32m[1mLinking CXX shared library libdata_recorder_interfaces__rosidl_typesupport_cpp.so[0m
[0.947s] [ 12%] [32mBuilding CXX object CMakeFiles/data_recorder_interfaces__rosidl_typesupport_fastrtps_cpp.dir/rosidl_typesupport_fastrtps_cpp/data_recorder_interfaces/srv/detail/dds_fastrtps/start_recording__type_support.cpp.o[0m
[0.952s] [ 16%] [32m[1mLinking CXX shared library libdata_recorder_interfaces__rosidl_typesupport_introspection_cpp.so[0m
[0.960s] [ 22%] Built target data_recorder_interfaces__rosidl_generator_c
[0.968s] [35m[1mConsolidate compiler generated dependencies of target data_recorder_interfaces__rosidl_typesupport_introspection_c[0m
[0.968s] [35m[1mConsolidate compiler generated dependencies of target data_recorder_interfaces__rosidl_typesupport_fastrtps_c[0m
[0.971s] [35m[1mConsolidate compiler generated dependencies of target data_recorder_interfaces__rosidl_typesupport_c[0m
[0.977s] [ 29%] Built target data_recorder_interfaces__rosidl_typesupport_cpp
[0.977s] [ 32%] [32m[1mLinking C shared library libdata_recorder_interfaces__rosidl_typesupport_introspection_c.so[0m
[0.978s] [ 35%] [32mBuilding CXX object CMakeFiles/data_recorder_interfaces__rosidl_typesupport_fastrtps_c.dir/rosidl_typesupport_fastrtps_c/data_recorder_interfaces/srv/detail/start_recording__type_support_c.cpp.o[0m
[0.981s] [ 38%] [32m[1mLinking CXX shared library libdata_recorder_interfaces__rosidl_typesupport_c.so[0m
[1.002s] [ 45%] Built target data_recorder_interfaces__rosidl_typesupport_introspection_c
[1.013s] [ 51%] Built target data_recorder_interfaces__rosidl_typesupport_c
[1.024s] [ 58%] Built target data_recorder_interfaces__rosidl_typesupport_introspection_cpp
[1.178s] running egg_info
[1.178s] writing data_recorder_interfaces.egg-info/PKG-INFO
[1.178s] writing dependency_links to data_recorder_interfaces.egg-info/dependency_links.txt
[1.178s] writing top-level names to data_recorder_interfaces.egg-info/top_level.txt
[1.181s] reading manifest file 'data_recorder_interfaces.egg-info/SOURCES.txt'
[1.181s] writing manifest file 'data_recorder_interfaces.egg-info/SOURCES.txt'
[1.204s] [ 58%] Built target ament_cmake_python_build_data_recorder_interfaces_egg
[1.219s] [ 61%] [32m[1mLinking CXX shared library libdata_recorder_interfaces__rosidl_typesupport_fastrtps_c.so[0m
[1.238s] [ 64%] [32m[1mLinking CXX shared library libdata_recorder_interfaces__rosidl_typesupport_fastrtps_cpp.so[0m
[1.274s] [ 67%] Built target data_recorder_interfaces__rosidl_typesupport_fastrtps_c
[1.292s] [ 70%] Built target data_recorder_interfaces__rosidl_typesupport_fastrtps_cpp
[1.305s] [ 70%] Built target data_recorder_interfaces
[1.319s] [ 74%] Built target data_recorder_interfaces__py
[1.325s] [35m[1mConsolidate compiler generated dependencies of target data_recorder_interfaces__rosidl_generator_py[0m
[1.334s] [ 77%] [32m[1mLinking C shared library rosidl_generator_py/data_recorder_interfaces/libdata_recorder_interfaces__rosidl_generator_py.so[0m
[1.361s] [ 80%] Built target data_recorder_interfaces__rosidl_generator_py
[1.368s] [35m[1mConsolidate compiler generated dependencies of target data_recorder_interfaces__rosidl_typesupport_introspection_c__pyext[0m
[1.368s] [35m[1mConsolidate compiler generated dependencies of target data_recorder_interfaces__rosidl_typesupport_c__pyext[0m
[1.368s] [35m[1mConsolidate compiler generated dependencies of target data_recorder_interfaces__rosidl_typesupport_fastrtps_c__pyext[0m
[1.377s] [ 87%] [32mBuilding C object CMakeFiles/data_recorder_interfaces__rosidl_typesupport_fastrtps_c__pyext.dir/rosidl_generator_py/data_recorder_interfaces/_data_recorder_interfaces_s.ep.rosidl_typesupport_fastrtps_c.c.o[0m
[1.377s] [ 87%] [32m[1mLinking C shared library rosidl_generator_py/data_recorder_interfaces/data_recorder_interfaces_s__rosidl_typesupport_c.cpython-310-x86_64-linux-gnu.so[0m
[1.377s] [ 90%] [32m[1mLinking C shared library rosidl_generator_py/data_recorder_interfaces/data_recorder_interfaces_s__rosidl_typesupport_introspection_c.cpython-310-x86_64-linux-gnu.so[0m
[1.400s] [ 96%] Built target data_recorder_interfaces__rosidl_typesupport_introspection_c__pyext
[1.400s] [ 96%] Built target data_recorder_interfaces__rosidl_typesupport_c__pyext
[1.444s] [100%] [32m[1mLinking C shared library rosidl_generator_py/data_recorder_interfaces/data_recorder_interfaces_s__rosidl_typesupport_fastrtps_c.cpython-310-x86_64-linux-gnu.so[0m
[1.466s] [100%] Built target data_recorder_interfaces__rosidl_typesupport_fastrtps_c__pyext
[1.474s] Invoked command in '/home/bryce/ros2_workspace/data_collection_ws/build/data_recorder_interfaces' returned '0': CMAKE_PREFIX_PATH=${CMAKE_PREFIX_PATH}:/home/bryce/ros2_workspace/data_collection_ws/install/data_recorder_ros2:/opt/ros/humble /usr/bin/cmake --build /home/bryce/ros2_workspace/data_collection_ws/build/data_recorder_interfaces -- -j12 -l12
[1.481s] Invoking command in '/home/bryce/ros2_workspace/data_collection_ws/build/data_recorder_interfaces': CMAKE_PREFIX_PATH=${CMAKE_PREFIX_PATH}:/home/bryce/ros2_workspace/data_collection_ws/install/data_recorder_ros2:/opt/ros/humble /usr/bin/cmake --install /home/bryce/ros2_workspace/data_collection_ws/build/data_recorder_interfaces
[1.486s] -- Install configuration: ""
[1.486s] -- Up-to-date: /home/bryce/ros2_workspace/data_collection_ws/install/data_recorder_interfaces/share/ament_index/resource_index/rosidl_interfaces/data_recorder_interfaces
[1.486s] -- Up-to-date: /home/bryce/ros2_workspace/data_collection_ws/install/data_recorder_interfaces/include/data_recorder_interfaces/data_recorder_interfaces
[1.486s] -- Up-to-date: /home/bryce/ros2_workspace/data_collection_ws/install/data_recorder_interfaces/include/data_recorder_interfaces/data_recorder_interfaces/msg
[1.486s] -- Up-to-date: /home/bryce/ros2_workspace/data_collection_ws/install/data_recorder_interfaces/include/data_recorder_interfaces/data_recorder_interfaces/msg/rosidl_generator_c__visibility_control.h
[1.486s] -- Up-to-date: /home/bryce/ros2_workspace/data_collection_ws/install/data_recorder_interfaces/include/data_recorder_interfaces/data_recorder_interfaces/srv
[1.486s] -- Up-to-date: /home/bryce/ros2_workspace/data_collection_ws/install/data_recorder_interfaces/include/data_recorder_interfaces/data_recorder_interfaces/srv/start_recording.h
[1.486s] -- Up-to-date: /home/bryce/ros2_workspace/data_collection_ws/install/data_recorder_interfaces/include/data_recorder_interfaces/data_recorder_interfaces/srv/detail
[1.486s] -- Up-to-date: /home/bryce/ros2_workspace/data_collection_ws/install/data_recorder_interfaces/include/data_recorder_interfaces/data_recorder_interfaces/srv/detail/start_recording__struct.h
[1.486s] -- Up-to-date: /home/bryce/ros2_workspace/data_collection_ws/install/data_recorder_interfaces/include/data_recorder_interfaces/data_recorder_interfaces/srv/detail/start_recording__functions.c
[1.486s] -- Up-to-date: /home/bryce/ros2_workspace/data_collection_ws/install/data_recorder_interfaces/include/data_recorder_interfaces/data_recorder_interfaces/srv/detail/start_recording__type_support.h
[1.486s] -- Up-to-date: /home/bryce/ros2_workspace/data_collection_ws/install/data_recorder_interfaces/include/data_recorder_interfaces/data_recorder_interfaces/srv/detail/start_recording__functions.h
[1.486s] -- Up-to-date: /home/bryce/ros2_workspace/data_collection_ws/install/data_recorder_interfaces/share/data_recorder_interfaces/environment/library_path.sh
[1.486s] -- Installing: /home/bryce/ros2_workspace/data_collection_ws/install/data_recorder_interfaces/share/data_recorder_interfaces/environment/library_path.dsv
[1.486s] -- Installing: /home/bryce/ros2_workspace/data_collection_ws/install/data_recorder_interfaces/lib/libdata_recorder_interfaces__rosidl_generator_c.so
[1.486s] -- Set runtime path of "/home/bryce/ros2_workspace/data_collection_ws/install/data_recorder_interfaces/lib/libdata_recorder_interfaces__rosidl_generator_c.so" to ""
[1.486s] -- Up-to-date: /home/bryce/ros2_workspace/data_collection_ws/install/data_recorder_interfaces/include/data_recorder_interfaces/data_recorder_interfaces
[1.487s] -- Up-to-date: /home/bryce/ros2_workspace/data_collection_ws/install/data_recorder_interfaces/include/data_recorder_interfaces/data_recorder_interfaces/msg
[1.487s] -- Up-to-date: /home/bryce/ros2_workspace/data_collection_ws/install/data_recorder_interfaces/include/data_recorder_interfaces/data_recorder_interfaces/msg/rosidl_typesupport_fastrtps_c__visibility_control.h
[1.487s] -- Up-to-date: /home/bryce/ros2_workspace/data_collection_ws/install/data_recorder_interfaces/include/data_recorder_interfaces/data_recorder_interfaces/srv
[1.487s] -- Up-to-date: /home/bryce/ros2_workspace/data_collection_ws/install/data_recorder_interfaces/include/data_recorder_interfaces/data_recorder_interfaces/srv/detail
[1.487s] -- Up-to-date: /home/bryce/ros2_workspace/data_collection_ws/install/data_recorder_interfaces/include/data_recorder_interfaces/data_recorder_interfaces/srv/detail/start_recording__rosidl_typesupport_fastrtps_c.h
[1.487s] -- Installing: /home/bryce/ros2_workspace/data_collection_ws/install/data_recorder_interfaces/lib/libdata_recorder_interfaces__rosidl_typesupport_fastrtps_c.so
[1.487s] -- Set runtime path of "/home/bryce/ros2_workspace/data_collection_ws/install/data_recorder_interfaces/lib/libdata_recorder_interfaces__rosidl_typesupport_fastrtps_c.so" to ""
[1.487s] -- Up-to-date: /home/bryce/ros2_workspace/data_collection_ws/install/data_recorder_interfaces/include/data_recorder_interfaces/data_recorder_interfaces
[1.487s] -- Up-to-date: /home/bryce/ros2_workspace/data_collection_ws/install/data_recorder_interfaces/include/data_recorder_interfaces/data_recorder_interfaces/msg
[1.487s] -- Up-to-date: /home/bryce/ros2_workspace/data_collection_ws/install/data_recorder_interfaces/include/data_recorder_interfaces/data_recorder_interfaces/msg/rosidl_generator_cpp__visibility_control.hpp
[1.487s] -- Up-to-date: /home/bryce/ros2_workspace/data_collection_ws/install/data_recorder_interfaces/include/data_recorder_interfaces/data_recorder_interfaces/srv
[1.487s] -- Up-to-date: /home/bryce/ros2_workspace/data_collection_ws/install/data_recorder_interfaces/include/data_recorder_interfaces/data_recorder_interfaces/srv/start_recording.hpp
[1.487s] -- Up-to-date: /home/bryce/ros2_workspace/data_collection_ws/install/data_recorder_interfaces/include/data_recorder_interfaces/data_recorder_interfaces/srv/detail
[1.487s] -- Up-to-date: /home/bryce/ros2_workspace/data_collection_ws/install/data_recorder_interfaces/include/data_recorder_interfaces/data_recorder_interfaces/srv/detail/start_recording__builder.hpp
[1.487s] -- Up-to-date: /home/bryce/ros2_workspace/data_collection_ws/install/data_recorder_interfaces/include/data_recorder_interfaces/data_recorder_interfaces/srv/detail/start_recording__struct.hpp
[1.487s] -- Up-to-date: /home/bryce/ros2_workspace/data_collection_ws/install/data_recorder_interfaces/include/data_recorder_interfaces/data_recorder_interfaces/srv/detail/start_recording__traits.hpp
[1.487s] -- Up-to-date: /home/bryce/ros2_workspace/data_collection_ws/install/data_recorder_interfaces/include/data_recorder_interfaces/data_recorder_interfaces/srv/detail/start_recording__type_support.hpp
[1.487s] -- Up-to-date: /home/bryce/ros2_workspace/data_collection_ws/install/data_recorder_interfaces/include/data_recorder_interfaces/data_recorder_interfaces
[1.487s] -- Up-to-date: /home/bryce/ros2_workspace/data_collection_ws/install/data_recorder_interfaces/include/data_recorder_interfaces/data_recorder_interfaces/msg
[1.487s] -- Up-to-date: /home/bryce/ros2_workspace/data_collection_ws/install/data_recorder_interfaces/include/data_recorder_interfaces/data_recorder_interfaces/msg/rosidl_typesupport_fastrtps_cpp__visibility_control.h
[1.487s] -- Up-to-date: /home/bryce/ros2_workspace/data_collection_ws/install/data_recorder_interfaces/include/data_recorder_interfaces/data_recorder_interfaces/srv
[1.487s] -- Up-to-date: /home/bryce/ros2_workspace/data_collection_ws/install/data_recorder_interfaces/include/data_recorder_interfaces/data_recorder_interfaces/srv/detail
[1.487s] -- Up-to-date: /home/bryce/ros2_workspace/data_collection_ws/install/data_recorder_interfaces/include/data_recorder_interfaces/data_recorder_interfaces/srv/detail/dds_fastrtps
[1.487s] -- Up-to-date: /home/bryce/ros2_workspace/data_collection_ws/install/data_recorder_interfaces/include/data_recorder_interfaces/data_recorder_interfaces/srv/detail/start_recording__rosidl_typesupport_fastrtps_cpp.hpp
[1.488s] -- Installing: /home/bryce/ros2_workspace/data_collection_ws/install/data_recorder_interfaces/lib/libdata_recorder_interfaces__rosidl_typesupport_fastrtps_cpp.so
[1.488s] -- Set runtime path of "/home/bryce/ros2_workspace/data_collection_ws/install/data_recorder_interfaces/lib/libdata_recorder_interfaces__rosidl_typesupport_fastrtps_cpp.so" to ""
[1.488s] -- Up-to-date: /home/bryce/ros2_workspace/data_collection_ws/install/data_recorder_interfaces/include/data_recorder_interfaces/data_recorder_interfaces
[1.488s] -- Up-to-date: /home/bryce/ros2_workspace/data_collection_ws/install/data_recorder_interfaces/include/data_recorder_interfaces/data_recorder_interfaces/msg
[1.488s] -- Up-to-date: /home/bryce/ros2_workspace/data_collection_ws/install/data_recorder_interfaces/include/data_recorder_interfaces/data_recorder_interfaces/msg/rosidl_typesupport_introspection_c__visibility_control.h
[1.488s] -- Up-to-date: /home/bryce/ros2_workspace/data_collection_ws/install/data_recorder_interfaces/include/data_recorder_interfaces/data_recorder_interfaces/srv
[1.488s] -- Up-to-date: /home/bryce/ros2_workspace/data_collection_ws/install/data_recorder_interfaces/include/data_recorder_interfaces/data_recorder_interfaces/srv/detail
[1.488s] -- Up-to-date: /home/bryce/ros2_workspace/data_collection_ws/install/data_recorder_interfaces/include/data_recorder_interfaces/data_recorder_interfaces/srv/detail/start_recording__type_support.c
[1.488s] -- Up-to-date: /home/bryce/ros2_workspace/data_collection_ws/install/data_recorder_interfaces/include/data_recorder_interfaces/data_recorder_interfaces/srv/detail/start_recording__rosidl_typesupport_introspection_c.h
[1.488s] -- Installing: /home/bryce/ros2_workspace/data_collection_ws/install/data_recorder_interfaces/lib/libdata_recorder_interfaces__rosidl_typesupport_introspection_c.so
[1.488s] -- Set runtime path of "/home/bryce/ros2_workspace/data_collection_ws/install/data_recorder_interfaces/lib/libdata_recorder_interfaces__rosidl_typesupport_introspection_c.so" to ""
[1.488s] -- Installing: /home/bryce/ros2_workspace/data_collection_ws/install/data_recorder_interfaces/lib/libdata_recorder_interfaces__rosidl_typesupport_c.so
[1.488s] -- Set runtime path of "/home/bryce/ros2_workspace/data_collection_ws/install/data_recorder_interfaces/lib/libdata_recorder_interfaces__rosidl_typesupport_c.so" to ""
[1.488s] -- Up-to-date: /home/bryce/ros2_workspace/data_collection_ws/install/data_recorder_interfaces/include/data_recorder_interfaces/data_recorder_interfaces
[1.488s] -- Up-to-date: /home/bryce/ros2_workspace/data_collection_ws/install/data_recorder_interfaces/include/data_recorder_interfaces/data_recorder_interfaces/srv
[1.488s] -- Up-to-date: /home/bryce/ros2_workspace/data_collection_ws/install/data_recorder_interfaces/include/data_recorder_interfaces/data_recorder_interfaces/srv/detail
[1.488s] -- Up-to-date: /home/bryce/ros2_workspace/data_collection_ws/install/data_recorder_interfaces/include/data_recorder_interfaces/data_recorder_interfaces/srv/detail/start_recording__type_support.cpp
[1.488s] -- Up-to-date: /home/bryce/ros2_workspace/data_collection_ws/install/data_recorder_interfaces/include/data_recorder_interfaces/data_recorder_interfaces/srv/detail/start_recording__rosidl_typesupport_introspection_cpp.hpp
[1.488s] -- Installing: /home/bryce/ros2_workspace/data_collection_ws/install/data_recorder_interfaces/lib/libdata_recorder_interfaces__rosidl_typesupport_introspection_cpp.so
[1.489s] -- Set runtime path of "/home/bryce/ros2_workspace/data_collection_ws/install/data_recorder_interfaces/lib/libdata_recorder_interfaces__rosidl_typesupport_introspection_cpp.so" to ""
[1.489s] -- Installing: /home/bryce/ros2_workspace/data_collection_ws/install/data_recorder_interfaces/lib/libdata_recorder_interfaces__rosidl_typesupport_cpp.so
[1.489s] -- Set runtime path of "/home/bryce/ros2_workspace/data_collection_ws/install/data_recorder_interfaces/lib/libdata_recorder_interfaces__rosidl_typesupport_cpp.so" to ""
[1.489s] -- Up-to-date: /home/bryce/ros2_workspace/data_collection_ws/install/data_recorder_interfaces/share/data_recorder_interfaces/environment/pythonpath.sh
[1.489s] -- Installing: /home/bryce/ros2_workspace/data_collection_ws/install/data_recorder_interfaces/share/data_recorder_interfaces/environment/pythonpath.dsv
[1.489s] -- Up-to-date: /home/bryce/ros2_workspace/data_collection_ws/install/data_recorder_interfaces/local/lib/python3.10/dist-packages/data_recorder_interfaces-0.0.0-py3.10.egg-info
[1.489s] -- Installing: /home/bryce/ros2_workspace/data_collection_ws/install/data_recorder_interfaces/local/lib/python3.10/dist-packages/data_recorder_interfaces-0.0.0-py3.10.egg-info/dependency_links.txt
[1.489s] -- Installing: /home/bryce/ros2_workspace/data_collection_ws/install/data_recorder_interfaces/local/lib/python3.10/dist-packages/data_recorder_interfaces-0.0.0-py3.10.egg-info/SOURCES.txt
[1.489s] -- Installing: /home/bryce/ros2_workspace/data_collection_ws/install/data_recorder_interfaces/local/lib/python3.10/dist-packages/data_recorder_interfaces-0.0.0-py3.10.egg-info/PKG-INFO
[1.489s] -- Installing: /home/bryce/ros2_workspace/data_collection_ws/install/data_recorder_interfaces/local/lib/python3.10/dist-packages/data_recorder_interfaces-0.0.0-py3.10.egg-info/top_level.txt
[1.489s] -- Up-to-date: /home/bryce/ros2_workspace/data_collection_ws/install/data_recorder_interfaces/local/lib/python3.10/dist-packages/data_recorder_interfaces
[1.489s] -- Up-to-date: /home/bryce/ros2_workspace/data_collection_ws/install/data_recorder_interfaces/local/lib/python3.10/dist-packages/data_recorder_interfaces/_data_recorder_interfaces_s.ep.rosidl_typesupport_introspection_c.c
[1.489s] -- Installing: /home/bryce/ros2_workspace/data_collection_ws/install/data_recorder_interfaces/local/lib/python3.10/dist-packages/data_recorder_interfaces/data_recorder_interfaces_s__rosidl_typesupport_c.cpython-310-x86_64-linux-gnu.so
[1.489s] -- Installing: /home/bryce/ros2_workspace/data_collection_ws/install/data_recorder_interfaces/local/lib/python3.10/dist-packages/data_recorder_interfaces/data_recorder_interfaces_s__rosidl_typesupport_fastrtps_c.cpython-310-x86_64-linux-gnu.so
[1.490s] -- Up-to-date: /home/bryce/ros2_workspace/data_collection_ws/install/data_recorder_interfaces/local/lib/python3.10/dist-packages/data_recorder_interfaces/_data_recorder_interfaces_s.ep.rosidl_typesupport_c.c
[1.490s] -- Installing: /home/bryce/ros2_workspace/data_collection_ws/install/data_recorder_interfaces/local/lib/python3.10/dist-packages/data_recorder_interfaces/libdata_recorder_interfaces__rosidl_generator_py.so
[1.490s] -- Up-to-date: /home/bryce/ros2_workspace/data_collection_ws/install/data_recorder_interfaces/local/lib/python3.10/dist-packages/data_recorder_interfaces/_data_recorder_interfaces_s.ep.rosidl_typesupport_fastrtps_c.c
[1.490s] -- Installing: /home/bryce/ros2_workspace/data_collection_ws/install/data_recorder_interfaces/local/lib/python3.10/dist-packages/data_recorder_interfaces/__init__.py
[1.490s] -- Up-to-date: /home/bryce/ros2_workspace/data_collection_ws/install/data_recorder_interfaces/local/lib/python3.10/dist-packages/data_recorder_interfaces/srv
[1.490s] -- Up-to-date: /home/bryce/ros2_workspace/data_collection_ws/install/data_recorder_interfaces/local/lib/python3.10/dist-packages/data_recorder_interfaces/srv/_start_recording_s.c
[1.490s] -- Up-to-date: /home/bryce/ros2_workspace/data_collection_ws/install/data_recorder_interfaces/local/lib/python3.10/dist-packages/data_recorder_interfaces/srv/_start_recording.py
[1.490s] -- Up-to-date: /home/bryce/ros2_workspace/data_collection_ws/install/data_recorder_interfaces/local/lib/python3.10/dist-packages/data_recorder_interfaces/srv/__init__.py
[1.490s] -- Installing: /home/bryce/ros2_workspace/data_collection_ws/install/data_recorder_interfaces/local/lib/python3.10/dist-packages/data_recorder_interfaces/data_recorder_interfaces_s__rosidl_typesupport_introspection_c.cpython-310-x86_64-linux-gnu.so
[1.515s] Listing '/home/bryce/ros2_workspace/data_collection_ws/install/data_recorder_interfaces/local/lib/python3.10/dist-packages/data_recorder_interfaces'...
[1.515s] Compiling '/home/bryce/ros2_workspace/data_collection_ws/install/data_recorder_interfaces/local/lib/python3.10/dist-packages/data_recorder_interfaces/__init__.py'...
[1.515s] Listing '/home/bryce/ros2_workspace/data_collection_ws/install/data_recorder_interfaces/local/lib/python3.10/dist-packages/data_recorder_interfaces/srv'...
[1.519s] -- Installing: /home/bryce/ros2_workspace/data_collection_ws/install/data_recorder_interfaces/local/lib/python3.10/dist-packages/data_recorder_interfaces/data_recorder_interfaces_s__rosidl_typesupport_fastrtps_c.cpython-310-x86_64-linux-gnu.so
[1.519s] -- Set runtime path of "/home/bryce/ros2_workspace/data_collection_ws/install/data_recorder_interfaces/local/lib/python3.10/dist-packages/data_recorder_interfaces/data_recorder_interfaces_s__rosidl_typesupport_fastrtps_c.cpython-310-x86_64-linux-gnu.so" to ""
[1.519s] -- Installing: /home/bryce/ros2_workspace/data_collection_ws/install/data_recorder_interfaces/local/lib/python3.10/dist-packages/data_recorder_interfaces/data_recorder_interfaces_s__rosidl_typesupport_introspection_c.cpython-310-x86_64-linux-gnu.so
[1.519s] -- Set runtime path of "/home/bryce/ros2_workspace/data_collection_ws/install/data_recorder_interfaces/local/lib/python3.10/dist-packages/data_recorder_interfaces/data_recorder_interfaces_s__rosidl_typesupport_introspection_c.cpython-310-x86_64-linux-gnu.so" to ""
[1.519s] -- Installing: /home/bryce/ros2_workspace/data_collection_ws/install/data_recorder_interfaces/local/lib/python3.10/dist-packages/data_recorder_interfaces/data_recorder_interfaces_s__rosidl_typesupport_c.cpython-310-x86_64-linux-gnu.so
[1.519s] -- Set runtime path of "/home/bryce/ros2_workspace/data_collection_ws/install/data_recorder_interfaces/local/lib/python3.10/dist-packages/data_recorder_interfaces/data_recorder_interfaces_s__rosidl_typesupport_c.cpython-310-x86_64-linux-gnu.so" to ""
[1.519s] -- Installing: /home/bryce/ros2_workspace/data_collection_ws/install/data_recorder_interfaces/lib/libdata_recorder_interfaces__rosidl_generator_py.so
[1.519s] -- Set runtime path of "/home/bryce/ros2_workspace/data_collection_ws/install/data_recorder_interfaces/lib/libdata_recorder_interfaces__rosidl_generator_py.so" to ""
[1.519s] -- Up-to-date: /home/bryce/ros2_workspace/data_collection_ws/install/data_recorder_interfaces/share/data_recorder_interfaces/srv/StartRecording.idl
[1.520s] -- Up-to-date: /home/bryce/ros2_workspace/data_collection_ws/install/data_recorder_interfaces/share/data_recorder_interfaces/srv/StartRecording.srv
[1.520s] -- Up-to-date: /home/bryce/ros2_workspace/data_collection_ws/install/data_recorder_interfaces/share/data_recorder_interfaces/srv/StartRecording_Request.msg
[1.520s] -- Up-to-date: /home/bryce/ros2_workspace/data_collection_ws/install/data_recorder_interfaces/share/data_recorder_interfaces/srv/StartRecording_Response.msg
[1.520s] -- Up-to-date: /home/bryce/ros2_workspace/data_collection_ws/install/data_recorder_interfaces/share/ament_index/resource_index/package_run_dependencies/data_recorder_interfaces
[1.520s] -- Installing: /home/bryce/ros2_workspace/data_collection_ws/install/data_recorder_interfaces/share/ament_index/resource_index/parent_prefix_path/data_recorder_interfaces
[1.520s] -- Up-to-date: /home/bryce/ros2_workspace/data_collection_ws/install/data_recorder_interfaces/share/data_recorder_interfaces/environment/ament_prefix_path.sh
[1.520s] -- Installing: /home/bryce/ros2_workspace/data_collection_ws/install/data_recorder_interfaces/share/data_recorder_interfaces/environment/ament_prefix_path.dsv
[1.520s] -- Up-to-date: /home/bryce/ros2_workspace/data_collection_ws/install/data_recorder_interfaces/share/data_recorder_interfaces/environment/path.sh
[1.520s] -- Installing: /home/bryce/ros2_workspace/data_collection_ws/install/data_recorder_interfaces/share/data_recorder_interfaces/environment/path.dsv
[1.520s] -- Up-to-date: /home/bryce/ros2_workspace/data_collection_ws/install/data_recorder_interfaces/share/data_recorder_interfaces/local_setup.bash
[1.520s] -- Up-to-date: /home/bryce/ros2_workspace/data_collection_ws/install/data_recorder_interfaces/share/data_recorder_interfaces/local_setup.sh
[1.520s] -- Up-to-date: /home/bryce/ros2_workspace/data_collection_ws/install/data_recorder_interfaces/share/data_recorder_interfaces/local_setup.zsh
[1.520s] -- Installing: /home/bryce/ros2_workspace/data_collection_ws/install/data_recorder_interfaces/share/data_recorder_interfaces/local_setup.dsv
[1.520s] -- Installing: /home/bryce/ros2_workspace/data_collection_ws/install/data_recorder_interfaces/share/data_recorder_interfaces/package.dsv
[1.520s] -- Up-to-date: /home/bryce/ros2_workspace/data_collection_ws/install/data_recorder_interfaces/share/ament_index/resource_index/packages/data_recorder_interfaces
[1.520s] -- Up-to-date: /home/bryce/ros2_workspace/data_collection_ws/install/data_recorder_interfaces/share/data_recorder_interfaces/cmake/export_data_recorder_interfaces__rosidl_generator_cExport.cmake
[1.520s] -- Up-to-date: /home/bryce/ros2_workspace/data_collection_ws/install/data_recorder_interfaces/share/data_recorder_interfaces/cmake/export_data_recorder_interfaces__rosidl_generator_cExport-noconfig.cmake
[1.520s] -- Up-to-date: /home/bryce/ros2_workspace/data_collection_ws/install/data_recorder_interfaces/share/data_recorder_interfaces/cmake/export_data_recorder_interfaces__rosidl_typesupport_fastrtps_cExport.cmake
[1.520s] -- Up-to-date: /home/bryce/ros2_workspace/data_collection_ws/install/data_recorder_interfaces/share/data_recorder_interfaces/cmake/export_data_recorder_interfaces__rosidl_typesupport_fastrtps_cExport-noconfig.cmake
[1.520s] -- Up-to-date: /home/bryce/ros2_workspace/data_collection_ws/install/data_recorder_interfaces/share/data_recorder_interfaces/cmake/export_data_recorder_interfaces__rosidl_generator_cppExport.cmake
[1.520s] -- Up-to-date: /home/bryce/ros2_workspace/data_collection_ws/install/data_recorder_interfaces/share/data_recorder_interfaces/cmake/export_data_recorder_interfaces__rosidl_typesupport_fastrtps_cppExport.cmake
[1.521s] -- Up-to-date: /home/bryce/ros2_workspace/data_collection_ws/install/data_recorder_interfaces/share/data_recorder_interfaces/cmake/export_data_recorder_interfaces__rosidl_typesupport_fastrtps_cppExport-noconfig.cmake
[1.521s] -- Up-to-date: /home/bryce/ros2_workspace/data_collection_ws/install/data_recorder_interfaces/share/data_recorder_interfaces/cmake/data_recorder_interfaces__rosidl_typesupport_introspection_cExport.cmake
[1.521s] -- Up-to-date: /home/bryce/ros2_workspace/data_collection_ws/install/data_recorder_interfaces/share/data_recorder_interfaces/cmake/data_recorder_interfaces__rosidl_typesupport_introspection_cExport-noconfig.cmake
[1.521s] -- Up-to-date: /home/bryce/ros2_workspace/data_collection_ws/install/data_recorder_interfaces/share/data_recorder_interfaces/cmake/data_recorder_interfaces__rosidl_typesupport_cExport.cmake
[1.521s] -- Up-to-date: /home/bryce/ros2_workspace/data_collection_ws/install/data_recorder_interfaces/share/data_recorder_interfaces/cmake/data_recorder_interfaces__rosidl_typesupport_cExport-noconfig.cmake
[1.521s] -- Up-to-date: /home/bryce/ros2_workspace/data_collection_ws/install/data_recorder_interfaces/share/data_recorder_interfaces/cmake/data_recorder_interfaces__rosidl_typesupport_introspection_cppExport.cmake
[1.521s] -- Up-to-date: /home/bryce/ros2_workspace/data_collection_ws/install/data_recorder_interfaces/share/data_recorder_interfaces/cmake/data_recorder_interfaces__rosidl_typesupport_introspection_cppExport-noconfig.cmake
[1.521s] -- Up-to-date: /home/bryce/ros2_workspace/data_collection_ws/install/data_recorder_interfaces/share/data_recorder_interfaces/cmake/data_recorder_interfaces__rosidl_typesupport_cppExport.cmake
[1.521s] -- Up-to-date: /home/bryce/ros2_workspace/data_collection_ws/install/data_recorder_interfaces/share/data_recorder_interfaces/cmake/data_recorder_interfaces__rosidl_typesupport_cppExport-noconfig.cmake
[1.521s] -- Up-to-date: /home/bryce/ros2_workspace/data_collection_ws/install/data_recorder_interfaces/share/data_recorder_interfaces/cmake/export_data_recorder_interfaces__rosidl_generator_pyExport.cmake
[1.521s] -- Up-to-date: /home/bryce/ros2_workspace/data_collection_ws/install/data_recorder_interfaces/share/data_recorder_interfaces/cmake/export_data_recorder_interfaces__rosidl_generator_pyExport-noconfig.cmake
[1.521s] -- Up-to-date: /home/bryce/ros2_workspace/data_collection_ws/install/data_recorder_interfaces/share/data_recorder_interfaces/cmake/rosidl_cmake-extras.cmake
[1.521s] -- Up-to-date: /home/bryce/ros2_workspace/data_collection_ws/install/data_recorder_interfaces/share/data_recorder_interfaces/cmake/ament_cmake_export_include_directories-extras.cmake
[1.521s] -- Up-to-date: /home/bryce/ros2_workspace/data_collection_ws/install/data_recorder_interfaces/share/data_recorder_interfaces/cmake/ament_cmake_export_libraries-extras.cmake
[1.521s] -- Up-to-date: /home/bryce/ros2_workspace/data_collection_ws/install/data_recorder_interfaces/share/data_recorder_interfaces/cmake/ament_cmake_export_targets-extras.cmake
[1.521s] -- Up-to-date: /home/bryce/ros2_workspace/data_collection_ws/install/data_recorder_interfaces/share/data_recorder_interfaces/cmake/rosidl_cmake_export_typesupport_targets-extras.cmake
[1.521s] -- Up-to-date: /home/bryce/ros2_workspace/data_collection_ws/install/data_recorder_interfaces/share/data_recorder_interfaces/cmake/ament_cmake_export_dependencies-extras.cmake
[1.521s] -- Up-to-date: /home/bryce/ros2_workspace/data_collection_ws/install/data_recorder_interfaces/share/data_recorder_interfaces/cmake/rosidl_cmake_export_typesupport_libraries-extras.cmake
[1.521s] -- Up-to-date: /home/bryce/ros2_workspace/data_collection_ws/install/data_recorder_interfaces/share/data_recorder_interfaces/cmake/data_recorder_interfacesConfig.cmake
[1.521s] -- Up-to-date: /home/bryce/ros2_workspace/data_collection_ws/install/data_recorder_interfaces/share/data_recorder_interfaces/cmake/data_recorder_interfacesConfig-version.cmake
[1.521s] -- Up-to-date: /home/bryce/ros2_workspace/data_collection_ws/install/data_recorder_interfaces/share/data_recorder_interfaces/package.xml
[1.523s] Invoked command in '/home/bryce/ros2_workspace/data_collection_ws/build/data_recorder_interfaces' returned '0': CMAKE_PREFIX_PATH=${CMAKE_PREFIX_PATH}:/home/bryce/ros2_workspace/data_collection_ws/install/data_recorder_ros2:/opt/ros/humble /usr/bin/cmake --install /home/bryce/ros2_workspace/data_collection_ws/build/data_recorder_interfaces
