[  3%] Built target open_cyber_glove_ros2__cpp
[ 12%] Built target open_cyber_glove_ros2__rosidl_generator_c
[ 12%] Built target ament_cmake_python_copy_open_cyber_glove_ros2
[ 32%] Built target open_cyber_glove_ros2__rosidl_typesupport_fastrtps_c
[ 32%] Built target open_cyber_glove_ros2__rosidl_typesupport_c
[ 41%] Built target open_cyber_glove_ros2__rosidl_typesupport_cpp
[ 64%] Built target open_cyber_glove_ros2__rosidl_typesupport_fastrtps_cpp
[ 64%] Built target open_cyber_glove_ros2__rosidl_typesupport_introspection_c
[ 70%] Built target open_cyber_glove_ros2__rosidl_typesupport_introspection_cpp
[ 70%] Built target open_cyber_glove_ros2
[ 74%] Built target open_cyber_glove_ros2__py
[ 80%] Built target open_cyber_glove_ros2__rosidl_generator_py
[ 93%] Built target open_cyber_glove_ros2__rosidl_typesupport_introspection_c__pyext
[ 93%] Built target open_cyber_glove_ros2__rosidl_typesupport_c__pyext
[100%] Built target open_cyber_glove_ros2__rosidl_typesupport_fastrtps_c__pyext
running egg_info
writing open_cyber_glove_ros2.egg-info/PKG-INFO
writing dependency_links to open_cyber_glove_ros2.egg-info/dependency_links.txt
writing top-level names to open_cyber_glove_ros2.egg-info/top_level.txt
reading manifest file 'open_cyber_glove_ros2.egg-info/SOURCES.txt'
writing manifest file 'open_cyber_glove_ros2.egg-info/SOURCES.txt'
[100%] Built target ament_cmake_python_build_open_cyber_glove_ros2_egg
-- Install configuration: ""
-- Up-to-date: /home/bryce/ros2_workspace/data_collection_ws/install/open_cyber_glove_ros2/share/ament_index/resource_index/rosidl_interfaces/open_cyber_glove_ros2
-- Up-to-date: /home/bryce/ros2_workspace/data_collection_ws/install/open_cyber_glove_ros2/include/open_cyber_glove_ros2/open_cyber_glove_ros2
-- Up-to-date: /home/bryce/ros2_workspace/data_collection_ws/install/open_cyber_glove_ros2/include/open_cyber_glove_ros2/open_cyber_glove_ros2/msg
-- Up-to-date: /home/bryce/ros2_workspace/data_collection_ws/install/open_cyber_glove_ros2/include/open_cyber_glove_ros2/open_cyber_glove_ros2/msg/rosidl_generator_c__visibility_control.h
-- Up-to-date: /home/bryce/ros2_workspace/data_collection_ws/install/open_cyber_glove_ros2/include/open_cyber_glove_ros2/open_cyber_glove_ros2/msg/glove_data_msg.h
-- Up-to-date: /home/bryce/ros2_workspace/data_collection_ws/install/open_cyber_glove_ros2/include/open_cyber_glove_ros2/open_cyber_glove_ros2/msg/detail
-- Up-to-date: /home/bryce/ros2_workspace/data_collection_ws/install/open_cyber_glove_ros2/include/open_cyber_glove_ros2/open_cyber_glove_ros2/msg/detail/glove_data_msg__type_support.h
-- Up-to-date: /home/bryce/ros2_workspace/data_collection_ws/install/open_cyber_glove_ros2/include/open_cyber_glove_ros2/open_cyber_glove_ros2/msg/detail/glove_data_msg__struct.h
-- Up-to-date: /home/bryce/ros2_workspace/data_collection_ws/install/open_cyber_glove_ros2/include/open_cyber_glove_ros2/open_cyber_glove_ros2/msg/detail/glove_data_msg__functions.c
-- Up-to-date: /home/bryce/ros2_workspace/data_collection_ws/install/open_cyber_glove_ros2/include/open_cyber_glove_ros2/open_cyber_glove_ros2/msg/detail/glove_data_msg__functions.h
-- Up-to-date: /home/bryce/ros2_workspace/data_collection_ws/install/open_cyber_glove_ros2/share/open_cyber_glove_ros2/environment/library_path.sh
-- Up-to-date: /home/bryce/ros2_workspace/data_collection_ws/install/open_cyber_glove_ros2/share/open_cyber_glove_ros2/environment/library_path.dsv
-- Up-to-date: /home/bryce/ros2_workspace/data_collection_ws/install/open_cyber_glove_ros2/lib/libopen_cyber_glove_ros2__rosidl_generator_c.so
-- Up-to-date: /home/bryce/ros2_workspace/data_collection_ws/install/open_cyber_glove_ros2/include/open_cyber_glove_ros2/open_cyber_glove_ros2
-- Up-to-date: /home/bryce/ros2_workspace/data_collection_ws/install/open_cyber_glove_ros2/include/open_cyber_glove_ros2/open_cyber_glove_ros2/msg
-- Up-to-date: /home/bryce/ros2_workspace/data_collection_ws/install/open_cyber_glove_ros2/include/open_cyber_glove_ros2/open_cyber_glove_ros2/msg/rosidl_typesupport_fastrtps_c__visibility_control.h
-- Up-to-date: /home/bryce/ros2_workspace/data_collection_ws/install/open_cyber_glove_ros2/include/open_cyber_glove_ros2/open_cyber_glove_ros2/msg/detail
-- Up-to-date: /home/bryce/ros2_workspace/data_collection_ws/install/open_cyber_glove_ros2/include/open_cyber_glove_ros2/open_cyber_glove_ros2/msg/detail/glove_data_msg__rosidl_typesupport_fastrtps_c.h
-- Up-to-date: /home/bryce/ros2_workspace/data_collection_ws/install/open_cyber_glove_ros2/lib/libopen_cyber_glove_ros2__rosidl_typesupport_fastrtps_c.so
-- Up-to-date: /home/bryce/ros2_workspace/data_collection_ws/install/open_cyber_glove_ros2/include/open_cyber_glove_ros2/open_cyber_glove_ros2
-- Up-to-date: /home/bryce/ros2_workspace/data_collection_ws/install/open_cyber_glove_ros2/include/open_cyber_glove_ros2/open_cyber_glove_ros2/msg
-- Up-to-date: /home/bryce/ros2_workspace/data_collection_ws/install/open_cyber_glove_ros2/include/open_cyber_glove_ros2/open_cyber_glove_ros2/msg/glove_data_msg.hpp
-- Up-to-date: /home/bryce/ros2_workspace/data_collection_ws/install/open_cyber_glove_ros2/include/open_cyber_glove_ros2/open_cyber_glove_ros2/msg/detail
-- Up-to-date: /home/bryce/ros2_workspace/data_collection_ws/install/open_cyber_glove_ros2/include/open_cyber_glove_ros2/open_cyber_glove_ros2/msg/detail/glove_data_msg__builder.hpp
-- Up-to-date: /home/bryce/ros2_workspace/data_collection_ws/install/open_cyber_glove_ros2/include/open_cyber_glove_ros2/open_cyber_glove_ros2/msg/detail/glove_data_msg__traits.hpp
-- Up-to-date: /home/bryce/ros2_workspace/data_collection_ws/install/open_cyber_glove_ros2/include/open_cyber_glove_ros2/open_cyber_glove_ros2/msg/detail/glove_data_msg__type_support.hpp
-- Up-to-date: /home/bryce/ros2_workspace/data_collection_ws/install/open_cyber_glove_ros2/include/open_cyber_glove_ros2/open_cyber_glove_ros2/msg/detail/glove_data_msg__struct.hpp
-- Up-to-date: /home/bryce/ros2_workspace/data_collection_ws/install/open_cyber_glove_ros2/include/open_cyber_glove_ros2/open_cyber_glove_ros2/msg/rosidl_generator_cpp__visibility_control.hpp
-- Up-to-date: /home/bryce/ros2_workspace/data_collection_ws/install/open_cyber_glove_ros2/include/open_cyber_glove_ros2/open_cyber_glove_ros2
-- Up-to-date: /home/bryce/ros2_workspace/data_collection_ws/install/open_cyber_glove_ros2/include/open_cyber_glove_ros2/open_cyber_glove_ros2/msg
-- Up-to-date: /home/bryce/ros2_workspace/data_collection_ws/install/open_cyber_glove_ros2/include/open_cyber_glove_ros2/open_cyber_glove_ros2/msg/rosidl_typesupport_fastrtps_cpp__visibility_control.h
-- Up-to-date: /home/bryce/ros2_workspace/data_collection_ws/install/open_cyber_glove_ros2/include/open_cyber_glove_ros2/open_cyber_glove_ros2/msg/detail
-- Up-to-date: /home/bryce/ros2_workspace/data_collection_ws/install/open_cyber_glove_ros2/include/open_cyber_glove_ros2/open_cyber_glove_ros2/msg/detail/glove_data_msg__rosidl_typesupport_fastrtps_cpp.hpp
-- Up-to-date: /home/bryce/ros2_workspace/data_collection_ws/install/open_cyber_glove_ros2/include/open_cyber_glove_ros2/open_cyber_glove_ros2/msg/detail/dds_fastrtps
-- Up-to-date: /home/bryce/ros2_workspace/data_collection_ws/install/open_cyber_glove_ros2/lib/libopen_cyber_glove_ros2__rosidl_typesupport_fastrtps_cpp.so
-- Up-to-date: /home/bryce/ros2_workspace/data_collection_ws/install/open_cyber_glove_ros2/include/open_cyber_glove_ros2/open_cyber_glove_ros2
-- Up-to-date: /home/bryce/ros2_workspace/data_collection_ws/install/open_cyber_glove_ros2/include/open_cyber_glove_ros2/open_cyber_glove_ros2/msg
-- Up-to-date: /home/bryce/ros2_workspace/data_collection_ws/install/open_cyber_glove_ros2/include/open_cyber_glove_ros2/open_cyber_glove_ros2/msg/rosidl_typesupport_introspection_c__visibility_control.h
-- Up-to-date: /home/bryce/ros2_workspace/data_collection_ws/install/open_cyber_glove_ros2/include/open_cyber_glove_ros2/open_cyber_glove_ros2/msg/detail
-- Up-to-date: /home/bryce/ros2_workspace/data_collection_ws/install/open_cyber_glove_ros2/include/open_cyber_glove_ros2/open_cyber_glove_ros2/msg/detail/glove_data_msg__type_support.c
-- Up-to-date: /home/bryce/ros2_workspace/data_collection_ws/install/open_cyber_glove_ros2/include/open_cyber_glove_ros2/open_cyber_glove_ros2/msg/detail/glove_data_msg__rosidl_typesupport_introspection_c.h
-- Up-to-date: /home/bryce/ros2_workspace/data_collection_ws/install/open_cyber_glove_ros2/lib/libopen_cyber_glove_ros2__rosidl_typesupport_introspection_c.so
-- Up-to-date: /home/bryce/ros2_workspace/data_collection_ws/install/open_cyber_glove_ros2/lib/libopen_cyber_glove_ros2__rosidl_typesupport_c.so
-- Up-to-date: /home/bryce/ros2_workspace/data_collection_ws/install/open_cyber_glove_ros2/include/open_cyber_glove_ros2/open_cyber_glove_ros2
-- Up-to-date: /home/bryce/ros2_workspace/data_collection_ws/install/open_cyber_glove_ros2/include/open_cyber_glove_ros2/open_cyber_glove_ros2/msg
-- Up-to-date: /home/bryce/ros2_workspace/data_collection_ws/install/open_cyber_glove_ros2/include/open_cyber_glove_ros2/open_cyber_glove_ros2/msg/detail
-- Up-to-date: /home/bryce/ros2_workspace/data_collection_ws/install/open_cyber_glove_ros2/include/open_cyber_glove_ros2/open_cyber_glove_ros2/msg/detail/glove_data_msg__rosidl_typesupport_introspection_cpp.hpp
-- Up-to-date: /home/bryce/ros2_workspace/data_collection_ws/install/open_cyber_glove_ros2/include/open_cyber_glove_ros2/open_cyber_glove_ros2/msg/detail/glove_data_msg__type_support.cpp
-- Up-to-date: /home/bryce/ros2_workspace/data_collection_ws/install/open_cyber_glove_ros2/lib/libopen_cyber_glove_ros2__rosidl_typesupport_introspection_cpp.so
-- Up-to-date: /home/bryce/ros2_workspace/data_collection_ws/install/open_cyber_glove_ros2/lib/libopen_cyber_glove_ros2__rosidl_typesupport_cpp.so
-- Up-to-date: /home/bryce/ros2_workspace/data_collection_ws/install/open_cyber_glove_ros2/share/open_cyber_glove_ros2/environment/pythonpath.sh
-- Up-to-date: /home/bryce/ros2_workspace/data_collection_ws/install/open_cyber_glove_ros2/share/open_cyber_glove_ros2/environment/pythonpath.dsv
-- Up-to-date: /home/bryce/ros2_workspace/data_collection_ws/install/open_cyber_glove_ros2/local/lib/python3.10/dist-packages/open_cyber_glove_ros2-0.1.0-py3.10.egg-info
-- Installing: /home/bryce/ros2_workspace/data_collection_ws/install/open_cyber_glove_ros2/local/lib/python3.10/dist-packages/open_cyber_glove_ros2-0.1.0-py3.10.egg-info/dependency_links.txt
-- Installing: /home/bryce/ros2_workspace/data_collection_ws/install/open_cyber_glove_ros2/local/lib/python3.10/dist-packages/open_cyber_glove_ros2-0.1.0-py3.10.egg-info/SOURCES.txt
-- Installing: /home/bryce/ros2_workspace/data_collection_ws/install/open_cyber_glove_ros2/local/lib/python3.10/dist-packages/open_cyber_glove_ros2-0.1.0-py3.10.egg-info/PKG-INFO
-- Installing: /home/bryce/ros2_workspace/data_collection_ws/install/open_cyber_glove_ros2/local/lib/python3.10/dist-packages/open_cyber_glove_ros2-0.1.0-py3.10.egg-info/top_level.txt
-- Up-to-date: /home/bryce/ros2_workspace/data_collection_ws/install/open_cyber_glove_ros2/local/lib/python3.10/dist-packages/open_cyber_glove_ros2
-- Up-to-date: /home/bryce/ros2_workspace/data_collection_ws/install/open_cyber_glove_ros2/local/lib/python3.10/dist-packages/open_cyber_glove_ros2/_open_cyber_glove_ros2_s.ep.rosidl_typesupport_fastrtps_c.c
-- Up-to-date: /home/bryce/ros2_workspace/data_collection_ws/install/open_cyber_glove_ros2/local/lib/python3.10/dist-packages/open_cyber_glove_ros2/open_cyber_glove_ros2_s__rosidl_typesupport_c.cpython-310-x86_64-linux-gnu.so
-- Up-to-date: /home/bryce/ros2_workspace/data_collection_ws/install/open_cyber_glove_ros2/local/lib/python3.10/dist-packages/open_cyber_glove_ros2/msg
-- Up-to-date: /home/bryce/ros2_workspace/data_collection_ws/install/open_cyber_glove_ros2/local/lib/python3.10/dist-packages/open_cyber_glove_ros2/msg/_glove_data_msg.py
-- Up-to-date: /home/bryce/ros2_workspace/data_collection_ws/install/open_cyber_glove_ros2/local/lib/python3.10/dist-packages/open_cyber_glove_ros2/msg/_glove_data_msg_s.c
-- Up-to-date: /home/bryce/ros2_workspace/data_collection_ws/install/open_cyber_glove_ros2/local/lib/python3.10/dist-packages/open_cyber_glove_ros2/msg/__init__.py
-- Up-to-date: /home/bryce/ros2_workspace/data_collection_ws/install/open_cyber_glove_ros2/local/lib/python3.10/dist-packages/open_cyber_glove_ros2/open_cyber_glove_ros2_s__rosidl_typesupport_introspection_c.cpython-310-x86_64-linux-gnu.so
-- Up-to-date: /home/bryce/ros2_workspace/data_collection_ws/install/open_cyber_glove_ros2/local/lib/python3.10/dist-packages/open_cyber_glove_ros2/open_cyber_glove_ros2_s__rosidl_typesupport_fastrtps_c.cpython-310-x86_64-linux-gnu.so
-- Up-to-date: /home/bryce/ros2_workspace/data_collection_ws/install/open_cyber_glove_ros2/local/lib/python3.10/dist-packages/open_cyber_glove_ros2/_open_cyber_glove_ros2_s.ep.rosidl_typesupport_c.c
-- Up-to-date: /home/bryce/ros2_workspace/data_collection_ws/install/open_cyber_glove_ros2/local/lib/python3.10/dist-packages/open_cyber_glove_ros2/_open_cyber_glove_ros2_s.ep.rosidl_typesupport_introspection_c.c
-- Up-to-date: /home/bryce/ros2_workspace/data_collection_ws/install/open_cyber_glove_ros2/local/lib/python3.10/dist-packages/open_cyber_glove_ros2/libopen_cyber_glove_ros2__rosidl_generator_py.so
-- Up-to-date: /home/bryce/ros2_workspace/data_collection_ws/install/open_cyber_glove_ros2/local/lib/python3.10/dist-packages/open_cyber_glove_ros2/__init__.py
Listing '/home/bryce/ros2_workspace/data_collection_ws/install/open_cyber_glove_ros2/local/lib/python3.10/dist-packages/open_cyber_glove_ros2'...
Listing '/home/bryce/ros2_workspace/data_collection_ws/install/open_cyber_glove_ros2/local/lib/python3.10/dist-packages/open_cyber_glove_ros2/msg'...
-- Up-to-date: /home/bryce/ros2_workspace/data_collection_ws/install/open_cyber_glove_ros2/local/lib/python3.10/dist-packages/open_cyber_glove_ros2/open_cyber_glove_ros2_s__rosidl_typesupport_fastrtps_c.cpython-310-x86_64-linux-gnu.so
-- Up-to-date: /home/bryce/ros2_workspace/data_collection_ws/install/open_cyber_glove_ros2/local/lib/python3.10/dist-packages/open_cyber_glove_ros2/open_cyber_glove_ros2_s__rosidl_typesupport_introspection_c.cpython-310-x86_64-linux-gnu.so
-- Up-to-date: /home/bryce/ros2_workspace/data_collection_ws/install/open_cyber_glove_ros2/local/lib/python3.10/dist-packages/open_cyber_glove_ros2/open_cyber_glove_ros2_s__rosidl_typesupport_c.cpython-310-x86_64-linux-gnu.so
-- Up-to-date: /home/bryce/ros2_workspace/data_collection_ws/install/open_cyber_glove_ros2/lib/libopen_cyber_glove_ros2__rosidl_generator_py.so
-- Up-to-date: /home/bryce/ros2_workspace/data_collection_ws/install/open_cyber_glove_ros2/share/open_cyber_glove_ros2/msg/GloveDataMsg.idl
-- Up-to-date: /home/bryce/ros2_workspace/data_collection_ws/install/open_cyber_glove_ros2/share/open_cyber_glove_ros2/msg/GloveDataMsg.msg
-- Up-to-date: /home/bryce/ros2_workspace/data_collection_ws/install/open_cyber_glove_ros2/lib/open_cyber_glove_ros2/data_node
-- Up-to-date: /home/bryce/ros2_workspace/data_collection_ws/install/open_cyber_glove_ros2/lib/open_cyber_glove_ros2/visualizer_node
-- Up-to-date: /home/bryce/ros2_workspace/data_collection_ws/install/open_cyber_glove_ros2/share/ament_index/resource_index/package_run_dependencies/open_cyber_glove_ros2
-- Up-to-date: /home/bryce/ros2_workspace/data_collection_ws/install/open_cyber_glove_ros2/share/ament_index/resource_index/parent_prefix_path/open_cyber_glove_ros2
-- Up-to-date: /home/bryce/ros2_workspace/data_collection_ws/install/open_cyber_glove_ros2/share/open_cyber_glove_ros2/environment/ament_prefix_path.sh
-- Up-to-date: /home/bryce/ros2_workspace/data_collection_ws/install/open_cyber_glove_ros2/share/open_cyber_glove_ros2/environment/ament_prefix_path.dsv
-- Up-to-date: /home/bryce/ros2_workspace/data_collection_ws/install/open_cyber_glove_ros2/share/open_cyber_glove_ros2/environment/path.sh
-- Up-to-date: /home/bryce/ros2_workspace/data_collection_ws/install/open_cyber_glove_ros2/share/open_cyber_glove_ros2/environment/path.dsv
-- Up-to-date: /home/bryce/ros2_workspace/data_collection_ws/install/open_cyber_glove_ros2/share/open_cyber_glove_ros2/local_setup.bash
-- Up-to-date: /home/bryce/ros2_workspace/data_collection_ws/install/open_cyber_glove_ros2/share/open_cyber_glove_ros2/local_setup.sh
-- Up-to-date: /home/bryce/ros2_workspace/data_collection_ws/install/open_cyber_glove_ros2/share/open_cyber_glove_ros2/local_setup.zsh
-- Up-to-date: /home/bryce/ros2_workspace/data_collection_ws/install/open_cyber_glove_ros2/share/open_cyber_glove_ros2/local_setup.dsv
-- Installing: /home/bryce/ros2_workspace/data_collection_ws/install/open_cyber_glove_ros2/share/open_cyber_glove_ros2/package.dsv
-- Up-to-date: /home/bryce/ros2_workspace/data_collection_ws/install/open_cyber_glove_ros2/share/ament_index/resource_index/packages/open_cyber_glove_ros2
-- Up-to-date: /home/bryce/ros2_workspace/data_collection_ws/install/open_cyber_glove_ros2/share/open_cyber_glove_ros2/cmake/export_open_cyber_glove_ros2__rosidl_generator_cExport.cmake
-- Up-to-date: /home/bryce/ros2_workspace/data_collection_ws/install/open_cyber_glove_ros2/share/open_cyber_glove_ros2/cmake/export_open_cyber_glove_ros2__rosidl_generator_cExport-noconfig.cmake
-- Up-to-date: /home/bryce/ros2_workspace/data_collection_ws/install/open_cyber_glove_ros2/share/open_cyber_glove_ros2/cmake/export_open_cyber_glove_ros2__rosidl_typesupport_fastrtps_cExport.cmake
-- Up-to-date: /home/bryce/ros2_workspace/data_collection_ws/install/open_cyber_glove_ros2/share/open_cyber_glove_ros2/cmake/export_open_cyber_glove_ros2__rosidl_typesupport_fastrtps_cExport-noconfig.cmake
-- Up-to-date: /home/bryce/ros2_workspace/data_collection_ws/install/open_cyber_glove_ros2/share/open_cyber_glove_ros2/cmake/export_open_cyber_glove_ros2__rosidl_generator_cppExport.cmake
-- Up-to-date: /home/bryce/ros2_workspace/data_collection_ws/install/open_cyber_glove_ros2/share/open_cyber_glove_ros2/cmake/export_open_cyber_glove_ros2__rosidl_typesupport_fastrtps_cppExport.cmake
-- Up-to-date: /home/bryce/ros2_workspace/data_collection_ws/install/open_cyber_glove_ros2/share/open_cyber_glove_ros2/cmake/export_open_cyber_glove_ros2__rosidl_typesupport_fastrtps_cppExport-noconfig.cmake
-- Up-to-date: /home/bryce/ros2_workspace/data_collection_ws/install/open_cyber_glove_ros2/share/open_cyber_glove_ros2/cmake/open_cyber_glove_ros2__rosidl_typesupport_introspection_cExport.cmake
-- Up-to-date: /home/bryce/ros2_workspace/data_collection_ws/install/open_cyber_glove_ros2/share/open_cyber_glove_ros2/cmake/open_cyber_glove_ros2__rosidl_typesupport_introspection_cExport-noconfig.cmake
-- Up-to-date: /home/bryce/ros2_workspace/data_collection_ws/install/open_cyber_glove_ros2/share/open_cyber_glove_ros2/cmake/open_cyber_glove_ros2__rosidl_typesupport_cExport.cmake
-- Up-to-date: /home/bryce/ros2_workspace/data_collection_ws/install/open_cyber_glove_ros2/share/open_cyber_glove_ros2/cmake/open_cyber_glove_ros2__rosidl_typesupport_cExport-noconfig.cmake
-- Up-to-date: /home/bryce/ros2_workspace/data_collection_ws/install/open_cyber_glove_ros2/share/open_cyber_glove_ros2/cmake/open_cyber_glove_ros2__rosidl_typesupport_introspection_cppExport.cmake
-- Up-to-date: /home/bryce/ros2_workspace/data_collection_ws/install/open_cyber_glove_ros2/share/open_cyber_glove_ros2/cmake/open_cyber_glove_ros2__rosidl_typesupport_introspection_cppExport-noconfig.cmake
-- Up-to-date: /home/bryce/ros2_workspace/data_collection_ws/install/open_cyber_glove_ros2/share/open_cyber_glove_ros2/cmake/open_cyber_glove_ros2__rosidl_typesupport_cppExport.cmake
-- Up-to-date: /home/bryce/ros2_workspace/data_collection_ws/install/open_cyber_glove_ros2/share/open_cyber_glove_ros2/cmake/open_cyber_glove_ros2__rosidl_typesupport_cppExport-noconfig.cmake
-- Up-to-date: /home/bryce/ros2_workspace/data_collection_ws/install/open_cyber_glove_ros2/share/open_cyber_glove_ros2/cmake/export_open_cyber_glove_ros2__rosidl_generator_pyExport.cmake
-- Up-to-date: /home/bryce/ros2_workspace/data_collection_ws/install/open_cyber_glove_ros2/share/open_cyber_glove_ros2/cmake/export_open_cyber_glove_ros2__rosidl_generator_pyExport-noconfig.cmake
-- Up-to-date: /home/bryce/ros2_workspace/data_collection_ws/install/open_cyber_glove_ros2/share/open_cyber_glove_ros2/cmake/rosidl_cmake-extras.cmake
-- Up-to-date: /home/bryce/ros2_workspace/data_collection_ws/install/open_cyber_glove_ros2/share/open_cyber_glove_ros2/cmake/ament_cmake_export_dependencies-extras.cmake
-- Up-to-date: /home/bryce/ros2_workspace/data_collection_ws/install/open_cyber_glove_ros2/share/open_cyber_glove_ros2/cmake/ament_cmake_export_include_directories-extras.cmake
-- Up-to-date: /home/bryce/ros2_workspace/data_collection_ws/install/open_cyber_glove_ros2/share/open_cyber_glove_ros2/cmake/ament_cmake_export_libraries-extras.cmake
-- Up-to-date: /home/bryce/ros2_workspace/data_collection_ws/install/open_cyber_glove_ros2/share/open_cyber_glove_ros2/cmake/ament_cmake_export_targets-extras.cmake
-- Up-to-date: /home/bryce/ros2_workspace/data_collection_ws/install/open_cyber_glove_ros2/share/open_cyber_glove_ros2/cmake/rosidl_cmake_export_typesupport_targets-extras.cmake
-- Up-to-date: /home/bryce/ros2_workspace/data_collection_ws/install/open_cyber_glove_ros2/share/open_cyber_glove_ros2/cmake/rosidl_cmake_export_typesupport_libraries-extras.cmake
-- Up-to-date: /home/bryce/ros2_workspace/data_collection_ws/install/open_cyber_glove_ros2/share/open_cyber_glove_ros2/cmake/open_cyber_glove_ros2Config.cmake
-- Up-to-date: /home/bryce/ros2_workspace/data_collection_ws/install/open_cyber_glove_ros2/share/open_cyber_glove_ros2/cmake/open_cyber_glove_ros2Config-version.cmake
-- Up-to-date: /home/bryce/ros2_workspace/data_collection_ws/install/open_cyber_glove_ros2/share/open_cyber_glove_ros2/package.xml
