/home/nuc/ros2_workspace/data_collection_ws/install/open_cyber_glove_ros2/lib/python3.10/site-packages/open_cyber_glove_ros2/data_node.py
/home/nuc/ros2_workspace/data_collection_ws/install/open_cyber_glove_ros2/lib/python3.10/site-packages/open_cyber_glove_ros2/__init__.py
/home/nuc/ros2_workspace/data_collection_ws/install/open_cyber_glove_ros2/lib/python3.10/site-packages/open_cyber_glove_ros2/glove_to_2fingle_gripper.py
/home/nuc/ros2_workspace/data_collection_ws/install/open_cyber_glove_ros2/lib/python3.10/site-packages/open_cyber_glove_ros2/visualizer_node.py
/home/nuc/ros2_workspace/data_collection_ws/install/open_cyber_glove_ros2/lib/python3.10/site-packages/open_cyber_glove_ros2/glove_joint_state_dual_publisher.py
/home/nuc/ros2_workspace/data_collection_ws/install/open_cyber_glove_ros2/lib/python3.10/site-packages/open_cyber_glove_ros2/__pycache__/data_node.cpython-310.pyc
/home/nuc/ros2_workspace/data_collection_ws/install/open_cyber_glove_ros2/lib/python3.10/site-packages/open_cyber_glove_ros2/__pycache__/__init__.cpython-310.pyc
/home/nuc/ros2_workspace/data_collection_ws/install/open_cyber_glove_ros2/lib/python3.10/site-packages/open_cyber_glove_ros2/__pycache__/glove_to_2fingle_gripper.cpython-310.pyc
/home/nuc/ros2_workspace/data_collection_ws/install/open_cyber_glove_ros2/lib/python3.10/site-packages/open_cyber_glove_ros2/__pycache__/visualizer_node.cpython-310.pyc
/home/nuc/ros2_workspace/data_collection_ws/install/open_cyber_glove_ros2/lib/python3.10/site-packages/open_cyber_glove_ros2/__pycache__/glove_joint_state_dual_publisher.cpython-310.pyc
/home/nuc/ros2_workspace/data_collection_ws/install/open_cyber_glove_ros2/share/ament_index/resource_index/packages/open_cyber_glove_ros2
/home/nuc/ros2_workspace/data_collection_ws/install/open_cyber_glove_ros2/share/open_cyber_glove_ros2/package.xml
/home/nuc/ros2_workspace/data_collection_ws/install/open_cyber_glove_ros2/share/open_cyber_glove_ros2/launch/glove_joint_state_heartbeat_publisher.launch.py
/home/nuc/ros2_workspace/data_collection_ws/install/open_cyber_glove_ros2/share/open_cyber_glove_ros2/msg/GloveDataMsg.msg
/home/nuc/ros2_workspace/data_collection_ws/install/open_cyber_glove_ros2/share/open_cyber_glove_ros2/model/hand_model.pkl
/home/nuc/ros2_workspace/data_collection_ws/install/open_cyber_glove_ros2/share/open_cyber_glove_ros2/model/20250703_110909.onnx
/home/nuc/ros2_workspace/data_collection_ws/install/open_cyber_glove_ros2/lib/python3.10/site-packages/open_cyber_glove_ros2-0.1.0-py3.10.egg-info/zip-safe
/home/nuc/ros2_workspace/data_collection_ws/install/open_cyber_glove_ros2/lib/python3.10/site-packages/open_cyber_glove_ros2-0.1.0-py3.10.egg-info/SOURCES.txt
/home/nuc/ros2_workspace/data_collection_ws/install/open_cyber_glove_ros2/lib/python3.10/site-packages/open_cyber_glove_ros2-0.1.0-py3.10.egg-info/dependency_links.txt
/home/nuc/ros2_workspace/data_collection_ws/install/open_cyber_glove_ros2/lib/python3.10/site-packages/open_cyber_glove_ros2-0.1.0-py3.10.egg-info/top_level.txt
/home/nuc/ros2_workspace/data_collection_ws/install/open_cyber_glove_ros2/lib/python3.10/site-packages/open_cyber_glove_ros2-0.1.0-py3.10.egg-info/PKG-INFO
/home/nuc/ros2_workspace/data_collection_ws/install/open_cyber_glove_ros2/lib/python3.10/site-packages/open_cyber_glove_ros2-0.1.0-py3.10.egg-info/requires.txt
/home/nuc/ros2_workspace/data_collection_ws/install/open_cyber_glove_ros2/lib/python3.10/site-packages/open_cyber_glove_ros2-0.1.0-py3.10.egg-info/entry_points.txt
/home/nuc/ros2_workspace/data_collection_ws/install/open_cyber_glove_ros2/lib/open_cyber_glove_ros2/data_node
/home/nuc/ros2_workspace/data_collection_ws/install/open_cyber_glove_ros2/lib/open_cyber_glove_ros2/glove_joint_state_dual_publisher
/home/nuc/ros2_workspace/data_collection_ws/install/open_cyber_glove_ros2/lib/open_cyber_glove_ros2/glove_to_2fingle_gripper
/home/nuc/ros2_workspace/data_collection_ws/install/open_cyber_glove_ros2/lib/open_cyber_glove_ros2/visualizer_node
