[0.127s] [34mcolcon[0m [1;30mDEBUG[0m [32mCommand line arguments: ['/usr/bin/colcon', 'build'][0m
[0.127s] [34mcolcon[0m [1;30mDEBUG[0m [32mParsed command line arguments: Namespace(log_base=None, log_level=None, verb_name='build', build_base='build', install_base='install', merge_install=False, symlink_install=False, test_result_base=None, continue_on_error=False, executor='parallel', parallel_workers=2, event_handlers=None, ignore_user_meta=False, metas=['./colcon.meta'], base_paths=['.'], packages_ignore=None, packages_ignore_regex=None, paths=None, packages_up_to=None, packages_up_to_regex=None, packages_above=None, packages_above_and_dependencies=None, packages_above_depth=None, packages_select_by_dep=None, packages_skip_by_dep=None, packages_skip_up_to=None, packages_select_build_failed=False, packages_skip_build_finished=False, packages_select_test_failures=False, packages_skip_test_passed=False, packages_select=None, packages_skip=None, packages_select_regex=None, packages_skip_regex=None, packages_start=None, packages_end=None, allow_overriding=[], cmake_args=None, cmake_target=None, cmake_target_skip_unavailable=False, cmake_clean_cache=False, cmake_clean_first=False, cmake_force_configure=False, ament_cmake_args=None, catkin_cmake_args=None, catkin_skip_building_tests=False, mixin_files=None, mixin=None, verb_parser=<colcon_mixin.mixin.mixin_argument.MixinArgumentDecorator object at 0x76410ebf60e0>, verb_extension=<colcon_core.verb.build.BuildVerb object at 0x76410edd76a0>, main=<bound method BuildVerb.main of <colcon_core.verb.build.BuildVerb object at 0x76410edd76a0>>, mixin_verb=('build',))[0m
[0.284s] [34mcolcon.colcon_core.package_discovery[0m [1;30mLevel 1[0m discover_packages(colcon_meta) check parameters
[0.284s] [34mcolcon.colcon_core.package_discovery[0m [1;30mLevel 1[0m discover_packages(recursive) check parameters
[0.284s] [34mcolcon.colcon_core.package_discovery[0m [1;30mLevel 1[0m discover_packages(ignore) check parameters
[0.284s] [34mcolcon.colcon_core.package_discovery[0m [1;30mLevel 1[0m discover_packages(path) check parameters
[0.284s] [34mcolcon.colcon_core.package_discovery[0m [1;30mLevel 1[0m discover_packages(colcon_meta) discover
[0.284s] [34mcolcon.colcon_core.package_discovery[0m [1;30mLevel 1[0m discover_packages(recursive) discover
[0.284s] [34mcolcon.colcon_core.package_discovery[0m [1;30mINFO[0m Crawling recursively for packages in '/home/nuc/ros2_workspace/data_collection_ws'
[0.285s] [34mcolcon.colcon_core.package_identification[0m [1;30mLevel 1[0m _identify(.) by extensions ['ignore', 'ignore_ament_install']
[0.285s] [34mcolcon.colcon_core.package_identification[0m [1;30mLevel 1[0m _identify(.) by extension 'ignore'
[0.285s] [34mcolcon.colcon_core.package_identification[0m [1;30mLevel 1[0m _identify(.) by extension 'ignore_ament_install'
[0.285s] [34mcolcon.colcon_core.package_identification[0m [1;30mLevel 1[0m _identify(.) by extensions ['colcon_pkg']
[0.285s] [34mcolcon.colcon_core.package_identification[0m [1;30mLevel 1[0m _identify(.) by extension 'colcon_pkg'
[0.285s] [34mcolcon.colcon_core.package_identification[0m [1;30mLevel 1[0m _identify(.) by extensions ['colcon_meta']
[0.285s] [34mcolcon.colcon_core.package_identification[0m [1;30mLevel 1[0m _identify(.) by extension 'colcon_meta'
[0.285s] [34mcolcon.colcon_core.package_identification[0m [1;30mLevel 1[0m _identify(.) by extensions ['ros']
[0.285s] [34mcolcon.colcon_core.package_identification[0m [1;30mLevel 1[0m _identify(.) by extension 'ros'
[0.302s] [34mcolcon.colcon_core.package_identification[0m [1;30mLevel 1[0m _identify(.) by extensions ['cmake', 'python']
[0.302s] [34mcolcon.colcon_core.package_identification[0m [1;30mLevel 1[0m _identify(.) by extension 'cmake'
[0.302s] [34mcolcon.colcon_core.package_identification[0m [1;30mLevel 1[0m _identify(.) by extension 'python'
[0.302s] [34mcolcon.colcon_core.package_identification[0m [1;30mLevel 1[0m _identify(.) by extensions ['python_setup_py']
[0.302s] [34mcolcon.colcon_core.package_identification[0m [1;30mLevel 1[0m _identify(.) by extension 'python_setup_py'
[0.302s] [34mcolcon.colcon_core.package_identification[0m [1;30mLevel 1[0m _identify(build) by extensions ['ignore', 'ignore_ament_install']
[0.303s] [34mcolcon.colcon_core.package_identification[0m [1;30mLevel 1[0m _identify(build) by extension 'ignore'
[0.303s] [34mcolcon.colcon_core.package_identification[0m [1;30mLevel 1[0m _identify(build) ignored
[0.303s] [34mcolcon.colcon_core.package_identification[0m [1;30mLevel 1[0m _identify(control_server) by extensions ['ignore', 'ignore_ament_install']
[0.304s] [34mcolcon.colcon_core.package_identification[0m [1;30mLevel 1[0m _identify(control_server) by extension 'ignore'
[0.304s] [34mcolcon.colcon_core.package_identification[0m [1;30mLevel 1[0m _identify(control_server) by extension 'ignore_ament_install'
[0.304s] [34mcolcon.colcon_core.package_identification[0m [1;30mLevel 1[0m _identify(control_server) by extensions ['colcon_pkg']
[0.304s] [34mcolcon.colcon_core.package_identification[0m [1;30mLevel 1[0m _identify(control_server) by extension 'colcon_pkg'
[0.304s] [34mcolcon.colcon_core.package_identification[0m [1;30mLevel 1[0m _identify(control_server) by extensions ['colcon_meta']
[0.304s] [34mcolcon.colcon_core.package_identification[0m [1;30mLevel 1[0m _identify(control_server) by extension 'colcon_meta'
[0.304s] [34mcolcon.colcon_core.package_identification[0m [1;30mLevel 1[0m _identify(control_server) by extensions ['ros']
[0.304s] [34mcolcon.colcon_core.package_identification[0m [1;30mLevel 1[0m _identify(control_server) by extension 'ros'
[0.304s] [34mcolcon.colcon_core.package_identification[0m [1;30mLevel 1[0m _identify(control_server) by extensions ['cmake', 'python']
[0.304s] [34mcolcon.colcon_core.package_identification[0m [1;30mLevel 1[0m _identify(control_server) by extension 'cmake'
[0.304s] [34mcolcon.colcon_core.package_identification[0m [1;30mLevel 1[0m _identify(control_server) by extension 'python'
[0.305s] [34mcolcon.colcon_core.package_identification[0m [1;30mLevel 1[0m _identify(control_server) by extensions ['python_setup_py']
[0.305s] [34mcolcon.colcon_core.package_identification[0m [1;30mLevel 1[0m _identify(control_server) by extension 'python_setup_py'
[0.305s] [34mcolcon.colcon_core.package_identification[0m [1;30mLevel 1[0m _identify(install) by extensions ['ignore', 'ignore_ament_install']
[0.305s] [34mcolcon.colcon_core.package_identification[0m [1;30mLevel 1[0m _identify(install) by extension 'ignore'
[0.305s] [34mcolcon.colcon_core.package_identification[0m [1;30mLevel 1[0m _identify(install) ignored
[0.305s] [34mcolcon.colcon_core.package_identification[0m [1;30mLevel 1[0m _identify(log) by extensions ['ignore', 'ignore_ament_install']
[0.305s] [34mcolcon.colcon_core.package_identification[0m [1;30mLevel 1[0m _identify(log) by extension 'ignore'
[0.305s] [34mcolcon.colcon_core.package_identification[0m [1;30mLevel 1[0m _identify(log) ignored
[0.305s] [34mcolcon.colcon_core.package_identification[0m [1;30mLevel 1[0m _identify(src) by extensions ['ignore', 'ignore_ament_install']
[0.305s] [34mcolcon.colcon_core.package_identification[0m [1;30mLevel 1[0m _identify(src) by extension 'ignore'
[0.305s] [34mcolcon.colcon_core.package_identification[0m [1;30mLevel 1[0m _identify(src) by extension 'ignore_ament_install'
[0.305s] [34mcolcon.colcon_core.package_identification[0m [1;30mLevel 1[0m _identify(src) by extensions ['colcon_pkg']
[0.305s] [34mcolcon.colcon_core.package_identification[0m [1;30mLevel 1[0m _identify(src) by extension 'colcon_pkg'
[0.305s] [34mcolcon.colcon_core.package_identification[0m [1;30mLevel 1[0m _identify(src) by extensions ['colcon_meta']
[0.305s] [34mcolcon.colcon_core.package_identification[0m [1;30mLevel 1[0m _identify(src) by extension 'colcon_meta'
[0.305s] [34mcolcon.colcon_core.package_identification[0m [1;30mLevel 1[0m _identify(src) by extensions ['ros']
[0.305s] [34mcolcon.colcon_core.package_identification[0m [1;30mLevel 1[0m _identify(src) by extension 'ros'
[0.305s] [34mcolcon.colcon_core.package_identification[0m [1;30mLevel 1[0m _identify(src) by extensions ['cmake', 'python']
[0.305s] [34mcolcon.colcon_core.package_identification[0m [1;30mLevel 1[0m _identify(src) by extension 'cmake'
[0.305s] [34mcolcon.colcon_core.package_identification[0m [1;30mLevel 1[0m _identify(src) by extension 'python'
[0.305s] [34mcolcon.colcon_core.package_identification[0m [1;30mLevel 1[0m _identify(src) by extensions ['python_setup_py']
[0.305s] [34mcolcon.colcon_core.package_identification[0m [1;30mLevel 1[0m _identify(src) by extension 'python_setup_py'
[0.305s] [34mcolcon.colcon_core.package_identification[0m [1;30mLevel 1[0m _identify(src/camera_bridge) by extensions ['ignore', 'ignore_ament_install']
[0.305s] [34mcolcon.colcon_core.package_identification[0m [1;30mLevel 1[0m _identify(src/camera_bridge) by extension 'ignore'
[0.305s] [34mcolcon.colcon_core.package_identification[0m [1;30mLevel 1[0m _identify(src/camera_bridge) by extension 'ignore_ament_install'
[0.305s] [34mcolcon.colcon_core.package_identification[0m [1;30mLevel 1[0m _identify(src/camera_bridge) by extensions ['colcon_pkg']
[0.305s] [34mcolcon.colcon_core.package_identification[0m [1;30mLevel 1[0m _identify(src/camera_bridge) by extension 'colcon_pkg'
[0.306s] [34mcolcon.colcon_core.package_identification[0m [1;30mLevel 1[0m _identify(src/camera_bridge) by extensions ['colcon_meta']
[0.306s] [34mcolcon.colcon_core.package_identification[0m [1;30mLevel 1[0m _identify(src/camera_bridge) by extension 'colcon_meta'
[0.306s] [34mcolcon.colcon_core.package_identification[0m [1;30mLevel 1[0m _identify(src/camera_bridge) by extensions ['ros']
[0.306s] [34mcolcon.colcon_core.package_identification[0m [1;30mLevel 1[0m _identify(src/camera_bridge) by extension 'ros'
[0.307s] [34mcolcon.colcon_core.package_identification[0m [1;30mDEBUG[0m [32mPackage 'src/camera_bridge' with type 'ros.ament_python' and name 'camera_bridge'[0m
[0.307s] [34mcolcon.colcon_core.package_identification[0m [1;30mLevel 1[0m _identify(src/data_recorder_interfaces) by extensions ['ignore', 'ignore_ament_install']
[0.307s] [34mcolcon.colcon_core.package_identification[0m [1;30mLevel 1[0m _identify(src/data_recorder_interfaces) by extension 'ignore'
[0.307s] [34mcolcon.colcon_core.package_identification[0m [1;30mLevel 1[0m _identify(src/data_recorder_interfaces) by extension 'ignore_ament_install'
[0.307s] [34mcolcon.colcon_core.package_identification[0m [1;30mLevel 1[0m _identify(src/data_recorder_interfaces) by extensions ['colcon_pkg']
[0.307s] [34mcolcon.colcon_core.package_identification[0m [1;30mLevel 1[0m _identify(src/data_recorder_interfaces) by extension 'colcon_pkg'
[0.307s] [34mcolcon.colcon_core.package_identification[0m [1;30mLevel 1[0m _identify(src/data_recorder_interfaces) by extensions ['colcon_meta']
[0.307s] [34mcolcon.colcon_core.package_identification[0m [1;30mLevel 1[0m _identify(src/data_recorder_interfaces) by extension 'colcon_meta'
[0.307s] [34mcolcon.colcon_core.package_identification[0m [1;30mLevel 1[0m _identify(src/data_recorder_interfaces) by extensions ['ros']
[0.307s] [34mcolcon.colcon_core.package_identification[0m [1;30mLevel 1[0m _identify(src/data_recorder_interfaces) by extension 'ros'
[0.307s] [34mcolcon.colcon_core.package_identification[0m [1;30mDEBUG[0m [32mPackage 'src/data_recorder_interfaces' with type 'ros.ament_cmake' and name 'data_recorder_interfaces'[0m
[0.308s] [34mcolcon.colcon_core.package_identification[0m [1;30mLevel 1[0m _identify(src/data_recorder_ros2) by extensions ['ignore', 'ignore_ament_install']
[0.308s] [34mcolcon.colcon_core.package_identification[0m [1;30mLevel 1[0m _identify(src/data_recorder_ros2) by extension 'ignore'
[0.308s] [34mcolcon.colcon_core.package_identification[0m [1;30mLevel 1[0m _identify(src/data_recorder_ros2) by extension 'ignore_ament_install'
[0.308s] [34mcolcon.colcon_core.package_identification[0m [1;30mLevel 1[0m _identify(src/data_recorder_ros2) by extensions ['colcon_pkg']
[0.308s] [34mcolcon.colcon_core.package_identification[0m [1;30mLevel 1[0m _identify(src/data_recorder_ros2) by extension 'colcon_pkg'
[0.308s] [34mcolcon.colcon_core.package_identification[0m [1;30mLevel 1[0m _identify(src/data_recorder_ros2) by extensions ['colcon_meta']
[0.308s] [34mcolcon.colcon_core.package_identification[0m [1;30mLevel 1[0m _identify(src/data_recorder_ros2) by extension 'colcon_meta'
[0.308s] [34mcolcon.colcon_core.package_identification[0m [1;30mLevel 1[0m _identify(src/data_recorder_ros2) by extensions ['ros']
[0.308s] [34mcolcon.colcon_core.package_identification[0m [1;30mLevel 1[0m _identify(src/data_recorder_ros2) by extension 'ros'
[0.310s] [34mcolcon.colcon_core.package_identification[0m [1;30mDEBUG[0m [32mPackage 'src/data_recorder_ros2' with type 'ros.ament_python' and name 'data_recorder_ros2'[0m
[0.311s] [34mcolcon.colcon_core.package_identification[0m [1;30mLevel 1[0m _identify(src/open_cyber_glove) by extensions ['ignore', 'ignore_ament_install']
[0.311s] [34mcolcon.colcon_core.package_identification[0m [1;30mLevel 1[0m _identify(src/open_cyber_glove) by extension 'ignore'
[0.311s] [34mcolcon.colcon_core.package_identification[0m [1;30mLevel 1[0m _identify(src/open_cyber_glove) by extension 'ignore_ament_install'
[0.311s] [34mcolcon.colcon_core.package_identification[0m [1;30mLevel 1[0m _identify(src/open_cyber_glove) by extensions ['colcon_pkg']
[0.311s] [34mcolcon.colcon_core.package_identification[0m [1;30mLevel 1[0m _identify(src/open_cyber_glove) by extension 'colcon_pkg'
[0.311s] [34mcolcon.colcon_core.package_identification[0m [1;30mLevel 1[0m _identify(src/open_cyber_glove) by extensions ['colcon_meta']
[0.311s] [34mcolcon.colcon_core.package_identification[0m [1;30mLevel 1[0m _identify(src/open_cyber_glove) by extension 'colcon_meta'
[0.311s] [34mcolcon.colcon_core.package_identification[0m [1;30mLevel 1[0m _identify(src/open_cyber_glove) by extensions ['ros']
[0.311s] [34mcolcon.colcon_core.package_identification[0m [1;30mLevel 1[0m _identify(src/open_cyber_glove) by extension 'ros'
[0.311s] [34mcolcon.colcon_core.package_identification[0m [1;30mLevel 1[0m _identify(src/open_cyber_glove) by extensions ['cmake', 'python']
[0.311s] [34mcolcon.colcon_core.package_identification[0m [1;30mLevel 1[0m _identify(src/open_cyber_glove) by extension 'cmake'
[0.311s] [34mcolcon.colcon_core.package_identification[0m [1;30mLevel 1[0m _identify(src/open_cyber_glove) by extension 'python'
[0.311s] [34mcolcon.colcon_core.package_identification[0m [1;30mLevel 1[0m _identify(src/open_cyber_glove) by extensions ['python_setup_py']
[0.311s] [34mcolcon.colcon_core.package_identification[0m [1;30mLevel 1[0m _identify(src/open_cyber_glove) by extension 'python_setup_py'
[0.505s] [34mcolcon.colcon_core.package_identification[0m [1;30mDEBUG[0m [32mPackage 'src/open_cyber_glove' with type 'python' and name 'open_cyber_glove'[0m
[0.505s] [34mcolcon.colcon_core.package_identification[0m [1;30mLevel 1[0m _identify(src/open_cyber_glove_ros2) by extensions ['ignore', 'ignore_ament_install']
[0.505s] [34mcolcon.colcon_core.package_identification[0m [1;30mLevel 1[0m _identify(src/open_cyber_glove_ros2) by extension 'ignore'
[0.505s] [34mcolcon.colcon_core.package_identification[0m [1;30mLevel 1[0m _identify(src/open_cyber_glove_ros2) by extension 'ignore_ament_install'
[0.505s] [34mcolcon.colcon_core.package_identification[0m [1;30mLevel 1[0m _identify(src/open_cyber_glove_ros2) by extensions ['colcon_pkg']
[0.505s] [34mcolcon.colcon_core.package_identification[0m [1;30mLevel 1[0m _identify(src/open_cyber_glove_ros2) by extension 'colcon_pkg'
[0.505s] [34mcolcon.colcon_core.package_identification[0m [1;30mLevel 1[0m _identify(src/open_cyber_glove_ros2) by extensions ['colcon_meta']
[0.505s] [34mcolcon.colcon_core.package_identification[0m [1;30mLevel 1[0m _identify(src/open_cyber_glove_ros2) by extension 'colcon_meta'
[0.505s] [34mcolcon.colcon_core.package_identification[0m [1;30mLevel 1[0m _identify(src/open_cyber_glove_ros2) by extensions ['ros']
[0.505s] [34mcolcon.colcon_core.package_identification[0m [1;30mLevel 1[0m _identify(src/open_cyber_glove_ros2) by extension 'ros'
[0.506s] [34mcolcon.colcon_core.package_identification[0m [1;30mDEBUG[0m [32mPackage 'src/open_cyber_glove_ros2' with type 'ros.ament_python' and name 'open_cyber_glove_ros2'[0m
[0.506s] [34mcolcon.colcon_core.package_identification[0m [1;30mLevel 1[0m _identify(src/piper_teleop) by extensions ['ignore', 'ignore_ament_install']
[0.506s] [34mcolcon.colcon_core.package_identification[0m [1;30mLevel 1[0m _identify(src/piper_teleop) by extension 'ignore'
[0.506s] [34mcolcon.colcon_core.package_identification[0m [1;30mLevel 1[0m _identify(src/piper_teleop) by extension 'ignore_ament_install'
[0.506s] [34mcolcon.colcon_core.package_identification[0m [1;30mLevel 1[0m _identify(src/piper_teleop) by extensions ['colcon_pkg']
[0.506s] [34mcolcon.colcon_core.package_identification[0m [1;30mLevel 1[0m _identify(src/piper_teleop) by extension 'colcon_pkg'
[0.506s] [34mcolcon.colcon_core.package_identification[0m [1;30mLevel 1[0m _identify(src/piper_teleop) by extensions ['colcon_meta']
[0.506s] [34mcolcon.colcon_core.package_identification[0m [1;30mLevel 1[0m _identify(src/piper_teleop) by extension 'colcon_meta'
[0.506s] [34mcolcon.colcon_core.package_identification[0m [1;30mLevel 1[0m _identify(src/piper_teleop) by extensions ['ros']
[0.506s] [34mcolcon.colcon_core.package_identification[0m [1;30mLevel 1[0m _identify(src/piper_teleop) by extension 'ros'
[0.507s] [34mcolcon.colcon_core.package_identification[0m [1;30mDEBUG[0m [32mPackage 'src/piper_teleop' with type 'ros.ament_python' and name 'piper_teleop'[0m
[0.507s] [34mcolcon.colcon_core.package_identification[0m [1;30mLevel 1[0m _identify(src/tracker_bridge) by extensions ['ignore', 'ignore_ament_install']
[0.507s] [34mcolcon.colcon_core.package_identification[0m [1;30mLevel 1[0m _identify(src/tracker_bridge) by extension 'ignore'
[0.507s] [34mcolcon.colcon_core.package_identification[0m [1;30mLevel 1[0m _identify(src/tracker_bridge) by extension 'ignore_ament_install'
[0.507s] [34mcolcon.colcon_core.package_identification[0m [1;30mLevel 1[0m _identify(src/tracker_bridge) by extensions ['colcon_pkg']
[0.507s] [34mcolcon.colcon_core.package_identification[0m [1;30mLevel 1[0m _identify(src/tracker_bridge) by extension 'colcon_pkg'
[0.507s] [34mcolcon.colcon_core.package_identification[0m [1;30mLevel 1[0m _identify(src/tracker_bridge) by extensions ['colcon_meta']
[0.507s] [34mcolcon.colcon_core.package_identification[0m [1;30mLevel 1[0m _identify(src/tracker_bridge) by extension 'colcon_meta'
[0.507s] [34mcolcon.colcon_core.package_identification[0m [1;30mLevel 1[0m _identify(src/tracker_bridge) by extensions ['ros']
[0.507s] [34mcolcon.colcon_core.package_identification[0m [1;30mLevel 1[0m _identify(src/tracker_bridge) by extension 'ros'
[0.507s] [34mcolcon.colcon_core.package_identification[0m [1;30mDEBUG[0m [32mPackage 'src/tracker_bridge' with type 'ros.ament_python' and name 'tracker_bridge'[0m
[0.507s] [34mcolcon.colcon_core.package_discovery[0m [1;30mLevel 1[0m discover_packages(recursive) using defaults
[0.507s] [34mcolcon.colcon_core.package_discovery[0m [1;30mLevel 1[0m discover_packages(ignore) discover
[0.507s] [34mcolcon.colcon_core.package_discovery[0m [1;30mLevel 1[0m discover_packages(ignore) using defaults
[0.507s] [34mcolcon.colcon_core.package_discovery[0m [1;30mLevel 1[0m discover_packages(path) discover
[0.507s] [34mcolcon.colcon_core.package_discovery[0m [1;30mLevel 1[0m discover_packages(path) using defaults
[0.525s] [34mcolcon.colcon_core.package_discovery[0m [1;30mLevel 1[0m discover_packages(prefix_path) check parameters
[0.525s] [34mcolcon.colcon_core.package_discovery[0m [1;30mLevel 1[0m discover_packages(prefix_path) discover
[0.527s] [34mcolcon.colcon_installed_package_information.package_discovery[0m [1;30mDEBUG[0m [32mFound 7 installed packages in /home/nuc/ros2_workspace/data_collection_ws/install[0m
[0.527s] [34mcolcon.colcon_installed_package_information.package_discovery[0m [1;30mDEBUG[0m [32mFound 8 installed packages in /home/nuc/ros2_workspace/angus_dexhand_system/install[0m
[0.528s] [34mcolcon.colcon_installed_package_information.package_discovery[0m [1;30mDEBUG[0m [32mFound 8 installed packages in /home/nuc/ros2_workspace/piper_ros/install[0m
[0.529s] [34mcolcon.colcon_installed_package_information.package_discovery[0m [1;30mDEBUG[0m [32mFound 374 installed packages in /opt/ros/humble[0m
[0.530s] [34mcolcon.colcon_core.package_discovery[0m [1;30mLevel 1[0m discover_packages(prefix_path) using defaults
[0.567s] [34mcolcon.colcon_core.verb[0m [1;30mLevel 5[0m set package 'camera_bridge' build argument 'cmake_args' from command line to 'None'
[0.567s] [34mcolcon.colcon_core.verb[0m [1;30mLevel 5[0m set package 'camera_bridge' build argument 'cmake_target' from command line to 'None'
[0.567s] [34mcolcon.colcon_core.verb[0m [1;30mLevel 5[0m set package 'camera_bridge' build argument 'cmake_target_skip_unavailable' from command line to 'False'
[0.567s] [34mcolcon.colcon_core.verb[0m [1;30mLevel 5[0m set package 'camera_bridge' build argument 'cmake_clean_cache' from command line to 'False'
[0.567s] [34mcolcon.colcon_core.verb[0m [1;30mLevel 5[0m set package 'camera_bridge' build argument 'cmake_clean_first' from command line to 'False'
[0.567s] [34mcolcon.colcon_core.verb[0m [1;30mLevel 5[0m set package 'camera_bridge' build argument 'cmake_force_configure' from command line to 'False'
[0.567s] [34mcolcon.colcon_core.verb[0m [1;30mLevel 5[0m set package 'camera_bridge' build argument 'ament_cmake_args' from command line to 'None'
[0.567s] [34mcolcon.colcon_core.verb[0m [1;30mLevel 5[0m set package 'camera_bridge' build argument 'catkin_cmake_args' from command line to 'None'
[0.567s] [34mcolcon.colcon_core.verb[0m [1;30mLevel 5[0m set package 'camera_bridge' build argument 'catkin_skip_building_tests' from command line to 'False'
[0.567s] [34mcolcon.colcon_core.verb[0m [1;30mDEBUG[0m [32mBuilding package 'camera_bridge' with the following arguments: {'ament_cmake_args': None, 'build_base': '/home/nuc/ros2_workspace/data_collection_ws/build/camera_bridge', 'catkin_cmake_args': None, 'catkin_skip_building_tests': False, 'cmake_args': None, 'cmake_clean_cache': False, 'cmake_clean_first': False, 'cmake_force_configure': False, 'cmake_target': None, 'cmake_target_skip_unavailable': False, 'install_base': '/home/nuc/ros2_workspace/data_collection_ws/install/camera_bridge', 'merge_install': False, 'path': '/home/nuc/ros2_workspace/data_collection_ws/src/camera_bridge', 'symlink_install': False, 'test_result_base': None}[0m
[0.567s] [34mcolcon.colcon_core.verb[0m [1;30mLevel 5[0m set package 'data_recorder_interfaces' build argument 'cmake_args' from command line to 'None'
[0.567s] [34mcolcon.colcon_core.verb[0m [1;30mLevel 5[0m set package 'data_recorder_interfaces' build argument 'cmake_target' from command line to 'None'
[0.567s] [34mcolcon.colcon_core.verb[0m [1;30mLevel 5[0m set package 'data_recorder_interfaces' build argument 'cmake_target_skip_unavailable' from command line to 'False'
[0.567s] [34mcolcon.colcon_core.verb[0m [1;30mLevel 5[0m set package 'data_recorder_interfaces' build argument 'cmake_clean_cache' from command line to 'False'
[0.567s] [34mcolcon.colcon_core.verb[0m [1;30mLevel 5[0m set package 'data_recorder_interfaces' build argument 'cmake_clean_first' from command line to 'False'
[0.567s] [34mcolcon.colcon_core.verb[0m [1;30mLevel 5[0m set package 'data_recorder_interfaces' build argument 'cmake_force_configure' from command line to 'False'
[0.567s] [34mcolcon.colcon_core.verb[0m [1;30mLevel 5[0m set package 'data_recorder_interfaces' build argument 'ament_cmake_args' from command line to 'None'
[0.567s] [34mcolcon.colcon_core.verb[0m [1;30mLevel 5[0m set package 'data_recorder_interfaces' build argument 'catkin_cmake_args' from command line to 'None'
[0.567s] [34mcolcon.colcon_core.verb[0m [1;30mLevel 5[0m set package 'data_recorder_interfaces' build argument 'catkin_skip_building_tests' from command line to 'False'
[0.567s] [34mcolcon.colcon_core.verb[0m [1;30mDEBUG[0m [32mBuilding package 'data_recorder_interfaces' with the following arguments: {'ament_cmake_args': None, 'build_base': '/home/nuc/ros2_workspace/data_collection_ws/build/data_recorder_interfaces', 'catkin_cmake_args': None, 'catkin_skip_building_tests': False, 'cmake_args': None, 'cmake_clean_cache': False, 'cmake_clean_first': False, 'cmake_force_configure': False, 'cmake_target': None, 'cmake_target_skip_unavailable': False, 'install_base': '/home/nuc/ros2_workspace/data_collection_ws/install/data_recorder_interfaces', 'merge_install': False, 'path': '/home/nuc/ros2_workspace/data_collection_ws/src/data_recorder_interfaces', 'symlink_install': False, 'test_result_base': None}[0m
[0.568s] [34mcolcon.colcon_core.verb[0m [1;30mLevel 5[0m set package 'open_cyber_glove' build argument 'cmake_args' from command line to 'None'
[0.568s] [34mcolcon.colcon_core.verb[0m [1;30mLevel 5[0m set package 'open_cyber_glove' build argument 'cmake_target' from command line to 'None'
[0.568s] [34mcolcon.colcon_core.verb[0m [1;30mLevel 5[0m set package 'open_cyber_glove' build argument 'cmake_target_skip_unavailable' from command line to 'False'
[0.568s] [34mcolcon.colcon_core.verb[0m [1;30mLevel 5[0m set package 'open_cyber_glove' build argument 'cmake_clean_cache' from command line to 'False'
[0.568s] [34mcolcon.colcon_core.verb[0m [1;30mLevel 5[0m set package 'open_cyber_glove' build argument 'cmake_clean_first' from command line to 'False'
[0.568s] [34mcolcon.colcon_core.verb[0m [1;30mLevel 5[0m set package 'open_cyber_glove' build argument 'cmake_force_configure' from command line to 'False'
[0.568s] [34mcolcon.colcon_core.verb[0m [1;30mLevel 5[0m set package 'open_cyber_glove' build argument 'ament_cmake_args' from command line to 'None'
[0.568s] [34mcolcon.colcon_core.verb[0m [1;30mLevel 5[0m set package 'open_cyber_glove' build argument 'catkin_cmake_args' from command line to 'None'
[0.568s] [34mcolcon.colcon_core.verb[0m [1;30mLevel 5[0m set package 'open_cyber_glove' build argument 'catkin_skip_building_tests' from command line to 'False'
[0.568s] [34mcolcon.colcon_core.verb[0m [1;30mDEBUG[0m [32mBuilding package 'open_cyber_glove' with the following arguments: {'ament_cmake_args': None, 'build_base': '/home/nuc/ros2_workspace/data_collection_ws/build/open_cyber_glove', 'catkin_cmake_args': None, 'catkin_skip_building_tests': False, 'cmake_args': None, 'cmake_clean_cache': False, 'cmake_clean_first': False, 'cmake_force_configure': False, 'cmake_target': None, 'cmake_target_skip_unavailable': False, 'install_base': '/home/nuc/ros2_workspace/data_collection_ws/install/open_cyber_glove', 'merge_install': False, 'path': '/home/nuc/ros2_workspace/data_collection_ws/src/open_cyber_glove', 'symlink_install': False, 'test_result_base': None}[0m
[0.568s] [34mcolcon.colcon_core.verb[0m [1;30mLevel 5[0m set package 'open_cyber_glove_ros2' build argument 'cmake_args' from command line to 'None'
[0.568s] [34mcolcon.colcon_core.verb[0m [1;30mLevel 5[0m set package 'open_cyber_glove_ros2' build argument 'cmake_target' from command line to 'None'
[0.568s] [34mcolcon.colcon_core.verb[0m [1;30mLevel 5[0m set package 'open_cyber_glove_ros2' build argument 'cmake_target_skip_unavailable' from command line to 'False'
[0.568s] [34mcolcon.colcon_core.verb[0m [1;30mLevel 5[0m set package 'open_cyber_glove_ros2' build argument 'cmake_clean_cache' from command line to 'False'
[0.568s] [34mcolcon.colcon_core.verb[0m [1;30mLevel 5[0m set package 'open_cyber_glove_ros2' build argument 'cmake_clean_first' from command line to 'False'
[0.568s] [34mcolcon.colcon_core.verb[0m [1;30mLevel 5[0m set package 'open_cyber_glove_ros2' build argument 'cmake_force_configure' from command line to 'False'
[0.568s] [34mcolcon.colcon_core.verb[0m [1;30mLevel 5[0m set package 'open_cyber_glove_ros2' build argument 'ament_cmake_args' from command line to 'None'
[0.569s] [34mcolcon.colcon_core.verb[0m [1;30mLevel 5[0m set package 'open_cyber_glove_ros2' build argument 'catkin_cmake_args' from command line to 'None'
[0.569s] [34mcolcon.colcon_core.verb[0m [1;30mLevel 5[0m set package 'open_cyber_glove_ros2' build argument 'catkin_skip_building_tests' from command line to 'False'
[0.569s] [34mcolcon.colcon_core.verb[0m [1;30mDEBUG[0m [32mBuilding package 'open_cyber_glove_ros2' with the following arguments: {'ament_cmake_args': None, 'build_base': '/home/nuc/ros2_workspace/data_collection_ws/build/open_cyber_glove_ros2', 'catkin_cmake_args': None, 'catkin_skip_building_tests': False, 'cmake_args': None, 'cmake_clean_cache': False, 'cmake_clean_first': False, 'cmake_force_configure': False, 'cmake_target': None, 'cmake_target_skip_unavailable': False, 'install_base': '/home/nuc/ros2_workspace/data_collection_ws/install/open_cyber_glove_ros2', 'merge_install': False, 'path': '/home/nuc/ros2_workspace/data_collection_ws/src/open_cyber_glove_ros2', 'symlink_install': False, 'test_result_base': None}[0m
[0.569s] [34mcolcon.colcon_core.verb[0m [1;30mLevel 5[0m set package 'piper_teleop' build argument 'cmake_args' from command line to 'None'
[0.569s] [34mcolcon.colcon_core.verb[0m [1;30mLevel 5[0m set package 'piper_teleop' build argument 'cmake_target' from command line to 'None'
[0.569s] [34mcolcon.colcon_core.verb[0m [1;30mLevel 5[0m set package 'piper_teleop' build argument 'cmake_target_skip_unavailable' from command line to 'False'
[0.569s] [34mcolcon.colcon_core.verb[0m [1;30mLevel 5[0m set package 'piper_teleop' build argument 'cmake_clean_cache' from command line to 'False'
[0.569s] [34mcolcon.colcon_core.verb[0m [1;30mLevel 5[0m set package 'piper_teleop' build argument 'cmake_clean_first' from command line to 'False'
[0.569s] [34mcolcon.colcon_core.verb[0m [1;30mLevel 5[0m set package 'piper_teleop' build argument 'cmake_force_configure' from command line to 'False'
[0.569s] [34mcolcon.colcon_core.verb[0m [1;30mLevel 5[0m set package 'piper_teleop' build argument 'ament_cmake_args' from command line to 'None'
[0.569s] [34mcolcon.colcon_core.verb[0m [1;30mLevel 5[0m set package 'piper_teleop' build argument 'catkin_cmake_args' from command line to 'None'
[0.569s] [34mcolcon.colcon_core.verb[0m [1;30mLevel 5[0m set package 'piper_teleop' build argument 'catkin_skip_building_tests' from command line to 'False'
[0.570s] [34mcolcon.colcon_core.verb[0m [1;30mDEBUG[0m [32mBuilding package 'piper_teleop' with the following arguments: {'ament_cmake_args': None, 'build_base': '/home/nuc/ros2_workspace/data_collection_ws/build/piper_teleop', 'catkin_cmake_args': None, 'catkin_skip_building_tests': False, 'cmake_args': None, 'cmake_clean_cache': False, 'cmake_clean_first': False, 'cmake_force_configure': False, 'cmake_target': None, 'cmake_target_skip_unavailable': False, 'install_base': '/home/nuc/ros2_workspace/data_collection_ws/install/piper_teleop', 'merge_install': False, 'path': '/home/nuc/ros2_workspace/data_collection_ws/src/piper_teleop', 'symlink_install': False, 'test_result_base': None}[0m
[0.571s] [34mcolcon.colcon_core.verb[0m [1;30mLevel 5[0m set package 'tracker_bridge' build argument 'cmake_args' from command line to 'None'
[0.571s] [34mcolcon.colcon_core.verb[0m [1;30mLevel 5[0m set package 'tracker_bridge' build argument 'cmake_target' from command line to 'None'
[0.571s] [34mcolcon.colcon_core.verb[0m [1;30mLevel 5[0m set package 'tracker_bridge' build argument 'cmake_target_skip_unavailable' from command line to 'False'
[0.571s] [34mcolcon.colcon_core.verb[0m [1;30mLevel 5[0m set package 'tracker_bridge' build argument 'cmake_clean_cache' from command line to 'False'
[0.571s] [34mcolcon.colcon_core.verb[0m [1;30mLevel 5[0m set package 'tracker_bridge' build argument 'cmake_clean_first' from command line to 'False'
[0.571s] [34mcolcon.colcon_core.verb[0m [1;30mLevel 5[0m set package 'tracker_bridge' build argument 'cmake_force_configure' from command line to 'False'
[0.571s] [34mcolcon.colcon_core.verb[0m [1;30mLevel 5[0m set package 'tracker_bridge' build argument 'ament_cmake_args' from command line to 'None'
[0.571s] [34mcolcon.colcon_core.verb[0m [1;30mLevel 5[0m set package 'tracker_bridge' build argument 'catkin_cmake_args' from command line to 'None'
[0.571s] [34mcolcon.colcon_core.verb[0m [1;30mLevel 5[0m set package 'tracker_bridge' build argument 'catkin_skip_building_tests' from command line to 'False'
[0.572s] [34mcolcon.colcon_core.verb[0m [1;30mDEBUG[0m [32mBuilding package 'tracker_bridge' with the following arguments: {'ament_cmake_args': None, 'build_base': '/home/nuc/ros2_workspace/data_collection_ws/build/tracker_bridge', 'catkin_cmake_args': None, 'catkin_skip_building_tests': False, 'cmake_args': None, 'cmake_clean_cache': False, 'cmake_clean_first': False, 'cmake_force_configure': False, 'cmake_target': None, 'cmake_target_skip_unavailable': False, 'install_base': '/home/nuc/ros2_workspace/data_collection_ws/install/tracker_bridge', 'merge_install': False, 'path': '/home/nuc/ros2_workspace/data_collection_ws/src/tracker_bridge', 'symlink_install': False, 'test_result_base': None}[0m
[0.572s] [34mcolcon.colcon_core.verb[0m [1;30mLevel 5[0m set package 'data_recorder_ros2' build argument 'cmake_args' from command line to 'None'
[0.572s] [34mcolcon.colcon_core.verb[0m [1;30mLevel 5[0m set package 'data_recorder_ros2' build argument 'cmake_target' from command line to 'None'
[0.572s] [34mcolcon.colcon_core.verb[0m [1;30mLevel 5[0m set package 'data_recorder_ros2' build argument 'cmake_target_skip_unavailable' from command line to 'False'
[0.572s] [34mcolcon.colcon_core.verb[0m [1;30mLevel 5[0m set package 'data_recorder_ros2' build argument 'cmake_clean_cache' from command line to 'False'
[0.572s] [34mcolcon.colcon_core.verb[0m [1;30mLevel 5[0m set package 'data_recorder_ros2' build argument 'cmake_clean_first' from command line to 'False'
[0.572s] [34mcolcon.colcon_core.verb[0m [1;30mLevel 5[0m set package 'data_recorder_ros2' build argument 'cmake_force_configure' from command line to 'False'
[0.572s] [34mcolcon.colcon_core.verb[0m [1;30mLevel 5[0m set package 'data_recorder_ros2' build argument 'ament_cmake_args' from command line to 'None'
[0.572s] [34mcolcon.colcon_core.verb[0m [1;30mLevel 5[0m set package 'data_recorder_ros2' build argument 'catkin_cmake_args' from command line to 'None'
[0.572s] [34mcolcon.colcon_core.verb[0m [1;30mLevel 5[0m set package 'data_recorder_ros2' build argument 'catkin_skip_building_tests' from command line to 'False'
[0.572s] [34mcolcon.colcon_core.verb[0m [1;30mDEBUG[0m [32mBuilding package 'data_recorder_ros2' with the following arguments: {'ament_cmake_args': None, 'build_base': '/home/nuc/ros2_workspace/data_collection_ws/build/data_recorder_ros2', 'catkin_cmake_args': None, 'catkin_skip_building_tests': False, 'cmake_args': None, 'cmake_clean_cache': False, 'cmake_clean_first': False, 'cmake_force_configure': False, 'cmake_target': None, 'cmake_target_skip_unavailable': False, 'install_base': '/home/nuc/ros2_workspace/data_collection_ws/install/data_recorder_ros2', 'merge_install': False, 'path': '/home/nuc/ros2_workspace/data_collection_ws/src/data_recorder_ros2', 'symlink_install': False, 'test_result_base': None}[0m
[0.572s] [34mcolcon.colcon_core.executor[0m [1;30mINFO[0m Executing jobs using 'parallel' executor
[0.575s] [34mcolcon.colcon_parallel_executor.executor.parallel[0m [1;30mDEBUG[0m [32mrun_until_complete[0m
[0.575s] [34mcolcon.colcon_ros.task.ament_cmake.build[0m [1;30mINFO[0m Building ROS package in '/home/nuc/ros2_workspace/data_collection_ws/src/data_recorder_interfaces' with build type 'ament_cmake'
[0.575s] [34mcolcon.colcon_cmake.task.cmake.build[0m [1;30mINFO[0m Building CMake package in '/home/nuc/ros2_workspace/data_collection_ws/src/data_recorder_interfaces'
[0.578s] [34mcolcon.colcon_core.plugin_system[0m [1;30mINFO[0m Skipping extension 'colcon_core.shell.bat': Not used on non-Windows systems
[0.578s] [34mcolcon.colcon_core.shell[0m [1;30mINFO[0m Skip shell extension 'powershell' for command environment: Not usable outside of PowerShell
[0.578s] [34mcolcon.colcon_core.shell[0m [1;30mDEBUG[0m [32mSkip shell extension 'dsv' for command environment[0m
[0.585s] [34mcolcon.colcon_ros.task.ament_python.build[0m [1;30mINFO[0m Building ROS package in '/home/nuc/ros2_workspace/data_collection_ws/src/camera_bridge' with build type 'ament_python'
[0.585s] [34mcolcon.colcon_core.shell[0m [1;30mLevel 1[0m create_environment_hook('camera_bridge', 'ament_prefix_path')
[0.585s] [34mcolcon.colcon_core.shell[0m [1;30mINFO[0m Creating environment hook '/home/nuc/ros2_workspace/data_collection_ws/install/camera_bridge/share/camera_bridge/hook/ament_prefix_path.ps1'
[0.585s] [34mcolcon.colcon_core.shell[0m [1;30mINFO[0m Creating environment descriptor '/home/nuc/ros2_workspace/data_collection_ws/install/camera_bridge/share/camera_bridge/hook/ament_prefix_path.dsv'
[0.586s] [34mcolcon.colcon_core.shell[0m [1;30mINFO[0m Creating environment hook '/home/nuc/ros2_workspace/data_collection_ws/install/camera_bridge/share/camera_bridge/hook/ament_prefix_path.sh'
[0.586s] [34mcolcon.colcon_core.shell[0m [1;30mINFO[0m Skip shell extension 'powershell' for command environment: Not usable outside of PowerShell
[0.586s] [34mcolcon.colcon_core.shell[0m [1;30mDEBUG[0m [32mSkip shell extension 'dsv' for command environment[0m
[0.596s] [34mcolcon.colcon_core.event_handler.log_command[0m [1;30mDEBUG[0m [32mInvoking command in '/home/nuc/ros2_workspace/data_collection_ws/build/data_recorder_interfaces': CMAKE_PREFIX_PATH=${CMAKE_PREFIX_PATH}:/home/nuc/ros2_workspace/data_collection_ws/install/tracker_bridge:/home/nuc/ros2_workspace/data_collection_ws/install/piper_teleop:/home/nuc/ros2_workspace/data_collection_ws/install/open_cyber_glove_ros2:/home/nuc/ros2_workspace/data_collection_ws/install/data_recorder_ros2:/home/nuc/ros2_workspace/data_collection_ws/install/camera_bridge:/home/nuc/ros2_workspace/angus_dexhand_system/install/setting_info:/home/nuc/ros2_workspace/angus_dexhand_system/install/matrix_touch_gui:/home/nuc/ros2_workspace/angus_dexhand_system/install/gui_control:/home/nuc/ros2_workspace/angus_dexhand_system/install/graphic_display:/home/nuc/ros2_workspace/angus_dexhand_system/install/linker_hand_ros2_sdk:/home/nuc/ros2_workspace/angus_dexhand_system/install/linker_hand_mujoco_ros2:/home/nuc/ros2_workspace/angus_dexhand_system/install/glove_to_hand_control:/home/nuc/ros2_workspace/angus_dexhand_system/install/camera_to_hand_control:/home/nuc/ros2_workspace/piper_ros/install/piper:/opt/ros/humble /usr/bin/cmake --build /home/nuc/ros2_workspace/data_collection_ws/build/data_recorder_interfaces -- -j2 -l2[0m
[1.095s] [34mcolcon.colcon_core.task.python.build[0m [1;30mINFO[0m Building Python package in '/home/nuc/ros2_workspace/data_collection_ws/src/camera_bridge'
[1.095s] [34mcolcon.colcon_core.shell[0m [1;30mINFO[0m Skip shell extension 'powershell' for command environment: Not usable outside of PowerShell
[1.095s] [34mcolcon.colcon_core.shell[0m [1;30mDEBUG[0m [32mSkip shell extension 'dsv' for command environment[0m
[1.182s] [34mcolcon.colcon_core.event_handler.log_command[0m [1;30mDEBUG[0m [32mInvoked command in '/home/nuc/ros2_workspace/data_collection_ws/build/data_recorder_interfaces' returned '0': CMAKE_PREFIX_PATH=${CMAKE_PREFIX_PATH}:/home/nuc/ros2_workspace/data_collection_ws/install/tracker_bridge:/home/nuc/ros2_workspace/data_collection_ws/install/piper_teleop:/home/nuc/ros2_workspace/data_collection_ws/install/open_cyber_glove_ros2:/home/nuc/ros2_workspace/data_collection_ws/install/data_recorder_ros2:/home/nuc/ros2_workspace/data_collection_ws/install/camera_bridge:/home/nuc/ros2_workspace/angus_dexhand_system/install/setting_info:/home/nuc/ros2_workspace/angus_dexhand_system/install/matrix_touch_gui:/home/nuc/ros2_workspace/angus_dexhand_system/install/gui_control:/home/nuc/ros2_workspace/angus_dexhand_system/install/graphic_display:/home/nuc/ros2_workspace/angus_dexhand_system/install/linker_hand_ros2_sdk:/home/nuc/ros2_workspace/angus_dexhand_system/install/linker_hand_mujoco_ros2:/home/nuc/ros2_workspace/angus_dexhand_system/install/glove_to_hand_control:/home/nuc/ros2_workspace/angus_dexhand_system/install/camera_to_hand_control:/home/nuc/ros2_workspace/piper_ros/install/piper:/opt/ros/humble /usr/bin/cmake --build /home/nuc/ros2_workspace/data_collection_ws/build/data_recorder_interfaces -- -j2 -l2[0m
[1.190s] [34mcolcon.colcon_core.event_handler.log_command[0m [1;30mDEBUG[0m [32mInvoking command in '/home/nuc/ros2_workspace/data_collection_ws/build/data_recorder_interfaces': CMAKE_PREFIX_PATH=${CMAKE_PREFIX_PATH}:/home/nuc/ros2_workspace/data_collection_ws/install/tracker_bridge:/home/nuc/ros2_workspace/data_collection_ws/install/piper_teleop:/home/nuc/ros2_workspace/data_collection_ws/install/open_cyber_glove_ros2:/home/nuc/ros2_workspace/data_collection_ws/install/data_recorder_ros2:/home/nuc/ros2_workspace/data_collection_ws/install/camera_bridge:/home/nuc/ros2_workspace/angus_dexhand_system/install/setting_info:/home/nuc/ros2_workspace/angus_dexhand_system/install/matrix_touch_gui:/home/nuc/ros2_workspace/angus_dexhand_system/install/gui_control:/home/nuc/ros2_workspace/angus_dexhand_system/install/graphic_display:/home/nuc/ros2_workspace/angus_dexhand_system/install/linker_hand_ros2_sdk:/home/nuc/ros2_workspace/angus_dexhand_system/install/linker_hand_mujoco_ros2:/home/nuc/ros2_workspace/angus_dexhand_system/install/glove_to_hand_control:/home/nuc/ros2_workspace/angus_dexhand_system/install/camera_to_hand_control:/home/nuc/ros2_workspace/piper_ros/install/piper:/opt/ros/humble /usr/bin/cmake --install /home/nuc/ros2_workspace/data_collection_ws/build/data_recorder_interfaces[0m
[1.258s] [34mcolcon.colcon_core.environment[0m [1;30mLevel 1[0m create_environment_scripts_only(data_recorder_interfaces)
[1.259s] [34mcolcon.colcon_core.event_handler.log_command[0m [1;30mDEBUG[0m [32mInvoked command in '/home/nuc/ros2_workspace/data_collection_ws/build/data_recorder_interfaces' returned '0': CMAKE_PREFIX_PATH=${CMAKE_PREFIX_PATH}:/home/nuc/ros2_workspace/data_collection_ws/install/tracker_bridge:/home/nuc/ros2_workspace/data_collection_ws/install/piper_teleop:/home/nuc/ros2_workspace/data_collection_ws/install/open_cyber_glove_ros2:/home/nuc/ros2_workspace/data_collection_ws/install/data_recorder_ros2:/home/nuc/ros2_workspace/data_collection_ws/install/camera_bridge:/home/nuc/ros2_workspace/angus_dexhand_system/install/setting_info:/home/nuc/ros2_workspace/angus_dexhand_system/install/matrix_touch_gui:/home/nuc/ros2_workspace/angus_dexhand_system/install/gui_control:/home/nuc/ros2_workspace/angus_dexhand_system/install/graphic_display:/home/nuc/ros2_workspace/angus_dexhand_system/install/linker_hand_ros2_sdk:/home/nuc/ros2_workspace/angus_dexhand_system/install/linker_hand_mujoco_ros2:/home/nuc/ros2_workspace/angus_dexhand_system/install/glove_to_hand_control:/home/nuc/ros2_workspace/angus_dexhand_system/install/camera_to_hand_control:/home/nuc/ros2_workspace/piper_ros/install/piper:/opt/ros/humble /usr/bin/cmake --install /home/nuc/ros2_workspace/data_collection_ws/build/data_recorder_interfaces[0m
[1.262s] [34mcolcon.colcon_core.environment[0m [1;30mLevel 1[0m checking '/home/nuc/ros2_workspace/data_collection_ws/install/data_recorder_interfaces' for CMake module files
[1.262s] [34mcolcon.colcon_core.environment[0m [1;30mLevel 1[0m checking '/home/nuc/ros2_workspace/data_collection_ws/install/data_recorder_interfaces' for CMake config files
[1.262s] [34mcolcon.colcon_core.shell[0m [1;30mLevel 1[0m create_environment_hook('data_recorder_interfaces', 'cmake_prefix_path')
[1.262s] [34mcolcon.colcon_core.shell[0m [1;30mINFO[0m Creating environment hook '/home/nuc/ros2_workspace/data_collection_ws/install/data_recorder_interfaces/share/data_recorder_interfaces/hook/cmake_prefix_path.ps1'
[1.263s] [34mcolcon.colcon_core.shell[0m [1;30mINFO[0m Creating environment descriptor '/home/nuc/ros2_workspace/data_collection_ws/install/data_recorder_interfaces/share/data_recorder_interfaces/hook/cmake_prefix_path.dsv'
[1.263s] [34mcolcon.colcon_core.shell[0m [1;30mINFO[0m Creating environment hook '/home/nuc/ros2_workspace/data_collection_ws/install/data_recorder_interfaces/share/data_recorder_interfaces/hook/cmake_prefix_path.sh'
[1.264s] [34mcolcon.colcon_core.environment[0m [1;30mLevel 1[0m checking '/home/nuc/ros2_workspace/data_collection_ws/install/data_recorder_interfaces/lib'
[1.264s] [34mcolcon.colcon_core.shell[0m [1;30mLevel 1[0m create_environment_hook('data_recorder_interfaces', 'ld_library_path_lib')
[1.264s] [34mcolcon.colcon_core.shell[0m [1;30mINFO[0m Creating environment hook '/home/nuc/ros2_workspace/data_collection_ws/install/data_recorder_interfaces/share/data_recorder_interfaces/hook/ld_library_path_lib.ps1'
[1.265s] [34mcolcon.colcon_core.shell[0m [1;30mINFO[0m Creating environment descriptor '/home/nuc/ros2_workspace/data_collection_ws/install/data_recorder_interfaces/share/data_recorder_interfaces/hook/ld_library_path_lib.dsv'
[1.265s] [34mcolcon.colcon_core.shell[0m [1;30mINFO[0m Creating environment hook '/home/nuc/ros2_workspace/data_collection_ws/install/data_recorder_interfaces/share/data_recorder_interfaces/hook/ld_library_path_lib.sh'
[1.266s] [34mcolcon.colcon_core.environment[0m [1;30mLevel 1[0m checking '/home/nuc/ros2_workspace/data_collection_ws/install/data_recorder_interfaces/bin'
[1.266s] [34mcolcon.colcon_core.environment[0m [1;30mLevel 1[0m checking '/home/nuc/ros2_workspace/data_collection_ws/install/data_recorder_interfaces/lib/pkgconfig/data_recorder_interfaces.pc'
[1.266s] [34mcolcon.colcon_core.environment[0m [1;30mLevel 1[0m checking '/home/nuc/ros2_workspace/data_collection_ws/install/data_recorder_interfaces/lib/python3.10/site-packages'
[1.266s] [34mcolcon.colcon_core.environment[0m [1;30mLevel 1[0m checking '/home/nuc/ros2_workspace/data_collection_ws/install/data_recorder_interfaces/bin'
[1.267s] [34mcolcon.colcon_core.shell[0m [1;30mINFO[0m Creating package script '/home/nuc/ros2_workspace/data_collection_ws/install/data_recorder_interfaces/share/data_recorder_interfaces/package.ps1'
[1.268s] [34mcolcon.colcon_core.shell[0m [1;30mINFO[0m Creating package descriptor '/home/nuc/ros2_workspace/data_collection_ws/install/data_recorder_interfaces/share/data_recorder_interfaces/package.dsv'
[1.268s] [34mcolcon.colcon_core.shell[0m [1;30mINFO[0m Creating package script '/home/nuc/ros2_workspace/data_collection_ws/install/data_recorder_interfaces/share/data_recorder_interfaces/package.sh'
[1.272s] [34mcolcon.colcon_core.shell[0m [1;30mINFO[0m Creating package script '/home/nuc/ros2_workspace/data_collection_ws/install/data_recorder_interfaces/share/data_recorder_interfaces/package.bash'
[1.273s] [34mcolcon.colcon_core.shell[0m [1;30mINFO[0m Creating package script '/home/nuc/ros2_workspace/data_collection_ws/install/data_recorder_interfaces/share/data_recorder_interfaces/package.zsh'
[1.278s] [34mcolcon.colcon_core.environment[0m [1;30mLevel 1[0m create_file_with_runtime_dependencies(/home/nuc/ros2_workspace/data_collection_ws/install/data_recorder_interfaces/share/colcon-core/packages/data_recorder_interfaces)
[1.282s] [34mcolcon.colcon_core.environment[0m [1;30mLevel 1[0m create_environment_scripts_only(data_recorder_interfaces)
[1.282s] [34mcolcon.colcon_core.environment[0m [1;30mLevel 1[0m checking '/home/nuc/ros2_workspace/data_collection_ws/install/data_recorder_interfaces' for CMake module files
[1.285s] [34mcolcon.colcon_core.environment[0m [1;30mLevel 1[0m checking '/home/nuc/ros2_workspace/data_collection_ws/install/data_recorder_interfaces' for CMake config files
[1.285s] [34mcolcon.colcon_core.shell[0m [1;30mLevel 1[0m create_environment_hook('data_recorder_interfaces', 'cmake_prefix_path')
[1.285s] [34mcolcon.colcon_core.shell[0m [1;30mINFO[0m Creating environment hook '/home/nuc/ros2_workspace/data_collection_ws/install/data_recorder_interfaces/share/data_recorder_interfaces/hook/cmake_prefix_path.ps1'
[1.286s] [34mcolcon.colcon_core.shell[0m [1;30mINFO[0m Creating environment descriptor '/home/nuc/ros2_workspace/data_collection_ws/install/data_recorder_interfaces/share/data_recorder_interfaces/hook/cmake_prefix_path.dsv'
[1.289s] [34mcolcon.colcon_core.shell[0m [1;30mINFO[0m Creating environment hook '/home/nuc/ros2_workspace/data_collection_ws/install/data_recorder_interfaces/share/data_recorder_interfaces/hook/cmake_prefix_path.sh'
[1.290s] [34mcolcon.colcon_core.environment[0m [1;30mLevel 1[0m checking '/home/nuc/ros2_workspace/data_collection_ws/install/data_recorder_interfaces/lib'
[1.290s] [34mcolcon.colcon_core.shell[0m [1;30mLevel 1[0m create_environment_hook('data_recorder_interfaces', 'ld_library_path_lib')
[1.290s] [34mcolcon.colcon_core.shell[0m [1;30mINFO[0m Creating environment hook '/home/nuc/ros2_workspace/data_collection_ws/install/data_recorder_interfaces/share/data_recorder_interfaces/hook/ld_library_path_lib.ps1'
[1.290s] [34mcolcon.colcon_core.shell[0m [1;30mINFO[0m Creating environment descriptor '/home/nuc/ros2_workspace/data_collection_ws/install/data_recorder_interfaces/share/data_recorder_interfaces/hook/ld_library_path_lib.dsv'
[1.290s] [34mcolcon.colcon_core.shell[0m [1;30mINFO[0m Creating environment hook '/home/nuc/ros2_workspace/data_collection_ws/install/data_recorder_interfaces/share/data_recorder_interfaces/hook/ld_library_path_lib.sh'
[1.291s] [34mcolcon.colcon_core.environment[0m [1;30mLevel 1[0m checking '/home/nuc/ros2_workspace/data_collection_ws/install/data_recorder_interfaces/bin'
[1.291s] [34mcolcon.colcon_core.environment[0m [1;30mLevel 1[0m checking '/home/nuc/ros2_workspace/data_collection_ws/install/data_recorder_interfaces/lib/pkgconfig/data_recorder_interfaces.pc'
[1.291s] [34mcolcon.colcon_core.environment[0m [1;30mLevel 1[0m checking '/home/nuc/ros2_workspace/data_collection_ws/install/data_recorder_interfaces/lib/python3.10/site-packages'
[1.291s] [34mcolcon.colcon_core.environment[0m [1;30mLevel 1[0m checking '/home/nuc/ros2_workspace/data_collection_ws/install/data_recorder_interfaces/bin'
[1.291s] [34mcolcon.colcon_core.shell[0m [1;30mINFO[0m Creating package script '/home/nuc/ros2_workspace/data_collection_ws/install/data_recorder_interfaces/share/data_recorder_interfaces/package.ps1'
[1.292s] [34mcolcon.colcon_core.shell[0m [1;30mINFO[0m Creating package descriptor '/home/nuc/ros2_workspace/data_collection_ws/install/data_recorder_interfaces/share/data_recorder_interfaces/package.dsv'
[1.292s] [34mcolcon.colcon_core.shell[0m [1;30mINFO[0m Creating package script '/home/nuc/ros2_workspace/data_collection_ws/install/data_recorder_interfaces/share/data_recorder_interfaces/package.sh'
[1.293s] [34mcolcon.colcon_core.shell[0m [1;30mINFO[0m Creating package script '/home/nuc/ros2_workspace/data_collection_ws/install/data_recorder_interfaces/share/data_recorder_interfaces/package.bash'
[1.293s] [34mcolcon.colcon_core.shell[0m [1;30mINFO[0m Creating package script '/home/nuc/ros2_workspace/data_collection_ws/install/data_recorder_interfaces/share/data_recorder_interfaces/package.zsh'
[1.294s] [34mcolcon.colcon_core.environment[0m [1;30mLevel 1[0m create_file_with_runtime_dependencies(/home/nuc/ros2_workspace/data_collection_ws/install/data_recorder_interfaces/share/colcon-core/packages/data_recorder_interfaces)
[1.295s] [34mcolcon.colcon_core.task.python.build[0m [1;30mINFO[0m Building Python package in '/home/nuc/ros2_workspace/data_collection_ws/src/open_cyber_glove'
[1.295s] [34mcolcon.colcon_core.shell[0m [1;30mINFO[0m Skip shell extension 'powershell' for command environment: Not usable outside of PowerShell
[1.295s] [34mcolcon.colcon_core.shell[0m [1;30mDEBUG[0m [32mSkip shell extension 'dsv' for command environment[0m
[1.527s] [34mcolcon.colcon_core.event_handler.log_command[0m [1;30mDEBUG[0m [32mInvoking command in '/home/nuc/ros2_workspace/data_collection_ws/src/camera_bridge': PYTHONPATH=/home/nuc/ros2_workspace/data_collection_ws/build/camera_bridge/prefix_override:/usr/lib/python3/dist-packages/colcon_core/task/python/colcon_distutils_commands:/home/nuc/ros2_workspace/data_collection_ws/install/camera_bridge/lib/python3.10/site-packages:${PYTHONPATH} /usr/bin/python3 -W ignore:setup.py install is deprecated -W ignore:easy_install command is deprecated setup.py egg_info --egg-base ../../build/camera_bridge build --build-base /home/nuc/ros2_workspace/data_collection_ws/build/camera_bridge/build install --record /home/nuc/ros2_workspace/data_collection_ws/build/camera_bridge/install.log --single-version-externally-managed install_data[0m
[1.776s] [34mcolcon.colcon_core.environment[0m [1;30mLevel 1[0m checking '/home/nuc/ros2_workspace/data_collection_ws/install/camera_bridge' for CMake module files
[1.777s] [34mcolcon.colcon_core.event_handler.log_command[0m [1;30mDEBUG[0m [32mInvoked command in '/home/nuc/ros2_workspace/data_collection_ws/src/camera_bridge' returned '0': PYTHONPATH=/home/nuc/ros2_workspace/data_collection_ws/build/camera_bridge/prefix_override:/usr/lib/python3/dist-packages/colcon_core/task/python/colcon_distutils_commands:/home/nuc/ros2_workspace/data_collection_ws/install/camera_bridge/lib/python3.10/site-packages:${PYTHONPATH} /usr/bin/python3 -W ignore:setup.py install is deprecated -W ignore:easy_install command is deprecated setup.py egg_info --egg-base ../../build/camera_bridge build --build-base /home/nuc/ros2_workspace/data_collection_ws/build/camera_bridge/build install --record /home/nuc/ros2_workspace/data_collection_ws/build/camera_bridge/install.log --single-version-externally-managed install_data[0m
[1.777s] [34mcolcon.colcon_core.environment[0m [1;30mLevel 1[0m checking '/home/nuc/ros2_workspace/data_collection_ws/install/camera_bridge' for CMake config files
[1.778s] [34mcolcon.colcon_core.environment[0m [1;30mLevel 1[0m checking '/home/nuc/ros2_workspace/data_collection_ws/install/camera_bridge/lib'
[1.778s] [34mcolcon.colcon_core.environment[0m [1;30mLevel 1[0m checking '/home/nuc/ros2_workspace/data_collection_ws/install/camera_bridge/bin'
[1.778s] [34mcolcon.colcon_core.environment[0m [1;30mLevel 1[0m checking '/home/nuc/ros2_workspace/data_collection_ws/install/camera_bridge/lib/pkgconfig/camera_bridge.pc'
[1.778s] [34mcolcon.colcon_core.environment[0m [1;30mLevel 1[0m checking '/home/nuc/ros2_workspace/data_collection_ws/install/camera_bridge/lib/python3.10/site-packages'
[1.778s] [34mcolcon.colcon_core.shell[0m [1;30mLevel 1[0m create_environment_hook('camera_bridge', 'pythonpath')
[1.778s] [34mcolcon.colcon_core.shell[0m [1;30mINFO[0m Creating environment hook '/home/nuc/ros2_workspace/data_collection_ws/install/camera_bridge/share/camera_bridge/hook/pythonpath.ps1'
[1.779s] [34mcolcon.colcon_core.shell[0m [1;30mINFO[0m Creating environment descriptor '/home/nuc/ros2_workspace/data_collection_ws/install/camera_bridge/share/camera_bridge/hook/pythonpath.dsv'
[1.780s] [34mcolcon.colcon_core.shell[0m [1;30mINFO[0m Creating environment hook '/home/nuc/ros2_workspace/data_collection_ws/install/camera_bridge/share/camera_bridge/hook/pythonpath.sh'
[1.781s] [34mcolcon.colcon_core.environment[0m [1;30mLevel 1[0m checking '/home/nuc/ros2_workspace/data_collection_ws/install/camera_bridge/bin'
[1.781s] [34mcolcon.colcon_core.environment[0m [1;30mLevel 1[0m create_environment_scripts_only(camera_bridge)
[1.781s] [34mcolcon.colcon_core.shell[0m [1;30mINFO[0m Creating package script '/home/nuc/ros2_workspace/data_collection_ws/install/camera_bridge/share/camera_bridge/package.ps1'
[1.782s] [34mcolcon.colcon_core.shell[0m [1;30mINFO[0m Creating package descriptor '/home/nuc/ros2_workspace/data_collection_ws/install/camera_bridge/share/camera_bridge/package.dsv'
[1.782s] [34mcolcon.colcon_core.shell[0m [1;30mINFO[0m Creating package script '/home/nuc/ros2_workspace/data_collection_ws/install/camera_bridge/share/camera_bridge/package.sh'
[1.782s] [34mcolcon.colcon_core.shell[0m [1;30mINFO[0m Creating package script '/home/nuc/ros2_workspace/data_collection_ws/install/camera_bridge/share/camera_bridge/package.bash'
[1.783s] [34mcolcon.colcon_core.shell[0m [1;30mINFO[0m Creating package script '/home/nuc/ros2_workspace/data_collection_ws/install/camera_bridge/share/camera_bridge/package.zsh'
[1.783s] [34mcolcon.colcon_core.environment[0m [1;30mLevel 1[0m create_file_with_runtime_dependencies(/home/nuc/ros2_workspace/data_collection_ws/install/camera_bridge/share/colcon-core/packages/camera_bridge)
[1.783s] [34mcolcon.colcon_ros.task.ament_python.build[0m [1;30mINFO[0m Building ROS package in '/home/nuc/ros2_workspace/data_collection_ws/src/open_cyber_glove_ros2' with build type 'ament_python'
[1.783s] [34mcolcon.colcon_core.shell[0m [1;30mLevel 1[0m create_environment_hook('open_cyber_glove_ros2', 'ament_prefix_path')
[1.784s] [34mcolcon.colcon_core.shell[0m [1;30mINFO[0m Creating environment hook '/home/nuc/ros2_workspace/data_collection_ws/install/open_cyber_glove_ros2/share/open_cyber_glove_ros2/hook/ament_prefix_path.ps1'
[1.785s] [34mcolcon.colcon_core.shell[0m [1;30mINFO[0m Creating environment descriptor '/home/nuc/ros2_workspace/data_collection_ws/install/open_cyber_glove_ros2/share/open_cyber_glove_ros2/hook/ament_prefix_path.dsv'
[1.785s] [34mcolcon.colcon_core.shell[0m [1;30mINFO[0m Creating environment hook '/home/nuc/ros2_workspace/data_collection_ws/install/open_cyber_glove_ros2/share/open_cyber_glove_ros2/hook/ament_prefix_path.sh'
[1.786s] [34mcolcon.colcon_core.shell[0m [1;30mINFO[0m Skip shell extension 'powershell' for command environment: Not usable outside of PowerShell
[1.786s] [34mcolcon.colcon_core.shell[0m [1;30mDEBUG[0m [32mSkip shell extension 'dsv' for command environment[0m
[1.979s] [34mcolcon.colcon_core.task.python.build[0m [1;30mINFO[0m Building Python package in '/home/nuc/ros2_workspace/data_collection_ws/src/open_cyber_glove_ros2'
[1.979s] [34mcolcon.colcon_core.shell[0m [1;30mINFO[0m Skip shell extension 'powershell' for command environment: Not usable outside of PowerShell
[1.980s] [34mcolcon.colcon_core.shell[0m [1;30mDEBUG[0m [32mSkip shell extension 'dsv' for command environment[0m
[1.986s] [34mcolcon.colcon_core.event_handler.log_command[0m [1;30mDEBUG[0m [32mInvoking command in '/home/nuc/ros2_workspace/data_collection_ws/src/open_cyber_glove': PYTHONPATH=/home/nuc/ros2_workspace/data_collection_ws/build/open_cyber_glove/prefix_override:/usr/lib/python3/dist-packages/colcon_core/task/python/colcon_distutils_commands:/home/nuc/ros2_workspace/data_collection_ws/install/open_cyber_glove/lib/python3.10/site-packages:${PYTHONPATH} /usr/bin/python3 -W ignore:setup.py install is deprecated -W ignore:easy_install command is deprecated setup.py egg_info --egg-base ../../build/open_cyber_glove build --build-base /home/nuc/ros2_workspace/data_collection_ws/build/open_cyber_glove/build install --record /home/nuc/ros2_workspace/data_collection_ws/build/open_cyber_glove/install.log --single-version-externally-managed[0m
[2.202s] [34mcolcon.colcon_core.environment[0m [1;30mLevel 1[0m checking '/home/nuc/ros2_workspace/data_collection_ws/install/open_cyber_glove' for CMake module files
[2.202s] [34mcolcon.colcon_core.event_handler.log_command[0m [1;30mDEBUG[0m [32mInvoked command in '/home/nuc/ros2_workspace/data_collection_ws/src/open_cyber_glove' returned '0': PYTHONPATH=/home/nuc/ros2_workspace/data_collection_ws/build/open_cyber_glove/prefix_override:/usr/lib/python3/dist-packages/colcon_core/task/python/colcon_distutils_commands:/home/nuc/ros2_workspace/data_collection_ws/install/open_cyber_glove/lib/python3.10/site-packages:${PYTHONPATH} /usr/bin/python3 -W ignore:setup.py install is deprecated -W ignore:easy_install command is deprecated setup.py egg_info --egg-base ../../build/open_cyber_glove build --build-base /home/nuc/ros2_workspace/data_collection_ws/build/open_cyber_glove/build install --record /home/nuc/ros2_workspace/data_collection_ws/build/open_cyber_glove/install.log --single-version-externally-managed[0m
[2.203s] [34mcolcon.colcon_core.environment[0m [1;30mLevel 1[0m checking '/home/nuc/ros2_workspace/data_collection_ws/install/open_cyber_glove' for CMake config files
[2.203s] [34mcolcon.colcon_core.environment[0m [1;30mLevel 1[0m checking '/home/nuc/ros2_workspace/data_collection_ws/install/open_cyber_glove/lib'
[2.204s] [34mcolcon.colcon_core.environment[0m [1;30mLevel 1[0m checking '/home/nuc/ros2_workspace/data_collection_ws/install/open_cyber_glove/bin'
[2.204s] [34mcolcon.colcon_core.environment[0m [1;30mLevel 1[0m checking '/home/nuc/ros2_workspace/data_collection_ws/install/open_cyber_glove/lib/pkgconfig/open_cyber_glove.pc'
[2.204s] [34mcolcon.colcon_core.environment[0m [1;30mLevel 1[0m checking '/home/nuc/ros2_workspace/data_collection_ws/install/open_cyber_glove/lib/python3.10/site-packages'
[2.204s] [34mcolcon.colcon_core.shell[0m [1;30mLevel 1[0m create_environment_hook('open_cyber_glove', 'pythonpath')
[2.205s] [34mcolcon.colcon_core.shell[0m [1;30mINFO[0m Creating environment hook '/home/nuc/ros2_workspace/data_collection_ws/install/open_cyber_glove/share/open_cyber_glove/hook/pythonpath.ps1'
[2.205s] [34mcolcon.colcon_core.shell[0m [1;30mINFO[0m Creating environment descriptor '/home/nuc/ros2_workspace/data_collection_ws/install/open_cyber_glove/share/open_cyber_glove/hook/pythonpath.dsv'
[2.205s] [34mcolcon.colcon_core.shell[0m [1;30mINFO[0m Creating environment hook '/home/nuc/ros2_workspace/data_collection_ws/install/open_cyber_glove/share/open_cyber_glove/hook/pythonpath.sh'
[2.206s] [34mcolcon.colcon_core.environment[0m [1;30mLevel 1[0m checking '/home/nuc/ros2_workspace/data_collection_ws/install/open_cyber_glove/bin'
[2.206s] [34mcolcon.colcon_core.environment[0m [1;30mLevel 1[0m create_environment_scripts_only(open_cyber_glove)
[2.206s] [34mcolcon.colcon_core.shell[0m [1;30mINFO[0m Creating package script '/home/nuc/ros2_workspace/data_collection_ws/install/open_cyber_glove/share/open_cyber_glove/package.ps1'
[2.206s] [34mcolcon.colcon_core.shell[0m [1;30mINFO[0m Creating package descriptor '/home/nuc/ros2_workspace/data_collection_ws/install/open_cyber_glove/share/open_cyber_glove/package.dsv'
[2.207s] [34mcolcon.colcon_core.shell[0m [1;30mINFO[0m Creating package script '/home/nuc/ros2_workspace/data_collection_ws/install/open_cyber_glove/share/open_cyber_glove/package.sh'
[2.207s] [34mcolcon.colcon_core.shell[0m [1;30mINFO[0m Creating package script '/home/nuc/ros2_workspace/data_collection_ws/install/open_cyber_glove/share/open_cyber_glove/package.bash'
[2.207s] [34mcolcon.colcon_core.shell[0m [1;30mINFO[0m Creating package script '/home/nuc/ros2_workspace/data_collection_ws/install/open_cyber_glove/share/open_cyber_glove/package.zsh'
[2.208s] [34mcolcon.colcon_core.environment[0m [1;30mLevel 1[0m create_file_with_runtime_dependencies(/home/nuc/ros2_workspace/data_collection_ws/install/open_cyber_glove/share/colcon-core/packages/open_cyber_glove)
[2.211s] [34mcolcon.colcon_ros.task.ament_python.build[0m [1;30mINFO[0m Building ROS package in '/home/nuc/ros2_workspace/data_collection_ws/src/piper_teleop' with build type 'ament_python'
[2.211s] [34mcolcon.colcon_core.shell[0m [1;30mLevel 1[0m create_environment_hook('piper_teleop', 'ament_prefix_path')
[2.211s] [34mcolcon.colcon_core.shell[0m [1;30mINFO[0m Creating environment hook '/home/nuc/ros2_workspace/data_collection_ws/install/piper_teleop/share/piper_teleop/hook/ament_prefix_path.ps1'
[2.211s] [34mcolcon.colcon_core.shell[0m [1;30mINFO[0m Creating environment descriptor '/home/nuc/ros2_workspace/data_collection_ws/install/piper_teleop/share/piper_teleop/hook/ament_prefix_path.dsv'
[2.212s] [34mcolcon.colcon_core.shell[0m [1;30mINFO[0m Creating environment hook '/home/nuc/ros2_workspace/data_collection_ws/install/piper_teleop/share/piper_teleop/hook/ament_prefix_path.sh'
[2.212s] [34mcolcon.colcon_core.shell[0m [1;30mINFO[0m Skip shell extension 'powershell' for command environment: Not usable outside of PowerShell
[2.212s] [34mcolcon.colcon_core.shell[0m [1;30mDEBUG[0m [32mSkip shell extension 'dsv' for command environment[0m
[2.439s] [34mcolcon.colcon_core.task.python.build[0m [1;30mINFO[0m Building Python package in '/home/nuc/ros2_workspace/data_collection_ws/src/piper_teleop'
[2.440s] [34mcolcon.colcon_core.shell[0m [1;30mINFO[0m Skip shell extension 'powershell' for command environment: Not usable outside of PowerShell
[2.440s] [34mcolcon.colcon_core.shell[0m [1;30mDEBUG[0m [32mSkip shell extension 'dsv' for command environment[0m
[2.447s] [34mcolcon.colcon_core.event_handler.log_command[0m [1;30mDEBUG[0m [32mInvoking command in '/home/nuc/ros2_workspace/data_collection_ws/src/open_cyber_glove_ros2': PYTHONPATH=/home/nuc/ros2_workspace/data_collection_ws/build/open_cyber_glove_ros2/prefix_override:/usr/lib/python3/dist-packages/colcon_core/task/python/colcon_distutils_commands:/home/nuc/ros2_workspace/data_collection_ws/install/open_cyber_glove_ros2/lib/python3.10/site-packages:${PYTHONPATH} /usr/bin/python3 -W ignore:setup.py install is deprecated -W ignore:easy_install command is deprecated setup.py egg_info --egg-base ../../build/open_cyber_glove_ros2 build --build-base /home/nuc/ros2_workspace/data_collection_ws/build/open_cyber_glove_ros2/build install --record /home/nuc/ros2_workspace/data_collection_ws/build/open_cyber_glove_ros2/install.log --single-version-externally-managed install_data[0m
[2.682s] [34mcolcon.colcon_core.environment[0m [1;30mLevel 1[0m checking '/home/nuc/ros2_workspace/data_collection_ws/install/open_cyber_glove_ros2' for CMake module files
[2.683s] [34mcolcon.colcon_core.event_handler.log_command[0m [1;30mDEBUG[0m [32mInvoked command in '/home/nuc/ros2_workspace/data_collection_ws/src/open_cyber_glove_ros2' returned '0': PYTHONPATH=/home/nuc/ros2_workspace/data_collection_ws/build/open_cyber_glove_ros2/prefix_override:/usr/lib/python3/dist-packages/colcon_core/task/python/colcon_distutils_commands:/home/nuc/ros2_workspace/data_collection_ws/install/open_cyber_glove_ros2/lib/python3.10/site-packages:${PYTHONPATH} /usr/bin/python3 -W ignore:setup.py install is deprecated -W ignore:easy_install command is deprecated setup.py egg_info --egg-base ../../build/open_cyber_glove_ros2 build --build-base /home/nuc/ros2_workspace/data_collection_ws/build/open_cyber_glove_ros2/build install --record /home/nuc/ros2_workspace/data_collection_ws/build/open_cyber_glove_ros2/install.log --single-version-externally-managed install_data[0m
[2.683s] [34mcolcon.colcon_core.environment[0m [1;30mLevel 1[0m checking '/home/nuc/ros2_workspace/data_collection_ws/install/open_cyber_glove_ros2' for CMake config files
[2.684s] [34mcolcon.colcon_core.environment[0m [1;30mLevel 1[0m checking '/home/nuc/ros2_workspace/data_collection_ws/install/open_cyber_glove_ros2/lib'
[2.686s] [34mcolcon.colcon_core.environment[0m [1;30mLevel 1[0m checking '/home/nuc/ros2_workspace/data_collection_ws/install/open_cyber_glove_ros2/bin'
[2.686s] [34mcolcon.colcon_core.environment[0m [1;30mLevel 1[0m checking '/home/nuc/ros2_workspace/data_collection_ws/install/open_cyber_glove_ros2/lib/pkgconfig/open_cyber_glove_ros2.pc'
[2.686s] [34mcolcon.colcon_core.environment[0m [1;30mLevel 1[0m checking '/home/nuc/ros2_workspace/data_collection_ws/install/open_cyber_glove_ros2/lib/python3.10/site-packages'
[2.686s] [34mcolcon.colcon_core.shell[0m [1;30mLevel 1[0m create_environment_hook('open_cyber_glove_ros2', 'pythonpath')
[2.686s] [34mcolcon.colcon_core.shell[0m [1;30mINFO[0m Creating environment hook '/home/nuc/ros2_workspace/data_collection_ws/install/open_cyber_glove_ros2/share/open_cyber_glove_ros2/hook/pythonpath.ps1'
[2.687s] [34mcolcon.colcon_core.shell[0m [1;30mINFO[0m Creating environment descriptor '/home/nuc/ros2_workspace/data_collection_ws/install/open_cyber_glove_ros2/share/open_cyber_glove_ros2/hook/pythonpath.dsv'
[2.687s] [34mcolcon.colcon_core.shell[0m [1;30mINFO[0m Creating environment hook '/home/nuc/ros2_workspace/data_collection_ws/install/open_cyber_glove_ros2/share/open_cyber_glove_ros2/hook/pythonpath.sh'
[2.688s] [34mcolcon.colcon_core.environment[0m [1;30mLevel 1[0m checking '/home/nuc/ros2_workspace/data_collection_ws/install/open_cyber_glove_ros2/bin'
[2.688s] [34mcolcon.colcon_core.environment[0m [1;30mLevel 1[0m create_environment_scripts_only(open_cyber_glove_ros2)
[2.688s] [34mcolcon.colcon_core.shell[0m [1;30mINFO[0m Creating package script '/home/nuc/ros2_workspace/data_collection_ws/install/open_cyber_glove_ros2/share/open_cyber_glove_ros2/package.ps1'
[2.689s] [34mcolcon.colcon_core.shell[0m [1;30mINFO[0m Creating package descriptor '/home/nuc/ros2_workspace/data_collection_ws/install/open_cyber_glove_ros2/share/open_cyber_glove_ros2/package.dsv'
[2.689s] [34mcolcon.colcon_core.shell[0m [1;30mINFO[0m Creating package script '/home/nuc/ros2_workspace/data_collection_ws/install/open_cyber_glove_ros2/share/open_cyber_glove_ros2/package.sh'
[2.689s] [34mcolcon.colcon_core.shell[0m [1;30mINFO[0m Creating package script '/home/nuc/ros2_workspace/data_collection_ws/install/open_cyber_glove_ros2/share/open_cyber_glove_ros2/package.bash'
[2.690s] [34mcolcon.colcon_core.shell[0m [1;30mINFO[0m Creating package script '/home/nuc/ros2_workspace/data_collection_ws/install/open_cyber_glove_ros2/share/open_cyber_glove_ros2/package.zsh'
[2.690s] [34mcolcon.colcon_core.environment[0m [1;30mLevel 1[0m create_file_with_runtime_dependencies(/home/nuc/ros2_workspace/data_collection_ws/install/open_cyber_glove_ros2/share/colcon-core/packages/open_cyber_glove_ros2)
[2.691s] [34mcolcon.colcon_ros.task.ament_python.build[0m [1;30mINFO[0m Building ROS package in '/home/nuc/ros2_workspace/data_collection_ws/src/tracker_bridge' with build type 'ament_python'
[2.691s] [34mcolcon.colcon_core.shell[0m [1;30mLevel 1[0m create_environment_hook('tracker_bridge', 'ament_prefix_path')
[2.691s] [34mcolcon.colcon_core.shell[0m [1;30mINFO[0m Creating environment hook '/home/nuc/ros2_workspace/data_collection_ws/install/tracker_bridge/share/tracker_bridge/hook/ament_prefix_path.ps1'
[2.691s] [34mcolcon.colcon_core.shell[0m [1;30mINFO[0m Creating environment descriptor '/home/nuc/ros2_workspace/data_collection_ws/install/tracker_bridge/share/tracker_bridge/hook/ament_prefix_path.dsv'
[2.692s] [34mcolcon.colcon_core.shell[0m [1;30mINFO[0m Creating environment hook '/home/nuc/ros2_workspace/data_collection_ws/install/tracker_bridge/share/tracker_bridge/hook/ament_prefix_path.sh'
[2.692s] [34mcolcon.colcon_core.shell[0m [1;30mINFO[0m Skip shell extension 'powershell' for command environment: Not usable outside of PowerShell
[2.692s] [34mcolcon.colcon_core.shell[0m [1;30mDEBUG[0m [32mSkip shell extension 'dsv' for command environment[0m
[2.962s] [34mcolcon.colcon_core.task.python.build[0m [1;30mINFO[0m Building Python package in '/home/nuc/ros2_workspace/data_collection_ws/src/tracker_bridge'
[2.963s] [34mcolcon.colcon_core.shell[0m [1;30mINFO[0m Skip shell extension 'powershell' for command environment: Not usable outside of PowerShell
[2.963s] [34mcolcon.colcon_core.shell[0m [1;30mDEBUG[0m [32mSkip shell extension 'dsv' for command environment[0m
[2.970s] [34mcolcon.colcon_core.event_handler.log_command[0m [1;30mDEBUG[0m [32mInvoking command in '/home/nuc/ros2_workspace/data_collection_ws/src/piper_teleop': PYTHONPATH=/home/nuc/ros2_workspace/data_collection_ws/build/piper_teleop/prefix_override:/usr/lib/python3/dist-packages/colcon_core/task/python/colcon_distutils_commands:/home/nuc/ros2_workspace/data_collection_ws/install/piper_teleop/lib/python3.10/site-packages:${PYTHONPATH} /usr/bin/python3 -W ignore:setup.py install is deprecated -W ignore:easy_install command is deprecated setup.py egg_info --egg-base ../../build/piper_teleop build --build-base /home/nuc/ros2_workspace/data_collection_ws/build/piper_teleop/build install --record /home/nuc/ros2_workspace/data_collection_ws/build/piper_teleop/install.log --single-version-externally-managed install_data[0m
[3.225s] [34mcolcon.colcon_core.environment[0m [1;30mLevel 1[0m checking '/home/nuc/ros2_workspace/data_collection_ws/install/piper_teleop' for CMake module files
[3.225s] [34mcolcon.colcon_core.event_handler.log_command[0m [1;30mDEBUG[0m [32mInvoked command in '/home/nuc/ros2_workspace/data_collection_ws/src/piper_teleop' returned '0': PYTHONPATH=/home/nuc/ros2_workspace/data_collection_ws/build/piper_teleop/prefix_override:/usr/lib/python3/dist-packages/colcon_core/task/python/colcon_distutils_commands:/home/nuc/ros2_workspace/data_collection_ws/install/piper_teleop/lib/python3.10/site-packages:${PYTHONPATH} /usr/bin/python3 -W ignore:setup.py install is deprecated -W ignore:easy_install command is deprecated setup.py egg_info --egg-base ../../build/piper_teleop build --build-base /home/nuc/ros2_workspace/data_collection_ws/build/piper_teleop/build install --record /home/nuc/ros2_workspace/data_collection_ws/build/piper_teleop/install.log --single-version-externally-managed install_data[0m
[3.226s] [34mcolcon.colcon_core.environment[0m [1;30mLevel 1[0m checking '/home/nuc/ros2_workspace/data_collection_ws/install/piper_teleop' for CMake config files
[3.226s] [34mcolcon.colcon_core.environment[0m [1;30mLevel 1[0m checking '/home/nuc/ros2_workspace/data_collection_ws/install/piper_teleop/lib'
[3.226s] [34mcolcon.colcon_core.environment[0m [1;30mLevel 1[0m checking '/home/nuc/ros2_workspace/data_collection_ws/install/piper_teleop/bin'
[3.226s] [34mcolcon.colcon_core.environment[0m [1;30mLevel 1[0m checking '/home/nuc/ros2_workspace/data_collection_ws/install/piper_teleop/lib/pkgconfig/piper_teleop.pc'
[3.226s] [34mcolcon.colcon_core.environment[0m [1;30mLevel 1[0m checking '/home/nuc/ros2_workspace/data_collection_ws/install/piper_teleop/lib/python3.10/site-packages'
[3.226s] [34mcolcon.colcon_core.shell[0m [1;30mLevel 1[0m create_environment_hook('piper_teleop', 'pythonpath')
[3.227s] [34mcolcon.colcon_core.shell[0m [1;30mINFO[0m Creating environment hook '/home/nuc/ros2_workspace/data_collection_ws/install/piper_teleop/share/piper_teleop/hook/pythonpath.ps1'
[3.227s] [34mcolcon.colcon_core.shell[0m [1;30mINFO[0m Creating environment descriptor '/home/nuc/ros2_workspace/data_collection_ws/install/piper_teleop/share/piper_teleop/hook/pythonpath.dsv'
[3.228s] [34mcolcon.colcon_core.shell[0m [1;30mINFO[0m Creating environment hook '/home/nuc/ros2_workspace/data_collection_ws/install/piper_teleop/share/piper_teleop/hook/pythonpath.sh'
[3.230s] [34mcolcon.colcon_core.environment[0m [1;30mLevel 1[0m checking '/home/nuc/ros2_workspace/data_collection_ws/install/piper_teleop/bin'
[3.230s] [34mcolcon.colcon_core.environment[0m [1;30mLevel 1[0m create_environment_scripts_only(piper_teleop)
[3.230s] [34mcolcon.colcon_core.shell[0m [1;30mINFO[0m Creating package script '/home/nuc/ros2_workspace/data_collection_ws/install/piper_teleop/share/piper_teleop/package.ps1'
[3.230s] [34mcolcon.colcon_core.shell[0m [1;30mINFO[0m Creating package descriptor '/home/nuc/ros2_workspace/data_collection_ws/install/piper_teleop/share/piper_teleop/package.dsv'
[3.231s] [34mcolcon.colcon_core.shell[0m [1;30mINFO[0m Creating package script '/home/nuc/ros2_workspace/data_collection_ws/install/piper_teleop/share/piper_teleop/package.sh'
[3.231s] [34mcolcon.colcon_core.shell[0m [1;30mINFO[0m Creating package script '/home/nuc/ros2_workspace/data_collection_ws/install/piper_teleop/share/piper_teleop/package.bash'
[3.231s] [34mcolcon.colcon_core.shell[0m [1;30mINFO[0m Creating package script '/home/nuc/ros2_workspace/data_collection_ws/install/piper_teleop/share/piper_teleop/package.zsh'
[3.231s] [34mcolcon.colcon_core.environment[0m [1;30mLevel 1[0m create_file_with_runtime_dependencies(/home/nuc/ros2_workspace/data_collection_ws/install/piper_teleop/share/colcon-core/packages/piper_teleop)
[3.232s] [34mcolcon.colcon_ros.task.ament_python.build[0m [1;30mINFO[0m Building ROS package in '/home/nuc/ros2_workspace/data_collection_ws/src/data_recorder_ros2' with build type 'ament_python'
[3.232s] [34mcolcon.colcon_core.shell[0m [1;30mLevel 1[0m create_environment_hook('data_recorder_ros2', 'ament_prefix_path')
[3.232s] [34mcolcon.colcon_core.shell[0m [1;30mINFO[0m Creating environment hook '/home/nuc/ros2_workspace/data_collection_ws/install/data_recorder_ros2/share/data_recorder_ros2/hook/ament_prefix_path.ps1'
[3.234s] [34mcolcon.colcon_core.shell[0m [1;30mINFO[0m Creating environment descriptor '/home/nuc/ros2_workspace/data_collection_ws/install/data_recorder_ros2/share/data_recorder_ros2/hook/ament_prefix_path.dsv'
[3.235s] [34mcolcon.colcon_core.shell[0m [1;30mINFO[0m Creating environment hook '/home/nuc/ros2_workspace/data_collection_ws/install/data_recorder_ros2/share/data_recorder_ros2/hook/ament_prefix_path.sh'
[3.235s] [34mcolcon.colcon_core.shell[0m [1;30mINFO[0m Skip shell extension 'powershell' for command environment: Not usable outside of PowerShell
[3.235s] [34mcolcon.colcon_core.shell[0m [1;30mDEBUG[0m [32mSkip shell extension 'dsv' for command environment[0m
[3.466s] [34mcolcon.colcon_core.task.python.build[0m [1;30mINFO[0m Building Python package in '/home/nuc/ros2_workspace/data_collection_ws/src/data_recorder_ros2'
[3.466s] [34mcolcon.colcon_core.shell[0m [1;30mINFO[0m Skip shell extension 'powershell' for command environment: Not usable outside of PowerShell
[3.466s] [34mcolcon.colcon_core.shell[0m [1;30mDEBUG[0m [32mSkip shell extension 'dsv' for command environment[0m
[3.473s] [34mcolcon.colcon_core.event_handler.log_command[0m [1;30mDEBUG[0m [32mInvoking command in '/home/nuc/ros2_workspace/data_collection_ws/src/tracker_bridge': PYTHONPATH=/home/nuc/ros2_workspace/data_collection_ws/build/tracker_bridge/prefix_override:/usr/lib/python3/dist-packages/colcon_core/task/python/colcon_distutils_commands:/home/nuc/ros2_workspace/data_collection_ws/install/tracker_bridge/lib/python3.10/site-packages:${PYTHONPATH} /usr/bin/python3 -W ignore:setup.py install is deprecated -W ignore:easy_install command is deprecated setup.py egg_info --egg-base ../../build/tracker_bridge build --build-base /home/nuc/ros2_workspace/data_collection_ws/build/tracker_bridge/build install --record /home/nuc/ros2_workspace/data_collection_ws/build/tracker_bridge/install.log --single-version-externally-managed install_data[0m
[3.771s] [34mcolcon.colcon_core.event_handler.log_command[0m [1;30mDEBUG[0m [32mInvoking command in '/home/nuc/ros2_workspace/data_collection_ws/build/data_recorder_ros2': PYTHONPATH=/home/nuc/ros2_workspace/data_collection_ws/build/data_recorder_ros2/prefix_override:/usr/lib/python3/dist-packages/colcon_core/task/python/colcon_distutils_commands:/home/nuc/ros2_workspace/data_collection_ws/install/data_recorder_ros2/lib/python3.10/site-packages:${PYTHONPATH} /usr/bin/python3 -W ignore:setup.py install is deprecated -W ignore:easy_install command is deprecated setup.py develop --uninstall --editable --build-directory /home/nuc/ros2_workspace/data_collection_ws/build/data_recorder_ros2/build[0m
[3.830s] [34mcolcon.colcon_core.environment[0m [1;30mLevel 1[0m checking '/home/nuc/ros2_workspace/data_collection_ws/install/tracker_bridge' for CMake module files
[3.831s] [34mcolcon.colcon_core.event_handler.log_command[0m [1;30mDEBUG[0m [32mInvoked command in '/home/nuc/ros2_workspace/data_collection_ws/src/tracker_bridge' returned '0': PYTHONPATH=/home/nuc/ros2_workspace/data_collection_ws/build/tracker_bridge/prefix_override:/usr/lib/python3/dist-packages/colcon_core/task/python/colcon_distutils_commands:/home/nuc/ros2_workspace/data_collection_ws/install/tracker_bridge/lib/python3.10/site-packages:${PYTHONPATH} /usr/bin/python3 -W ignore:setup.py install is deprecated -W ignore:easy_install command is deprecated setup.py egg_info --egg-base ../../build/tracker_bridge build --build-base /home/nuc/ros2_workspace/data_collection_ws/build/tracker_bridge/build install --record /home/nuc/ros2_workspace/data_collection_ws/build/tracker_bridge/install.log --single-version-externally-managed install_data[0m
[3.832s] [34mcolcon.colcon_core.environment[0m [1;30mLevel 1[0m checking '/home/nuc/ros2_workspace/data_collection_ws/install/tracker_bridge' for CMake config files
[3.832s] [34mcolcon.colcon_core.environment[0m [1;30mLevel 1[0m checking '/home/nuc/ros2_workspace/data_collection_ws/install/tracker_bridge/lib'
[3.832s] [34mcolcon.colcon_core.environment[0m [1;30mLevel 1[0m checking '/home/nuc/ros2_workspace/data_collection_ws/install/tracker_bridge/bin'
[3.832s] [34mcolcon.colcon_core.environment[0m [1;30mLevel 1[0m checking '/home/nuc/ros2_workspace/data_collection_ws/install/tracker_bridge/lib/pkgconfig/tracker_bridge.pc'
[3.832s] [34mcolcon.colcon_core.environment[0m [1;30mLevel 1[0m checking '/home/nuc/ros2_workspace/data_collection_ws/install/tracker_bridge/lib/python3.10/site-packages'
[3.832s] [34mcolcon.colcon_core.shell[0m [1;30mLevel 1[0m create_environment_hook('tracker_bridge', 'pythonpath')
[3.832s] [34mcolcon.colcon_core.shell[0m [1;30mINFO[0m Creating environment hook '/home/nuc/ros2_workspace/data_collection_ws/install/tracker_bridge/share/tracker_bridge/hook/pythonpath.ps1'
[3.833s] [34mcolcon.colcon_core.shell[0m [1;30mINFO[0m Creating environment descriptor '/home/nuc/ros2_workspace/data_collection_ws/install/tracker_bridge/share/tracker_bridge/hook/pythonpath.dsv'
[3.833s] [34mcolcon.colcon_core.shell[0m [1;30mINFO[0m Creating environment hook '/home/nuc/ros2_workspace/data_collection_ws/install/tracker_bridge/share/tracker_bridge/hook/pythonpath.sh'
[3.834s] [34mcolcon.colcon_core.environment[0m [1;30mLevel 1[0m checking '/home/nuc/ros2_workspace/data_collection_ws/install/tracker_bridge/bin'
[3.834s] [34mcolcon.colcon_core.environment[0m [1;30mLevel 1[0m create_environment_scripts_only(tracker_bridge)
[3.834s] [34mcolcon.colcon_core.shell[0m [1;30mINFO[0m Creating package script '/home/nuc/ros2_workspace/data_collection_ws/install/tracker_bridge/share/tracker_bridge/package.ps1'
[3.834s] [34mcolcon.colcon_core.shell[0m [1;30mINFO[0m Creating package descriptor '/home/nuc/ros2_workspace/data_collection_ws/install/tracker_bridge/share/tracker_bridge/package.dsv'
[3.834s] [34mcolcon.colcon_core.shell[0m [1;30mINFO[0m Creating package script '/home/nuc/ros2_workspace/data_collection_ws/install/tracker_bridge/share/tracker_bridge/package.sh'
[3.835s] [34mcolcon.colcon_core.shell[0m [1;30mINFO[0m Creating package script '/home/nuc/ros2_workspace/data_collection_ws/install/tracker_bridge/share/tracker_bridge/package.bash'
[3.835s] [34mcolcon.colcon_core.shell[0m [1;30mINFO[0m Creating package script '/home/nuc/ros2_workspace/data_collection_ws/install/tracker_bridge/share/tracker_bridge/package.zsh'
[3.836s] [34mcolcon.colcon_core.environment[0m [1;30mLevel 1[0m create_file_with_runtime_dependencies(/home/nuc/ros2_workspace/data_collection_ws/install/tracker_bridge/share/colcon-core/packages/tracker_bridge)
[4.116s] [34mcolcon.colcon_core.event_handler.log_command[0m [1;30mDEBUG[0m [32mInvoked command in '/home/nuc/ros2_workspace/data_collection_ws/build/data_recorder_ros2' returned '0': PYTHONPATH=/home/nuc/ros2_workspace/data_collection_ws/build/data_recorder_ros2/prefix_override:/usr/lib/python3/dist-packages/colcon_core/task/python/colcon_distutils_commands:/home/nuc/ros2_workspace/data_collection_ws/install/data_recorder_ros2/lib/python3.10/site-packages:${PYTHONPATH} /usr/bin/python3 -W ignore:setup.py install is deprecated -W ignore:easy_install command is deprecated setup.py develop --uninstall --editable --build-directory /home/nuc/ros2_workspace/data_collection_ws/build/data_recorder_ros2/build[0m
[4.117s] [34mcolcon.colcon_core.event_handler.log_command[0m [1;30mDEBUG[0m [32mInvoking command in '/home/nuc/ros2_workspace/data_collection_ws/src/data_recorder_ros2': PYTHONPATH=/home/nuc/ros2_workspace/data_collection_ws/build/data_recorder_ros2/prefix_override:/usr/lib/python3/dist-packages/colcon_core/task/python/colcon_distutils_commands:/home/nuc/ros2_workspace/data_collection_ws/install/data_recorder_ros2/lib/python3.10/site-packages:${PYTHONPATH} /usr/bin/python3 -W ignore:setup.py install is deprecated -W ignore:easy_install command is deprecated setup.py egg_info --egg-base ../../build/data_recorder_ros2 build --build-base /home/nuc/ros2_workspace/data_collection_ws/build/data_recorder_ros2/build install --record /home/nuc/ros2_workspace/data_collection_ws/build/data_recorder_ros2/install.log --single-version-externally-managed install_data --force[0m
[4.411s] [34mcolcon.colcon_core.environment[0m [1;30mLevel 1[0m checking '/home/nuc/ros2_workspace/data_collection_ws/install/data_recorder_ros2' for CMake module files
[4.411s] [34mcolcon.colcon_core.environment[0m [1;30mLevel 1[0m checking '/home/nuc/ros2_workspace/data_collection_ws/install/data_recorder_ros2' for CMake config files
[4.412s] [34mcolcon.colcon_core.environment[0m [1;30mLevel 1[0m checking '/home/nuc/ros2_workspace/data_collection_ws/install/data_recorder_ros2/lib'
[4.412s] [34mcolcon.colcon_core.environment[0m [1;30mLevel 1[0m checking '/home/nuc/ros2_workspace/data_collection_ws/install/data_recorder_ros2/bin'
[4.412s] [34mcolcon.colcon_core.environment[0m [1;30mLevel 1[0m checking '/home/nuc/ros2_workspace/data_collection_ws/install/data_recorder_ros2/lib/pkgconfig/data_recorder_ros2.pc'
[4.412s] [34mcolcon.colcon_core.environment[0m [1;30mLevel 1[0m checking '/home/nuc/ros2_workspace/data_collection_ws/install/data_recorder_ros2/lib/python3.10/site-packages'
[4.412s] [34mcolcon.colcon_core.shell[0m [1;30mLevel 1[0m create_environment_hook('data_recorder_ros2', 'pythonpath')
[4.412s] [34mcolcon.colcon_core.shell[0m [1;30mINFO[0m Creating environment hook '/home/nuc/ros2_workspace/data_collection_ws/install/data_recorder_ros2/share/data_recorder_ros2/hook/pythonpath.ps1'
[4.414s] [34mcolcon.colcon_core.event_handler.log_command[0m [1;30mDEBUG[0m [32mInvoked command in '/home/nuc/ros2_workspace/data_collection_ws/src/data_recorder_ros2' returned '0': PYTHONPATH=/home/nuc/ros2_workspace/data_collection_ws/build/data_recorder_ros2/prefix_override:/usr/lib/python3/dist-packages/colcon_core/task/python/colcon_distutils_commands:/home/nuc/ros2_workspace/data_collection_ws/install/data_recorder_ros2/lib/python3.10/site-packages:${PYTHONPATH} /usr/bin/python3 -W ignore:setup.py install is deprecated -W ignore:easy_install command is deprecated setup.py egg_info --egg-base ../../build/data_recorder_ros2 build --build-base /home/nuc/ros2_workspace/data_collection_ws/build/data_recorder_ros2/build install --record /home/nuc/ros2_workspace/data_collection_ws/build/data_recorder_ros2/install.log --single-version-externally-managed install_data --force[0m
[4.414s] [34mcolcon.colcon_core.shell[0m [1;30mINFO[0m Creating environment descriptor '/home/nuc/ros2_workspace/data_collection_ws/install/data_recorder_ros2/share/data_recorder_ros2/hook/pythonpath.dsv'
[4.414s] [34mcolcon.colcon_core.shell[0m [1;30mINFO[0m Creating environment hook '/home/nuc/ros2_workspace/data_collection_ws/install/data_recorder_ros2/share/data_recorder_ros2/hook/pythonpath.sh'
[4.415s] [34mcolcon.colcon_core.environment[0m [1;30mLevel 1[0m checking '/home/nuc/ros2_workspace/data_collection_ws/install/data_recorder_ros2/bin'
[4.415s] [34mcolcon.colcon_core.environment[0m [1;30mLevel 1[0m create_environment_scripts_only(data_recorder_ros2)
[4.415s] [34mcolcon.colcon_core.shell[0m [1;30mINFO[0m Creating package script '/home/nuc/ros2_workspace/data_collection_ws/install/data_recorder_ros2/share/data_recorder_ros2/package.ps1'
[4.415s] [34mcolcon.colcon_core.shell[0m [1;30mINFO[0m Creating package descriptor '/home/nuc/ros2_workspace/data_collection_ws/install/data_recorder_ros2/share/data_recorder_ros2/package.dsv'
[4.416s] [34mcolcon.colcon_core.shell[0m [1;30mINFO[0m Creating package script '/home/nuc/ros2_workspace/data_collection_ws/install/data_recorder_ros2/share/data_recorder_ros2/package.sh'
[4.416s] [34mcolcon.colcon_core.shell[0m [1;30mINFO[0m Creating package script '/home/nuc/ros2_workspace/data_collection_ws/install/data_recorder_ros2/share/data_recorder_ros2/package.bash'
[4.416s] [34mcolcon.colcon_core.shell[0m [1;30mINFO[0m Creating package script '/home/nuc/ros2_workspace/data_collection_ws/install/data_recorder_ros2/share/data_recorder_ros2/package.zsh'
[4.416s] [34mcolcon.colcon_core.environment[0m [1;30mLevel 1[0m create_file_with_runtime_dependencies(/home/nuc/ros2_workspace/data_collection_ws/install/data_recorder_ros2/share/colcon-core/packages/data_recorder_ros2)
[4.417s] [34mcolcon.colcon_parallel_executor.executor.parallel[0m [1;30mDEBUG[0m [32mclosing loop[0m
[4.417s] [34mcolcon.colcon_parallel_executor.executor.parallel[0m [1;30mDEBUG[0m [32mloop closed[0m
[4.417s] [34mcolcon.colcon_parallel_executor.executor.parallel[0m [1;30mDEBUG[0m [32mrun_until_complete finished with '0'[0m
[4.417s] [34mcolcon.colcon_core.event_reactor[0m [1;30mDEBUG[0m [32mjoining thread[0m
[4.422s] [34mcolcon.colcon_core.plugin_system[0m [1;30mINFO[0m Skipping extension 'colcon_notification.desktop_notification.terminal_notifier': Not used on non-Darwin systems
[4.422s] [34mcolcon.colcon_core.plugin_system[0m [1;30mINFO[0m Skipping extension 'colcon_notification.desktop_notification.win32': Not used on non-Windows systems
[4.422s] [34mcolcon.colcon_notification.desktop_notification[0m [1;30mINFO[0m Sending desktop notification using 'notify2'
[4.435s] [34mcolcon.colcon_core.event_reactor[0m [1;30mDEBUG[0m [32mjoined thread[0m
[4.436s] [34mcolcon.colcon_core.shell[0m [1;30mINFO[0m Creating prefix script '/home/nuc/ros2_workspace/data_collection_ws/install/local_setup.ps1'
[4.437s] [34mcolcon.colcon_core.shell[0m [1;30mINFO[0m Creating prefix util module '/home/nuc/ros2_workspace/data_collection_ws/install/_local_setup_util_ps1.py'
[4.438s] [34mcolcon.colcon_core.shell[0m [1;30mINFO[0m Creating prefix chain script '/home/nuc/ros2_workspace/data_collection_ws/install/setup.ps1'
[4.439s] [34mcolcon.colcon_core.shell[0m [1;30mINFO[0m Creating prefix script '/home/nuc/ros2_workspace/data_collection_ws/install/local_setup.sh'
[4.439s] [34mcolcon.colcon_core.shell[0m [1;30mINFO[0m Creating prefix util module '/home/nuc/ros2_workspace/data_collection_ws/install/_local_setup_util_sh.py'
[4.439s] [34mcolcon.colcon_core.shell[0m [1;30mINFO[0m Creating prefix chain script '/home/nuc/ros2_workspace/data_collection_ws/install/setup.sh'
[4.441s] [34mcolcon.colcon_core.shell[0m [1;30mINFO[0m Creating prefix script '/home/nuc/ros2_workspace/data_collection_ws/install/local_setup.bash'
[4.441s] [34mcolcon.colcon_core.shell[0m [1;30mINFO[0m Creating prefix chain script '/home/nuc/ros2_workspace/data_collection_ws/install/setup.bash'
[4.442s] [34mcolcon.colcon_core.shell[0m [1;30mINFO[0m Creating prefix script '/home/nuc/ros2_workspace/data_collection_ws/install/local_setup.zsh'
[4.443s] [34mcolcon.colcon_core.shell[0m [1;30mINFO[0m Creating prefix chain script '/home/nuc/ros2_workspace/data_collection_ws/install/setup.zsh'
