[0.677s] Invoking command in '/home/nuc/ros2_workspace/data_collection_ws/src/data_recorder_ros2': PYTHONPATH=/home/nuc/ros2_workspace/data_collection_ws/build/data_recorder_ros2/prefix_override:/usr/lib/python3/dist-packages/colcon_core/task/python/colcon_distutils_commands:/home/nuc/ros2_workspace/data_collection_ws/install/data_recorder_ros2/lib/python3.10/site-packages:${PYTHONPATH} /usr/bin/python3 -W ignore:setup.py install is deprecated -W ignore:easy_install command is deprecated setup.py egg_info --egg-base ../../build/data_recorder_ros2 build --build-base /home/nuc/ros2_workspace/data_collection_ws/build/data_recorder_ros2/build install --record /home/nuc/ros2_workspace/data_collection_ws/build/data_recorder_ros2/install.log --single-version-externally-managed install_data
[0.855s] running egg_info
[0.855s] creating ../../build/data_recorder_ros2/data_recorder_ros2.egg-info
[0.855s] writing ../../build/data_recorder_ros2/data_recorder_ros2.egg-info/PKG-INFO
[0.855s] writing dependency_links to ../../build/data_recorder_ros2/data_recorder_ros2.egg-info/dependency_links.txt
[0.855s] writing entry points to ../../build/data_recorder_ros2/data_recorder_ros2.egg-info/entry_points.txt
[0.855s] writing requirements to ../../build/data_recorder_ros2/data_recorder_ros2.egg-info/requires.txt
[0.855s] writing top-level names to ../../build/data_recorder_ros2/data_recorder_ros2.egg-info/top_level.txt
[0.855s] writing manifest file '../../build/data_recorder_ros2/data_recorder_ros2.egg-info/SOURCES.txt'
[0.856s] reading manifest file '../../build/data_recorder_ros2/data_recorder_ros2.egg-info/SOURCES.txt'
[0.856s] reading manifest template 'MANIFEST.in'
[0.857s] writing manifest file '../../build/data_recorder_ros2/data_recorder_ros2.egg-info/SOURCES.txt'
[0.857s] running build
[0.857s] running build_py
[0.857s] creating /home/nuc/ros2_workspace/data_collection_ws/build/data_recorder_ros2/build
[0.857s] creating /home/nuc/ros2_workspace/data_collection_ws/build/data_recorder_ros2/build/lib
[0.857s] creating /home/nuc/ros2_workspace/data_collection_ws/build/data_recorder_ros2/build/lib/data_recorder_ros2
[0.857s] copying data_recorder_ros2/__init__.py -> /home/nuc/ros2_workspace/data_collection_ws/build/data_recorder_ros2/build/lib/data_recorder_ros2
[0.857s] copying data_recorder_ros2/recorder_service.py -> /home/nuc/ros2_workspace/data_collection_ws/build/data_recorder_ros2/build/lib/data_recorder_ros2
[0.857s] copying data_recorder_ros2/anheng_scale_node.py -> /home/nuc/ros2_workspace/data_collection_ws/build/data_recorder_ros2/build/lib/data_recorder_ros2
[0.857s] copying data_recorder_ros2/heartbeat_publisher.py -> /home/nuc/ros2_workspace/data_collection_ws/build/data_recorder_ros2/build/lib/data_recorder_ros2
[0.858s] running install
[0.858s] running install_lib
[0.858s] creating /home/nuc/ros2_workspace/data_collection_ws/install/data_recorder_ros2/lib/python3.10/site-packages/data_recorder_ros2
[0.858s] copying /home/nuc/ros2_workspace/data_collection_ws/build/data_recorder_ros2/build/lib/data_recorder_ros2/__init__.py -> /home/nuc/ros2_workspace/data_collection_ws/install/data_recorder_ros2/lib/python3.10/site-packages/data_recorder_ros2
[0.859s] copying /home/nuc/ros2_workspace/data_collection_ws/build/data_recorder_ros2/build/lib/data_recorder_ros2/recorder_service.py -> /home/nuc/ros2_workspace/data_collection_ws/install/data_recorder_ros2/lib/python3.10/site-packages/data_recorder_ros2
[0.859s] copying /home/nuc/ros2_workspace/data_collection_ws/build/data_recorder_ros2/build/lib/data_recorder_ros2/anheng_scale_node.py -> /home/nuc/ros2_workspace/data_collection_ws/install/data_recorder_ros2/lib/python3.10/site-packages/data_recorder_ros2
[0.859s] copying /home/nuc/ros2_workspace/data_collection_ws/build/data_recorder_ros2/build/lib/data_recorder_ros2/heartbeat_publisher.py -> /home/nuc/ros2_workspace/data_collection_ws/install/data_recorder_ros2/lib/python3.10/site-packages/data_recorder_ros2
[0.859s] byte-compiling /home/nuc/ros2_workspace/data_collection_ws/install/data_recorder_ros2/lib/python3.10/site-packages/data_recorder_ros2/__init__.py to __init__.cpython-310.pyc
[0.859s] byte-compiling /home/nuc/ros2_workspace/data_collection_ws/install/data_recorder_ros2/lib/python3.10/site-packages/data_recorder_ros2/recorder_service.py to recorder_service.cpython-310.pyc
[0.859s] byte-compiling /home/nuc/ros2_workspace/data_collection_ws/install/data_recorder_ros2/lib/python3.10/site-packages/data_recorder_ros2/anheng_scale_node.py to anheng_scale_node.cpython-310.pyc
[0.860s] byte-compiling /home/nuc/ros2_workspace/data_collection_ws/install/data_recorder_ros2/lib/python3.10/site-packages/data_recorder_ros2/heartbeat_publisher.py to heartbeat_publisher.cpython-310.pyc
[0.860s] running install_data
[0.861s] creating /home/nuc/ros2_workspace/data_collection_ws/install/data_recorder_ros2/share/ament_index
[0.861s] creating /home/nuc/ros2_workspace/data_collection_ws/install/data_recorder_ros2/share/ament_index/resource_index
[0.861s] creating /home/nuc/ros2_workspace/data_collection_ws/install/data_recorder_ros2/share/ament_index/resource_index/packages
[0.861s] copying resource/data_recorder_ros2 -> /home/nuc/ros2_workspace/data_collection_ws/install/data_recorder_ros2/share/ament_index/resource_index/packages
[0.861s] copying package.xml -> /home/nuc/ros2_workspace/data_collection_ws/install/data_recorder_ros2/share/data_recorder_ros2
[0.861s] creating /home/nuc/ros2_workspace/data_collection_ws/install/data_recorder_ros2/share/data_recorder_ros2/launch
[0.861s] copying launch/scale.launch.py -> /home/nuc/ros2_workspace/data_collection_ws/install/data_recorder_ros2/share/data_recorder_ros2/launch
[0.861s] copying launch/recorder.launch.py -> /home/nuc/ros2_workspace/data_collection_ws/install/data_recorder_ros2/share/data_recorder_ros2/launch
[0.861s] copying launch/data_recorder_bringup.launch.py -> /home/nuc/ros2_workspace/data_collection_ws/install/data_recorder_ros2/share/data_recorder_ros2/launch
[0.861s] copying launch/rs_d435i.launch.py -> /home/nuc/ros2_workspace/data_collection_ws/install/data_recorder_ros2/share/data_recorder_ros2/launch
[0.861s] copying launch/usb_camera.launch.py -> /home/nuc/ros2_workspace/data_collection_ws/install/data_recorder_ros2/share/data_recorder_ros2/launch
[0.862s] creating /home/nuc/ros2_workspace/data_collection_ws/install/data_recorder_ros2/share/data_recorder_ros2/config
[0.862s] copying config/camera1.yaml -> /home/nuc/ros2_workspace/data_collection_ws/install/data_recorder_ros2/share/data_recorder_ros2/config
[0.862s] copying config/camera2.yaml -> /home/nuc/ros2_workspace/data_collection_ws/install/data_recorder_ros2/share/data_recorder_ros2/config
[0.862s] running install_egg_info
[0.864s] Copying ../../build/data_recorder_ros2/data_recorder_ros2.egg-info to /home/nuc/ros2_workspace/data_collection_ws/install/data_recorder_ros2/lib/python3.10/site-packages/data_recorder_ros2-0.1.0-py3.10.egg-info
[0.864s] running install_scripts
[0.880s] Installing anheng_scale_node script to /home/nuc/ros2_workspace/data_collection_ws/install/data_recorder_ros2/lib/data_recorder_ros2
[0.880s] Installing heartbeat_publisher script to /home/nuc/ros2_workspace/data_collection_ws/install/data_recorder_ros2/lib/data_recorder_ros2
[0.880s] Installing recorder_service script to /home/nuc/ros2_workspace/data_collection_ws/install/data_recorder_ros2/lib/data_recorder_ros2
[0.880s] writing list of installed files to '/home/nuc/ros2_workspace/data_collection_ws/build/data_recorder_ros2/install.log'
[0.897s] Invoked command in '/home/nuc/ros2_workspace/data_collection_ws/src/data_recorder_ros2' returned '0': PYTHONPATH=/home/nuc/ros2_workspace/data_collection_ws/build/data_recorder_ros2/prefix_override:/usr/lib/python3/dist-packages/colcon_core/task/python/colcon_distutils_commands:/home/nuc/ros2_workspace/data_collection_ws/install/data_recorder_ros2/lib/python3.10/site-packages:${PYTHONPATH} /usr/bin/python3 -W ignore:setup.py install is deprecated -W ignore:easy_install command is deprecated setup.py egg_info --egg-base ../../build/data_recorder_ros2 build --build-base /home/nuc/ros2_workspace/data_collection_ws/build/data_recorder_ros2/build install --record /home/nuc/ros2_workspace/data_collection_ws/build/data_recorder_ros2/install.log --single-version-externally-managed install_data
