[0.642s] Invoking command in '/home/nuc/ros2_workspace/data_collection_ws/src/open_cyber_glove': PYTHONPATH=/home/nuc/ros2_workspace/data_collection_ws/build/open_cyber_glove/prefix_override:/usr/lib/python3/dist-packages/colcon_core/task/python/colcon_distutils_commands:/home/nuc/ros2_workspace/data_collection_ws/install/open_cyber_glove/lib/python3.10/site-packages:${PYTHONPATH} /usr/bin/python3 -W ignore:setup.py install is deprecated -W ignore:easy_install command is deprecated setup.py egg_info --egg-base ../../build/open_cyber_glove build --build-base /home/nuc/ros2_workspace/data_collection_ws/build/open_cyber_glove/build install --record /home/nuc/ros2_workspace/data_collection_ws/build/open_cyber_glove/install.log --single-version-externally-managed
[0.873s] running egg_info
[0.873s] creating ../../build/open_cyber_glove/open_cyber_glove.egg-info
[0.873s] writing ../../build/open_cyber_glove/open_cyber_glove.egg-info/PKG-INFO
[0.873s] writing dependency_links to ../../build/open_cyber_glove/open_cyber_glove.egg-info/dependency_links.txt
[0.873s] writing requirements to ../../build/open_cyber_glove/open_cyber_glove.egg-info/requires.txt
[0.874s] writing top-level names to ../../build/open_cyber_glove/open_cyber_glove.egg-info/top_level.txt
[0.874s] writing manifest file '../../build/open_cyber_glove/open_cyber_glove.egg-info/SOURCES.txt'
[0.874s] reading manifest file '../../build/open_cyber_glove/open_cyber_glove.egg-info/SOURCES.txt'
[0.875s] adding license file 'LICENSE'
[0.875s] writing manifest file '../../build/open_cyber_glove/open_cyber_glove.egg-info/SOURCES.txt'
[0.875s] running build
[0.875s] running build_py
[0.875s] creating /home/nuc/ros2_workspace/data_collection_ws/build/open_cyber_glove/build
[0.876s] creating /home/nuc/ros2_workspace/data_collection_ws/build/open_cyber_glove/build/lib
[0.876s] creating /home/nuc/ros2_workspace/data_collection_ws/build/open_cyber_glove/build/lib/open_cyber_glove
[0.876s] copying open_cyber_glove/__init__.py -> /home/nuc/ros2_workspace/data_collection_ws/build/open_cyber_glove/build/lib/open_cyber_glove
[0.876s] copying open_cyber_glove/sdk.py -> /home/nuc/ros2_workspace/data_collection_ws/build/open_cyber_glove/build/lib/open_cyber_glove
[0.876s] copying open_cyber_glove/utils.py -> /home/nuc/ros2_workspace/data_collection_ws/build/open_cyber_glove/build/lib/open_cyber_glove
[0.876s] copying open_cyber_glove/glove.py -> /home/nuc/ros2_workspace/data_collection_ws/build/open_cyber_glove/build/lib/open_cyber_glove
[0.876s] copying open_cyber_glove/visualizer.py -> /home/nuc/ros2_workspace/data_collection_ws/build/open_cyber_glove/build/lib/open_cyber_glove
[0.877s] running install
[0.879s] running install_lib
[0.879s] creating /home/nuc/ros2_workspace/data_collection_ws/install/open_cyber_glove/lib/python3.10/site-packages/open_cyber_glove
[0.879s] copying /home/nuc/ros2_workspace/data_collection_ws/build/open_cyber_glove/build/lib/open_cyber_glove/__init__.py -> /home/nuc/ros2_workspace/data_collection_ws/install/open_cyber_glove/lib/python3.10/site-packages/open_cyber_glove
[0.879s] copying /home/nuc/ros2_workspace/data_collection_ws/build/open_cyber_glove/build/lib/open_cyber_glove/sdk.py -> /home/nuc/ros2_workspace/data_collection_ws/install/open_cyber_glove/lib/python3.10/site-packages/open_cyber_glove
[0.879s] copying /home/nuc/ros2_workspace/data_collection_ws/build/open_cyber_glove/build/lib/open_cyber_glove/utils.py -> /home/nuc/ros2_workspace/data_collection_ws/install/open_cyber_glove/lib/python3.10/site-packages/open_cyber_glove
[0.879s] copying /home/nuc/ros2_workspace/data_collection_ws/build/open_cyber_glove/build/lib/open_cyber_glove/glove.py -> /home/nuc/ros2_workspace/data_collection_ws/install/open_cyber_glove/lib/python3.10/site-packages/open_cyber_glove
[0.879s] copying /home/nuc/ros2_workspace/data_collection_ws/build/open_cyber_glove/build/lib/open_cyber_glove/visualizer.py -> /home/nuc/ros2_workspace/data_collection_ws/install/open_cyber_glove/lib/python3.10/site-packages/open_cyber_glove
[0.879s] byte-compiling /home/nuc/ros2_workspace/data_collection_ws/install/open_cyber_glove/lib/python3.10/site-packages/open_cyber_glove/__init__.py to __init__.cpython-310.pyc
[0.879s] byte-compiling /home/nuc/ros2_workspace/data_collection_ws/install/open_cyber_glove/lib/python3.10/site-packages/open_cyber_glove/sdk.py to sdk.cpython-310.pyc
[0.880s] byte-compiling /home/nuc/ros2_workspace/data_collection_ws/install/open_cyber_glove/lib/python3.10/site-packages/open_cyber_glove/utils.py to utils.cpython-310.pyc
[0.882s] byte-compiling /home/nuc/ros2_workspace/data_collection_ws/install/open_cyber_glove/lib/python3.10/site-packages/open_cyber_glove/glove.py to glove.cpython-310.pyc
[0.883s] byte-compiling /home/nuc/ros2_workspace/data_collection_ws/install/open_cyber_glove/lib/python3.10/site-packages/open_cyber_glove/visualizer.py to visualizer.cpython-310.pyc
[0.884s] running install_egg_info
[0.885s] Copying ../../build/open_cyber_glove/open_cyber_glove.egg-info to /home/nuc/ros2_workspace/data_collection_ws/install/open_cyber_glove/lib/python3.10/site-packages/open_cyber_glove-0.1.0-py3.10.egg-info
[0.886s] running install_scripts
[0.902s] writing list of installed files to '/home/nuc/ros2_workspace/data_collection_ws/build/open_cyber_glove/install.log'
[0.924s] Invoked command in '/home/nuc/ros2_workspace/data_collection_ws/src/open_cyber_glove' returned '0': PYTHONPATH=/home/nuc/ros2_workspace/data_collection_ws/build/open_cyber_glove/prefix_override:/usr/lib/python3/dist-packages/colcon_core/task/python/colcon_distutils_commands:/home/nuc/ros2_workspace/data_collection_ws/install/open_cyber_glove/lib/python3.10/site-packages:${PYTHONPATH} /usr/bin/python3 -W ignore:setup.py install is deprecated -W ignore:easy_install command is deprecated setup.py egg_info --egg-base ../../build/open_cyber_glove build --build-base /home/nuc/ros2_workspace/data_collection_ws/build/open_cyber_glove/build install --record /home/nuc/ros2_workspace/data_collection_ws/build/open_cyber_glove/install.log --single-version-externally-managed
