[0.014s] Invoking command in '/home/bryce/ros2_workspace/data_collection_ws/build/data_recorder_interfaces': CMAKE_PREFIX_PATH=${CMAKE_PREFIX_PATH}:/home/bryce/ros2_workspace/data_collection_ws/install/data_recorder_ros2:/opt/ros/humble /usr/bin/cmake --build /home/bryce/ros2_workspace/data_collection_ws/build/data_recorder_interfaces -- -j12 -l12
[0.263s] [  6%] Built target data_recorder_interfaces__cpp
[0.263s] [ 12%] Built target data_recorder_interfaces__rosidl_generator_c
[0.263s] [ 12%] Built target ament_cmake_python_copy_data_recorder_interfaces
[0.263s] [ 22%] Built target data_recorder_interfaces__rosidl_typesupport_c
[0.264s] [ 32%] Built target data_recorder_interfaces__rosidl_typesupport_fastrtps_cpp
[0.264s] [ 41%] Built target data_recorder_interfaces__rosidl_typesupport_cpp
[0.264s] [ 51%] Built target data_recorder_interfaces__rosidl_typesupport_introspection_c
[0.264s] [ 61%] Built target data_recorder_interfaces__rosidl_typesupport_introspection_cpp
[0.264s] [ 70%] Built target data_recorder_interfaces__rosidl_typesupport_fastrtps_c
[0.264s] [ 70%] Built target data_recorder_interfaces
[0.264s] [ 74%] Built target data_recorder_interfaces__py
[0.264s] [ 80%] Built target data_recorder_interfaces__rosidl_generator_py
[0.264s] [100%] Built target data_recorder_interfaces__rosidl_typesupport_c__pyext
[0.264s] [100%] Built target data_recorder_interfaces__rosidl_typesupport_fastrtps_c__pyext
[0.264s] [100%] Built target data_recorder_interfaces__rosidl_typesupport_introspection_c__pyext
[0.299s] running egg_info
[0.300s] writing data_recorder_interfaces.egg-info/PKG-INFO
[0.300s] writing dependency_links to data_recorder_interfaces.egg-info/dependency_links.txt
[0.300s] writing top-level names to data_recorder_interfaces.egg-info/top_level.txt
[0.303s] reading manifest file 'data_recorder_interfaces.egg-info/SOURCES.txt'
[0.303s] writing manifest file 'data_recorder_interfaces.egg-info/SOURCES.txt'
[0.329s] [100%] Built target ament_cmake_python_build_data_recorder_interfaces_egg
[0.510s] Invoked command in '/home/bryce/ros2_workspace/data_collection_ws/build/data_recorder_interfaces' returned '0': CMAKE_PREFIX_PATH=${CMAKE_PREFIX_PATH}:/home/bryce/ros2_workspace/data_collection_ws/install/data_recorder_ros2:/opt/ros/humble /usr/bin/cmake --build /home/bryce/ros2_workspace/data_collection_ws/build/data_recorder_interfaces -- -j12 -l12
[0.518s] Invoking command in '/home/bryce/ros2_workspace/data_collection_ws/build/data_recorder_interfaces': CMAKE_PREFIX_PATH=${CMAKE_PREFIX_PATH}:/home/bryce/ros2_workspace/data_collection_ws/install/data_recorder_ros2:/opt/ros/humble /usr/bin/cmake --install /home/bryce/ros2_workspace/data_collection_ws/build/data_recorder_interfaces
[0.524s] -- Install configuration: ""
[0.524s] -- Up-to-date: /home/bryce/ros2_workspace/data_collection_ws/install/data_recorder_interfaces/share/ament_index/resource_index/rosidl_interfaces/data_recorder_interfaces
[0.524s] -- Up-to-date: /home/bryce/ros2_workspace/data_collection_ws/install/data_recorder_interfaces/include/data_recorder_interfaces/data_recorder_interfaces
[0.524s] -- Up-to-date: /home/bryce/ros2_workspace/data_collection_ws/install/data_recorder_interfaces/include/data_recorder_interfaces/data_recorder_interfaces/msg
[0.524s] -- Up-to-date: /home/bryce/ros2_workspace/data_collection_ws/install/data_recorder_interfaces/include/data_recorder_interfaces/data_recorder_interfaces/msg/rosidl_generator_c__visibility_control.h
[0.524s] -- Up-to-date: /home/bryce/ros2_workspace/data_collection_ws/install/data_recorder_interfaces/include/data_recorder_interfaces/data_recorder_interfaces/srv
[0.524s] -- Up-to-date: /home/bryce/ros2_workspace/data_collection_ws/install/data_recorder_interfaces/include/data_recorder_interfaces/data_recorder_interfaces/srv/start_recording.h
[0.524s] -- Up-to-date: /home/bryce/ros2_workspace/data_collection_ws/install/data_recorder_interfaces/include/data_recorder_interfaces/data_recorder_interfaces/srv/detail
[0.524s] -- Up-to-date: /home/bryce/ros2_workspace/data_collection_ws/install/data_recorder_interfaces/include/data_recorder_interfaces/data_recorder_interfaces/srv/detail/start_recording__struct.h
[0.524s] -- Up-to-date: /home/bryce/ros2_workspace/data_collection_ws/install/data_recorder_interfaces/include/data_recorder_interfaces/data_recorder_interfaces/srv/detail/start_recording__functions.c
[0.524s] -- Up-to-date: /home/bryce/ros2_workspace/data_collection_ws/install/data_recorder_interfaces/include/data_recorder_interfaces/data_recorder_interfaces/srv/detail/start_recording__type_support.h
[0.524s] -- Up-to-date: /home/bryce/ros2_workspace/data_collection_ws/install/data_recorder_interfaces/include/data_recorder_interfaces/data_recorder_interfaces/srv/detail/start_recording__functions.h
[0.524s] -- Up-to-date: /home/bryce/ros2_workspace/data_collection_ws/install/data_recorder_interfaces/share/data_recorder_interfaces/environment/library_path.sh
[0.524s] -- Up-to-date: /home/bryce/ros2_workspace/data_collection_ws/install/data_recorder_interfaces/share/data_recorder_interfaces/environment/library_path.dsv
[0.524s] -- Up-to-date: /home/bryce/ros2_workspace/data_collection_ws/install/data_recorder_interfaces/lib/libdata_recorder_interfaces__rosidl_generator_c.so
[0.525s] -- Up-to-date: /home/bryce/ros2_workspace/data_collection_ws/install/data_recorder_interfaces/include/data_recorder_interfaces/data_recorder_interfaces
[0.525s] -- Up-to-date: /home/bryce/ros2_workspace/data_collection_ws/install/data_recorder_interfaces/include/data_recorder_interfaces/data_recorder_interfaces/msg
[0.525s] -- Up-to-date: /home/bryce/ros2_workspace/data_collection_ws/install/data_recorder_interfaces/include/data_recorder_interfaces/data_recorder_interfaces/msg/rosidl_typesupport_fastrtps_c__visibility_control.h
[0.525s] -- Up-to-date: /home/bryce/ros2_workspace/data_collection_ws/install/data_recorder_interfaces/include/data_recorder_interfaces/data_recorder_interfaces/srv
[0.525s] -- Up-to-date: /home/bryce/ros2_workspace/data_collection_ws/install/data_recorder_interfaces/include/data_recorder_interfaces/data_recorder_interfaces/srv/detail
[0.525s] -- Up-to-date: /home/bryce/ros2_workspace/data_collection_ws/install/data_recorder_interfaces/include/data_recorder_interfaces/data_recorder_interfaces/srv/detail/start_recording__rosidl_typesupport_fastrtps_c.h
[0.525s] -- Up-to-date: /home/bryce/ros2_workspace/data_collection_ws/install/data_recorder_interfaces/lib/libdata_recorder_interfaces__rosidl_typesupport_fastrtps_c.so
[0.525s] -- Up-to-date: /home/bryce/ros2_workspace/data_collection_ws/install/data_recorder_interfaces/include/data_recorder_interfaces/data_recorder_interfaces
[0.525s] -- Up-to-date: /home/bryce/ros2_workspace/data_collection_ws/install/data_recorder_interfaces/include/data_recorder_interfaces/data_recorder_interfaces/msg
[0.525s] -- Up-to-date: /home/bryce/ros2_workspace/data_collection_ws/install/data_recorder_interfaces/include/data_recorder_interfaces/data_recorder_interfaces/msg/rosidl_generator_cpp__visibility_control.hpp
[0.525s] -- Up-to-date: /home/bryce/ros2_workspace/data_collection_ws/install/data_recorder_interfaces/include/data_recorder_interfaces/data_recorder_interfaces/srv
[0.525s] -- Up-to-date: /home/bryce/ros2_workspace/data_collection_ws/install/data_recorder_interfaces/include/data_recorder_interfaces/data_recorder_interfaces/srv/start_recording.hpp
[0.525s] -- Up-to-date: /home/bryce/ros2_workspace/data_collection_ws/install/data_recorder_interfaces/include/data_recorder_interfaces/data_recorder_interfaces/srv/detail
[0.525s] -- Up-to-date: /home/bryce/ros2_workspace/data_collection_ws/install/data_recorder_interfaces/include/data_recorder_interfaces/data_recorder_interfaces/srv/detail/start_recording__builder.hpp
[0.525s] -- Up-to-date: /home/bryce/ros2_workspace/data_collection_ws/install/data_recorder_interfaces/include/data_recorder_interfaces/data_recorder_interfaces/srv/detail/start_recording__struct.hpp
[0.525s] -- Up-to-date: /home/bryce/ros2_workspace/data_collection_ws/install/data_recorder_interfaces/include/data_recorder_interfaces/data_recorder_interfaces/srv/detail/start_recording__traits.hpp
[0.526s] -- Up-to-date: /home/bryce/ros2_workspace/data_collection_ws/install/data_recorder_interfaces/include/data_recorder_interfaces/data_recorder_interfaces/srv/detail/start_recording__type_support.hpp
[0.526s] -- Up-to-date: /home/bryce/ros2_workspace/data_collection_ws/install/data_recorder_interfaces/include/data_recorder_interfaces/data_recorder_interfaces
[0.526s] -- Up-to-date: /home/bryce/ros2_workspace/data_collection_ws/install/data_recorder_interfaces/include/data_recorder_interfaces/data_recorder_interfaces/msg
[0.526s] -- Up-to-date: /home/bryce/ros2_workspace/data_collection_ws/install/data_recorder_interfaces/include/data_recorder_interfaces/data_recorder_interfaces/msg/rosidl_typesupport_fastrtps_cpp__visibility_control.h
[0.526s] -- Up-to-date: /home/bryce/ros2_workspace/data_collection_ws/install/data_recorder_interfaces/include/data_recorder_interfaces/data_recorder_interfaces/srv
[0.526s] -- Up-to-date: /home/bryce/ros2_workspace/data_collection_ws/install/data_recorder_interfaces/include/data_recorder_interfaces/data_recorder_interfaces/srv/detail
[0.526s] -- Up-to-date: /home/bryce/ros2_workspace/data_collection_ws/install/data_recorder_interfaces/include/data_recorder_interfaces/data_recorder_interfaces/srv/detail/dds_fastrtps
[0.526s] -- Up-to-date: /home/bryce/ros2_workspace/data_collection_ws/install/data_recorder_interfaces/include/data_recorder_interfaces/data_recorder_interfaces/srv/detail/start_recording__rosidl_typesupport_fastrtps_cpp.hpp
[0.526s] -- Up-to-date: /home/bryce/ros2_workspace/data_collection_ws/install/data_recorder_interfaces/lib/libdata_recorder_interfaces__rosidl_typesupport_fastrtps_cpp.so
[0.526s] -- Up-to-date: /home/bryce/ros2_workspace/data_collection_ws/install/data_recorder_interfaces/include/data_recorder_interfaces/data_recorder_interfaces
[0.526s] -- Up-to-date: /home/bryce/ros2_workspace/data_collection_ws/install/data_recorder_interfaces/include/data_recorder_interfaces/data_recorder_interfaces/msg
[0.526s] -- Up-to-date: /home/bryce/ros2_workspace/data_collection_ws/install/data_recorder_interfaces/include/data_recorder_interfaces/data_recorder_interfaces/msg/rosidl_typesupport_introspection_c__visibility_control.h
[0.526s] -- Up-to-date: /home/bryce/ros2_workspace/data_collection_ws/install/data_recorder_interfaces/include/data_recorder_interfaces/data_recorder_interfaces/srv
[0.526s] -- Up-to-date: /home/bryce/ros2_workspace/data_collection_ws/install/data_recorder_interfaces/include/data_recorder_interfaces/data_recorder_interfaces/srv/detail
[0.526s] -- Up-to-date: /home/bryce/ros2_workspace/data_collection_ws/install/data_recorder_interfaces/include/data_recorder_interfaces/data_recorder_interfaces/srv/detail/start_recording__type_support.c
[0.526s] -- Up-to-date: /home/bryce/ros2_workspace/data_collection_ws/install/data_recorder_interfaces/include/data_recorder_interfaces/data_recorder_interfaces/srv/detail/start_recording__rosidl_typesupport_introspection_c.h
[0.526s] -- Up-to-date: /home/bryce/ros2_workspace/data_collection_ws/install/data_recorder_interfaces/lib/libdata_recorder_interfaces__rosidl_typesupport_introspection_c.so
[0.526s] -- Up-to-date: /home/bryce/ros2_workspace/data_collection_ws/install/data_recorder_interfaces/lib/libdata_recorder_interfaces__rosidl_typesupport_c.so
[0.526s] -- Up-to-date: /home/bryce/ros2_workspace/data_collection_ws/install/data_recorder_interfaces/include/data_recorder_interfaces/data_recorder_interfaces
[0.526s] -- Up-to-date: /home/bryce/ros2_workspace/data_collection_ws/install/data_recorder_interfaces/include/data_recorder_interfaces/data_recorder_interfaces/srv
[0.526s] -- Up-to-date: /home/bryce/ros2_workspace/data_collection_ws/install/data_recorder_interfaces/include/data_recorder_interfaces/data_recorder_interfaces/srv/detail
[0.527s] -- Up-to-date: /home/bryce/ros2_workspace/data_collection_ws/install/data_recorder_interfaces/include/data_recorder_interfaces/data_recorder_interfaces/srv/detail/start_recording__type_support.cpp
[0.527s] -- Up-to-date: /home/bryce/ros2_workspace/data_collection_ws/install/data_recorder_interfaces/include/data_recorder_interfaces/data_recorder_interfaces/srv/detail/start_recording__rosidl_typesupport_introspection_cpp.hpp
[0.527s] -- Up-to-date: /home/bryce/ros2_workspace/data_collection_ws/install/data_recorder_interfaces/lib/libdata_recorder_interfaces__rosidl_typesupport_introspection_cpp.so
[0.527s] -- Up-to-date: /home/bryce/ros2_workspace/data_collection_ws/install/data_recorder_interfaces/lib/libdata_recorder_interfaces__rosidl_typesupport_cpp.so
[0.527s] -- Up-to-date: /home/bryce/ros2_workspace/data_collection_ws/install/data_recorder_interfaces/share/data_recorder_interfaces/environment/pythonpath.sh
[0.527s] -- Up-to-date: /home/bryce/ros2_workspace/data_collection_ws/install/data_recorder_interfaces/share/data_recorder_interfaces/environment/pythonpath.dsv
[0.527s] -- Up-to-date: /home/bryce/ros2_workspace/data_collection_ws/install/data_recorder_interfaces/local/lib/python3.10/dist-packages/data_recorder_interfaces-0.0.0-py3.10.egg-info
[0.527s] -- Installing: /home/bryce/ros2_workspace/data_collection_ws/install/data_recorder_interfaces/local/lib/python3.10/dist-packages/data_recorder_interfaces-0.0.0-py3.10.egg-info/dependency_links.txt
[0.527s] -- Installing: /home/bryce/ros2_workspace/data_collection_ws/install/data_recorder_interfaces/local/lib/python3.10/dist-packages/data_recorder_interfaces-0.0.0-py3.10.egg-info/SOURCES.txt
[0.527s] -- Installing: /home/bryce/ros2_workspace/data_collection_ws/install/data_recorder_interfaces/local/lib/python3.10/dist-packages/data_recorder_interfaces-0.0.0-py3.10.egg-info/PKG-INFO
[0.528s] -- Installing: /home/bryce/ros2_workspace/data_collection_ws/install/data_recorder_interfaces/local/lib/python3.10/dist-packages/data_recorder_interfaces-0.0.0-py3.10.egg-info/top_level.txt
[0.528s] -- Up-to-date: /home/bryce/ros2_workspace/data_collection_ws/install/data_recorder_interfaces/local/lib/python3.10/dist-packages/data_recorder_interfaces
[0.528s] -- Up-to-date: /home/bryce/ros2_workspace/data_collection_ws/install/data_recorder_interfaces/local/lib/python3.10/dist-packages/data_recorder_interfaces/_data_recorder_interfaces_s.ep.rosidl_typesupport_introspection_c.c
[0.528s] -- Up-to-date: /home/bryce/ros2_workspace/data_collection_ws/install/data_recorder_interfaces/local/lib/python3.10/dist-packages/data_recorder_interfaces/data_recorder_interfaces_s__rosidl_typesupport_c.cpython-310-x86_64-linux-gnu.so
[0.528s] -- Up-to-date: /home/bryce/ros2_workspace/data_collection_ws/install/data_recorder_interfaces/local/lib/python3.10/dist-packages/data_recorder_interfaces/data_recorder_interfaces_s__rosidl_typesupport_fastrtps_c.cpython-310-x86_64-linux-gnu.so
[0.528s] -- Up-to-date: /home/bryce/ros2_workspace/data_collection_ws/install/data_recorder_interfaces/local/lib/python3.10/dist-packages/data_recorder_interfaces/_data_recorder_interfaces_s.ep.rosidl_typesupport_c.c
[0.528s] -- Up-to-date: /home/bryce/ros2_workspace/data_collection_ws/install/data_recorder_interfaces/local/lib/python3.10/dist-packages/data_recorder_interfaces/libdata_recorder_interfaces__rosidl_generator_py.so
[0.528s] -- Up-to-date: /home/bryce/ros2_workspace/data_collection_ws/install/data_recorder_interfaces/local/lib/python3.10/dist-packages/data_recorder_interfaces/_data_recorder_interfaces_s.ep.rosidl_typesupport_fastrtps_c.c
[0.529s] -- Up-to-date: /home/bryce/ros2_workspace/data_collection_ws/install/data_recorder_interfaces/local/lib/python3.10/dist-packages/data_recorder_interfaces/__init__.py
[0.529s] -- Up-to-date: /home/bryce/ros2_workspace/data_collection_ws/install/data_recorder_interfaces/local/lib/python3.10/dist-packages/data_recorder_interfaces/srv
[0.529s] -- Up-to-date: /home/bryce/ros2_workspace/data_collection_ws/install/data_recorder_interfaces/local/lib/python3.10/dist-packages/data_recorder_interfaces/srv/_start_recording_s.c
[0.529s] -- Up-to-date: /home/bryce/ros2_workspace/data_collection_ws/install/data_recorder_interfaces/local/lib/python3.10/dist-packages/data_recorder_interfaces/srv/_start_recording.py
[0.529s] -- Up-to-date: /home/bryce/ros2_workspace/data_collection_ws/install/data_recorder_interfaces/local/lib/python3.10/dist-packages/data_recorder_interfaces/srv/__init__.py
[0.529s] -- Up-to-date: /home/bryce/ros2_workspace/data_collection_ws/install/data_recorder_interfaces/local/lib/python3.10/dist-packages/data_recorder_interfaces/data_recorder_interfaces_s__rosidl_typesupport_introspection_c.cpython-310-x86_64-linux-gnu.so
[0.555s] Listing '/home/bryce/ros2_workspace/data_collection_ws/install/data_recorder_interfaces/local/lib/python3.10/dist-packages/data_recorder_interfaces'...
[0.555s] Listing '/home/bryce/ros2_workspace/data_collection_ws/install/data_recorder_interfaces/local/lib/python3.10/dist-packages/data_recorder_interfaces/srv'...
[0.558s] -- Up-to-date: /home/bryce/ros2_workspace/data_collection_ws/install/data_recorder_interfaces/local/lib/python3.10/dist-packages/data_recorder_interfaces/data_recorder_interfaces_s__rosidl_typesupport_fastrtps_c.cpython-310-x86_64-linux-gnu.so
[0.559s] -- Up-to-date: /home/bryce/ros2_workspace/data_collection_ws/install/data_recorder_interfaces/local/lib/python3.10/dist-packages/data_recorder_interfaces/data_recorder_interfaces_s__rosidl_typesupport_introspection_c.cpython-310-x86_64-linux-gnu.so
[0.559s] -- Up-to-date: /home/bryce/ros2_workspace/data_collection_ws/install/data_recorder_interfaces/local/lib/python3.10/dist-packages/data_recorder_interfaces/data_recorder_interfaces_s__rosidl_typesupport_c.cpython-310-x86_64-linux-gnu.so
[0.559s] -- Up-to-date: /home/bryce/ros2_workspace/data_collection_ws/install/data_recorder_interfaces/lib/libdata_recorder_interfaces__rosidl_generator_py.so
[0.559s] -- Up-to-date: /home/bryce/ros2_workspace/data_collection_ws/install/data_recorder_interfaces/share/data_recorder_interfaces/srv/StartRecording.idl
[0.559s] -- Up-to-date: /home/bryce/ros2_workspace/data_collection_ws/install/data_recorder_interfaces/share/data_recorder_interfaces/srv/StartRecording.srv
[0.559s] -- Up-to-date: /home/bryce/ros2_workspace/data_collection_ws/install/data_recorder_interfaces/share/data_recorder_interfaces/srv/StartRecording_Request.msg
[0.560s] -- Up-to-date: /home/bryce/ros2_workspace/data_collection_ws/install/data_recorder_interfaces/share/data_recorder_interfaces/srv/StartRecording_Response.msg
[0.560s] -- Up-to-date: /home/bryce/ros2_workspace/data_collection_ws/install/data_recorder_interfaces/share/ament_index/resource_index/package_run_dependencies/data_recorder_interfaces
[0.560s] -- Up-to-date: /home/bryce/ros2_workspace/data_collection_ws/install/data_recorder_interfaces/share/ament_index/resource_index/parent_prefix_path/data_recorder_interfaces
[0.560s] -- Up-to-date: /home/bryce/ros2_workspace/data_collection_ws/install/data_recorder_interfaces/share/data_recorder_interfaces/environment/ament_prefix_path.sh
[0.560s] -- Up-to-date: /home/bryce/ros2_workspace/data_collection_ws/install/data_recorder_interfaces/share/data_recorder_interfaces/environment/ament_prefix_path.dsv
[0.560s] -- Up-to-date: /home/bryce/ros2_workspace/data_collection_ws/install/data_recorder_interfaces/share/data_recorder_interfaces/environment/path.sh
[0.560s] -- Up-to-date: /home/bryce/ros2_workspace/data_collection_ws/install/data_recorder_interfaces/share/data_recorder_interfaces/environment/path.dsv
[0.560s] -- Up-to-date: /home/bryce/ros2_workspace/data_collection_ws/install/data_recorder_interfaces/share/data_recorder_interfaces/local_setup.bash
[0.560s] -- Up-to-date: /home/bryce/ros2_workspace/data_collection_ws/install/data_recorder_interfaces/share/data_recorder_interfaces/local_setup.sh
[0.560s] -- Up-to-date: /home/bryce/ros2_workspace/data_collection_ws/install/data_recorder_interfaces/share/data_recorder_interfaces/local_setup.zsh
[0.560s] -- Up-to-date: /home/bryce/ros2_workspace/data_collection_ws/install/data_recorder_interfaces/share/data_recorder_interfaces/local_setup.dsv
[0.560s] -- Installing: /home/bryce/ros2_workspace/data_collection_ws/install/data_recorder_interfaces/share/data_recorder_interfaces/package.dsv
[0.560s] -- Up-to-date: /home/bryce/ros2_workspace/data_collection_ws/install/data_recorder_interfaces/share/ament_index/resource_index/packages/data_recorder_interfaces
[0.561s] -- Up-to-date: /home/bryce/ros2_workspace/data_collection_ws/install/data_recorder_interfaces/share/data_recorder_interfaces/cmake/export_data_recorder_interfaces__rosidl_generator_cExport.cmake
[0.561s] -- Up-to-date: /home/bryce/ros2_workspace/data_collection_ws/install/data_recorder_interfaces/share/data_recorder_interfaces/cmake/export_data_recorder_interfaces__rosidl_generator_cExport-noconfig.cmake
[0.561s] -- Up-to-date: /home/bryce/ros2_workspace/data_collection_ws/install/data_recorder_interfaces/share/data_recorder_interfaces/cmake/export_data_recorder_interfaces__rosidl_typesupport_fastrtps_cExport.cmake
[0.561s] -- Up-to-date: /home/bryce/ros2_workspace/data_collection_ws/install/data_recorder_interfaces/share/data_recorder_interfaces/cmake/export_data_recorder_interfaces__rosidl_typesupport_fastrtps_cExport-noconfig.cmake
[0.561s] -- Up-to-date: /home/bryce/ros2_workspace/data_collection_ws/install/data_recorder_interfaces/share/data_recorder_interfaces/cmake/export_data_recorder_interfaces__rosidl_generator_cppExport.cmake
[0.561s] -- Up-to-date: /home/bryce/ros2_workspace/data_collection_ws/install/data_recorder_interfaces/share/data_recorder_interfaces/cmake/export_data_recorder_interfaces__rosidl_typesupport_fastrtps_cppExport.cmake
[0.561s] -- Up-to-date: /home/bryce/ros2_workspace/data_collection_ws/install/data_recorder_interfaces/share/data_recorder_interfaces/cmake/export_data_recorder_interfaces__rosidl_typesupport_fastrtps_cppExport-noconfig.cmake
[0.561s] -- Up-to-date: /home/bryce/ros2_workspace/data_collection_ws/install/data_recorder_interfaces/share/data_recorder_interfaces/cmake/data_recorder_interfaces__rosidl_typesupport_introspection_cExport.cmake
[0.561s] -- Up-to-date: /home/bryce/ros2_workspace/data_collection_ws/install/data_recorder_interfaces/share/data_recorder_interfaces/cmake/data_recorder_interfaces__rosidl_typesupport_introspection_cExport-noconfig.cmake
[0.561s] -- Up-to-date: /home/bryce/ros2_workspace/data_collection_ws/install/data_recorder_interfaces/share/data_recorder_interfaces/cmake/data_recorder_interfaces__rosidl_typesupport_cExport.cmake
[0.562s] -- Up-to-date: /home/bryce/ros2_workspace/data_collection_ws/install/data_recorder_interfaces/share/data_recorder_interfaces/cmake/data_recorder_interfaces__rosidl_typesupport_cExport-noconfig.cmake
[0.562s] -- Up-to-date: /home/bryce/ros2_workspace/data_collection_ws/install/data_recorder_interfaces/share/data_recorder_interfaces/cmake/data_recorder_interfaces__rosidl_typesupport_introspection_cppExport.cmake
[0.562s] -- Up-to-date: /home/bryce/ros2_workspace/data_collection_ws/install/data_recorder_interfaces/share/data_recorder_interfaces/cmake/data_recorder_interfaces__rosidl_typesupport_introspection_cppExport-noconfig.cmake
[0.562s] -- Up-to-date: /home/bryce/ros2_workspace/data_collection_ws/install/data_recorder_interfaces/share/data_recorder_interfaces/cmake/data_recorder_interfaces__rosidl_typesupport_cppExport.cmake
[0.562s] -- Up-to-date: /home/bryce/ros2_workspace/data_collection_ws/install/data_recorder_interfaces/share/data_recorder_interfaces/cmake/data_recorder_interfaces__rosidl_typesupport_cppExport-noconfig.cmake
[0.562s] -- Up-to-date: /home/bryce/ros2_workspace/data_collection_ws/install/data_recorder_interfaces/share/data_recorder_interfaces/cmake/export_data_recorder_interfaces__rosidl_generator_pyExport.cmake
[0.562s] -- Up-to-date: /home/bryce/ros2_workspace/data_collection_ws/install/data_recorder_interfaces/share/data_recorder_interfaces/cmake/export_data_recorder_interfaces__rosidl_generator_pyExport-noconfig.cmake
[0.562s] -- Up-to-date: /home/bryce/ros2_workspace/data_collection_ws/install/data_recorder_interfaces/share/data_recorder_interfaces/cmake/rosidl_cmake-extras.cmake
[0.562s] -- Up-to-date: /home/bryce/ros2_workspace/data_collection_ws/install/data_recorder_interfaces/share/data_recorder_interfaces/cmake/ament_cmake_export_include_directories-extras.cmake
[0.562s] -- Up-to-date: /home/bryce/ros2_workspace/data_collection_ws/install/data_recorder_interfaces/share/data_recorder_interfaces/cmake/ament_cmake_export_libraries-extras.cmake
[0.562s] -- Up-to-date: /home/bryce/ros2_workspace/data_collection_ws/install/data_recorder_interfaces/share/data_recorder_interfaces/cmake/ament_cmake_export_targets-extras.cmake
[0.562s] -- Up-to-date: /home/bryce/ros2_workspace/data_collection_ws/install/data_recorder_interfaces/share/data_recorder_interfaces/cmake/rosidl_cmake_export_typesupport_targets-extras.cmake
[0.562s] -- Up-to-date: /home/bryce/ros2_workspace/data_collection_ws/install/data_recorder_interfaces/share/data_recorder_interfaces/cmake/ament_cmake_export_dependencies-extras.cmake
[0.562s] -- Up-to-date: /home/bryce/ros2_workspace/data_collection_ws/install/data_recorder_interfaces/share/data_recorder_interfaces/cmake/rosidl_cmake_export_typesupport_libraries-extras.cmake
[0.562s] -- Up-to-date: /home/bryce/ros2_workspace/data_collection_ws/install/data_recorder_interfaces/share/data_recorder_interfaces/cmake/data_recorder_interfacesConfig.cmake
[0.562s] -- Up-to-date: /home/bryce/ros2_workspace/data_collection_ws/install/data_recorder_interfaces/share/data_recorder_interfaces/cmake/data_recorder_interfacesConfig-version.cmake
[0.562s] -- Up-to-date: /home/bryce/ros2_workspace/data_collection_ws/install/data_recorder_interfaces/share/data_recorder_interfaces/package.xml
[0.564s] Invoked command in '/home/bryce/ros2_workspace/data_collection_ws/build/data_recorder_interfaces' returned '0': CMAKE_PREFIX_PATH=${CMAKE_PREFIX_PATH}:/home/bryce/ros2_workspace/data_collection_ws/install/data_recorder_ros2:/opt/ros/humble /usr/bin/cmake --install /home/bryce/ros2_workspace/data_collection_ws/build/data_recorder_interfaces
