[0.542s] Invoking command in '/home/bryce/ros2_workspace/data_collection_ws/build/open_cyber_glove_ros2': PYTHONPATH=/home/bryce/ros2_workspace/data_collection_ws/build/open_cyber_glove_ros2/prefix_override:/usr/lib/python3/dist-packages/colcon_core/task/python/colcon_distutils_commands:/home/bryce/ros2_workspace/data_collection_ws/install/open_cyber_glove_ros2/lib/python3.10/site-packages:${PYTHONPATH} /usr/bin/python3 -W ignore:setup.py install is deprecated -W ignore:easy_install command is deprecated setup.py develop --editable --build-directory /home/bryce/ros2_workspace/data_collection_ws/build/open_cyber_glove_ros2/build --no-deps symlink_data
[0.755s] running develop
[0.908s] running egg_info
[0.908s] writing open_cyber_glove_ros2.egg-info/PKG-INFO
[0.908s] writing dependency_links to open_cyber_glove_ros2.egg-info/dependency_links.txt
[0.908s] writing entry points to open_cyber_glove_ros2.egg-info/entry_points.txt
[0.908s] writing requirements to open_cyber_glove_ros2.egg-info/requires.txt
[0.908s] writing top-level names to open_cyber_glove_ros2.egg-info/top_level.txt
[0.910s] reading manifest file 'open_cyber_glove_ros2.egg-info/SOURCES.txt'
[0.911s] writing manifest file 'open_cyber_glove_ros2.egg-info/SOURCES.txt'
[0.934s] running build_ext
[0.934s] Creating /home/bryce/ros2_workspace/data_collection_ws/install/open_cyber_glove_ros2/lib/python3.10/site-packages/open-cyber-glove-ros2.egg-link (link to .)
[0.934s] Installing data_node script to /home/bryce/ros2_workspace/data_collection_ws/install/open_cyber_glove_ros2/lib/open_cyber_glove_ros2
[0.934s] Installing glove_joint_state_dual_publisher script to /home/bryce/ros2_workspace/data_collection_ws/install/open_cyber_glove_ros2/lib/open_cyber_glove_ros2
[0.934s] Installing glove_to_2fingle_gripper script to /home/bryce/ros2_workspace/data_collection_ws/install/open_cyber_glove_ros2/lib/open_cyber_glove_ros2
[0.934s] Installing visualizer_node script to /home/bryce/ros2_workspace/data_collection_ws/install/open_cyber_glove_ros2/lib/open_cyber_glove_ros2
[0.934s] 
[0.935s] Installed /home/bryce/ros2_workspace/data_collection_ws/build/open_cyber_glove_ros2
[0.935s] running symlink_data
[0.957s] Invoked command in '/home/bryce/ros2_workspace/data_collection_ws/build/open_cyber_glove_ros2' returned '0': PYTHONPATH=/home/bryce/ros2_workspace/data_collection_ws/build/open_cyber_glove_ros2/prefix_override:/usr/lib/python3/dist-packages/colcon_core/task/python/colcon_distutils_commands:/home/bryce/ros2_workspace/data_collection_ws/install/open_cyber_glove_ros2/lib/python3.10/site-packages:${PYTHONPATH} /usr/bin/python3 -W ignore:setup.py install is deprecated -W ignore:easy_install command is deprecated setup.py develop --editable --build-directory /home/bryce/ros2_workspace/data_collection_ws/build/open_cyber_glove_ros2/build --no-deps symlink_data
