[0.238s] Invoking command in '/home/bryce/ros2_workspace/data_collection_ws/build/open_cyber_glove_ros2': CMAKE_PREFIX_PATH=${CMAKE_PREFIX_PATH}:/home/bryce/ros2_workspace/data_collection_ws/install/data_recorder_ros2:/opt/ros/humble /usr/bin/cmake --build /home/bryce/ros2_workspace/data_collection_ws/build/open_cyber_glove_ros2 -- -j12 -l12
[0.273s] [  3%] Built target open_cyber_glove_ros2__cpp
[0.274s] [ 12%] Built target open_cyber_glove_ros2__rosidl_generator_c
[0.281s] [ 12%] Built target ament_cmake_python_copy_open_cyber_glove_ros2
[0.294s] [ 22%] Built target open_cyber_glove_ros2__rosidl_typesupport_introspection_cpp
[0.294s] [ 32%] Built target open_cyber_glove_ros2__rosidl_typesupport_c
[0.294s] [ 48%] Built target open_cyber_glove_ros2__rosidl_typesupport_fastrtps_cpp
[0.294s] [ 51%] Built target open_cyber_glove_ros2__rosidl_typesupport_fastrtps_c
[0.295s] [ 61%] Built target open_cyber_glove_ros2__rosidl_typesupport_cpp
[0.295s] [ 70%] Built target open_cyber_glove_ros2__rosidl_typesupport_introspection_c
[0.310s] [ 70%] Built target open_cyber_glove_ros2
[0.325s] [ 74%] Built target open_cyber_glove_ros2__py
[0.341s] [ 80%] Built target open_cyber_glove_ros2__rosidl_generator_py
[0.358s] [ 96%] Built target open_cyber_glove_ros2__rosidl_typesupport_c__pyext
[0.358s] [ 96%] Built target open_cyber_glove_ros2__rosidl_typesupport_introspection_c__pyext
[0.358s] [100%] Built target open_cyber_glove_ros2__rosidl_typesupport_fastrtps_c__pyext
[0.501s] running egg_info
[0.502s] writing open_cyber_glove_ros2.egg-info/PKG-INFO
[0.502s] writing dependency_links to open_cyber_glove_ros2.egg-info/dependency_links.txt
[0.502s] writing top-level names to open_cyber_glove_ros2.egg-info/top_level.txt
[0.504s] reading manifest file 'open_cyber_glove_ros2.egg-info/SOURCES.txt'
[0.505s] writing manifest file 'open_cyber_glove_ros2.egg-info/SOURCES.txt'
[0.526s] [100%] Built target ament_cmake_python_build_open_cyber_glove_ros2_egg
[0.598s] Invoked command in '/home/bryce/ros2_workspace/data_collection_ws/build/open_cyber_glove_ros2' returned '0': CMAKE_PREFIX_PATH=${CMAKE_PREFIX_PATH}:/home/bryce/ros2_workspace/data_collection_ws/install/data_recorder_ros2:/opt/ros/humble /usr/bin/cmake --build /home/bryce/ros2_workspace/data_collection_ws/build/open_cyber_glove_ros2 -- -j12 -l12
[0.598s] Invoking command in '/home/bryce/ros2_workspace/data_collection_ws/build/open_cyber_glove_ros2': CMAKE_PREFIX_PATH=${CMAKE_PREFIX_PATH}:/home/bryce/ros2_workspace/data_collection_ws/install/data_recorder_ros2:/opt/ros/humble /usr/bin/cmake --install /home/bryce/ros2_workspace/data_collection_ws/build/open_cyber_glove_ros2
[0.603s] -- Install configuration: ""
[0.603s] -- Up-to-date: /home/bryce/ros2_workspace/data_collection_ws/install/open_cyber_glove_ros2/share/ament_index/resource_index/rosidl_interfaces/open_cyber_glove_ros2
[0.603s] -- Up-to-date: /home/bryce/ros2_workspace/data_collection_ws/install/open_cyber_glove_ros2/include/open_cyber_glove_ros2/open_cyber_glove_ros2
[0.603s] -- Up-to-date: /home/bryce/ros2_workspace/data_collection_ws/install/open_cyber_glove_ros2/include/open_cyber_glove_ros2/open_cyber_glove_ros2/msg
[0.604s] -- Up-to-date: /home/bryce/ros2_workspace/data_collection_ws/install/open_cyber_glove_ros2/include/open_cyber_glove_ros2/open_cyber_glove_ros2/msg/rosidl_generator_c__visibility_control.h
[0.604s] -- Up-to-date: /home/bryce/ros2_workspace/data_collection_ws/install/open_cyber_glove_ros2/include/open_cyber_glove_ros2/open_cyber_glove_ros2/msg/glove_data_msg.h
[0.604s] -- Up-to-date: /home/bryce/ros2_workspace/data_collection_ws/install/open_cyber_glove_ros2/include/open_cyber_glove_ros2/open_cyber_glove_ros2/msg/detail
[0.604s] -- Up-to-date: /home/bryce/ros2_workspace/data_collection_ws/install/open_cyber_glove_ros2/include/open_cyber_glove_ros2/open_cyber_glove_ros2/msg/detail/glove_data_msg__type_support.h
[0.604s] -- Up-to-date: /home/bryce/ros2_workspace/data_collection_ws/install/open_cyber_glove_ros2/include/open_cyber_glove_ros2/open_cyber_glove_ros2/msg/detail/glove_data_msg__struct.h
[0.604s] -- Up-to-date: /home/bryce/ros2_workspace/data_collection_ws/install/open_cyber_glove_ros2/include/open_cyber_glove_ros2/open_cyber_glove_ros2/msg/detail/glove_data_msg__functions.c
[0.604s] -- Up-to-date: /home/bryce/ros2_workspace/data_collection_ws/install/open_cyber_glove_ros2/include/open_cyber_glove_ros2/open_cyber_glove_ros2/msg/detail/glove_data_msg__functions.h
[0.604s] -- Up-to-date: /home/bryce/ros2_workspace/data_collection_ws/install/open_cyber_glove_ros2/share/open_cyber_glove_ros2/environment/library_path.sh
[0.604s] -- Up-to-date: /home/bryce/ros2_workspace/data_collection_ws/install/open_cyber_glove_ros2/share/open_cyber_glove_ros2/environment/library_path.dsv
[0.604s] -- Up-to-date: /home/bryce/ros2_workspace/data_collection_ws/install/open_cyber_glove_ros2/lib/libopen_cyber_glove_ros2__rosidl_generator_c.so
[0.604s] -- Up-to-date: /home/bryce/ros2_workspace/data_collection_ws/install/open_cyber_glove_ros2/include/open_cyber_glove_ros2/open_cyber_glove_ros2
[0.604s] -- Up-to-date: /home/bryce/ros2_workspace/data_collection_ws/install/open_cyber_glove_ros2/include/open_cyber_glove_ros2/open_cyber_glove_ros2/msg
[0.604s] -- Up-to-date: /home/bryce/ros2_workspace/data_collection_ws/install/open_cyber_glove_ros2/include/open_cyber_glove_ros2/open_cyber_glove_ros2/msg/rosidl_typesupport_fastrtps_c__visibility_control.h
[0.604s] -- Up-to-date: /home/bryce/ros2_workspace/data_collection_ws/install/open_cyber_glove_ros2/include/open_cyber_glove_ros2/open_cyber_glove_ros2/msg/detail
[0.604s] -- Up-to-date: /home/bryce/ros2_workspace/data_collection_ws/install/open_cyber_glove_ros2/include/open_cyber_glove_ros2/open_cyber_glove_ros2/msg/detail/glove_data_msg__rosidl_typesupport_fastrtps_c.h
[0.604s] -- Up-to-date: /home/bryce/ros2_workspace/data_collection_ws/install/open_cyber_glove_ros2/lib/libopen_cyber_glove_ros2__rosidl_typesupport_fastrtps_c.so
[0.604s] -- Up-to-date: /home/bryce/ros2_workspace/data_collection_ws/install/open_cyber_glove_ros2/include/open_cyber_glove_ros2/open_cyber_glove_ros2
[0.604s] -- Up-to-date: /home/bryce/ros2_workspace/data_collection_ws/install/open_cyber_glove_ros2/include/open_cyber_glove_ros2/open_cyber_glove_ros2/msg
[0.604s] -- Up-to-date: /home/bryce/ros2_workspace/data_collection_ws/install/open_cyber_glove_ros2/include/open_cyber_glove_ros2/open_cyber_glove_ros2/msg/glove_data_msg.hpp
[0.604s] -- Up-to-date: /home/bryce/ros2_workspace/data_collection_ws/install/open_cyber_glove_ros2/include/open_cyber_glove_ros2/open_cyber_glove_ros2/msg/detail
[0.604s] -- Up-to-date: /home/bryce/ros2_workspace/data_collection_ws/install/open_cyber_glove_ros2/include/open_cyber_glove_ros2/open_cyber_glove_ros2/msg/detail/glove_data_msg__builder.hpp
[0.605s] -- Up-to-date: /home/bryce/ros2_workspace/data_collection_ws/install/open_cyber_glove_ros2/include/open_cyber_glove_ros2/open_cyber_glove_ros2/msg/detail/glove_data_msg__traits.hpp
[0.605s] -- Up-to-date: /home/bryce/ros2_workspace/data_collection_ws/install/open_cyber_glove_ros2/include/open_cyber_glove_ros2/open_cyber_glove_ros2/msg/detail/glove_data_msg__type_support.hpp
[0.605s] -- Up-to-date: /home/bryce/ros2_workspace/data_collection_ws/install/open_cyber_glove_ros2/include/open_cyber_glove_ros2/open_cyber_glove_ros2/msg/detail/glove_data_msg__struct.hpp
[0.605s] -- Up-to-date: /home/bryce/ros2_workspace/data_collection_ws/install/open_cyber_glove_ros2/include/open_cyber_glove_ros2/open_cyber_glove_ros2/msg/rosidl_generator_cpp__visibility_control.hpp
[0.605s] -- Up-to-date: /home/bryce/ros2_workspace/data_collection_ws/install/open_cyber_glove_ros2/include/open_cyber_glove_ros2/open_cyber_glove_ros2
[0.605s] -- Up-to-date: /home/bryce/ros2_workspace/data_collection_ws/install/open_cyber_glove_ros2/include/open_cyber_glove_ros2/open_cyber_glove_ros2/msg
[0.605s] -- Up-to-date: /home/bryce/ros2_workspace/data_collection_ws/install/open_cyber_glove_ros2/include/open_cyber_glove_ros2/open_cyber_glove_ros2/msg/rosidl_typesupport_fastrtps_cpp__visibility_control.h
[0.605s] -- Up-to-date: /home/bryce/ros2_workspace/data_collection_ws/install/open_cyber_glove_ros2/include/open_cyber_glove_ros2/open_cyber_glove_ros2/msg/detail
[0.605s] -- Up-to-date: /home/bryce/ros2_workspace/data_collection_ws/install/open_cyber_glove_ros2/include/open_cyber_glove_ros2/open_cyber_glove_ros2/msg/detail/glove_data_msg__rosidl_typesupport_fastrtps_cpp.hpp
[0.605s] -- Up-to-date: /home/bryce/ros2_workspace/data_collection_ws/install/open_cyber_glove_ros2/include/open_cyber_glove_ros2/open_cyber_glove_ros2/msg/detail/dds_fastrtps
[0.605s] -- Up-to-date: /home/bryce/ros2_workspace/data_collection_ws/install/open_cyber_glove_ros2/lib/libopen_cyber_glove_ros2__rosidl_typesupport_fastrtps_cpp.so
[0.605s] -- Up-to-date: /home/bryce/ros2_workspace/data_collection_ws/install/open_cyber_glove_ros2/include/open_cyber_glove_ros2/open_cyber_glove_ros2
[0.605s] -- Up-to-date: /home/bryce/ros2_workspace/data_collection_ws/install/open_cyber_glove_ros2/include/open_cyber_glove_ros2/open_cyber_glove_ros2/msg
[0.605s] -- Up-to-date: /home/bryce/ros2_workspace/data_collection_ws/install/open_cyber_glove_ros2/include/open_cyber_glove_ros2/open_cyber_glove_ros2/msg/rosidl_typesupport_introspection_c__visibility_control.h
[0.605s] -- Up-to-date: /home/bryce/ros2_workspace/data_collection_ws/install/open_cyber_glove_ros2/include/open_cyber_glove_ros2/open_cyber_glove_ros2/msg/detail
[0.605s] -- Up-to-date: /home/bryce/ros2_workspace/data_collection_ws/install/open_cyber_glove_ros2/include/open_cyber_glove_ros2/open_cyber_glove_ros2/msg/detail/glove_data_msg__type_support.c
[0.605s] -- Up-to-date: /home/bryce/ros2_workspace/data_collection_ws/install/open_cyber_glove_ros2/include/open_cyber_glove_ros2/open_cyber_glove_ros2/msg/detail/glove_data_msg__rosidl_typesupport_introspection_c.h
[0.605s] -- Up-to-date: /home/bryce/ros2_workspace/data_collection_ws/install/open_cyber_glove_ros2/lib/libopen_cyber_glove_ros2__rosidl_typesupport_introspection_c.so
[0.605s] -- Up-to-date: /home/bryce/ros2_workspace/data_collection_ws/install/open_cyber_glove_ros2/lib/libopen_cyber_glove_ros2__rosidl_typesupport_c.so
[0.605s] -- Up-to-date: /home/bryce/ros2_workspace/data_collection_ws/install/open_cyber_glove_ros2/include/open_cyber_glove_ros2/open_cyber_glove_ros2
[0.605s] -- Up-to-date: /home/bryce/ros2_workspace/data_collection_ws/install/open_cyber_glove_ros2/include/open_cyber_glove_ros2/open_cyber_glove_ros2/msg
[0.605s] -- Up-to-date: /home/bryce/ros2_workspace/data_collection_ws/install/open_cyber_glove_ros2/include/open_cyber_glove_ros2/open_cyber_glove_ros2/msg/detail
[0.605s] -- Up-to-date: /home/bryce/ros2_workspace/data_collection_ws/install/open_cyber_glove_ros2/include/open_cyber_glove_ros2/open_cyber_glove_ros2/msg/detail/glove_data_msg__rosidl_typesupport_introspection_cpp.hpp
[0.605s] -- Up-to-date: /home/bryce/ros2_workspace/data_collection_ws/install/open_cyber_glove_ros2/include/open_cyber_glove_ros2/open_cyber_glove_ros2/msg/detail/glove_data_msg__type_support.cpp
[0.605s] -- Up-to-date: /home/bryce/ros2_workspace/data_collection_ws/install/open_cyber_glove_ros2/lib/libopen_cyber_glove_ros2__rosidl_typesupport_introspection_cpp.so
[0.606s] -- Up-to-date: /home/bryce/ros2_workspace/data_collection_ws/install/open_cyber_glove_ros2/lib/libopen_cyber_glove_ros2__rosidl_typesupport_cpp.so
[0.606s] -- Up-to-date: /home/bryce/ros2_workspace/data_collection_ws/install/open_cyber_glove_ros2/share/open_cyber_glove_ros2/environment/pythonpath.sh
[0.606s] -- Up-to-date: /home/bryce/ros2_workspace/data_collection_ws/install/open_cyber_glove_ros2/share/open_cyber_glove_ros2/environment/pythonpath.dsv
[0.606s] -- Up-to-date: /home/bryce/ros2_workspace/data_collection_ws/install/open_cyber_glove_ros2/local/lib/python3.10/dist-packages/open_cyber_glove_ros2-0.1.0-py3.10.egg-info
[0.606s] -- Installing: /home/bryce/ros2_workspace/data_collection_ws/install/open_cyber_glove_ros2/local/lib/python3.10/dist-packages/open_cyber_glove_ros2-0.1.0-py3.10.egg-info/dependency_links.txt
[0.606s] -- Installing: /home/bryce/ros2_workspace/data_collection_ws/install/open_cyber_glove_ros2/local/lib/python3.10/dist-packages/open_cyber_glove_ros2-0.1.0-py3.10.egg-info/SOURCES.txt
[0.606s] -- Installing: /home/bryce/ros2_workspace/data_collection_ws/install/open_cyber_glove_ros2/local/lib/python3.10/dist-packages/open_cyber_glove_ros2-0.1.0-py3.10.egg-info/PKG-INFO
[0.606s] -- Installing: /home/bryce/ros2_workspace/data_collection_ws/install/open_cyber_glove_ros2/local/lib/python3.10/dist-packages/open_cyber_glove_ros2-0.1.0-py3.10.egg-info/top_level.txt
[0.606s] -- Up-to-date: /home/bryce/ros2_workspace/data_collection_ws/install/open_cyber_glove_ros2/local/lib/python3.10/dist-packages/open_cyber_glove_ros2
[0.606s] -- Up-to-date: /home/bryce/ros2_workspace/data_collection_ws/install/open_cyber_glove_ros2/local/lib/python3.10/dist-packages/open_cyber_glove_ros2/_open_cyber_glove_ros2_s.ep.rosidl_typesupport_fastrtps_c.c
[0.606s] -- Up-to-date: /home/bryce/ros2_workspace/data_collection_ws/install/open_cyber_glove_ros2/local/lib/python3.10/dist-packages/open_cyber_glove_ros2/open_cyber_glove_ros2_s__rosidl_typesupport_c.cpython-310-x86_64-linux-gnu.so
[0.606s] -- Up-to-date: /home/bryce/ros2_workspace/data_collection_ws/install/open_cyber_glove_ros2/local/lib/python3.10/dist-packages/open_cyber_glove_ros2/msg
[0.606s] -- Up-to-date: /home/bryce/ros2_workspace/data_collection_ws/install/open_cyber_glove_ros2/local/lib/python3.10/dist-packages/open_cyber_glove_ros2/msg/_glove_data_msg.py
[0.606s] -- Up-to-date: /home/bryce/ros2_workspace/data_collection_ws/install/open_cyber_glove_ros2/local/lib/python3.10/dist-packages/open_cyber_glove_ros2/msg/_glove_data_msg_s.c
[0.606s] -- Up-to-date: /home/bryce/ros2_workspace/data_collection_ws/install/open_cyber_glove_ros2/local/lib/python3.10/dist-packages/open_cyber_glove_ros2/msg/__init__.py
[0.606s] -- Up-to-date: /home/bryce/ros2_workspace/data_collection_ws/install/open_cyber_glove_ros2/local/lib/python3.10/dist-packages/open_cyber_glove_ros2/open_cyber_glove_ros2_s__rosidl_typesupport_introspection_c.cpython-310-x86_64-linux-gnu.so
[0.606s] -- Up-to-date: /home/bryce/ros2_workspace/data_collection_ws/install/open_cyber_glove_ros2/local/lib/python3.10/dist-packages/open_cyber_glove_ros2/open_cyber_glove_ros2_s__rosidl_typesupport_fastrtps_c.cpython-310-x86_64-linux-gnu.so
[0.606s] -- Up-to-date: /home/bryce/ros2_workspace/data_collection_ws/install/open_cyber_glove_ros2/local/lib/python3.10/dist-packages/open_cyber_glove_ros2/_open_cyber_glove_ros2_s.ep.rosidl_typesupport_c.c
[0.606s] -- Up-to-date: /home/bryce/ros2_workspace/data_collection_ws/install/open_cyber_glove_ros2/local/lib/python3.10/dist-packages/open_cyber_glove_ros2/_open_cyber_glove_ros2_s.ep.rosidl_typesupport_introspection_c.c
[0.606s] -- Up-to-date: /home/bryce/ros2_workspace/data_collection_ws/install/open_cyber_glove_ros2/local/lib/python3.10/dist-packages/open_cyber_glove_ros2/libopen_cyber_glove_ros2__rosidl_generator_py.so
[0.606s] -- Up-to-date: /home/bryce/ros2_workspace/data_collection_ws/install/open_cyber_glove_ros2/local/lib/python3.10/dist-packages/open_cyber_glove_ros2/__init__.py
[0.629s] Listing '/home/bryce/ros2_workspace/data_collection_ws/install/open_cyber_glove_ros2/local/lib/python3.10/dist-packages/open_cyber_glove_ros2'...
[0.629s] Listing '/home/bryce/ros2_workspace/data_collection_ws/install/open_cyber_glove_ros2/local/lib/python3.10/dist-packages/open_cyber_glove_ros2/msg'...
[0.633s] -- Up-to-date: /home/bryce/ros2_workspace/data_collection_ws/install/open_cyber_glove_ros2/local/lib/python3.10/dist-packages/open_cyber_glove_ros2/open_cyber_glove_ros2_s__rosidl_typesupport_fastrtps_c.cpython-310-x86_64-linux-gnu.so
[0.633s] -- Up-to-date: /home/bryce/ros2_workspace/data_collection_ws/install/open_cyber_glove_ros2/local/lib/python3.10/dist-packages/open_cyber_glove_ros2/open_cyber_glove_ros2_s__rosidl_typesupport_introspection_c.cpython-310-x86_64-linux-gnu.so
[0.633s] -- Up-to-date: /home/bryce/ros2_workspace/data_collection_ws/install/open_cyber_glove_ros2/local/lib/python3.10/dist-packages/open_cyber_glove_ros2/open_cyber_glove_ros2_s__rosidl_typesupport_c.cpython-310-x86_64-linux-gnu.so
[0.633s] -- Up-to-date: /home/bryce/ros2_workspace/data_collection_ws/install/open_cyber_glove_ros2/lib/libopen_cyber_glove_ros2__rosidl_generator_py.so
[0.633s] -- Up-to-date: /home/bryce/ros2_workspace/data_collection_ws/install/open_cyber_glove_ros2/share/open_cyber_glove_ros2/msg/GloveDataMsg.idl
[0.633s] -- Up-to-date: /home/bryce/ros2_workspace/data_collection_ws/install/open_cyber_glove_ros2/share/open_cyber_glove_ros2/msg/GloveDataMsg.msg
[0.633s] -- Up-to-date: /home/bryce/ros2_workspace/data_collection_ws/install/open_cyber_glove_ros2/lib/open_cyber_glove_ros2/data_node
[0.633s] -- Up-to-date: /home/bryce/ros2_workspace/data_collection_ws/install/open_cyber_glove_ros2/lib/open_cyber_glove_ros2/visualizer_node
[0.633s] -- Up-to-date: /home/bryce/ros2_workspace/data_collection_ws/install/open_cyber_glove_ros2/share/ament_index/resource_index/package_run_dependencies/open_cyber_glove_ros2
[0.633s] -- Up-to-date: /home/bryce/ros2_workspace/data_collection_ws/install/open_cyber_glove_ros2/share/ament_index/resource_index/parent_prefix_path/open_cyber_glove_ros2
[0.633s] -- Up-to-date: /home/bryce/ros2_workspace/data_collection_ws/install/open_cyber_glove_ros2/share/open_cyber_glove_ros2/environment/ament_prefix_path.sh
[0.633s] -- Up-to-date: /home/bryce/ros2_workspace/data_collection_ws/install/open_cyber_glove_ros2/share/open_cyber_glove_ros2/environment/ament_prefix_path.dsv
[0.633s] -- Up-to-date: /home/bryce/ros2_workspace/data_collection_ws/install/open_cyber_glove_ros2/share/open_cyber_glove_ros2/environment/path.sh
[0.633s] -- Up-to-date: /home/bryce/ros2_workspace/data_collection_ws/install/open_cyber_glove_ros2/share/open_cyber_glove_ros2/environment/path.dsv
[0.633s] -- Up-to-date: /home/bryce/ros2_workspace/data_collection_ws/install/open_cyber_glove_ros2/share/open_cyber_glove_ros2/local_setup.bash
[0.634s] -- Up-to-date: /home/bryce/ros2_workspace/data_collection_ws/install/open_cyber_glove_ros2/share/open_cyber_glove_ros2/local_setup.sh
[0.634s] -- Up-to-date: /home/bryce/ros2_workspace/data_collection_ws/install/open_cyber_glove_ros2/share/open_cyber_glove_ros2/local_setup.zsh
[0.634s] -- Up-to-date: /home/bryce/ros2_workspace/data_collection_ws/install/open_cyber_glove_ros2/share/open_cyber_glove_ros2/local_setup.dsv
[0.634s] -- Installing: /home/bryce/ros2_workspace/data_collection_ws/install/open_cyber_glove_ros2/share/open_cyber_glove_ros2/package.dsv
[0.634s] -- Up-to-date: /home/bryce/ros2_workspace/data_collection_ws/install/open_cyber_glove_ros2/share/ament_index/resource_index/packages/open_cyber_glove_ros2
[0.634s] -- Up-to-date: /home/bryce/ros2_workspace/data_collection_ws/install/open_cyber_glove_ros2/share/open_cyber_glove_ros2/cmake/export_open_cyber_glove_ros2__rosidl_generator_cExport.cmake
[0.634s] -- Up-to-date: /home/bryce/ros2_workspace/data_collection_ws/install/open_cyber_glove_ros2/share/open_cyber_glove_ros2/cmake/export_open_cyber_glove_ros2__rosidl_generator_cExport-noconfig.cmake
[0.634s] -- Up-to-date: /home/bryce/ros2_workspace/data_collection_ws/install/open_cyber_glove_ros2/share/open_cyber_glove_ros2/cmake/export_open_cyber_glove_ros2__rosidl_typesupport_fastrtps_cExport.cmake
[0.634s] -- Up-to-date: /home/bryce/ros2_workspace/data_collection_ws/install/open_cyber_glove_ros2/share/open_cyber_glove_ros2/cmake/export_open_cyber_glove_ros2__rosidl_typesupport_fastrtps_cExport-noconfig.cmake
[0.634s] -- Up-to-date: /home/bryce/ros2_workspace/data_collection_ws/install/open_cyber_glove_ros2/share/open_cyber_glove_ros2/cmake/export_open_cyber_glove_ros2__rosidl_generator_cppExport.cmake
[0.634s] -- Up-to-date: /home/bryce/ros2_workspace/data_collection_ws/install/open_cyber_glove_ros2/share/open_cyber_glove_ros2/cmake/export_open_cyber_glove_ros2__rosidl_typesupport_fastrtps_cppExport.cmake
[0.634s] -- Up-to-date: /home/bryce/ros2_workspace/data_collection_ws/install/open_cyber_glove_ros2/share/open_cyber_glove_ros2/cmake/export_open_cyber_glove_ros2__rosidl_typesupport_fastrtps_cppExport-noconfig.cmake
[0.634s] -- Up-to-date: /home/bryce/ros2_workspace/data_collection_ws/install/open_cyber_glove_ros2/share/open_cyber_glove_ros2/cmake/open_cyber_glove_ros2__rosidl_typesupport_introspection_cExport.cmake
[0.634s] -- Up-to-date: /home/bryce/ros2_workspace/data_collection_ws/install/open_cyber_glove_ros2/share/open_cyber_glove_ros2/cmake/open_cyber_glove_ros2__rosidl_typesupport_introspection_cExport-noconfig.cmake
[0.634s] -- Up-to-date: /home/bryce/ros2_workspace/data_collection_ws/install/open_cyber_glove_ros2/share/open_cyber_glove_ros2/cmake/open_cyber_glove_ros2__rosidl_typesupport_cExport.cmake
[0.634s] -- Up-to-date: /home/bryce/ros2_workspace/data_collection_ws/install/open_cyber_glove_ros2/share/open_cyber_glove_ros2/cmake/open_cyber_glove_ros2__rosidl_typesupport_cExport-noconfig.cmake
[0.634s] -- Up-to-date: /home/bryce/ros2_workspace/data_collection_ws/install/open_cyber_glove_ros2/share/open_cyber_glove_ros2/cmake/open_cyber_glove_ros2__rosidl_typesupport_introspection_cppExport.cmake
[0.634s] -- Up-to-date: /home/bryce/ros2_workspace/data_collection_ws/install/open_cyber_glove_ros2/share/open_cyber_glove_ros2/cmake/open_cyber_glove_ros2__rosidl_typesupport_introspection_cppExport-noconfig.cmake
[0.634s] -- Up-to-date: /home/bryce/ros2_workspace/data_collection_ws/install/open_cyber_glove_ros2/share/open_cyber_glove_ros2/cmake/open_cyber_glove_ros2__rosidl_typesupport_cppExport.cmake
[0.634s] -- Up-to-date: /home/bryce/ros2_workspace/data_collection_ws/install/open_cyber_glove_ros2/share/open_cyber_glove_ros2/cmake/open_cyber_glove_ros2__rosidl_typesupport_cppExport-noconfig.cmake
[0.634s] -- Up-to-date: /home/bryce/ros2_workspace/data_collection_ws/install/open_cyber_glove_ros2/share/open_cyber_glove_ros2/cmake/export_open_cyber_glove_ros2__rosidl_generator_pyExport.cmake
[0.634s] -- Up-to-date: /home/bryce/ros2_workspace/data_collection_ws/install/open_cyber_glove_ros2/share/open_cyber_glove_ros2/cmake/export_open_cyber_glove_ros2__rosidl_generator_pyExport-noconfig.cmake
[0.634s] -- Up-to-date: /home/bryce/ros2_workspace/data_collection_ws/install/open_cyber_glove_ros2/share/open_cyber_glove_ros2/cmake/rosidl_cmake-extras.cmake
[0.634s] -- Up-to-date: /home/bryce/ros2_workspace/data_collection_ws/install/open_cyber_glove_ros2/share/open_cyber_glove_ros2/cmake/ament_cmake_export_dependencies-extras.cmake
[0.635s] -- Up-to-date: /home/bryce/ros2_workspace/data_collection_ws/install/open_cyber_glove_ros2/share/open_cyber_glove_ros2/cmake/ament_cmake_export_include_directories-extras.cmake
[0.635s] -- Up-to-date: /home/bryce/ros2_workspace/data_collection_ws/install/open_cyber_glove_ros2/share/open_cyber_glove_ros2/cmake/ament_cmake_export_libraries-extras.cmake
[0.635s] -- Up-to-date: /home/bryce/ros2_workspace/data_collection_ws/install/open_cyber_glove_ros2/share/open_cyber_glove_ros2/cmake/ament_cmake_export_targets-extras.cmake
[0.635s] -- Up-to-date: /home/bryce/ros2_workspace/data_collection_ws/install/open_cyber_glove_ros2/share/open_cyber_glove_ros2/cmake/rosidl_cmake_export_typesupport_targets-extras.cmake
[0.635s] -- Up-to-date: /home/bryce/ros2_workspace/data_collection_ws/install/open_cyber_glove_ros2/share/open_cyber_glove_ros2/cmake/rosidl_cmake_export_typesupport_libraries-extras.cmake
[0.635s] -- Up-to-date: /home/bryce/ros2_workspace/data_collection_ws/install/open_cyber_glove_ros2/share/open_cyber_glove_ros2/cmake/open_cyber_glove_ros2Config.cmake
[0.635s] -- Up-to-date: /home/bryce/ros2_workspace/data_collection_ws/install/open_cyber_glove_ros2/share/open_cyber_glove_ros2/cmake/open_cyber_glove_ros2Config-version.cmake
[0.635s] -- Up-to-date: /home/bryce/ros2_workspace/data_collection_ws/install/open_cyber_glove_ros2/share/open_cyber_glove_ros2/package.xml
[0.636s] Invoked command in '/home/bryce/ros2_workspace/data_collection_ws/build/open_cyber_glove_ros2' returned '0': CMAKE_PREFIX_PATH=${CMAKE_PREFIX_PATH}:/home/bryce/ros2_workspace/data_collection_ws/install/data_recorder_ros2:/opt/ros/humble /usr/bin/cmake --install /home/bryce/ros2_workspace/data_collection_ws/build/open_cyber_glove_ros2
