[0.599s] Invoking command in '/home/nuc/ros2_workspace/data_collection_ws/src/tracker_bridge': PYTHONPATH=/home/nuc/ros2_workspace/data_collection_ws/build/tracker_bridge/prefix_override:/usr/lib/python3/dist-packages/colcon_core/task/python/colcon_distutils_commands:/home/nuc/ros2_workspace/data_collection_ws/install/tracker_bridge/lib/python3.10/site-packages:${PYTHONPATH} /usr/bin/python3 -W ignore:setup.py install is deprecated -W ignore:easy_install command is deprecated setup.py egg_info --egg-base ../../build/tracker_bridge build --build-base /home/nuc/ros2_workspace/data_collection_ws/build/tracker_bridge/build install --record /home/nuc/ros2_workspace/data_collection_ws/build/tracker_bridge/install.log --single-version-externally-managed install_data
[0.754s] running egg_info
[0.754s] writing ../../build/tracker_bridge/tracker_bridge.egg-info/PKG-INFO
[0.754s] writing dependency_links to ../../build/tracker_bridge/tracker_bridge.egg-info/dependency_links.txt
[0.755s] writing entry points to ../../build/tracker_bridge/tracker_bridge.egg-info/entry_points.txt
[0.755s] writing requirements to ../../build/tracker_bridge/tracker_bridge.egg-info/requires.txt
[0.755s] writing top-level names to ../../build/tracker_bridge/tracker_bridge.egg-info/top_level.txt
[0.756s] reading manifest file '../../build/tracker_bridge/tracker_bridge.egg-info/SOURCES.txt'
[0.757s] writing manifest file '../../build/tracker_bridge/tracker_bridge.egg-info/SOURCES.txt'
[0.758s] running build
[0.758s] running build_py
[0.758s] running install
[0.758s] running install_lib
[0.759s] running install_data
[0.759s] running install_egg_info
[0.760s] removing '/home/nuc/ros2_workspace/data_collection_ws/install/tracker_bridge/lib/python3.10/site-packages/tracker_bridge-0.0.0-py3.10.egg-info' (and everything under it)
[0.763s] Copying ../../build/tracker_bridge/tracker_bridge.egg-info to /home/nuc/ros2_workspace/data_collection_ws/install/tracker_bridge/lib/python3.10/site-packages/tracker_bridge-0.0.0-py3.10.egg-info
[0.764s] running install_scripts
[0.778s] Installing plot_trackers script to /home/nuc/ros2_workspace/data_collection_ws/install/tracker_bridge/lib/tracker_bridge
[0.778s] Installing tracker_server script to /home/nuc/ros2_workspace/data_collection_ws/install/tracker_bridge/lib/tracker_bridge
[0.779s] writing list of installed files to '/home/nuc/ros2_workspace/data_collection_ws/build/tracker_bridge/install.log'
[0.798s] Invoked command in '/home/nuc/ros2_workspace/data_collection_ws/src/tracker_bridge' returned '0': PYTHONPATH=/home/nuc/ros2_workspace/data_collection_ws/build/tracker_bridge/prefix_override:/usr/lib/python3/dist-packages/colcon_core/task/python/colcon_distutils_commands:/home/nuc/ros2_workspace/data_collection_ws/install/tracker_bridge/lib/python3.10/site-packages:${PYTHONPATH} /usr/bin/python3 -W ignore:setup.py install is deprecated -W ignore:easy_install command is deprecated setup.py egg_info --egg-base ../../build/tracker_bridge build --build-base /home/nuc/ros2_workspace/data_collection_ws/build/tracker_bridge/build install --record /home/nuc/ros2_workspace/data_collection_ws/build/tracker_bridge/install.log --single-version-externally-managed install_data
