[0.089s] [34mcolcon[0m [1;30mDEBUG[0m [32mCommand line arguments: ['/usr/bin/colcon', 'build'][0m
[0.089s] [34mcolcon[0m [1;30mDEBUG[0m [32mParsed command line arguments: Namespace(log_base=None, log_level=None, verb_name='build', build_base='build', install_base='install', merge_install=False, symlink_install=False, test_result_base=None, continue_on_error=False, executor='parallel', parallel_workers=12, event_handlers=None, ignore_user_meta=False, metas=['./colcon.meta'], base_paths=['.'], packages_ignore=None, packages_ignore_regex=None, paths=None, packages_up_to=None, packages_up_to_regex=None, packages_above=None, packages_above_and_dependencies=None, packages_above_depth=None, packages_select_by_dep=None, packages_skip_by_dep=None, packages_skip_up_to=None, packages_select_build_failed=False, packages_skip_build_finished=False, packages_select_test_failures=False, packages_skip_test_passed=False, packages_select=None, packages_skip=None, packages_select_regex=None, packages_skip_regex=None, packages_start=None, packages_end=None, allow_overriding=[], cmake_args=None, cmake_target=None, cmake_target_skip_unavailable=False, cmake_clean_cache=False, cmake_clean_first=False, cmake_force_configure=False, ament_cmake_args=None, catkin_cmake_args=None, catkin_skip_building_tests=False, mixin_files=None, mixin=None, verb_parser=<colcon_mixin.mixin.mixin_argument.MixinArgumentDecorator object at 0x7bd3303def20>, verb_extension=<colcon_core.verb.build.BuildVerb object at 0x7bd3303de9b0>, main=<bound method BuildVerb.main of <colcon_core.verb.build.BuildVerb object at 0x7bd3303de9b0>>, mixin_verb=('build',))[0m
[0.242s] [34mcolcon.colcon_core.package_discovery[0m [1;30mLevel 1[0m discover_packages(colcon_meta) check parameters
[0.242s] [34mcolcon.colcon_core.package_discovery[0m [1;30mLevel 1[0m discover_packages(recursive) check parameters
[0.243s] [34mcolcon.colcon_core.package_discovery[0m [1;30mLevel 1[0m discover_packages(ignore) check parameters
[0.243s] [34mcolcon.colcon_core.package_discovery[0m [1;30mLevel 1[0m discover_packages(path) check parameters
[0.243s] [34mcolcon.colcon_core.package_discovery[0m [1;30mLevel 1[0m discover_packages(colcon_meta) discover
[0.243s] [34mcolcon.colcon_core.package_discovery[0m [1;30mLevel 1[0m discover_packages(recursive) discover
[0.243s] [34mcolcon.colcon_core.package_discovery[0m [1;30mINFO[0m Crawling recursively for packages in '/home/bryce/ros2_workspace/data_collection_ws'
[0.243s] [34mcolcon.colcon_core.package_identification[0m [1;30mLevel 1[0m _identify(.) by extensions ['ignore', 'ignore_ament_install']
[0.243s] [34mcolcon.colcon_core.package_identification[0m [1;30mLevel 1[0m _identify(.) by extension 'ignore'
[0.243s] [34mcolcon.colcon_core.package_identification[0m [1;30mLevel 1[0m _identify(.) by extension 'ignore_ament_install'
[0.243s] [34mcolcon.colcon_core.package_identification[0m [1;30mLevel 1[0m _identify(.) by extensions ['colcon_pkg']
[0.243s] [34mcolcon.colcon_core.package_identification[0m [1;30mLevel 1[0m _identify(.) by extension 'colcon_pkg'
[0.243s] [34mcolcon.colcon_core.package_identification[0m [1;30mLevel 1[0m _identify(.) by extensions ['colcon_meta']
[0.243s] [34mcolcon.colcon_core.package_identification[0m [1;30mLevel 1[0m _identify(.) by extension 'colcon_meta'
[0.243s] [34mcolcon.colcon_core.package_identification[0m [1;30mLevel 1[0m _identify(.) by extensions ['ros']
[0.243s] [34mcolcon.colcon_core.package_identification[0m [1;30mLevel 1[0m _identify(.) by extension 'ros'
[0.250s] [34mcolcon.colcon_core.package_identification[0m [1;30mLevel 1[0m _identify(.) by extensions ['cmake', 'python']
[0.250s] [34mcolcon.colcon_core.package_identification[0m [1;30mLevel 1[0m _identify(.) by extension 'cmake'
[0.250s] [34mcolcon.colcon_core.package_identification[0m [1;30mLevel 1[0m _identify(.) by extension 'python'
[0.250s] [34mcolcon.colcon_core.package_identification[0m [1;30mLevel 1[0m _identify(.) by extensions ['python_setup_py']
[0.250s] [34mcolcon.colcon_core.package_identification[0m [1;30mLevel 1[0m _identify(.) by extension 'python_setup_py'
[0.250s] [34mcolcon.colcon_core.package_identification[0m [1;30mLevel 1[0m _identify(build) by extensions ['ignore', 'ignore_ament_install']
[0.250s] [34mcolcon.colcon_core.package_identification[0m [1;30mLevel 1[0m _identify(build) by extension 'ignore'
[0.250s] [34mcolcon.colcon_core.package_identification[0m [1;30mLevel 1[0m _identify(build) ignored
[0.250s] [34mcolcon.colcon_core.package_identification[0m [1;30mLevel 1[0m _identify(install) by extensions ['ignore', 'ignore_ament_install']
[0.250s] [34mcolcon.colcon_core.package_identification[0m [1;30mLevel 1[0m _identify(install) by extension 'ignore'
[0.250s] [34mcolcon.colcon_core.package_identification[0m [1;30mLevel 1[0m _identify(install) ignored
[0.250s] [34mcolcon.colcon_core.package_identification[0m [1;30mLevel 1[0m _identify(log) by extensions ['ignore', 'ignore_ament_install']
[0.250s] [34mcolcon.colcon_core.package_identification[0m [1;30mLevel 1[0m _identify(log) by extension 'ignore'
[0.250s] [34mcolcon.colcon_core.package_identification[0m [1;30mLevel 1[0m _identify(log) ignored
[0.251s] [34mcolcon.colcon_core.package_identification[0m [1;30mLevel 1[0m _identify(src) by extensions ['ignore', 'ignore_ament_install']
[0.251s] [34mcolcon.colcon_core.package_identification[0m [1;30mLevel 1[0m _identify(src) by extension 'ignore'
[0.251s] [34mcolcon.colcon_core.package_identification[0m [1;30mLevel 1[0m _identify(src) by extension 'ignore_ament_install'
[0.251s] [34mcolcon.colcon_core.package_identification[0m [1;30mLevel 1[0m _identify(src) by extensions ['colcon_pkg']
[0.251s] [34mcolcon.colcon_core.package_identification[0m [1;30mLevel 1[0m _identify(src) by extension 'colcon_pkg'
[0.251s] [34mcolcon.colcon_core.package_identification[0m [1;30mLevel 1[0m _identify(src) by extensions ['colcon_meta']
[0.251s] [34mcolcon.colcon_core.package_identification[0m [1;30mLevel 1[0m _identify(src) by extension 'colcon_meta'
[0.251s] [34mcolcon.colcon_core.package_identification[0m [1;30mLevel 1[0m _identify(src) by extensions ['ros']
[0.251s] [34mcolcon.colcon_core.package_identification[0m [1;30mLevel 1[0m _identify(src) by extension 'ros'
[0.251s] [34mcolcon.colcon_core.package_identification[0m [1;30mLevel 1[0m _identify(src) by extensions ['cmake', 'python']
[0.251s] [34mcolcon.colcon_core.package_identification[0m [1;30mLevel 1[0m _identify(src) by extension 'cmake'
[0.251s] [34mcolcon.colcon_core.package_identification[0m [1;30mLevel 1[0m _identify(src) by extension 'python'
[0.251s] [34mcolcon.colcon_core.package_identification[0m [1;30mLevel 1[0m _identify(src) by extensions ['python_setup_py']
[0.251s] [34mcolcon.colcon_core.package_identification[0m [1;30mLevel 1[0m _identify(src) by extension 'python_setup_py'
[0.251s] [34mcolcon.colcon_core.package_identification[0m [1;30mLevel 1[0m _identify(src/data_recorder_interfaces) by extensions ['ignore', 'ignore_ament_install']
[0.251s] [34mcolcon.colcon_core.package_identification[0m [1;30mLevel 1[0m _identify(src/data_recorder_interfaces) by extension 'ignore'
[0.251s] [34mcolcon.colcon_core.package_identification[0m [1;30mLevel 1[0m _identify(src/data_recorder_interfaces) by extension 'ignore_ament_install'
[0.251s] [34mcolcon.colcon_core.package_identification[0m [1;30mLevel 1[0m _identify(src/data_recorder_interfaces) by extensions ['colcon_pkg']
[0.251s] [34mcolcon.colcon_core.package_identification[0m [1;30mLevel 1[0m _identify(src/data_recorder_interfaces) by extension 'colcon_pkg'
[0.251s] [34mcolcon.colcon_core.package_identification[0m [1;30mLevel 1[0m _identify(src/data_recorder_interfaces) by extensions ['colcon_meta']
[0.251s] [34mcolcon.colcon_core.package_identification[0m [1;30mLevel 1[0m _identify(src/data_recorder_interfaces) by extension 'colcon_meta'
[0.251s] [34mcolcon.colcon_core.package_identification[0m [1;30mLevel 1[0m _identify(src/data_recorder_interfaces) by extensions ['ros']
[0.251s] [34mcolcon.colcon_core.package_identification[0m [1;30mLevel 1[0m _identify(src/data_recorder_interfaces) by extension 'ros'
[0.253s] [34mcolcon.colcon_core.package_identification[0m [1;30mDEBUG[0m [32mPackage 'src/data_recorder_interfaces' with type 'ros.ament_cmake' and name 'data_recorder_interfaces'[0m
[0.253s] [34mcolcon.colcon_core.package_identification[0m [1;30mLevel 1[0m _identify(src/data_recorder_ros2) by extensions ['ignore', 'ignore_ament_install']
[0.253s] [34mcolcon.colcon_core.package_identification[0m [1;30mLevel 1[0m _identify(src/data_recorder_ros2) by extension 'ignore'
[0.253s] [34mcolcon.colcon_core.package_identification[0m [1;30mLevel 1[0m _identify(src/data_recorder_ros2) by extension 'ignore_ament_install'
[0.253s] [34mcolcon.colcon_core.package_identification[0m [1;30mLevel 1[0m _identify(src/data_recorder_ros2) by extensions ['colcon_pkg']
[0.253s] [34mcolcon.colcon_core.package_identification[0m [1;30mLevel 1[0m _identify(src/data_recorder_ros2) by extension 'colcon_pkg'
[0.253s] [34mcolcon.colcon_core.package_identification[0m [1;30mLevel 1[0m _identify(src/data_recorder_ros2) by extensions ['colcon_meta']
[0.253s] [34mcolcon.colcon_core.package_identification[0m [1;30mLevel 1[0m _identify(src/data_recorder_ros2) by extension 'colcon_meta'
[0.253s] [34mcolcon.colcon_core.package_identification[0m [1;30mLevel 1[0m _identify(src/data_recorder_ros2) by extensions ['ros']
[0.253s] [34mcolcon.colcon_core.package_identification[0m [1;30mLevel 1[0m _identify(src/data_recorder_ros2) by extension 'ros'
[0.254s] [34mcolcon.colcon_core.package_identification[0m [1;30mDEBUG[0m [32mPackage 'src/data_recorder_ros2' with type 'ros.ament_python' and name 'data_recorder_ros2'[0m
[0.254s] [34mcolcon.colcon_core.package_identification[0m [1;30mLevel 1[0m _identify(src/open_cyber_glove) by extensions ['ignore', 'ignore_ament_install']
[0.254s] [34mcolcon.colcon_core.package_identification[0m [1;30mLevel 1[0m _identify(src/open_cyber_glove) by extension 'ignore'
[0.254s] [34mcolcon.colcon_core.package_identification[0m [1;30mLevel 1[0m _identify(src/open_cyber_glove) by extension 'ignore_ament_install'
[0.254s] [34mcolcon.colcon_core.package_identification[0m [1;30mLevel 1[0m _identify(src/open_cyber_glove) by extensions ['colcon_pkg']
[0.254s] [34mcolcon.colcon_core.package_identification[0m [1;30mLevel 1[0m _identify(src/open_cyber_glove) by extension 'colcon_pkg'
[0.254s] [34mcolcon.colcon_core.package_identification[0m [1;30mLevel 1[0m _identify(src/open_cyber_glove) by extensions ['colcon_meta']
[0.254s] [34mcolcon.colcon_core.package_identification[0m [1;30mLevel 1[0m _identify(src/open_cyber_glove) by extension 'colcon_meta'
[0.254s] [34mcolcon.colcon_core.package_identification[0m [1;30mLevel 1[0m _identify(src/open_cyber_glove) by extensions ['ros']
[0.254s] [34mcolcon.colcon_core.package_identification[0m [1;30mLevel 1[0m _identify(src/open_cyber_glove) by extension 'ros'
[0.254s] [34mcolcon.colcon_core.package_identification[0m [1;30mLevel 1[0m _identify(src/open_cyber_glove) by extensions ['cmake', 'python']
[0.254s] [34mcolcon.colcon_core.package_identification[0m [1;30mLevel 1[0m _identify(src/open_cyber_glove) by extension 'cmake'
[0.254s] [34mcolcon.colcon_core.package_identification[0m [1;30mLevel 1[0m _identify(src/open_cyber_glove) by extension 'python'
[0.254s] [34mcolcon.colcon_core.package_identification[0m [1;30mLevel 1[0m _identify(src/open_cyber_glove) by extensions ['python_setup_py']
[0.254s] [34mcolcon.colcon_core.package_identification[0m [1;30mLevel 1[0m _identify(src/open_cyber_glove) by extension 'python_setup_py'
[0.466s] [34mcolcon.colcon_core.package_identification[0m [1;30mDEBUG[0m [32mPackage 'src/open_cyber_glove' with type 'python' and name 'open_cyber_glove'[0m
[0.466s] [34mcolcon.colcon_core.package_identification[0m [1;30mLevel 1[0m _identify(src/open_cyber_glove_ros2) by extensions ['ignore', 'ignore_ament_install']
[0.466s] [34mcolcon.colcon_core.package_identification[0m [1;30mLevel 1[0m _identify(src/open_cyber_glove_ros2) by extension 'ignore'
[0.466s] [34mcolcon.colcon_core.package_identification[0m [1;30mLevel 1[0m _identify(src/open_cyber_glove_ros2) by extension 'ignore_ament_install'
[0.466s] [34mcolcon.colcon_core.package_identification[0m [1;30mLevel 1[0m _identify(src/open_cyber_glove_ros2) by extensions ['colcon_pkg']
[0.466s] [34mcolcon.colcon_core.package_identification[0m [1;30mLevel 1[0m _identify(src/open_cyber_glove_ros2) by extension 'colcon_pkg'
[0.466s] [34mcolcon.colcon_core.package_identification[0m [1;30mLevel 1[0m _identify(src/open_cyber_glove_ros2) by extensions ['colcon_meta']
[0.466s] [34mcolcon.colcon_core.package_identification[0m [1;30mLevel 1[0m _identify(src/open_cyber_glove_ros2) by extension 'colcon_meta'
[0.466s] [34mcolcon.colcon_core.package_identification[0m [1;30mLevel 1[0m _identify(src/open_cyber_glove_ros2) by extensions ['ros']
[0.466s] [34mcolcon.colcon_core.package_identification[0m [1;30mLevel 1[0m _identify(src/open_cyber_glove_ros2) by extension 'ros'
[0.467s] [34mcolcon.colcon_core.package_identification[0m [1;30mDEBUG[0m [32mPackage 'src/open_cyber_glove_ros2' with type 'ros.ament_cmake' and name 'open_cyber_glove_ros2'[0m
[0.467s] [34mcolcon.colcon_core.package_discovery[0m [1;30mLevel 1[0m discover_packages(recursive) using defaults
[0.467s] [34mcolcon.colcon_core.package_discovery[0m [1;30mLevel 1[0m discover_packages(ignore) discover
[0.467s] [34mcolcon.colcon_core.package_discovery[0m [1;30mLevel 1[0m discover_packages(ignore) using defaults
[0.467s] [34mcolcon.colcon_core.package_discovery[0m [1;30mLevel 1[0m discover_packages(path) discover
[0.467s] [34mcolcon.colcon_core.package_discovery[0m [1;30mLevel 1[0m discover_packages(path) using defaults
[0.479s] [34mcolcon.colcon_core.package_discovery[0m [1;30mLevel 1[0m discover_packages(prefix_path) check parameters
[0.479s] [34mcolcon.colcon_core.package_discovery[0m [1;30mLevel 1[0m discover_packages(prefix_path) discover
[0.480s] [34mcolcon.colcon_installed_package_information.package_discovery[0m [1;30mDEBUG[0m [32mFound 4 installed packages in /home/bryce/ros2_workspace/data_collection_ws/install[0m
[0.481s] [34mcolcon.colcon_installed_package_information.package_discovery[0m [1;30mDEBUG[0m [32mFound 386 installed packages in /opt/ros/humble[0m
[0.482s] [34mcolcon.colcon_core.package_discovery[0m [1;30mLevel 1[0m discover_packages(prefix_path) using defaults
[0.512s] [34mcolcon.colcon_core.verb[0m [1;30mLevel 5[0m set package 'data_recorder_interfaces' build argument 'cmake_args' from command line to 'None'
[0.512s] [34mcolcon.colcon_core.verb[0m [1;30mLevel 5[0m set package 'data_recorder_interfaces' build argument 'cmake_target' from command line to 'None'
[0.512s] [34mcolcon.colcon_core.verb[0m [1;30mLevel 5[0m set package 'data_recorder_interfaces' build argument 'cmake_target_skip_unavailable' from command line to 'False'
[0.512s] [34mcolcon.colcon_core.verb[0m [1;30mLevel 5[0m set package 'data_recorder_interfaces' build argument 'cmake_clean_cache' from command line to 'False'
[0.512s] [34mcolcon.colcon_core.verb[0m [1;30mLevel 5[0m set package 'data_recorder_interfaces' build argument 'cmake_clean_first' from command line to 'False'
[0.512s] [34mcolcon.colcon_core.verb[0m [1;30mLevel 5[0m set package 'data_recorder_interfaces' build argument 'cmake_force_configure' from command line to 'False'
[0.512s] [34mcolcon.colcon_core.verb[0m [1;30mLevel 5[0m set package 'data_recorder_interfaces' build argument 'ament_cmake_args' from command line to 'None'
[0.512s] [34mcolcon.colcon_core.verb[0m [1;30mLevel 5[0m set package 'data_recorder_interfaces' build argument 'catkin_cmake_args' from command line to 'None'
[0.512s] [34mcolcon.colcon_core.verb[0m [1;30mLevel 5[0m set package 'data_recorder_interfaces' build argument 'catkin_skip_building_tests' from command line to 'False'
[0.512s] [34mcolcon.colcon_core.verb[0m [1;30mDEBUG[0m [32mBuilding package 'data_recorder_interfaces' with the following arguments: {'ament_cmake_args': None, 'build_base': '/home/bryce/ros2_workspace/data_collection_ws/build/data_recorder_interfaces', 'catkin_cmake_args': None, 'catkin_skip_building_tests': False, 'cmake_args': None, 'cmake_clean_cache': False, 'cmake_clean_first': False, 'cmake_force_configure': False, 'cmake_target': None, 'cmake_target_skip_unavailable': False, 'install_base': '/home/bryce/ros2_workspace/data_collection_ws/install/data_recorder_interfaces', 'merge_install': False, 'path': '/home/bryce/ros2_workspace/data_collection_ws/src/data_recorder_interfaces', 'symlink_install': False, 'test_result_base': None}[0m
[0.512s] [34mcolcon.colcon_core.verb[0m [1;30mLevel 5[0m set package 'open_cyber_glove' build argument 'cmake_args' from command line to 'None'
[0.512s] [34mcolcon.colcon_core.verb[0m [1;30mLevel 5[0m set package 'open_cyber_glove' build argument 'cmake_target' from command line to 'None'
[0.512s] [34mcolcon.colcon_core.verb[0m [1;30mLevel 5[0m set package 'open_cyber_glove' build argument 'cmake_target_skip_unavailable' from command line to 'False'
[0.513s] [34mcolcon.colcon_core.verb[0m [1;30mLevel 5[0m set package 'open_cyber_glove' build argument 'cmake_clean_cache' from command line to 'False'
[0.513s] [34mcolcon.colcon_core.verb[0m [1;30mLevel 5[0m set package 'open_cyber_glove' build argument 'cmake_clean_first' from command line to 'False'
[0.513s] [34mcolcon.colcon_core.verb[0m [1;30mLevel 5[0m set package 'open_cyber_glove' build argument 'cmake_force_configure' from command line to 'False'
[0.513s] [34mcolcon.colcon_core.verb[0m [1;30mLevel 5[0m set package 'open_cyber_glove' build argument 'ament_cmake_args' from command line to 'None'
[0.513s] [34mcolcon.colcon_core.verb[0m [1;30mLevel 5[0m set package 'open_cyber_glove' build argument 'catkin_cmake_args' from command line to 'None'
[0.513s] [34mcolcon.colcon_core.verb[0m [1;30mLevel 5[0m set package 'open_cyber_glove' build argument 'catkin_skip_building_tests' from command line to 'False'
[0.513s] [34mcolcon.colcon_core.verb[0m [1;30mDEBUG[0m [32mBuilding package 'open_cyber_glove' with the following arguments: {'ament_cmake_args': None, 'build_base': '/home/bryce/ros2_workspace/data_collection_ws/build/open_cyber_glove', 'catkin_cmake_args': None, 'catkin_skip_building_tests': False, 'cmake_args': None, 'cmake_clean_cache': False, 'cmake_clean_first': False, 'cmake_force_configure': False, 'cmake_target': None, 'cmake_target_skip_unavailable': False, 'install_base': '/home/bryce/ros2_workspace/data_collection_ws/install/open_cyber_glove', 'merge_install': False, 'path': '/home/bryce/ros2_workspace/data_collection_ws/src/open_cyber_glove', 'symlink_install': False, 'test_result_base': None}[0m
[0.513s] [34mcolcon.colcon_core.verb[0m [1;30mLevel 5[0m set package 'open_cyber_glove_ros2' build argument 'cmake_args' from command line to 'None'
[0.513s] [34mcolcon.colcon_core.verb[0m [1;30mLevel 5[0m set package 'open_cyber_glove_ros2' build argument 'cmake_target' from command line to 'None'
[0.513s] [34mcolcon.colcon_core.verb[0m [1;30mLevel 5[0m set package 'open_cyber_glove_ros2' build argument 'cmake_target_skip_unavailable' from command line to 'False'
[0.513s] [34mcolcon.colcon_core.verb[0m [1;30mLevel 5[0m set package 'open_cyber_glove_ros2' build argument 'cmake_clean_cache' from command line to 'False'
[0.513s] [34mcolcon.colcon_core.verb[0m [1;30mLevel 5[0m set package 'open_cyber_glove_ros2' build argument 'cmake_clean_first' from command line to 'False'
[0.513s] [34mcolcon.colcon_core.verb[0m [1;30mLevel 5[0m set package 'open_cyber_glove_ros2' build argument 'cmake_force_configure' from command line to 'False'
[0.513s] [34mcolcon.colcon_core.verb[0m [1;30mLevel 5[0m set package 'open_cyber_glove_ros2' build argument 'ament_cmake_args' from command line to 'None'
[0.513s] [34mcolcon.colcon_core.verb[0m [1;30mLevel 5[0m set package 'open_cyber_glove_ros2' build argument 'catkin_cmake_args' from command line to 'None'
[0.513s] [34mcolcon.colcon_core.verb[0m [1;30mLevel 5[0m set package 'open_cyber_glove_ros2' build argument 'catkin_skip_building_tests' from command line to 'False'
[0.513s] [34mcolcon.colcon_core.verb[0m [1;30mDEBUG[0m [32mBuilding package 'open_cyber_glove_ros2' with the following arguments: {'ament_cmake_args': None, 'build_base': '/home/bryce/ros2_workspace/data_collection_ws/build/open_cyber_glove_ros2', 'catkin_cmake_args': None, 'catkin_skip_building_tests': False, 'cmake_args': None, 'cmake_clean_cache': False, 'cmake_clean_first': False, 'cmake_force_configure': False, 'cmake_target': None, 'cmake_target_skip_unavailable': False, 'install_base': '/home/bryce/ros2_workspace/data_collection_ws/install/open_cyber_glove_ros2', 'merge_install': False, 'path': '/home/bryce/ros2_workspace/data_collection_ws/src/open_cyber_glove_ros2', 'symlink_install': False, 'test_result_base': None}[0m
[0.513s] [34mcolcon.colcon_core.verb[0m [1;30mLevel 5[0m set package 'data_recorder_ros2' build argument 'cmake_args' from command line to 'None'
[0.513s] [34mcolcon.colcon_core.verb[0m [1;30mLevel 5[0m set package 'data_recorder_ros2' build argument 'cmake_target' from command line to 'None'
[0.513s] [34mcolcon.colcon_core.verb[0m [1;30mLevel 5[0m set package 'data_recorder_ros2' build argument 'cmake_target_skip_unavailable' from command line to 'False'
[0.513s] [34mcolcon.colcon_core.verb[0m [1;30mLevel 5[0m set package 'data_recorder_ros2' build argument 'cmake_clean_cache' from command line to 'False'
[0.513s] [34mcolcon.colcon_core.verb[0m [1;30mLevel 5[0m set package 'data_recorder_ros2' build argument 'cmake_clean_first' from command line to 'False'
[0.513s] [34mcolcon.colcon_core.verb[0m [1;30mLevel 5[0m set package 'data_recorder_ros2' build argument 'cmake_force_configure' from command line to 'False'
[0.513s] [34mcolcon.colcon_core.verb[0m [1;30mLevel 5[0m set package 'data_recorder_ros2' build argument 'ament_cmake_args' from command line to 'None'
[0.513s] [34mcolcon.colcon_core.verb[0m [1;30mLevel 5[0m set package 'data_recorder_ros2' build argument 'catkin_cmake_args' from command line to 'None'
[0.513s] [34mcolcon.colcon_core.verb[0m [1;30mLevel 5[0m set package 'data_recorder_ros2' build argument 'catkin_skip_building_tests' from command line to 'False'
[0.513s] [34mcolcon.colcon_core.verb[0m [1;30mDEBUG[0m [32mBuilding package 'data_recorder_ros2' with the following arguments: {'ament_cmake_args': None, 'build_base': '/home/bryce/ros2_workspace/data_collection_ws/build/data_recorder_ros2', 'catkin_cmake_args': None, 'catkin_skip_building_tests': False, 'cmake_args': None, 'cmake_clean_cache': False, 'cmake_clean_first': False, 'cmake_force_configure': False, 'cmake_target': None, 'cmake_target_skip_unavailable': False, 'install_base': '/home/bryce/ros2_workspace/data_collection_ws/install/data_recorder_ros2', 'merge_install': False, 'path': '/home/bryce/ros2_workspace/data_collection_ws/src/data_recorder_ros2', 'symlink_install': False, 'test_result_base': None}[0m
[0.513s] [34mcolcon.colcon_core.executor[0m [1;30mINFO[0m Executing jobs using 'parallel' executor
[0.514s] [34mcolcon.colcon_parallel_executor.executor.parallel[0m [1;30mDEBUG[0m [32mrun_until_complete[0m
[0.514s] [34mcolcon.colcon_ros.task.ament_cmake.build[0m [1;30mINFO[0m Building ROS package in '/home/bryce/ros2_workspace/data_collection_ws/src/data_recorder_interfaces' with build type 'ament_cmake'
[0.514s] [34mcolcon.colcon_cmake.task.cmake.build[0m [1;30mINFO[0m Building CMake package in '/home/bryce/ros2_workspace/data_collection_ws/src/data_recorder_interfaces'
[0.516s] [34mcolcon.colcon_core.plugin_system[0m [1;30mINFO[0m Skipping extension 'colcon_core.shell.bat': Not used on non-Windows systems
[0.516s] [34mcolcon.colcon_core.shell[0m [1;30mINFO[0m Skip shell extension 'powershell' for command environment: Not usable outside of PowerShell
[0.516s] [34mcolcon.colcon_core.shell[0m [1;30mDEBUG[0m [32mSkip shell extension 'dsv' for command environment[0m
[0.518s] [34mcolcon.colcon_core.task.python.build[0m [1;30mINFO[0m Building Python package in '/home/bryce/ros2_workspace/data_collection_ws/src/open_cyber_glove'
[0.518s] [34mcolcon.colcon_core.shell[0m [1;30mINFO[0m Skip shell extension 'powershell' for command environment: Not usable outside of PowerShell
[0.518s] [34mcolcon.colcon_core.shell[0m [1;30mDEBUG[0m [32mSkip shell extension 'dsv' for command environment[0m
[0.521s] [34mcolcon.colcon_ros.task.ament_cmake.build[0m [1;30mINFO[0m Building ROS package in '/home/bryce/ros2_workspace/data_collection_ws/src/open_cyber_glove_ros2' with build type 'ament_cmake'
[0.521s] [34mcolcon.colcon_cmake.task.cmake.build[0m [1;30mINFO[0m Building CMake package in '/home/bryce/ros2_workspace/data_collection_ws/src/open_cyber_glove_ros2'
[0.521s] [34mcolcon.colcon_core.shell[0m [1;30mINFO[0m Skip shell extension 'powershell' for command environment: Not usable outside of PowerShell
[0.521s] [34mcolcon.colcon_core.shell[0m [1;30mDEBUG[0m [32mSkip shell extension 'dsv' for command environment[0m
[0.526s] [34mcolcon.colcon_core.event_handler.log_command[0m [1;30mDEBUG[0m [32mInvoking command in '/home/bryce/ros2_workspace/data_collection_ws/build/data_recorder_interfaces': CMAKE_PREFIX_PATH=${CMAKE_PREFIX_PATH}:/home/bryce/ros2_workspace/data_collection_ws/install/data_recorder_ros2:/opt/ros/humble /usr/bin/cmake --build /home/bryce/ros2_workspace/data_collection_ws/build/data_recorder_interfaces -- -j12 -l12[0m
[0.759s] [34mcolcon.colcon_core.event_handler.log_command[0m [1;30mDEBUG[0m [32mInvoking command in '/home/bryce/ros2_workspace/data_collection_ws/build/open_cyber_glove_ros2': CMAKE_PREFIX_PATH=${CMAKE_PREFIX_PATH}:/home/bryce/ros2_workspace/data_collection_ws/install/data_recorder_ros2:/opt/ros/humble /usr/bin/cmake --build /home/bryce/ros2_workspace/data_collection_ws/build/open_cyber_glove_ros2 -- -j12 -l12[0m
[0.826s] [34mcolcon.colcon_core.event_handler.log_command[0m [1;30mDEBUG[0m [32mInvoked command in '/home/bryce/ros2_workspace/data_collection_ws/build/data_recorder_interfaces' returned '0': CMAKE_PREFIX_PATH=${CMAKE_PREFIX_PATH}:/home/bryce/ros2_workspace/data_collection_ws/install/data_recorder_ros2:/opt/ros/humble /usr/bin/cmake --build /home/bryce/ros2_workspace/data_collection_ws/build/data_recorder_interfaces -- -j12 -l12[0m
[0.833s] [34mcolcon.colcon_core.event_handler.log_command[0m [1;30mDEBUG[0m [32mInvoking command in '/home/bryce/ros2_workspace/data_collection_ws/build/data_recorder_interfaces': CMAKE_PREFIX_PATH=${CMAKE_PREFIX_PATH}:/home/bryce/ros2_workspace/data_collection_ws/install/data_recorder_ros2:/opt/ros/humble /usr/bin/cmake --install /home/bryce/ros2_workspace/data_collection_ws/build/data_recorder_interfaces[0m
[0.875s] [34mcolcon.colcon_core.environment[0m [1;30mLevel 1[0m create_environment_scripts_only(data_recorder_interfaces)
[0.876s] [34mcolcon.colcon_core.event_handler.log_command[0m [1;30mDEBUG[0m [32mInvoked command in '/home/bryce/ros2_workspace/data_collection_ws/build/data_recorder_interfaces' returned '0': CMAKE_PREFIX_PATH=${CMAKE_PREFIX_PATH}:/home/bryce/ros2_workspace/data_collection_ws/install/data_recorder_ros2:/opt/ros/humble /usr/bin/cmake --install /home/bryce/ros2_workspace/data_collection_ws/build/data_recorder_interfaces[0m
[0.877s] [34mcolcon.colcon_core.environment[0m [1;30mLevel 1[0m checking '/home/bryce/ros2_workspace/data_collection_ws/install/data_recorder_interfaces' for CMake module files
[0.878s] [34mcolcon.colcon_core.environment[0m [1;30mLevel 1[0m checking '/home/bryce/ros2_workspace/data_collection_ws/install/data_recorder_interfaces' for CMake config files
[0.878s] [34mcolcon.colcon_core.shell[0m [1;30mLevel 1[0m create_environment_hook('data_recorder_interfaces', 'cmake_prefix_path')
[0.879s] [34mcolcon.colcon_core.shell[0m [1;30mINFO[0m Creating environment hook '/home/bryce/ros2_workspace/data_collection_ws/install/data_recorder_interfaces/share/data_recorder_interfaces/hook/cmake_prefix_path.ps1'
[0.879s] [34mcolcon.colcon_core.shell[0m [1;30mINFO[0m Creating environment descriptor '/home/bryce/ros2_workspace/data_collection_ws/install/data_recorder_interfaces/share/data_recorder_interfaces/hook/cmake_prefix_path.dsv'
[0.880s] [34mcolcon.colcon_core.shell[0m [1;30mINFO[0m Creating environment hook '/home/bryce/ros2_workspace/data_collection_ws/install/data_recorder_interfaces/share/data_recorder_interfaces/hook/cmake_prefix_path.sh'
[0.880s] [34mcolcon.colcon_core.environment[0m [1;30mLevel 1[0m checking '/home/bryce/ros2_workspace/data_collection_ws/install/data_recorder_interfaces/lib'
[0.880s] [34mcolcon.colcon_core.shell[0m [1;30mLevel 1[0m create_environment_hook('data_recorder_interfaces', 'ld_library_path_lib')
[0.881s] [34mcolcon.colcon_core.shell[0m [1;30mINFO[0m Creating environment hook '/home/bryce/ros2_workspace/data_collection_ws/install/data_recorder_interfaces/share/data_recorder_interfaces/hook/ld_library_path_lib.ps1'
[0.881s] [34mcolcon.colcon_core.shell[0m [1;30mINFO[0m Creating environment descriptor '/home/bryce/ros2_workspace/data_collection_ws/install/data_recorder_interfaces/share/data_recorder_interfaces/hook/ld_library_path_lib.dsv'
[0.881s] [34mcolcon.colcon_core.shell[0m [1;30mINFO[0m Creating environment hook '/home/bryce/ros2_workspace/data_collection_ws/install/data_recorder_interfaces/share/data_recorder_interfaces/hook/ld_library_path_lib.sh'
[0.881s] [34mcolcon.colcon_core.environment[0m [1;30mLevel 1[0m checking '/home/bryce/ros2_workspace/data_collection_ws/install/data_recorder_interfaces/bin'
[0.881s] [34mcolcon.colcon_core.environment[0m [1;30mLevel 1[0m checking '/home/bryce/ros2_workspace/data_collection_ws/install/data_recorder_interfaces/lib/pkgconfig/data_recorder_interfaces.pc'
[0.881s] [34mcolcon.colcon_core.environment[0m [1;30mLevel 1[0m checking '/home/bryce/ros2_workspace/data_collection_ws/install/data_recorder_interfaces/lib/python3.10/site-packages'
[0.882s] [34mcolcon.colcon_core.environment[0m [1;30mLevel 1[0m checking '/home/bryce/ros2_workspace/data_collection_ws/install/data_recorder_interfaces/bin'
[0.882s] [34mcolcon.colcon_core.shell[0m [1;30mINFO[0m Creating package script '/home/bryce/ros2_workspace/data_collection_ws/install/data_recorder_interfaces/share/data_recorder_interfaces/package.ps1'
[0.882s] [34mcolcon.colcon_core.shell[0m [1;30mINFO[0m Creating package descriptor '/home/bryce/ros2_workspace/data_collection_ws/install/data_recorder_interfaces/share/data_recorder_interfaces/package.dsv'
[0.883s] [34mcolcon.colcon_core.shell[0m [1;30mINFO[0m Creating package script '/home/bryce/ros2_workspace/data_collection_ws/install/data_recorder_interfaces/share/data_recorder_interfaces/package.sh'
[0.883s] [34mcolcon.colcon_core.shell[0m [1;30mINFO[0m Creating package script '/home/bryce/ros2_workspace/data_collection_ws/install/data_recorder_interfaces/share/data_recorder_interfaces/package.bash'
[0.884s] [34mcolcon.colcon_core.shell[0m [1;30mINFO[0m Creating package script '/home/bryce/ros2_workspace/data_collection_ws/install/data_recorder_interfaces/share/data_recorder_interfaces/package.zsh'
[0.884s] [34mcolcon.colcon_core.environment[0m [1;30mLevel 1[0m create_file_with_runtime_dependencies(/home/bryce/ros2_workspace/data_collection_ws/install/data_recorder_interfaces/share/colcon-core/packages/data_recorder_interfaces)
[0.885s] [34mcolcon.colcon_core.environment[0m [1;30mLevel 1[0m create_environment_scripts_only(data_recorder_interfaces)
[0.885s] [34mcolcon.colcon_core.environment[0m [1;30mLevel 1[0m checking '/home/bryce/ros2_workspace/data_collection_ws/install/data_recorder_interfaces' for CMake module files
[0.885s] [34mcolcon.colcon_core.environment[0m [1;30mLevel 1[0m checking '/home/bryce/ros2_workspace/data_collection_ws/install/data_recorder_interfaces' for CMake config files
[0.885s] [34mcolcon.colcon_core.shell[0m [1;30mLevel 1[0m create_environment_hook('data_recorder_interfaces', 'cmake_prefix_path')
[0.885s] [34mcolcon.colcon_core.shell[0m [1;30mINFO[0m Creating environment hook '/home/bryce/ros2_workspace/data_collection_ws/install/data_recorder_interfaces/share/data_recorder_interfaces/hook/cmake_prefix_path.ps1'
[0.886s] [34mcolcon.colcon_core.shell[0m [1;30mINFO[0m Creating environment descriptor '/home/bryce/ros2_workspace/data_collection_ws/install/data_recorder_interfaces/share/data_recorder_interfaces/hook/cmake_prefix_path.dsv'
[0.886s] [34mcolcon.colcon_core.shell[0m [1;30mINFO[0m Creating environment hook '/home/bryce/ros2_workspace/data_collection_ws/install/data_recorder_interfaces/share/data_recorder_interfaces/hook/cmake_prefix_path.sh'
[0.886s] [34mcolcon.colcon_core.environment[0m [1;30mLevel 1[0m checking '/home/bryce/ros2_workspace/data_collection_ws/install/data_recorder_interfaces/lib'
[0.886s] [34mcolcon.colcon_core.shell[0m [1;30mLevel 1[0m create_environment_hook('data_recorder_interfaces', 'ld_library_path_lib')
[0.886s] [34mcolcon.colcon_core.shell[0m [1;30mINFO[0m Creating environment hook '/home/bryce/ros2_workspace/data_collection_ws/install/data_recorder_interfaces/share/data_recorder_interfaces/hook/ld_library_path_lib.ps1'
[0.887s] [34mcolcon.colcon_core.shell[0m [1;30mINFO[0m Creating environment descriptor '/home/bryce/ros2_workspace/data_collection_ws/install/data_recorder_interfaces/share/data_recorder_interfaces/hook/ld_library_path_lib.dsv'
[0.887s] [34mcolcon.colcon_core.shell[0m [1;30mINFO[0m Creating environment hook '/home/bryce/ros2_workspace/data_collection_ws/install/data_recorder_interfaces/share/data_recorder_interfaces/hook/ld_library_path_lib.sh'
[0.887s] [34mcolcon.colcon_core.environment[0m [1;30mLevel 1[0m checking '/home/bryce/ros2_workspace/data_collection_ws/install/data_recorder_interfaces/bin'
[0.887s] [34mcolcon.colcon_core.environment[0m [1;30mLevel 1[0m checking '/home/bryce/ros2_workspace/data_collection_ws/install/data_recorder_interfaces/lib/pkgconfig/data_recorder_interfaces.pc'
[0.887s] [34mcolcon.colcon_core.environment[0m [1;30mLevel 1[0m checking '/home/bryce/ros2_workspace/data_collection_ws/install/data_recorder_interfaces/lib/python3.10/site-packages'
[0.887s] [34mcolcon.colcon_core.environment[0m [1;30mLevel 1[0m checking '/home/bryce/ros2_workspace/data_collection_ws/install/data_recorder_interfaces/bin'
[0.888s] [34mcolcon.colcon_core.shell[0m [1;30mINFO[0m Creating package script '/home/bryce/ros2_workspace/data_collection_ws/install/data_recorder_interfaces/share/data_recorder_interfaces/package.ps1'
[0.888s] [34mcolcon.colcon_core.shell[0m [1;30mINFO[0m Creating package descriptor '/home/bryce/ros2_workspace/data_collection_ws/install/data_recorder_interfaces/share/data_recorder_interfaces/package.dsv'
[0.889s] [34mcolcon.colcon_core.shell[0m [1;30mINFO[0m Creating package script '/home/bryce/ros2_workspace/data_collection_ws/install/data_recorder_interfaces/share/data_recorder_interfaces/package.sh'
[0.889s] [34mcolcon.colcon_core.shell[0m [1;30mINFO[0m Creating package script '/home/bryce/ros2_workspace/data_collection_ws/install/data_recorder_interfaces/share/data_recorder_interfaces/package.bash'
[0.889s] [34mcolcon.colcon_core.shell[0m [1;30mINFO[0m Creating package script '/home/bryce/ros2_workspace/data_collection_ws/install/data_recorder_interfaces/share/data_recorder_interfaces/package.zsh'
[0.889s] [34mcolcon.colcon_core.environment[0m [1;30mLevel 1[0m create_file_with_runtime_dependencies(/home/bryce/ros2_workspace/data_collection_ws/install/data_recorder_interfaces/share/colcon-core/packages/data_recorder_interfaces)
[0.890s] [34mcolcon.colcon_ros.task.ament_python.build[0m [1;30mINFO[0m Building ROS package in '/home/bryce/ros2_workspace/data_collection_ws/src/data_recorder_ros2' with build type 'ament_python'
[0.890s] [34mcolcon.colcon_core.shell[0m [1;30mLevel 1[0m create_environment_hook('data_recorder_ros2', 'ament_prefix_path')
[0.890s] [34mcolcon.colcon_core.shell[0m [1;30mINFO[0m Creating environment hook '/home/bryce/ros2_workspace/data_collection_ws/install/data_recorder_ros2/share/data_recorder_ros2/hook/ament_prefix_path.ps1'
[0.890s] [34mcolcon.colcon_core.shell[0m [1;30mINFO[0m Creating environment descriptor '/home/bryce/ros2_workspace/data_collection_ws/install/data_recorder_ros2/share/data_recorder_ros2/hook/ament_prefix_path.dsv'
[0.890s] [34mcolcon.colcon_core.shell[0m [1;30mINFO[0m Creating environment hook '/home/bryce/ros2_workspace/data_collection_ws/install/data_recorder_ros2/share/data_recorder_ros2/hook/ament_prefix_path.sh'
[0.891s] [34mcolcon.colcon_core.shell[0m [1;30mINFO[0m Skip shell extension 'powershell' for command environment: Not usable outside of PowerShell
[0.891s] [34mcolcon.colcon_core.shell[0m [1;30mDEBUG[0m [32mSkip shell extension 'dsv' for command environment[0m
[1.122s] [34mcolcon.colcon_core.task.python.build[0m [1;30mINFO[0m Building Python package in '/home/bryce/ros2_workspace/data_collection_ws/src/data_recorder_ros2'
[1.122s] [34mcolcon.colcon_core.shell[0m [1;30mINFO[0m Skip shell extension 'powershell' for command environment: Not usable outside of PowerShell
[1.122s] [34mcolcon.colcon_core.shell[0m [1;30mDEBUG[0m [32mSkip shell extension 'dsv' for command environment[0m
[1.126s] [34mcolcon.colcon_core.event_handler.log_command[0m [1;30mDEBUG[0m [32mInvoking command in '/home/bryce/ros2_workspace/data_collection_ws/src/open_cyber_glove': PYTHONPATH=/home/bryce/ros2_workspace/data_collection_ws/build/open_cyber_glove/prefix_override:/usr/lib/python3/dist-packages/colcon_core/task/python/colcon_distutils_commands:/home/bryce/ros2_workspace/data_collection_ws/install/open_cyber_glove/lib/python3.10/site-packages:${PYTHONPATH} /usr/bin/python3 -W ignore:setup.py install is deprecated -W ignore:easy_install command is deprecated setup.py egg_info --egg-base ../../build/open_cyber_glove build --build-base /home/bryce/ros2_workspace/data_collection_ws/build/open_cyber_glove/build install --record /home/bryce/ros2_workspace/data_collection_ws/build/open_cyber_glove/install.log --single-version-externally-managed[0m
[1.126s] [34mcolcon.colcon_core.event_handler.log_command[0m [1;30mDEBUG[0m [32mInvoked command in '/home/bryce/ros2_workspace/data_collection_ws/build/open_cyber_glove_ros2' returned '0': CMAKE_PREFIX_PATH=${CMAKE_PREFIX_PATH}:/home/bryce/ros2_workspace/data_collection_ws/install/data_recorder_ros2:/opt/ros/humble /usr/bin/cmake --build /home/bryce/ros2_workspace/data_collection_ws/build/open_cyber_glove_ros2 -- -j12 -l12[0m
[1.127s] [34mcolcon.colcon_core.event_handler.log_command[0m [1;30mDEBUG[0m [32mInvoking command in '/home/bryce/ros2_workspace/data_collection_ws/build/open_cyber_glove_ros2': CMAKE_PREFIX_PATH=${CMAKE_PREFIX_PATH}:/home/bryce/ros2_workspace/data_collection_ws/install/data_recorder_ros2:/opt/ros/humble /usr/bin/cmake --install /home/bryce/ros2_workspace/data_collection_ws/build/open_cyber_glove_ros2[0m
[1.166s] [34mcolcon.colcon_core.environment[0m [1;30mLevel 1[0m create_environment_scripts_only(open_cyber_glove_ros2)
[1.167s] [34mcolcon.colcon_core.event_handler.log_command[0m [1;30mDEBUG[0m [32mInvoked command in '/home/bryce/ros2_workspace/data_collection_ws/build/open_cyber_glove_ros2' returned '0': CMAKE_PREFIX_PATH=${CMAKE_PREFIX_PATH}:/home/bryce/ros2_workspace/data_collection_ws/install/data_recorder_ros2:/opt/ros/humble /usr/bin/cmake --install /home/bryce/ros2_workspace/data_collection_ws/build/open_cyber_glove_ros2[0m
[1.167s] [34mcolcon.colcon_core.environment[0m [1;30mLevel 1[0m checking '/home/bryce/ros2_workspace/data_collection_ws/install/open_cyber_glove_ros2' for CMake module files
[1.168s] [34mcolcon.colcon_core.environment[0m [1;30mLevel 1[0m checking '/home/bryce/ros2_workspace/data_collection_ws/install/open_cyber_glove_ros2' for CMake config files
[1.168s] [34mcolcon.colcon_core.shell[0m [1;30mLevel 1[0m create_environment_hook('open_cyber_glove_ros2', 'cmake_prefix_path')
[1.169s] [34mcolcon.colcon_core.shell[0m [1;30mINFO[0m Creating environment hook '/home/bryce/ros2_workspace/data_collection_ws/install/open_cyber_glove_ros2/share/open_cyber_glove_ros2/hook/cmake_prefix_path.ps1'
[1.169s] [34mcolcon.colcon_core.shell[0m [1;30mINFO[0m Creating environment descriptor '/home/bryce/ros2_workspace/data_collection_ws/install/open_cyber_glove_ros2/share/open_cyber_glove_ros2/hook/cmake_prefix_path.dsv'
[1.169s] [34mcolcon.colcon_core.shell[0m [1;30mINFO[0m Creating environment hook '/home/bryce/ros2_workspace/data_collection_ws/install/open_cyber_glove_ros2/share/open_cyber_glove_ros2/hook/cmake_prefix_path.sh'
[1.170s] [34mcolcon.colcon_core.environment[0m [1;30mLevel 1[0m checking '/home/bryce/ros2_workspace/data_collection_ws/install/open_cyber_glove_ros2/lib'
[1.170s] [34mcolcon.colcon_core.shell[0m [1;30mLevel 1[0m create_environment_hook('open_cyber_glove_ros2', 'ld_library_path_lib')
[1.170s] [34mcolcon.colcon_core.shell[0m [1;30mINFO[0m Creating environment hook '/home/bryce/ros2_workspace/data_collection_ws/install/open_cyber_glove_ros2/share/open_cyber_glove_ros2/hook/ld_library_path_lib.ps1'
[1.171s] [34mcolcon.colcon_core.shell[0m [1;30mINFO[0m Creating environment descriptor '/home/bryce/ros2_workspace/data_collection_ws/install/open_cyber_glove_ros2/share/open_cyber_glove_ros2/hook/ld_library_path_lib.dsv'
[1.171s] [34mcolcon.colcon_core.shell[0m [1;30mINFO[0m Creating environment hook '/home/bryce/ros2_workspace/data_collection_ws/install/open_cyber_glove_ros2/share/open_cyber_glove_ros2/hook/ld_library_path_lib.sh'
[1.171s] [34mcolcon.colcon_core.environment[0m [1;30mLevel 1[0m checking '/home/bryce/ros2_workspace/data_collection_ws/install/open_cyber_glove_ros2/bin'
[1.171s] [34mcolcon.colcon_core.environment[0m [1;30mLevel 1[0m checking '/home/bryce/ros2_workspace/data_collection_ws/install/open_cyber_glove_ros2/lib/pkgconfig/open_cyber_glove_ros2.pc'
[1.172s] [34mcolcon.colcon_core.environment[0m [1;30mLevel 1[0m checking '/home/bryce/ros2_workspace/data_collection_ws/install/open_cyber_glove_ros2/lib/python3.10/site-packages'
[1.172s] [34mcolcon.colcon_core.environment[0m [1;30mLevel 1[0m checking '/home/bryce/ros2_workspace/data_collection_ws/install/open_cyber_glove_ros2/bin'
[1.173s] [34mcolcon.colcon_core.shell[0m [1;30mINFO[0m Creating package script '/home/bryce/ros2_workspace/data_collection_ws/install/open_cyber_glove_ros2/share/open_cyber_glove_ros2/package.ps1'
[1.173s] [34mcolcon.colcon_core.shell[0m [1;30mINFO[0m Creating package descriptor '/home/bryce/ros2_workspace/data_collection_ws/install/open_cyber_glove_ros2/share/open_cyber_glove_ros2/package.dsv'
[1.173s] [34mcolcon.colcon_core.shell[0m [1;30mINFO[0m Creating package script '/home/bryce/ros2_workspace/data_collection_ws/install/open_cyber_glove_ros2/share/open_cyber_glove_ros2/package.sh'
[1.174s] [34mcolcon.colcon_core.shell[0m [1;30mINFO[0m Creating package script '/home/bryce/ros2_workspace/data_collection_ws/install/open_cyber_glove_ros2/share/open_cyber_glove_ros2/package.bash'
[1.174s] [34mcolcon.colcon_core.shell[0m [1;30mINFO[0m Creating package script '/home/bryce/ros2_workspace/data_collection_ws/install/open_cyber_glove_ros2/share/open_cyber_glove_ros2/package.zsh'
[1.175s] [34mcolcon.colcon_core.environment[0m [1;30mLevel 1[0m create_file_with_runtime_dependencies(/home/bryce/ros2_workspace/data_collection_ws/install/open_cyber_glove_ros2/share/colcon-core/packages/open_cyber_glove_ros2)
[1.175s] [34mcolcon.colcon_core.environment[0m [1;30mLevel 1[0m create_environment_scripts_only(open_cyber_glove_ros2)
[1.175s] [34mcolcon.colcon_core.environment[0m [1;30mLevel 1[0m checking '/home/bryce/ros2_workspace/data_collection_ws/install/open_cyber_glove_ros2' for CMake module files
[1.176s] [34mcolcon.colcon_core.environment[0m [1;30mLevel 1[0m checking '/home/bryce/ros2_workspace/data_collection_ws/install/open_cyber_glove_ros2' for CMake config files
[1.177s] [34mcolcon.colcon_core.shell[0m [1;30mLevel 1[0m create_environment_hook('open_cyber_glove_ros2', 'cmake_prefix_path')
[1.177s] [34mcolcon.colcon_core.shell[0m [1;30mINFO[0m Creating environment hook '/home/bryce/ros2_workspace/data_collection_ws/install/open_cyber_glove_ros2/share/open_cyber_glove_ros2/hook/cmake_prefix_path.ps1'
[1.177s] [34mcolcon.colcon_core.shell[0m [1;30mINFO[0m Creating environment descriptor '/home/bryce/ros2_workspace/data_collection_ws/install/open_cyber_glove_ros2/share/open_cyber_glove_ros2/hook/cmake_prefix_path.dsv'
[1.178s] [34mcolcon.colcon_core.shell[0m [1;30mINFO[0m Creating environment hook '/home/bryce/ros2_workspace/data_collection_ws/install/open_cyber_glove_ros2/share/open_cyber_glove_ros2/hook/cmake_prefix_path.sh'
[1.178s] [34mcolcon.colcon_core.environment[0m [1;30mLevel 1[0m checking '/home/bryce/ros2_workspace/data_collection_ws/install/open_cyber_glove_ros2/lib'
[1.178s] [34mcolcon.colcon_core.shell[0m [1;30mLevel 1[0m create_environment_hook('open_cyber_glove_ros2', 'ld_library_path_lib')
[1.179s] [34mcolcon.colcon_core.shell[0m [1;30mINFO[0m Creating environment hook '/home/bryce/ros2_workspace/data_collection_ws/install/open_cyber_glove_ros2/share/open_cyber_glove_ros2/hook/ld_library_path_lib.ps1'
[1.179s] [34mcolcon.colcon_core.shell[0m [1;30mINFO[0m Creating environment descriptor '/home/bryce/ros2_workspace/data_collection_ws/install/open_cyber_glove_ros2/share/open_cyber_glove_ros2/hook/ld_library_path_lib.dsv'
[1.179s] [34mcolcon.colcon_core.shell[0m [1;30mINFO[0m Creating environment hook '/home/bryce/ros2_workspace/data_collection_ws/install/open_cyber_glove_ros2/share/open_cyber_glove_ros2/hook/ld_library_path_lib.sh'
[1.180s] [34mcolcon.colcon_core.environment[0m [1;30mLevel 1[0m checking '/home/bryce/ros2_workspace/data_collection_ws/install/open_cyber_glove_ros2/bin'
[1.180s] [34mcolcon.colcon_core.environment[0m [1;30mLevel 1[0m checking '/home/bryce/ros2_workspace/data_collection_ws/install/open_cyber_glove_ros2/lib/pkgconfig/open_cyber_glove_ros2.pc'
[1.180s] [34mcolcon.colcon_core.environment[0m [1;30mLevel 1[0m checking '/home/bryce/ros2_workspace/data_collection_ws/install/open_cyber_glove_ros2/lib/python3.10/site-packages'
[1.180s] [34mcolcon.colcon_core.environment[0m [1;30mLevel 1[0m checking '/home/bryce/ros2_workspace/data_collection_ws/install/open_cyber_glove_ros2/bin'
[1.181s] [34mcolcon.colcon_core.shell[0m [1;30mINFO[0m Creating package script '/home/bryce/ros2_workspace/data_collection_ws/install/open_cyber_glove_ros2/share/open_cyber_glove_ros2/package.ps1'
[1.181s] [34mcolcon.colcon_core.shell[0m [1;30mINFO[0m Creating package descriptor '/home/bryce/ros2_workspace/data_collection_ws/install/open_cyber_glove_ros2/share/open_cyber_glove_ros2/package.dsv'
[1.182s] [34mcolcon.colcon_core.shell[0m [1;30mINFO[0m Creating package script '/home/bryce/ros2_workspace/data_collection_ws/install/open_cyber_glove_ros2/share/open_cyber_glove_ros2/package.sh'
[1.182s] [34mcolcon.colcon_core.shell[0m [1;30mINFO[0m Creating package script '/home/bryce/ros2_workspace/data_collection_ws/install/open_cyber_glove_ros2/share/open_cyber_glove_ros2/package.bash'
[1.183s] [34mcolcon.colcon_core.shell[0m [1;30mINFO[0m Creating package script '/home/bryce/ros2_workspace/data_collection_ws/install/open_cyber_glove_ros2/share/open_cyber_glove_ros2/package.zsh'
[1.183s] [34mcolcon.colcon_core.environment[0m [1;30mLevel 1[0m create_file_with_runtime_dependencies(/home/bryce/ros2_workspace/data_collection_ws/install/open_cyber_glove_ros2/share/colcon-core/packages/open_cyber_glove_ros2)
[1.376s] [34mcolcon.colcon_core.environment[0m [1;30mLevel 1[0m checking '/home/bryce/ros2_workspace/data_collection_ws/install/open_cyber_glove' for CMake module files
[1.377s] [34mcolcon.colcon_core.event_handler.log_command[0m [1;30mDEBUG[0m [32mInvoked command in '/home/bryce/ros2_workspace/data_collection_ws/src/open_cyber_glove' returned '0': PYTHONPATH=/home/bryce/ros2_workspace/data_collection_ws/build/open_cyber_glove/prefix_override:/usr/lib/python3/dist-packages/colcon_core/task/python/colcon_distutils_commands:/home/bryce/ros2_workspace/data_collection_ws/install/open_cyber_glove/lib/python3.10/site-packages:${PYTHONPATH} /usr/bin/python3 -W ignore:setup.py install is deprecated -W ignore:easy_install command is deprecated setup.py egg_info --egg-base ../../build/open_cyber_glove build --build-base /home/bryce/ros2_workspace/data_collection_ws/build/open_cyber_glove/build install --record /home/bryce/ros2_workspace/data_collection_ws/build/open_cyber_glove/install.log --single-version-externally-managed[0m
[1.377s] [34mcolcon.colcon_core.environment[0m [1;30mLevel 1[0m checking '/home/bryce/ros2_workspace/data_collection_ws/install/open_cyber_glove' for CMake config files
[1.377s] [34mcolcon.colcon_core.environment[0m [1;30mLevel 1[0m checking '/home/bryce/ros2_workspace/data_collection_ws/install/open_cyber_glove/lib'
[1.378s] [34mcolcon.colcon_core.environment[0m [1;30mLevel 1[0m checking '/home/bryce/ros2_workspace/data_collection_ws/install/open_cyber_glove/bin'
[1.378s] [34mcolcon.colcon_core.environment[0m [1;30mLevel 1[0m checking '/home/bryce/ros2_workspace/data_collection_ws/install/open_cyber_glove/lib/pkgconfig/open_cyber_glove.pc'
[1.378s] [34mcolcon.colcon_core.environment[0m [1;30mLevel 1[0m checking '/home/bryce/ros2_workspace/data_collection_ws/install/open_cyber_glove/lib/python3.10/site-packages'
[1.378s] [34mcolcon.colcon_core.shell[0m [1;30mLevel 1[0m create_environment_hook('open_cyber_glove', 'pythonpath')
[1.378s] [34mcolcon.colcon_core.shell[0m [1;30mINFO[0m Creating environment hook '/home/bryce/ros2_workspace/data_collection_ws/install/open_cyber_glove/share/open_cyber_glove/hook/pythonpath.ps1'
[1.379s] [34mcolcon.colcon_core.shell[0m [1;30mINFO[0m Creating environment descriptor '/home/bryce/ros2_workspace/data_collection_ws/install/open_cyber_glove/share/open_cyber_glove/hook/pythonpath.dsv'
[1.379s] [34mcolcon.colcon_core.shell[0m [1;30mINFO[0m Creating environment hook '/home/bryce/ros2_workspace/data_collection_ws/install/open_cyber_glove/share/open_cyber_glove/hook/pythonpath.sh'
[1.380s] [34mcolcon.colcon_core.environment[0m [1;30mLevel 1[0m checking '/home/bryce/ros2_workspace/data_collection_ws/install/open_cyber_glove/bin'
[1.380s] [34mcolcon.colcon_core.environment[0m [1;30mLevel 1[0m create_environment_scripts_only(open_cyber_glove)
[1.380s] [34mcolcon.colcon_core.shell[0m [1;30mINFO[0m Creating package script '/home/bryce/ros2_workspace/data_collection_ws/install/open_cyber_glove/share/open_cyber_glove/package.ps1'
[1.380s] [34mcolcon.colcon_core.shell[0m [1;30mINFO[0m Creating package descriptor '/home/bryce/ros2_workspace/data_collection_ws/install/open_cyber_glove/share/open_cyber_glove/package.dsv'
[1.381s] [34mcolcon.colcon_core.shell[0m [1;30mINFO[0m Creating package script '/home/bryce/ros2_workspace/data_collection_ws/install/open_cyber_glove/share/open_cyber_glove/package.sh'
[1.381s] [34mcolcon.colcon_core.shell[0m [1;30mINFO[0m Creating package script '/home/bryce/ros2_workspace/data_collection_ws/install/open_cyber_glove/share/open_cyber_glove/package.bash'
[1.382s] [34mcolcon.colcon_core.shell[0m [1;30mINFO[0m Creating package script '/home/bryce/ros2_workspace/data_collection_ws/install/open_cyber_glove/share/open_cyber_glove/package.zsh'
[1.382s] [34mcolcon.colcon_core.environment[0m [1;30mLevel 1[0m create_file_with_runtime_dependencies(/home/bryce/ros2_workspace/data_collection_ws/install/open_cyber_glove/share/colcon-core/packages/open_cyber_glove)
[1.458s] [34mcolcon.colcon_core.event_handler.log_command[0m [1;30mDEBUG[0m [32mInvoking command in '/home/bryce/ros2_workspace/data_collection_ws/src/data_recorder_ros2': CMAKE_PREFIX_PATH=/home/bryce/ros2_workspace/data_collection_ws/install/data_recorder_interfaces:/home/bryce/ros2_workspace/data_collection_ws/install/open_cyber_glove_ros2 LD_LIBRARY_PATH=/home/bryce/ros2_workspace/data_collection_ws/install/data_recorder_interfaces/lib:/home/bryce/ros2_workspace/data_collection_ws/install/open_cyber_glove_ros2/lib:/usr/local/cuda-13.0/lib64:/opt/ros/humble/opt/rviz_ogre_vendor/lib:/opt/ros/humble/lib/x86_64-linux-gnu:/opt/ros/humble/lib:/home/bryce/.mujoco/mujoco210/bin PYTHONPATH=/home/bryce/ros2_workspace/data_collection_ws/build/data_recorder_ros2/prefix_override:/usr/lib/python3/dist-packages/colcon_core/task/python/colcon_distutils_commands:/home/bryce/ros2_workspace/data_collection_ws/install/data_recorder_ros2/lib/python3.10/site-packages:${PYTHONPATH} /usr/bin/python3 -W ignore:setup.py install is deprecated -W ignore:easy_install command is deprecated setup.py egg_info --egg-base ../../build/data_recorder_ros2 build --build-base /home/bryce/ros2_workspace/data_collection_ws/build/data_recorder_ros2/build install --record /home/bryce/ros2_workspace/data_collection_ws/build/data_recorder_ros2/install.log --single-version-externally-managed install_data[0m
[1.691s] [34mcolcon.colcon_core.environment[0m [1;30mLevel 1[0m checking '/home/bryce/ros2_workspace/data_collection_ws/install/data_recorder_ros2' for CMake module files
[1.691s] [34mcolcon.colcon_core.event_handler.log_command[0m [1;30mDEBUG[0m [32mInvoked command in '/home/bryce/ros2_workspace/data_collection_ws/src/data_recorder_ros2' returned '0': CMAKE_PREFIX_PATH=/home/bryce/ros2_workspace/data_collection_ws/install/data_recorder_interfaces:/home/bryce/ros2_workspace/data_collection_ws/install/open_cyber_glove_ros2 LD_LIBRARY_PATH=/home/bryce/ros2_workspace/data_collection_ws/install/data_recorder_interfaces/lib:/home/bryce/ros2_workspace/data_collection_ws/install/open_cyber_glove_ros2/lib:/usr/local/cuda-13.0/lib64:/opt/ros/humble/opt/rviz_ogre_vendor/lib:/opt/ros/humble/lib/x86_64-linux-gnu:/opt/ros/humble/lib:/home/bryce/.mujoco/mujoco210/bin PYTHONPATH=/home/bryce/ros2_workspace/data_collection_ws/build/data_recorder_ros2/prefix_override:/usr/lib/python3/dist-packages/colcon_core/task/python/colcon_distutils_commands:/home/bryce/ros2_workspace/data_collection_ws/install/data_recorder_ros2/lib/python3.10/site-packages:${PYTHONPATH} /usr/bin/python3 -W ignore:setup.py install is deprecated -W ignore:easy_install command is deprecated setup.py egg_info --egg-base ../../build/data_recorder_ros2 build --build-base /home/bryce/ros2_workspace/data_collection_ws/build/data_recorder_ros2/build install --record /home/bryce/ros2_workspace/data_collection_ws/build/data_recorder_ros2/install.log --single-version-externally-managed install_data[0m
[1.691s] [34mcolcon.colcon_core.environment[0m [1;30mLevel 1[0m checking '/home/bryce/ros2_workspace/data_collection_ws/install/data_recorder_ros2' for CMake config files
[1.692s] [34mcolcon.colcon_core.environment[0m [1;30mLevel 1[0m checking '/home/bryce/ros2_workspace/data_collection_ws/install/data_recorder_ros2/lib'
[1.692s] [34mcolcon.colcon_core.environment[0m [1;30mLevel 1[0m checking '/home/bryce/ros2_workspace/data_collection_ws/install/data_recorder_ros2/bin'
[1.692s] [34mcolcon.colcon_core.environment[0m [1;30mLevel 1[0m checking '/home/bryce/ros2_workspace/data_collection_ws/install/data_recorder_ros2/lib/pkgconfig/data_recorder_ros2.pc'
[1.692s] [34mcolcon.colcon_core.environment[0m [1;30mLevel 1[0m checking '/home/bryce/ros2_workspace/data_collection_ws/install/data_recorder_ros2/lib/python3.10/site-packages'
[1.692s] [34mcolcon.colcon_core.shell[0m [1;30mLevel 1[0m create_environment_hook('data_recorder_ros2', 'pythonpath')
[1.692s] [34mcolcon.colcon_core.shell[0m [1;30mINFO[0m Creating environment hook '/home/bryce/ros2_workspace/data_collection_ws/install/data_recorder_ros2/share/data_recorder_ros2/hook/pythonpath.ps1'
[1.693s] [34mcolcon.colcon_core.shell[0m [1;30mINFO[0m Creating environment descriptor '/home/bryce/ros2_workspace/data_collection_ws/install/data_recorder_ros2/share/data_recorder_ros2/hook/pythonpath.dsv'
[1.693s] [34mcolcon.colcon_core.shell[0m [1;30mINFO[0m Creating environment hook '/home/bryce/ros2_workspace/data_collection_ws/install/data_recorder_ros2/share/data_recorder_ros2/hook/pythonpath.sh'
[1.693s] [34mcolcon.colcon_core.environment[0m [1;30mLevel 1[0m checking '/home/bryce/ros2_workspace/data_collection_ws/install/data_recorder_ros2/bin'
[1.693s] [34mcolcon.colcon_core.environment[0m [1;30mLevel 1[0m create_environment_scripts_only(data_recorder_ros2)
[1.694s] [34mcolcon.colcon_core.shell[0m [1;30mINFO[0m Creating package script '/home/bryce/ros2_workspace/data_collection_ws/install/data_recorder_ros2/share/data_recorder_ros2/package.ps1'
[1.694s] [34mcolcon.colcon_core.shell[0m [1;30mINFO[0m Creating package descriptor '/home/bryce/ros2_workspace/data_collection_ws/install/data_recorder_ros2/share/data_recorder_ros2/package.dsv'
[1.694s] [34mcolcon.colcon_core.shell[0m [1;30mINFO[0m Creating package script '/home/bryce/ros2_workspace/data_collection_ws/install/data_recorder_ros2/share/data_recorder_ros2/package.sh'
[1.694s] [34mcolcon.colcon_core.shell[0m [1;30mINFO[0m Creating package script '/home/bryce/ros2_workspace/data_collection_ws/install/data_recorder_ros2/share/data_recorder_ros2/package.bash'
[1.695s] [34mcolcon.colcon_core.shell[0m [1;30mINFO[0m Creating package script '/home/bryce/ros2_workspace/data_collection_ws/install/data_recorder_ros2/share/data_recorder_ros2/package.zsh'
[1.695s] [34mcolcon.colcon_core.environment[0m [1;30mLevel 1[0m create_file_with_runtime_dependencies(/home/bryce/ros2_workspace/data_collection_ws/install/data_recorder_ros2/share/colcon-core/packages/data_recorder_ros2)
[1.695s] [34mcolcon.colcon_parallel_executor.executor.parallel[0m [1;30mDEBUG[0m [32mclosing loop[0m
[1.695s] [34mcolcon.colcon_parallel_executor.executor.parallel[0m [1;30mDEBUG[0m [32mloop closed[0m
[1.695s] [34mcolcon.colcon_parallel_executor.executor.parallel[0m [1;30mDEBUG[0m [32mrun_until_complete finished with '0'[0m
[1.695s] [34mcolcon.colcon_core.event_reactor[0m [1;30mDEBUG[0m [32mjoining thread[0m
[1.699s] [34mcolcon.colcon_core.plugin_system[0m [1;30mINFO[0m Skipping extension 'colcon_notification.desktop_notification.terminal_notifier': Not used on non-Darwin systems
[1.699s] [34mcolcon.colcon_core.plugin_system[0m [1;30mINFO[0m Skipping extension 'colcon_notification.desktop_notification.win32': Not used on non-Windows systems
[1.699s] [34mcolcon.colcon_notification.desktop_notification[0m [1;30mINFO[0m Sending desktop notification using 'notify2'
[1.705s] [34mcolcon.colcon_core.event_reactor[0m [1;30mDEBUG[0m [32mjoined thread[0m
[1.706s] [34mcolcon.colcon_core.shell[0m [1;30mINFO[0m Creating prefix script '/home/bryce/ros2_workspace/data_collection_ws/install/local_setup.ps1'
[1.706s] [34mcolcon.colcon_core.shell[0m [1;30mINFO[0m Creating prefix util module '/home/bryce/ros2_workspace/data_collection_ws/install/_local_setup_util_ps1.py'
[1.707s] [34mcolcon.colcon_core.shell[0m [1;30mINFO[0m Creating prefix chain script '/home/bryce/ros2_workspace/data_collection_ws/install/setup.ps1'
[1.708s] [34mcolcon.colcon_core.shell[0m [1;30mINFO[0m Creating prefix script '/home/bryce/ros2_workspace/data_collection_ws/install/local_setup.sh'
[1.709s] [34mcolcon.colcon_core.shell[0m [1;30mINFO[0m Creating prefix util module '/home/bryce/ros2_workspace/data_collection_ws/install/_local_setup_util_sh.py'
[1.709s] [34mcolcon.colcon_core.shell[0m [1;30mINFO[0m Creating prefix chain script '/home/bryce/ros2_workspace/data_collection_ws/install/setup.sh'
[1.710s] [34mcolcon.colcon_core.shell[0m [1;30mINFO[0m Creating prefix script '/home/bryce/ros2_workspace/data_collection_ws/install/local_setup.bash'
[1.710s] [34mcolcon.colcon_core.shell[0m [1;30mINFO[0m Creating prefix chain script '/home/bryce/ros2_workspace/data_collection_ws/install/setup.bash'
[1.711s] [34mcolcon.colcon_core.shell[0m [1;30mINFO[0m Creating prefix script '/home/bryce/ros2_workspace/data_collection_ws/install/local_setup.zsh'
[1.711s] [34mcolcon.colcon_core.shell[0m [1;30mINFO[0m Creating prefix chain script '/home/bryce/ros2_workspace/data_collection_ws/install/setup.zsh'
