[0.940s] Invoking command in '/home/nuc/ros2_workspace/data_collection_ws/src/camera_bridge': PYTHONPATH=/home/nuc/ros2_workspace/data_collection_ws/build/camera_bridge/prefix_override:/usr/lib/python3/dist-packages/colcon_core/task/python/colcon_distutils_commands:/home/nuc/ros2_workspace/data_collection_ws/install/camera_bridge/lib/python3.10/site-packages:${PYTHONPATH} /usr/bin/python3 -W ignore:setup.py install is deprecated -W ignore:easy_install command is deprecated setup.py egg_info --egg-base ../../build/camera_bridge build --build-base /home/nuc/ros2_workspace/data_collection_ws/build/camera_bridge/build install --record /home/nuc/ros2_workspace/data_collection_ws/build/camera_bridge/install.log --single-version-externally-managed install_data
[1.141s] running egg_info
[1.142s] writing ../../build/camera_bridge/camera_bridge.egg-info/PKG-INFO
[1.142s] writing dependency_links to ../../build/camera_bridge/camera_bridge.egg-info/dependency_links.txt
[1.143s] writing entry points to ../../build/camera_bridge/camera_bridge.egg-info/entry_points.txt
[1.143s] writing requirements to ../../build/camera_bridge/camera_bridge.egg-info/requires.txt
[1.143s] writing top-level names to ../../build/camera_bridge/camera_bridge.egg-info/top_level.txt
[1.144s] reading manifest file '../../build/camera_bridge/camera_bridge.egg-info/SOURCES.txt'
[1.146s] writing manifest file '../../build/camera_bridge/camera_bridge.egg-info/SOURCES.txt'
[1.146s] running build
[1.146s] running build_py
[1.147s] running install
[1.147s] running install_lib
[1.148s] running install_data
[1.148s] running install_egg_info
[1.151s] removing '/home/nuc/ros2_workspace/data_collection_ws/install/camera_bridge/lib/python3.10/site-packages/camera_bridge-0.0.0-py3.10.egg-info' (and everything under it)
[1.152s] Copying ../../build/camera_bridge/camera_bridge.egg-info to /home/nuc/ros2_workspace/data_collection_ws/install/camera_bridge/lib/python3.10/site-packages/camera_bridge-0.0.0-py3.10.egg-info
[1.154s] running install_scripts
[1.170s] Installing camera_receiver script to /home/nuc/ros2_workspace/data_collection_ws/install/camera_bridge/lib/camera_bridge
[1.170s] writing list of installed files to '/home/nuc/ros2_workspace/data_collection_ws/build/camera_bridge/install.log'
[1.189s] Invoked command in '/home/nuc/ros2_workspace/data_collection_ws/src/camera_bridge' returned '0': PYTHONPATH=/home/nuc/ros2_workspace/data_collection_ws/build/camera_bridge/prefix_override:/usr/lib/python3/dist-packages/colcon_core/task/python/colcon_distutils_commands:/home/nuc/ros2_workspace/data_collection_ws/install/camera_bridge/lib/python3.10/site-packages:${PYTHONPATH} /usr/bin/python3 -W ignore:setup.py install is deprecated -W ignore:easy_install command is deprecated setup.py egg_info --egg-base ../../build/camera_bridge build --build-base /home/nuc/ros2_workspace/data_collection_ws/build/camera_bridge/build install --record /home/nuc/ros2_workspace/data_collection_ws/build/camera_bridge/install.log --single-version-externally-managed install_data
