[0.453s] Invoking command in '/home/nuc/ros2_workspace/data_collection_ws/src/piper_teleop': PYTHONPATH=/home/nuc/ros2_workspace/data_collection_ws/build/piper_teleop/prefix_override:/usr/lib/python3/dist-packages/colcon_core/task/python/colcon_distutils_commands:/home/nuc/ros2_workspace/data_collection_ws/install/piper_teleop/lib/python3.10/site-packages:${PYTHONPATH} /usr/bin/python3 -W ignore:setup.py install is deprecated -W ignore:easy_install command is deprecated setup.py egg_info --egg-base ../../build/piper_teleop build --build-base /home/nuc/ros2_workspace/data_collection_ws/build/piper_teleop/build install --record /home/nuc/ros2_workspace/data_collection_ws/build/piper_teleop/install.log --single-version-externally-managed install_data
[0.608s] running egg_info
[0.608s] writing ../../build/piper_teleop/piper_teleop.egg-info/PKG-INFO
[0.609s] writing dependency_links to ../../build/piper_teleop/piper_teleop.egg-info/dependency_links.txt
[0.609s] writing entry points to ../../build/piper_teleop/piper_teleop.egg-info/entry_points.txt
[0.610s] writing requirements to ../../build/piper_teleop/piper_teleop.egg-info/requires.txt
[0.610s] writing top-level names to ../../build/piper_teleop/piper_teleop.egg-info/top_level.txt
[0.611s] reading manifest file '../../build/piper_teleop/piper_teleop.egg-info/SOURCES.txt'
[0.612s] writing manifest file '../../build/piper_teleop/piper_teleop.egg-info/SOURCES.txt'
[0.615s] running build
[0.615s] running build_py
[0.615s] running install
[0.615s] running install_lib
[0.616s] running install_data
[0.616s] running install_egg_info
[0.617s] removing '/home/nuc/ros2_workspace/data_collection_ws/install/piper_teleop/lib/python3.10/site-packages/piper_teleop-0.0.0-py3.10.egg-info' (and everything under it)
[0.619s] Copying ../../build/piper_teleop/piper_teleop.egg-info to /home/nuc/ros2_workspace/data_collection_ws/install/piper_teleop/lib/python3.10/site-packages/piper_teleop-0.0.0-py3.10.egg-info
[0.624s] running install_scripts
[0.635s] Installing teleop_absolute_wrist script to /home/nuc/ros2_workspace/data_collection_ws/install/piper_teleop/lib/piper_teleop
[0.636s] Installing teleop_node script to /home/nuc/ros2_workspace/data_collection_ws/install/piper_teleop/lib/piper_teleop
[0.636s] writing list of installed files to '/home/nuc/ros2_workspace/data_collection_ws/build/piper_teleop/install.log'
[0.656s] Invoked command in '/home/nuc/ros2_workspace/data_collection_ws/src/piper_teleop' returned '0': PYTHONPATH=/home/nuc/ros2_workspace/data_collection_ws/build/piper_teleop/prefix_override:/usr/lib/python3/dist-packages/colcon_core/task/python/colcon_distutils_commands:/home/nuc/ros2_workspace/data_collection_ws/install/piper_teleop/lib/python3.10/site-packages:${PYTHONPATH} /usr/bin/python3 -W ignore:setup.py install is deprecated -W ignore:easy_install command is deprecated setup.py egg_info --egg-base ../../build/piper_teleop build --build-base /home/nuc/ros2_workspace/data_collection_ws/build/piper_teleop/build install --record /home/nuc/ros2_workspace/data_collection_ws/build/piper_teleop/install.log --single-version-externally-managed install_data
