[0.808s] Invoking command in '/home/bryce/ros2_workspace/data_collection_ws/src/open_cyber_glove_ros2': PYTHONPATH=/home/bryce/ros2_workspace/data_collection_ws/build/open_cyber_glove_ros2/prefix_override:/usr/lib/python3/dist-packages/colcon_core/task/python/colcon_distutils_commands:/home/bryce/ros2_workspace/data_collection_ws/install/open_cyber_glove_ros2/lib/python3.10/site-packages:${PYTHONPATH} /usr/bin/python3 -W ignore:setup.py install is deprecated -W ignore:easy_install command is deprecated setup.py egg_info --egg-base ../../build/open_cyber_glove_ros2 build --build-base /home/bryce/ros2_workspace/data_collection_ws/build/open_cyber_glove_ros2/build install --record /home/bryce/ros2_workspace/data_collection_ws/build/open_cyber_glove_ros2/install.log --single-version-externally-managed install_data
[1.016s] running egg_info
[1.017s] writing ../../build/open_cyber_glove_ros2/open_cyber_glove_ros2.egg-info/PKG-INFO
[1.017s] writing dependency_links to ../../build/open_cyber_glove_ros2/open_cyber_glove_ros2.egg-info/dependency_links.txt
[1.017s] writing entry points to ../../build/open_cyber_glove_ros2/open_cyber_glove_ros2.egg-info/entry_points.txt
[1.017s] writing requirements to ../../build/open_cyber_glove_ros2/open_cyber_glove_ros2.egg-info/requires.txt
[1.017s] writing top-level names to ../../build/open_cyber_glove_ros2/open_cyber_glove_ros2.egg-info/top_level.txt
[1.019s] reading manifest file '../../build/open_cyber_glove_ros2/open_cyber_glove_ros2.egg-info/SOURCES.txt'
[1.020s] writing manifest file '../../build/open_cyber_glove_ros2/open_cyber_glove_ros2.egg-info/SOURCES.txt'
[1.020s] running build
[1.020s] running build_py
[1.020s] running install
[1.021s] running install_lib
[1.022s] running install_data
[1.022s] copying launch/glove_joint_state_heartbeat_publisher.launch.py -> /home/bryce/ros2_workspace/data_collection_ws/install/open_cyber_glove_ros2/share/open_cyber_glove_ros2/launch
[1.022s] running install_egg_info
[1.024s] removing '/home/bryce/ros2_workspace/data_collection_ws/install/open_cyber_glove_ros2/lib/python3.10/site-packages/open_cyber_glove_ros2-0.1.0-py3.10.egg-info' (and everything under it)
[1.024s] Copying ../../build/open_cyber_glove_ros2/open_cyber_glove_ros2.egg-info to /home/bryce/ros2_workspace/data_collection_ws/install/open_cyber_glove_ros2/lib/python3.10/site-packages/open_cyber_glove_ros2-0.1.0-py3.10.egg-info
[1.025s] running install_scripts
[1.040s] Installing data_node script to /home/bryce/ros2_workspace/data_collection_ws/install/open_cyber_glove_ros2/lib/open_cyber_glove_ros2
[1.040s] Installing glove_joint_state_dual_publisher script to /home/bryce/ros2_workspace/data_collection_ws/install/open_cyber_glove_ros2/lib/open_cyber_glove_ros2
[1.040s] Installing glove_to_2fingle_gripper script to /home/bryce/ros2_workspace/data_collection_ws/install/open_cyber_glove_ros2/lib/open_cyber_glove_ros2
[1.040s] Installing visualizer_node script to /home/bryce/ros2_workspace/data_collection_ws/install/open_cyber_glove_ros2/lib/open_cyber_glove_ros2
[1.040s] writing list of installed files to '/home/bryce/ros2_workspace/data_collection_ws/build/open_cyber_glove_ros2/install.log'
[1.060s] Invoked command in '/home/bryce/ros2_workspace/data_collection_ws/src/open_cyber_glove_ros2' returned '0': PYTHONPATH=/home/bryce/ros2_workspace/data_collection_ws/build/open_cyber_glove_ros2/prefix_override:/usr/lib/python3/dist-packages/colcon_core/task/python/colcon_distutils_commands:/home/bryce/ros2_workspace/data_collection_ws/install/open_cyber_glove_ros2/lib/python3.10/site-packages:${PYTHONPATH} /usr/bin/python3 -W ignore:setup.py install is deprecated -W ignore:easy_install command is deprecated setup.py egg_info --egg-base ../../build/open_cyber_glove_ros2 build --build-base /home/bryce/ros2_workspace/data_collection_ws/build/open_cyber_glove_ros2/build install --record /home/bryce/ros2_workspace/data_collection_ws/build/open_cyber_glove_ros2/install.log --single-version-externally-managed install_data
