[0.594s] Invoking command in '/home/bryce/ros2_workspace/data_collection_ws/src/data_recorder_ros2': CMAKE_PREFIX_PATH=/home/bryce/ros2_workspace/data_collection_ws/install/data_recorder_interfaces:/home/bryce/ros2_workspace/data_collection_ws/install/open_cyber_glove_ros2 LD_LIBRARY_PATH=/home/bryce/ros2_workspace/data_collection_ws/install/data_recorder_interfaces/lib:/home/bryce/ros2_workspace/data_collection_ws/install/open_cyber_glove_ros2/lib:/usr/local/cuda-13.0/lib64:/opt/ros/humble/opt/rviz_ogre_vendor/lib:/opt/ros/humble/lib/x86_64-linux-gnu:/opt/ros/humble/lib:/home/bryce/.mujoco/mujoco210/bin PYTHONPATH=/home/bryce/ros2_workspace/data_collection_ws/build/data_recorder_ros2/prefix_override:/usr/lib/python3/dist-packages/colcon_core/task/python/colcon_distutils_commands:/home/bryce/ros2_workspace/data_collection_ws/install/data_recorder_ros2/lib/python3.10/site-packages:${PYTHONPATH} /usr/bin/python3 -W ignore:setup.py install is deprecated -W ignore:easy_install command is deprecated setup.py egg_info --egg-base ../../build/data_recorder_ros2 build --build-base /home/bryce/ros2_workspace/data_collection_ws/build/data_recorder_ros2/build install --record /home/bryce/ros2_workspace/data_collection_ws/build/data_recorder_ros2/install.log --single-version-externally-managed install_data
[0.791s] running egg_info
[0.792s] writing ../../build/data_recorder_ros2/data_recorder_ros2.egg-info/PKG-INFO
[0.792s] writing dependency_links to ../../build/data_recorder_ros2/data_recorder_ros2.egg-info/dependency_links.txt
[0.792s] writing entry points to ../../build/data_recorder_ros2/data_recorder_ros2.egg-info/entry_points.txt
[0.792s] writing requirements to ../../build/data_recorder_ros2/data_recorder_ros2.egg-info/requires.txt
[0.792s] writing top-level names to ../../build/data_recorder_ros2/data_recorder_ros2.egg-info/top_level.txt
[0.794s] reading manifest file '../../build/data_recorder_ros2/data_recorder_ros2.egg-info/SOURCES.txt'
[0.794s] writing manifest file '../../build/data_recorder_ros2/data_recorder_ros2.egg-info/SOURCES.txt'
[0.795s] running build
[0.795s] running build_py
[0.795s] running install
[0.795s] running install_lib
[0.796s] running install_data
[0.796s] running install_egg_info
[0.797s] removing '/home/bryce/ros2_workspace/data_collection_ws/install/data_recorder_ros2/lib/python3.10/site-packages/data_recorder_ros2-0.1.0-py3.10.egg-info' (and everything under it)
[0.797s] Copying ../../build/data_recorder_ros2/data_recorder_ros2.egg-info to /home/bryce/ros2_workspace/data_collection_ws/install/data_recorder_ros2/lib/python3.10/site-packages/data_recorder_ros2-0.1.0-py3.10.egg-info
[0.798s] running install_scripts
[0.810s] Installing anheng_scale_node script to /home/bryce/ros2_workspace/data_collection_ws/install/data_recorder_ros2/lib/data_recorder_ros2
[0.811s] Installing heartbeat_publisher script to /home/bryce/ros2_workspace/data_collection_ws/install/data_recorder_ros2/lib/data_recorder_ros2
[0.811s] Installing recorder_service script to /home/bryce/ros2_workspace/data_collection_ws/install/data_recorder_ros2/lib/data_recorder_ros2
[0.811s] writing list of installed files to '/home/bryce/ros2_workspace/data_collection_ws/build/data_recorder_ros2/install.log'
[0.826s] Invoked command in '/home/bryce/ros2_workspace/data_collection_ws/src/data_recorder_ros2' returned '0': CMAKE_PREFIX_PATH=/home/bryce/ros2_workspace/data_collection_ws/install/data_recorder_interfaces:/home/bryce/ros2_workspace/data_collection_ws/install/open_cyber_glove_ros2 LD_LIBRARY_PATH=/home/bryce/ros2_workspace/data_collection_ws/install/data_recorder_interfaces/lib:/home/bryce/ros2_workspace/data_collection_ws/install/open_cyber_glove_ros2/lib:/usr/local/cuda-13.0/lib64:/opt/ros/humble/opt/rviz_ogre_vendor/lib:/opt/ros/humble/lib/x86_64-linux-gnu:/opt/ros/humble/lib:/home/bryce/.mujoco/mujoco210/bin PYTHONPATH=/home/bryce/ros2_workspace/data_collection_ws/build/data_recorder_ros2/prefix_override:/usr/lib/python3/dist-packages/colcon_core/task/python/colcon_distutils_commands:/home/bryce/ros2_workspace/data_collection_ws/install/data_recorder_ros2/lib/python3.10/site-packages:${PYTHONPATH} /usr/bin/python3 -W ignore:setup.py install is deprecated -W ignore:easy_install command is deprecated setup.py egg_info --egg-base ../../build/data_recorder_ros2 build --build-base /home/bryce/ros2_workspace/data_collection_ws/build/data_recorder_ros2/build install --record /home/bryce/ros2_workspace/data_collection_ws/build/data_recorder_ros2/install.log --single-version-externally-managed install_data
