running egg_info
writing ../../build/open_cyber_glove_ros2/open_cyber_glove_ros2.egg-info/PKG-INFO
writing dependency_links to ../../build/open_cyber_glove_ros2/open_cyber_glove_ros2.egg-info/dependency_links.txt
writing entry points to ../../build/open_cyber_glove_ros2/open_cyber_glove_ros2.egg-info/entry_points.txt
writing requirements to ../../build/open_cyber_glove_ros2/open_cyber_glove_ros2.egg-info/requires.txt
writing top-level names to ../../build/open_cyber_glove_ros2/open_cyber_glove_ros2.egg-info/top_level.txt
reading manifest file '../../build/open_cyber_glove_ros2/open_cyber_glove_ros2.egg-info/SOURCES.txt'
writing manifest file '../../build/open_cyber_glove_ros2/open_cyber_glove_ros2.egg-info/SOURCES.txt'
running build
running build_py
running install
running install_lib
running install_data
running install_egg_info
removing '/home/nuc/ros2_workspace/data_collection_ws/install/open_cyber_glove_ros2/lib/python3.10/site-packages/open_cyber_glove_ros2-0.1.0-py3.10.egg-info' (and everything under it)
Copying ../../build/open_cyber_glove_ros2/open_cyber_glove_ros2.egg-info to /home/nuc/ros2_workspace/data_collection_ws/install/open_cyber_glove_ros2/lib/python3.10/site-packages/open_cyber_glove_ros2-0.1.0-py3.10.egg-info
running install_scripts
Installing data_node script to /home/nuc/ros2_workspace/data_collection_ws/install/open_cyber_glove_ros2/lib/open_cyber_glove_ros2
Installing glove_joint_state_dual_publisher script to /home/nuc/ros2_workspace/data_collection_ws/install/open_cyber_glove_ros2/lib/open_cyber_glove_ros2
Installing glove_to_2fingle_gripper script to /home/nuc/ros2_workspace/data_collection_ws/install/open_cyber_glove_ros2/lib/open_cyber_glove_ros2
Installing visualizer_node script to /home/nuc/ros2_workspace/data_collection_ws/install/open_cyber_glove_ros2/lib/open_cyber_glove_ros2
writing list of installed files to '/home/nuc/ros2_workspace/data_collection_ws/build/open_cyber_glove_ros2/install.log'
