[0.116s] [34mcolcon[0m [1;30mDEBUG[0m [32mCommand line arguments: ['/usr/bin/colcon', 'build', '--packages-select', 'data_recorder_interfaces'][0m
[0.116s] [34mcolcon[0m [1;30mDEBUG[0m [32mParsed command line arguments: Namespace(log_base=None, log_level=None, verb_name='build', build_base='build', install_base='install', merge_install=False, symlink_install=False, test_result_base=None, continue_on_error=False, executor='parallel', parallel_workers=2, event_handlers=None, ignore_user_meta=False, metas=['./colcon.meta'], base_paths=['.'], packages_ignore=None, packages_ignore_regex=None, paths=None, packages_up_to=None, packages_up_to_regex=None, packages_above=None, packages_above_and_dependencies=None, packages_above_depth=None, packages_select_by_dep=None, packages_skip_by_dep=None, packages_skip_up_to=None, packages_select_build_failed=False, packages_skip_build_finished=False, packages_select_test_failures=False, packages_skip_test_passed=False, packages_select=['data_recorder_interfaces'], packages_skip=None, packages_select_regex=None, packages_skip_regex=None, packages_start=None, packages_end=None, allow_overriding=[], cmake_args=None, cmake_target=None, cmake_target_skip_unavailable=False, cmake_clean_cache=False, cmake_clean_first=False, cmake_force_configure=False, ament_cmake_args=None, catkin_cmake_args=None, catkin_skip_building_tests=False, mixin_files=None, mixin=None, verb_parser=<colcon_mixin.mixin.mixin_argument.MixinArgumentDecorator object at 0x7214c0059fc0>, verb_extension=<colcon_core.verb.build.BuildVerb object at 0x7214c01d3580>, main=<bound method BuildVerb.main of <colcon_core.verb.build.BuildVerb object at 0x7214c01d3580>>, mixin_verb=('build',))[0m
[0.266s] [34mcolcon.colcon_core.package_discovery[0m [1;30mLevel 1[0m discover_packages(colcon_meta) check parameters
[0.266s] [34mcolcon.colcon_core.package_discovery[0m [1;30mLevel 1[0m discover_packages(recursive) check parameters
[0.266s] [34mcolcon.colcon_core.package_discovery[0m [1;30mLevel 1[0m discover_packages(ignore) check parameters
[0.266s] [34mcolcon.colcon_core.package_discovery[0m [1;30mLevel 1[0m discover_packages(path) check parameters
[0.267s] [34mcolcon.colcon_core.package_discovery[0m [1;30mLevel 1[0m discover_packages(colcon_meta) discover
[0.269s] [34mcolcon.colcon_core.package_discovery[0m [1;30mLevel 1[0m discover_packages(recursive) discover
[0.269s] [34mcolcon.colcon_core.package_discovery[0m [1;30mINFO[0m Crawling recursively for packages in '/home/nuc/ros2_workspace/data_collection_ws'
[0.269s] [34mcolcon.colcon_core.package_identification[0m [1;30mLevel 1[0m _identify(.) by extensions ['ignore', 'ignore_ament_install']
[0.269s] [34mcolcon.colcon_core.package_identification[0m [1;30mLevel 1[0m _identify(.) by extension 'ignore'
[0.269s] [34mcolcon.colcon_core.package_identification[0m [1;30mLevel 1[0m _identify(.) by extension 'ignore_ament_install'
[0.269s] [34mcolcon.colcon_core.package_identification[0m [1;30mLevel 1[0m _identify(.) by extensions ['colcon_pkg']
[0.269s] [34mcolcon.colcon_core.package_identification[0m [1;30mLevel 1[0m _identify(.) by extension 'colcon_pkg'
[0.269s] [34mcolcon.colcon_core.package_identification[0m [1;30mLevel 1[0m _identify(.) by extensions ['colcon_meta']
[0.269s] [34mcolcon.colcon_core.package_identification[0m [1;30mLevel 1[0m _identify(.) by extension 'colcon_meta'
[0.269s] [34mcolcon.colcon_core.package_identification[0m [1;30mLevel 1[0m _identify(.) by extensions ['ros']
[0.269s] [34mcolcon.colcon_core.package_identification[0m [1;30mLevel 1[0m _identify(.) by extension 'ros'
[0.287s] [34mcolcon.colcon_core.package_identification[0m [1;30mLevel 1[0m _identify(.) by extensions ['cmake', 'python']
[0.288s] [34mcolcon.colcon_core.package_identification[0m [1;30mLevel 1[0m _identify(.) by extension 'cmake'
[0.288s] [34mcolcon.colcon_core.package_identification[0m [1;30mLevel 1[0m _identify(.) by extension 'python'
[0.288s] [34mcolcon.colcon_core.package_identification[0m [1;30mLevel 1[0m _identify(.) by extensions ['python_setup_py']
[0.288s] [34mcolcon.colcon_core.package_identification[0m [1;30mLevel 1[0m _identify(.) by extension 'python_setup_py'
[0.288s] [34mcolcon.colcon_core.package_identification[0m [1;30mLevel 1[0m _identify(build) by extensions ['ignore', 'ignore_ament_install']
[0.288s] [34mcolcon.colcon_core.package_identification[0m [1;30mLevel 1[0m _identify(build) by extension 'ignore'
[0.289s] [34mcolcon.colcon_core.package_identification[0m [1;30mLevel 1[0m _identify(build) ignored
[0.289s] [34mcolcon.colcon_core.package_identification[0m [1;30mLevel 1[0m _identify(control_server) by extensions ['ignore', 'ignore_ament_install']
[0.289s] [34mcolcon.colcon_core.package_identification[0m [1;30mLevel 1[0m _identify(control_server) by extension 'ignore'
[0.289s] [34mcolcon.colcon_core.package_identification[0m [1;30mLevel 1[0m _identify(control_server) by extension 'ignore_ament_install'
[0.289s] [34mcolcon.colcon_core.package_identification[0m [1;30mLevel 1[0m _identify(control_server) by extensions ['colcon_pkg']
[0.289s] [34mcolcon.colcon_core.package_identification[0m [1;30mLevel 1[0m _identify(control_server) by extension 'colcon_pkg'
[0.289s] [34mcolcon.colcon_core.package_identification[0m [1;30mLevel 1[0m _identify(control_server) by extensions ['colcon_meta']
[0.289s] [34mcolcon.colcon_core.package_identification[0m [1;30mLevel 1[0m _identify(control_server) by extension 'colcon_meta'
[0.289s] [34mcolcon.colcon_core.package_identification[0m [1;30mLevel 1[0m _identify(control_server) by extensions ['ros']
[0.289s] [34mcolcon.colcon_core.package_identification[0m [1;30mLevel 1[0m _identify(control_server) by extension 'ros'
[0.289s] [34mcolcon.colcon_core.package_identification[0m [1;30mLevel 1[0m _identify(control_server) by extensions ['cmake', 'python']
[0.289s] [34mcolcon.colcon_core.package_identification[0m [1;30mLevel 1[0m _identify(control_server) by extension 'cmake'
[0.289s] [34mcolcon.colcon_core.package_identification[0m [1;30mLevel 1[0m _identify(control_server) by extension 'python'
[0.289s] [34mcolcon.colcon_core.package_identification[0m [1;30mLevel 1[0m _identify(control_server) by extensions ['python_setup_py']
[0.289s] [34mcolcon.colcon_core.package_identification[0m [1;30mLevel 1[0m _identify(control_server) by extension 'python_setup_py'
[0.289s] [34mcolcon.colcon_core.package_identification[0m [1;30mLevel 1[0m _identify(install) by extensions ['ignore', 'ignore_ament_install']
[0.289s] [34mcolcon.colcon_core.package_identification[0m [1;30mLevel 1[0m _identify(install) by extension 'ignore'
[0.289s] [34mcolcon.colcon_core.package_identification[0m [1;30mLevel 1[0m _identify(install) ignored
[0.289s] [34mcolcon.colcon_core.package_identification[0m [1;30mLevel 1[0m _identify(log) by extensions ['ignore', 'ignore_ament_install']
[0.289s] [34mcolcon.colcon_core.package_identification[0m [1;30mLevel 1[0m _identify(log) by extension 'ignore'
[0.289s] [34mcolcon.colcon_core.package_identification[0m [1;30mLevel 1[0m _identify(log) ignored
[0.289s] [34mcolcon.colcon_core.package_identification[0m [1;30mLevel 1[0m _identify(src) by extensions ['ignore', 'ignore_ament_install']
[0.289s] [34mcolcon.colcon_core.package_identification[0m [1;30mLevel 1[0m _identify(src) by extension 'ignore'
[0.289s] [34mcolcon.colcon_core.package_identification[0m [1;30mLevel 1[0m _identify(src) by extension 'ignore_ament_install'
[0.289s] [34mcolcon.colcon_core.package_identification[0m [1;30mLevel 1[0m _identify(src) by extensions ['colcon_pkg']
[0.289s] [34mcolcon.colcon_core.package_identification[0m [1;30mLevel 1[0m _identify(src) by extension 'colcon_pkg'
[0.289s] [34mcolcon.colcon_core.package_identification[0m [1;30mLevel 1[0m _identify(src) by extensions ['colcon_meta']
[0.289s] [34mcolcon.colcon_core.package_identification[0m [1;30mLevel 1[0m _identify(src) by extension 'colcon_meta'
[0.289s] [34mcolcon.colcon_core.package_identification[0m [1;30mLevel 1[0m _identify(src) by extensions ['ros']
[0.289s] [34mcolcon.colcon_core.package_identification[0m [1;30mLevel 1[0m _identify(src) by extension 'ros'
[0.289s] [34mcolcon.colcon_core.package_identification[0m [1;30mLevel 1[0m _identify(src) by extensions ['cmake', 'python']
[0.289s] [34mcolcon.colcon_core.package_identification[0m [1;30mLevel 1[0m _identify(src) by extension 'cmake'
[0.289s] [34mcolcon.colcon_core.package_identification[0m [1;30mLevel 1[0m _identify(src) by extension 'python'
[0.289s] [34mcolcon.colcon_core.package_identification[0m [1;30mLevel 1[0m _identify(src) by extensions ['python_setup_py']
[0.289s] [34mcolcon.colcon_core.package_identification[0m [1;30mLevel 1[0m _identify(src) by extension 'python_setup_py'
[0.290s] [34mcolcon.colcon_core.package_identification[0m [1;30mLevel 1[0m _identify(src/camera_bridge) by extensions ['ignore', 'ignore_ament_install']
[0.290s] [34mcolcon.colcon_core.package_identification[0m [1;30mLevel 1[0m _identify(src/camera_bridge) by extension 'ignore'
[0.290s] [34mcolcon.colcon_core.package_identification[0m [1;30mLevel 1[0m _identify(src/camera_bridge) by extension 'ignore_ament_install'
[0.290s] [34mcolcon.colcon_core.package_identification[0m [1;30mLevel 1[0m _identify(src/camera_bridge) by extensions ['colcon_pkg']
[0.290s] [34mcolcon.colcon_core.package_identification[0m [1;30mLevel 1[0m _identify(src/camera_bridge) by extension 'colcon_pkg'
[0.290s] [34mcolcon.colcon_core.package_identification[0m [1;30mLevel 1[0m _identify(src/camera_bridge) by extensions ['colcon_meta']
[0.290s] [34mcolcon.colcon_core.package_identification[0m [1;30mLevel 1[0m _identify(src/camera_bridge) by extension 'colcon_meta'
[0.290s] [34mcolcon.colcon_core.package_identification[0m [1;30mLevel 1[0m _identify(src/camera_bridge) by extensions ['ros']
[0.290s] [34mcolcon.colcon_core.package_identification[0m [1;30mLevel 1[0m _identify(src/camera_bridge) by extension 'ros'
[0.291s] [34mcolcon.colcon_core.package_identification[0m [1;30mDEBUG[0m [32mPackage 'src/camera_bridge' with type 'ros.ament_python' and name 'camera_bridge'[0m
[0.291s] [34mcolcon.colcon_core.package_identification[0m [1;30mLevel 1[0m _identify(src/data_recorder_interfaces) by extensions ['ignore', 'ignore_ament_install']
[0.291s] [34mcolcon.colcon_core.package_identification[0m [1;30mLevel 1[0m _identify(src/data_recorder_interfaces) by extension 'ignore'
[0.291s] [34mcolcon.colcon_core.package_identification[0m [1;30mLevel 1[0m _identify(src/data_recorder_interfaces) by extension 'ignore_ament_install'
[0.291s] [34mcolcon.colcon_core.package_identification[0m [1;30mLevel 1[0m _identify(src/data_recorder_interfaces) by extensions ['colcon_pkg']
[0.292s] [34mcolcon.colcon_core.package_identification[0m [1;30mLevel 1[0m _identify(src/data_recorder_interfaces) by extension 'colcon_pkg'
[0.292s] [34mcolcon.colcon_core.package_identification[0m [1;30mLevel 1[0m _identify(src/data_recorder_interfaces) by extensions ['colcon_meta']
[0.292s] [34mcolcon.colcon_core.package_identification[0m [1;30mLevel 1[0m _identify(src/data_recorder_interfaces) by extension 'colcon_meta'
[0.292s] [34mcolcon.colcon_core.package_identification[0m [1;30mLevel 1[0m _identify(src/data_recorder_interfaces) by extensions ['ros']
[0.292s] [34mcolcon.colcon_core.package_identification[0m [1;30mLevel 1[0m _identify(src/data_recorder_interfaces) by extension 'ros'
[0.294s] [34mcolcon.colcon_core.package_identification[0m [1;30mDEBUG[0m [32mPackage 'src/data_recorder_interfaces' with type 'ros.ament_cmake' and name 'data_recorder_interfaces'[0m
[0.294s] [34mcolcon.colcon_core.package_identification[0m [1;30mLevel 1[0m _identify(src/data_recorder_ros2) by extensions ['ignore', 'ignore_ament_install']
[0.294s] [34mcolcon.colcon_core.package_identification[0m [1;30mLevel 1[0m _identify(src/data_recorder_ros2) by extension 'ignore'
[0.294s] [34mcolcon.colcon_core.package_identification[0m [1;30mLevel 1[0m _identify(src/data_recorder_ros2) by extension 'ignore_ament_install'
[0.294s] [34mcolcon.colcon_core.package_identification[0m [1;30mLevel 1[0m _identify(src/data_recorder_ros2) by extensions ['colcon_pkg']
[0.294s] [34mcolcon.colcon_core.package_identification[0m [1;30mLevel 1[0m _identify(src/data_recorder_ros2) by extension 'colcon_pkg'
[0.294s] [34mcolcon.colcon_core.package_identification[0m [1;30mLevel 1[0m _identify(src/data_recorder_ros2) by extensions ['colcon_meta']
[0.294s] [34mcolcon.colcon_core.package_identification[0m [1;30mLevel 1[0m _identify(src/data_recorder_ros2) by extension 'colcon_meta'
[0.294s] [34mcolcon.colcon_core.package_identification[0m [1;30mLevel 1[0m _identify(src/data_recorder_ros2) by extensions ['ros']
[0.294s] [34mcolcon.colcon_core.package_identification[0m [1;30mLevel 1[0m _identify(src/data_recorder_ros2) by extension 'ros'
[0.295s] [34mcolcon.colcon_core.package_identification[0m [1;30mDEBUG[0m [32mPackage 'src/data_recorder_ros2' with type 'ros.ament_python' and name 'data_recorder_ros2'[0m
[0.295s] [34mcolcon.colcon_core.package_identification[0m [1;30mLevel 1[0m _identify(src/open_cyber_glove) by extensions ['ignore', 'ignore_ament_install']
[0.295s] [34mcolcon.colcon_core.package_identification[0m [1;30mLevel 1[0m _identify(src/open_cyber_glove) by extension 'ignore'
[0.295s] [34mcolcon.colcon_core.package_identification[0m [1;30mLevel 1[0m _identify(src/open_cyber_glove) by extension 'ignore_ament_install'
[0.295s] [34mcolcon.colcon_core.package_identification[0m [1;30mLevel 1[0m _identify(src/open_cyber_glove) by extensions ['colcon_pkg']
[0.295s] [34mcolcon.colcon_core.package_identification[0m [1;30mLevel 1[0m _identify(src/open_cyber_glove) by extension 'colcon_pkg'
[0.295s] [34mcolcon.colcon_core.package_identification[0m [1;30mLevel 1[0m _identify(src/open_cyber_glove) by extensions ['colcon_meta']
[0.295s] [34mcolcon.colcon_core.package_identification[0m [1;30mLevel 1[0m _identify(src/open_cyber_glove) by extension 'colcon_meta'
[0.295s] [34mcolcon.colcon_core.package_identification[0m [1;30mLevel 1[0m _identify(src/open_cyber_glove) by extensions ['ros']
[0.295s] [34mcolcon.colcon_core.package_identification[0m [1;30mLevel 1[0m _identify(src/open_cyber_glove) by extension 'ros'
[0.295s] [34mcolcon.colcon_core.package_identification[0m [1;30mLevel 1[0m _identify(src/open_cyber_glove) by extensions ['cmake', 'python']
[0.295s] [34mcolcon.colcon_core.package_identification[0m [1;30mLevel 1[0m _identify(src/open_cyber_glove) by extension 'cmake'
[0.295s] [34mcolcon.colcon_core.package_identification[0m [1;30mLevel 1[0m _identify(src/open_cyber_glove) by extension 'python'
[0.295s] [34mcolcon.colcon_core.package_identification[0m [1;30mLevel 1[0m _identify(src/open_cyber_glove) by extensions ['python_setup_py']
[0.295s] [34mcolcon.colcon_core.package_identification[0m [1;30mLevel 1[0m _identify(src/open_cyber_glove) by extension 'python_setup_py'
[0.543s] [34mcolcon.colcon_core.package_identification[0m [1;30mDEBUG[0m [32mPackage 'src/open_cyber_glove' with type 'python' and name 'open_cyber_glove'[0m
[0.544s] [34mcolcon.colcon_core.package_identification[0m [1;30mLevel 1[0m _identify(src/open_cyber_glove_ros2) by extensions ['ignore', 'ignore_ament_install']
[0.544s] [34mcolcon.colcon_core.package_identification[0m [1;30mLevel 1[0m _identify(src/open_cyber_glove_ros2) by extension 'ignore'
[0.544s] [34mcolcon.colcon_core.package_identification[0m [1;30mLevel 1[0m _identify(src/open_cyber_glove_ros2) by extension 'ignore_ament_install'
[0.544s] [34mcolcon.colcon_core.package_identification[0m [1;30mLevel 1[0m _identify(src/open_cyber_glove_ros2) by extensions ['colcon_pkg']
[0.544s] [34mcolcon.colcon_core.package_identification[0m [1;30mLevel 1[0m _identify(src/open_cyber_glove_ros2) by extension 'colcon_pkg'
[0.544s] [34mcolcon.colcon_core.package_identification[0m [1;30mLevel 1[0m _identify(src/open_cyber_glove_ros2) by extensions ['colcon_meta']
[0.544s] [34mcolcon.colcon_core.package_identification[0m [1;30mLevel 1[0m _identify(src/open_cyber_glove_ros2) by extension 'colcon_meta'
[0.544s] [34mcolcon.colcon_core.package_identification[0m [1;30mLevel 1[0m _identify(src/open_cyber_glove_ros2) by extensions ['ros']
[0.544s] [34mcolcon.colcon_core.package_identification[0m [1;30mLevel 1[0m _identify(src/open_cyber_glove_ros2) by extension 'ros'
[0.545s] [34mcolcon.colcon_core.package_identification[0m [1;30mDEBUG[0m [32mPackage 'src/open_cyber_glove_ros2' with type 'ros.ament_python' and name 'open_cyber_glove_ros2'[0m
[0.545s] [34mcolcon.colcon_core.package_identification[0m [1;30mLevel 1[0m _identify(src/piper_teleop) by extensions ['ignore', 'ignore_ament_install']
[0.545s] [34mcolcon.colcon_core.package_identification[0m [1;30mLevel 1[0m _identify(src/piper_teleop) by extension 'ignore'
[0.545s] [34mcolcon.colcon_core.package_identification[0m [1;30mLevel 1[0m _identify(src/piper_teleop) by extension 'ignore_ament_install'
[0.545s] [34mcolcon.colcon_core.package_identification[0m [1;30mLevel 1[0m _identify(src/piper_teleop) by extensions ['colcon_pkg']
[0.545s] [34mcolcon.colcon_core.package_identification[0m [1;30mLevel 1[0m _identify(src/piper_teleop) by extension 'colcon_pkg'
[0.545s] [34mcolcon.colcon_core.package_identification[0m [1;30mLevel 1[0m _identify(src/piper_teleop) by extensions ['colcon_meta']
[0.545s] [34mcolcon.colcon_core.package_identification[0m [1;30mLevel 1[0m _identify(src/piper_teleop) by extension 'colcon_meta'
[0.545s] [34mcolcon.colcon_core.package_identification[0m [1;30mLevel 1[0m _identify(src/piper_teleop) by extensions ['ros']
[0.545s] [34mcolcon.colcon_core.package_identification[0m [1;30mLevel 1[0m _identify(src/piper_teleop) by extension 'ros'
[0.545s] [34mcolcon.colcon_core.package_identification[0m [1;30mDEBUG[0m [32mPackage 'src/piper_teleop' with type 'ros.ament_python' and name 'piper_teleop'[0m
[0.545s] [34mcolcon.colcon_core.package_identification[0m [1;30mLevel 1[0m _identify(src/tracker_bridge) by extensions ['ignore', 'ignore_ament_install']
[0.545s] [34mcolcon.colcon_core.package_identification[0m [1;30mLevel 1[0m _identify(src/tracker_bridge) by extension 'ignore'
[0.545s] [34mcolcon.colcon_core.package_identification[0m [1;30mLevel 1[0m _identify(src/tracker_bridge) by extension 'ignore_ament_install'
[0.545s] [34mcolcon.colcon_core.package_identification[0m [1;30mLevel 1[0m _identify(src/tracker_bridge) by extensions ['colcon_pkg']
[0.546s] [34mcolcon.colcon_core.package_identification[0m [1;30mLevel 1[0m _identify(src/tracker_bridge) by extension 'colcon_pkg'
[0.546s] [34mcolcon.colcon_core.package_identification[0m [1;30mLevel 1[0m _identify(src/tracker_bridge) by extensions ['colcon_meta']
[0.546s] [34mcolcon.colcon_core.package_identification[0m [1;30mLevel 1[0m _identify(src/tracker_bridge) by extension 'colcon_meta'
[0.546s] [34mcolcon.colcon_core.package_identification[0m [1;30mLevel 1[0m _identify(src/tracker_bridge) by extensions ['ros']
[0.546s] [34mcolcon.colcon_core.package_identification[0m [1;30mLevel 1[0m _identify(src/tracker_bridge) by extension 'ros'
[0.546s] [34mcolcon.colcon_core.package_identification[0m [1;30mDEBUG[0m [32mPackage 'src/tracker_bridge' with type 'ros.ament_python' and name 'tracker_bridge'[0m
[0.546s] [34mcolcon.colcon_core.package_discovery[0m [1;30mLevel 1[0m discover_packages(recursive) using defaults
[0.546s] [34mcolcon.colcon_core.package_discovery[0m [1;30mLevel 1[0m discover_packages(ignore) discover
[0.546s] [34mcolcon.colcon_core.package_discovery[0m [1;30mLevel 1[0m discover_packages(ignore) using defaults
[0.546s] [34mcolcon.colcon_core.package_discovery[0m [1;30mLevel 1[0m discover_packages(path) discover
[0.546s] [34mcolcon.colcon_core.package_discovery[0m [1;30mLevel 1[0m discover_packages(path) using defaults
[0.562s] [34mcolcon.colcon_core.package_selection[0m [1;30mINFO[0m Skipping not selected package 'camera_bridge' in 'src/camera_bridge'
[0.562s] [34mcolcon.colcon_core.package_selection[0m [1;30mINFO[0m Skipping not selected package 'open_cyber_glove' in 'src/open_cyber_glove'
[0.562s] [34mcolcon.colcon_core.package_selection[0m [1;30mINFO[0m Skipping not selected package 'open_cyber_glove_ros2' in 'src/open_cyber_glove_ros2'
[0.562s] [34mcolcon.colcon_core.package_selection[0m [1;30mINFO[0m Skipping not selected package 'piper_teleop' in 'src/piper_teleop'
[0.562s] [34mcolcon.colcon_core.package_selection[0m [1;30mINFO[0m Skipping not selected package 'tracker_bridge' in 'src/tracker_bridge'
[0.562s] [34mcolcon.colcon_core.package_selection[0m [1;30mINFO[0m Skipping not selected package 'data_recorder_ros2' in 'src/data_recorder_ros2'
[0.563s] [34mcolcon.colcon_core.package_discovery[0m [1;30mLevel 1[0m discover_packages(prefix_path) check parameters
[0.563s] [34mcolcon.colcon_core.package_discovery[0m [1;30mLevel 1[0m discover_packages(prefix_path) discover
[0.564s] [34mcolcon.colcon_ros.prefix_path.ament[0m [1;30mWARNING[0m [33mThe path '/home/nuc/ros2_workspace/data_collection_ws/install/tracker_bridge' in the environment variable AMENT_PREFIX_PATH doesn't exist[0m
[0.564s] [34mcolcon.colcon_ros.prefix_path.ament[0m [1;30mWARNING[0m [33mThe path '/home/nuc/ros2_workspace/data_collection_ws/install/piper_teleop' in the environment variable AMENT_PREFIX_PATH doesn't exist[0m
[0.564s] [34mcolcon.colcon_ros.prefix_path.ament[0m [1;30mWARNING[0m [33mThe path '/home/nuc/ros2_workspace/data_collection_ws/install/open_cyber_glove_ros2' in the environment variable AMENT_PREFIX_PATH doesn't exist[0m
[0.564s] [34mcolcon.colcon_ros.prefix_path.ament[0m [1;30mWARNING[0m [33mThe path '/home/nuc/ros2_workspace/data_collection_ws/install/data_recorder_ros2' in the environment variable AMENT_PREFIX_PATH doesn't exist[0m
[0.564s] [34mcolcon.colcon_ros.prefix_path.ament[0m [1;30mWARNING[0m [33mThe path '/home/nuc/ros2_workspace/data_collection_ws/install/data_recorder_interfaces' in the environment variable AMENT_PREFIX_PATH doesn't exist[0m
[0.564s] [34mcolcon.colcon_ros.prefix_path.ament[0m [1;30mWARNING[0m [33mThe path '/home/nuc/ros2_workspace/data_collection_ws/install/camera_bridge' in the environment variable AMENT_PREFIX_PATH doesn't exist[0m
[0.565s] [34mcolcon.colcon_ros.prefix_path.catkin[0m [1;30mWARNING[0m [33mThe path '/home/nuc/ros2_workspace/data_collection_ws/install/data_recorder_interfaces' in the environment variable CMAKE_PREFIX_PATH doesn't exist[0m
[0.565s] [34mcolcon.colcon_installed_package_information.package_discovery[0m [1;30mDEBUG[0m [32mFound 0 installed packages in /home/nuc/ros2_workspace/data_collection_ws/install[0m
[0.565s] [34mcolcon.colcon_installed_package_information.package_discovery[0m [1;30mDEBUG[0m [32mFound 8 installed packages in /home/nuc/ros2_workspace/angus_dexhand_system/install[0m
[0.566s] [34mcolcon.colcon_installed_package_information.package_discovery[0m [1;30mDEBUG[0m [32mFound 8 installed packages in /home/nuc/ros2_workspace/piper_ros/install[0m
[0.566s] [34mcolcon.colcon_installed_package_information.package_discovery[0m [1;30mDEBUG[0m [32mFound 374 installed packages in /opt/ros/humble[0m
[0.569s] [34mcolcon.colcon_core.package_discovery[0m [1;30mLevel 1[0m discover_packages(prefix_path) using defaults
[0.600s] [34mcolcon.colcon_core.verb[0m [1;30mLevel 5[0m set package 'data_recorder_interfaces' build argument 'cmake_args' from command line to 'None'
[0.600s] [34mcolcon.colcon_core.verb[0m [1;30mLevel 5[0m set package 'data_recorder_interfaces' build argument 'cmake_target' from command line to 'None'
[0.600s] [34mcolcon.colcon_core.verb[0m [1;30mLevel 5[0m set package 'data_recorder_interfaces' build argument 'cmake_target_skip_unavailable' from command line to 'False'
[0.600s] [34mcolcon.colcon_core.verb[0m [1;30mLevel 5[0m set package 'data_recorder_interfaces' build argument 'cmake_clean_cache' from command line to 'False'
[0.600s] [34mcolcon.colcon_core.verb[0m [1;30mLevel 5[0m set package 'data_recorder_interfaces' build argument 'cmake_clean_first' from command line to 'False'
[0.600s] [34mcolcon.colcon_core.verb[0m [1;30mLevel 5[0m set package 'data_recorder_interfaces' build argument 'cmake_force_configure' from command line to 'False'
[0.600s] [34mcolcon.colcon_core.verb[0m [1;30mLevel 5[0m set package 'data_recorder_interfaces' build argument 'ament_cmake_args' from command line to 'None'
[0.600s] [34mcolcon.colcon_core.verb[0m [1;30mLevel 5[0m set package 'data_recorder_interfaces' build argument 'catkin_cmake_args' from command line to 'None'
[0.600s] [34mcolcon.colcon_core.verb[0m [1;30mLevel 5[0m set package 'data_recorder_interfaces' build argument 'catkin_skip_building_tests' from command line to 'False'
[0.600s] [34mcolcon.colcon_core.verb[0m [1;30mDEBUG[0m [32mBuilding package 'data_recorder_interfaces' with the following arguments: {'ament_cmake_args': None, 'build_base': '/home/nuc/ros2_workspace/data_collection_ws/build/data_recorder_interfaces', 'catkin_cmake_args': None, 'catkin_skip_building_tests': False, 'cmake_args': None, 'cmake_clean_cache': False, 'cmake_clean_first': False, 'cmake_force_configure': False, 'cmake_target': None, 'cmake_target_skip_unavailable': False, 'install_base': '/home/nuc/ros2_workspace/data_collection_ws/install/data_recorder_interfaces', 'merge_install': False, 'path': '/home/nuc/ros2_workspace/data_collection_ws/src/data_recorder_interfaces', 'symlink_install': False, 'test_result_base': None}[0m
[0.600s] [34mcolcon.colcon_core.executor[0m [1;30mINFO[0m Executing jobs using 'parallel' executor
[0.601s] [34mcolcon.colcon_parallel_executor.executor.parallel[0m [1;30mDEBUG[0m [32mrun_until_complete[0m
[0.601s] [34mcolcon.colcon_ros.task.ament_cmake.build[0m [1;30mINFO[0m Building ROS package in '/home/nuc/ros2_workspace/data_collection_ws/src/data_recorder_interfaces' with build type 'ament_cmake'
[0.601s] [34mcolcon.colcon_cmake.task.cmake.build[0m [1;30mINFO[0m Building CMake package in '/home/nuc/ros2_workspace/data_collection_ws/src/data_recorder_interfaces'
[0.603s] [34mcolcon.colcon_core.plugin_system[0m [1;30mINFO[0m Skipping extension 'colcon_core.shell.bat': Not used on non-Windows systems
[0.604s] [34mcolcon.colcon_core.shell[0m [1;30mINFO[0m Skip shell extension 'powershell' for command environment: Not usable outside of PowerShell
[0.604s] [34mcolcon.colcon_core.shell[0m [1;30mDEBUG[0m [32mSkip shell extension 'dsv' for command environment[0m
[0.613s] [34mcolcon.colcon_core.event_handler.log_command[0m [1;30mDEBUG[0m [32mInvoking command in '/home/nuc/ros2_workspace/data_collection_ws/build/data_recorder_interfaces': CMAKE_PREFIX_PATH=${CMAKE_PREFIX_PATH}:/home/nuc/ros2_workspace/data_collection_ws/install/tracker_bridge:/home/nuc/ros2_workspace/data_collection_ws/install/piper_teleop:/home/nuc/ros2_workspace/data_collection_ws/install/open_cyber_glove_ros2:/home/nuc/ros2_workspace/data_collection_ws/install/data_recorder_ros2:/home/nuc/ros2_workspace/data_collection_ws/install/camera_bridge:/home/nuc/ros2_workspace/angus_dexhand_system/install/setting_info:/home/nuc/ros2_workspace/angus_dexhand_system/install/matrix_touch_gui:/home/nuc/ros2_workspace/angus_dexhand_system/install/gui_control:/home/nuc/ros2_workspace/angus_dexhand_system/install/graphic_display:/home/nuc/ros2_workspace/angus_dexhand_system/install/linker_hand_ros2_sdk:/home/nuc/ros2_workspace/angus_dexhand_system/install/linker_hand_mujoco_ros2:/home/nuc/ros2_workspace/angus_dexhand_system/install/glove_to_hand_control:/home/nuc/ros2_workspace/angus_dexhand_system/install/camera_to_hand_control:/home/nuc/ros2_workspace/piper_ros/install/piper:/opt/ros/humble /usr/bin/cmake /home/nuc/ros2_workspace/data_collection_ws/src/data_recorder_interfaces -DCMAKE_INSTALL_PREFIX=/home/nuc/ros2_workspace/data_collection_ws/install/data_recorder_interfaces[0m
[2.216s] [34mcolcon.colcon_core.event_handler.log_command[0m [1;30mDEBUG[0m [32mInvoked command in '/home/nuc/ros2_workspace/data_collection_ws/build/data_recorder_interfaces' returned '0': CMAKE_PREFIX_PATH=${CMAKE_PREFIX_PATH}:/home/nuc/ros2_workspace/data_collection_ws/install/tracker_bridge:/home/nuc/ros2_workspace/data_collection_ws/install/piper_teleop:/home/nuc/ros2_workspace/data_collection_ws/install/open_cyber_glove_ros2:/home/nuc/ros2_workspace/data_collection_ws/install/data_recorder_ros2:/home/nuc/ros2_workspace/data_collection_ws/install/camera_bridge:/home/nuc/ros2_workspace/angus_dexhand_system/install/setting_info:/home/nuc/ros2_workspace/angus_dexhand_system/install/matrix_touch_gui:/home/nuc/ros2_workspace/angus_dexhand_system/install/gui_control:/home/nuc/ros2_workspace/angus_dexhand_system/install/graphic_display:/home/nuc/ros2_workspace/angus_dexhand_system/install/linker_hand_ros2_sdk:/home/nuc/ros2_workspace/angus_dexhand_system/install/linker_hand_mujoco_ros2:/home/nuc/ros2_workspace/angus_dexhand_system/install/glove_to_hand_control:/home/nuc/ros2_workspace/angus_dexhand_system/install/camera_to_hand_control:/home/nuc/ros2_workspace/piper_ros/install/piper:/opt/ros/humble /usr/bin/cmake /home/nuc/ros2_workspace/data_collection_ws/src/data_recorder_interfaces -DCMAKE_INSTALL_PREFIX=/home/nuc/ros2_workspace/data_collection_ws/install/data_recorder_interfaces[0m
[2.218s] [34mcolcon.colcon_core.event_handler.log_command[0m [1;30mDEBUG[0m [32mInvoking command in '/home/nuc/ros2_workspace/data_collection_ws/build/data_recorder_interfaces': CMAKE_PREFIX_PATH=${CMAKE_PREFIX_PATH}:/home/nuc/ros2_workspace/data_collection_ws/install/tracker_bridge:/home/nuc/ros2_workspace/data_collection_ws/install/piper_teleop:/home/nuc/ros2_workspace/data_collection_ws/install/open_cyber_glove_ros2:/home/nuc/ros2_workspace/data_collection_ws/install/data_recorder_ros2:/home/nuc/ros2_workspace/data_collection_ws/install/camera_bridge:/home/nuc/ros2_workspace/angus_dexhand_system/install/setting_info:/home/nuc/ros2_workspace/angus_dexhand_system/install/matrix_touch_gui:/home/nuc/ros2_workspace/angus_dexhand_system/install/gui_control:/home/nuc/ros2_workspace/angus_dexhand_system/install/graphic_display:/home/nuc/ros2_workspace/angus_dexhand_system/install/linker_hand_ros2_sdk:/home/nuc/ros2_workspace/angus_dexhand_system/install/linker_hand_mujoco_ros2:/home/nuc/ros2_workspace/angus_dexhand_system/install/glove_to_hand_control:/home/nuc/ros2_workspace/angus_dexhand_system/install/camera_to_hand_control:/home/nuc/ros2_workspace/piper_ros/install/piper:/opt/ros/humble /usr/bin/cmake --build /home/nuc/ros2_workspace/data_collection_ws/build/data_recorder_interfaces -- -j2 -l2[0m
[6.529s] [34mcolcon.colcon_core.event_handler.log_command[0m [1;30mDEBUG[0m [32mInvoked command in '/home/nuc/ros2_workspace/data_collection_ws/build/data_recorder_interfaces' returned '0': CMAKE_PREFIX_PATH=${CMAKE_PREFIX_PATH}:/home/nuc/ros2_workspace/data_collection_ws/install/tracker_bridge:/home/nuc/ros2_workspace/data_collection_ws/install/piper_teleop:/home/nuc/ros2_workspace/data_collection_ws/install/open_cyber_glove_ros2:/home/nuc/ros2_workspace/data_collection_ws/install/data_recorder_ros2:/home/nuc/ros2_workspace/data_collection_ws/install/camera_bridge:/home/nuc/ros2_workspace/angus_dexhand_system/install/setting_info:/home/nuc/ros2_workspace/angus_dexhand_system/install/matrix_touch_gui:/home/nuc/ros2_workspace/angus_dexhand_system/install/gui_control:/home/nuc/ros2_workspace/angus_dexhand_system/install/graphic_display:/home/nuc/ros2_workspace/angus_dexhand_system/install/linker_hand_ros2_sdk:/home/nuc/ros2_workspace/angus_dexhand_system/install/linker_hand_mujoco_ros2:/home/nuc/ros2_workspace/angus_dexhand_system/install/glove_to_hand_control:/home/nuc/ros2_workspace/angus_dexhand_system/install/camera_to_hand_control:/home/nuc/ros2_workspace/piper_ros/install/piper:/opt/ros/humble /usr/bin/cmake --build /home/nuc/ros2_workspace/data_collection_ws/build/data_recorder_interfaces -- -j2 -l2[0m
[6.551s] [34mcolcon.colcon_core.event_handler.log_command[0m [1;30mDEBUG[0m [32mInvoking command in '/home/nuc/ros2_workspace/data_collection_ws/build/data_recorder_interfaces': CMAKE_PREFIX_PATH=${CMAKE_PREFIX_PATH}:/home/nuc/ros2_workspace/data_collection_ws/install/tracker_bridge:/home/nuc/ros2_workspace/data_collection_ws/install/piper_teleop:/home/nuc/ros2_workspace/data_collection_ws/install/open_cyber_glove_ros2:/home/nuc/ros2_workspace/data_collection_ws/install/data_recorder_ros2:/home/nuc/ros2_workspace/data_collection_ws/install/camera_bridge:/home/nuc/ros2_workspace/angus_dexhand_system/install/setting_info:/home/nuc/ros2_workspace/angus_dexhand_system/install/matrix_touch_gui:/home/nuc/ros2_workspace/angus_dexhand_system/install/gui_control:/home/nuc/ros2_workspace/angus_dexhand_system/install/graphic_display:/home/nuc/ros2_workspace/angus_dexhand_system/install/linker_hand_ros2_sdk:/home/nuc/ros2_workspace/angus_dexhand_system/install/linker_hand_mujoco_ros2:/home/nuc/ros2_workspace/angus_dexhand_system/install/glove_to_hand_control:/home/nuc/ros2_workspace/angus_dexhand_system/install/camera_to_hand_control:/home/nuc/ros2_workspace/piper_ros/install/piper:/opt/ros/humble /usr/bin/cmake --install /home/nuc/ros2_workspace/data_collection_ws/build/data_recorder_interfaces[0m
[6.657s] [34mcolcon.colcon_core.environment[0m [1;30mLevel 1[0m create_environment_scripts_only(data_recorder_interfaces)
[6.659s] [34mcolcon.colcon_core.event_handler.log_command[0m [1;30mDEBUG[0m [32mInvoked command in '/home/nuc/ros2_workspace/data_collection_ws/build/data_recorder_interfaces' returned '0': CMAKE_PREFIX_PATH=${CMAKE_PREFIX_PATH}:/home/nuc/ros2_workspace/data_collection_ws/install/tracker_bridge:/home/nuc/ros2_workspace/data_collection_ws/install/piper_teleop:/home/nuc/ros2_workspace/data_collection_ws/install/open_cyber_glove_ros2:/home/nuc/ros2_workspace/data_collection_ws/install/data_recorder_ros2:/home/nuc/ros2_workspace/data_collection_ws/install/camera_bridge:/home/nuc/ros2_workspace/angus_dexhand_system/install/setting_info:/home/nuc/ros2_workspace/angus_dexhand_system/install/matrix_touch_gui:/home/nuc/ros2_workspace/angus_dexhand_system/install/gui_control:/home/nuc/ros2_workspace/angus_dexhand_system/install/graphic_display:/home/nuc/ros2_workspace/angus_dexhand_system/install/linker_hand_ros2_sdk:/home/nuc/ros2_workspace/angus_dexhand_system/install/linker_hand_mujoco_ros2:/home/nuc/ros2_workspace/angus_dexhand_system/install/glove_to_hand_control:/home/nuc/ros2_workspace/angus_dexhand_system/install/camera_to_hand_control:/home/nuc/ros2_workspace/piper_ros/install/piper:/opt/ros/humble /usr/bin/cmake --install /home/nuc/ros2_workspace/data_collection_ws/build/data_recorder_interfaces[0m
[6.660s] [34mcolcon.colcon_core.environment[0m [1;30mLevel 1[0m checking '/home/nuc/ros2_workspace/data_collection_ws/install/data_recorder_interfaces' for CMake module files
[6.660s] [34mcolcon.colcon_core.environment[0m [1;30mLevel 1[0m checking '/home/nuc/ros2_workspace/data_collection_ws/install/data_recorder_interfaces' for CMake config files
[6.661s] [34mcolcon.colcon_core.shell[0m [1;30mLevel 1[0m create_environment_hook('data_recorder_interfaces', 'cmake_prefix_path')
[6.662s] [34mcolcon.colcon_core.shell[0m [1;30mINFO[0m Creating environment hook '/home/nuc/ros2_workspace/data_collection_ws/install/data_recorder_interfaces/share/data_recorder_interfaces/hook/cmake_prefix_path.ps1'
[6.664s] [34mcolcon.colcon_core.shell[0m [1;30mINFO[0m Creating environment descriptor '/home/nuc/ros2_workspace/data_collection_ws/install/data_recorder_interfaces/share/data_recorder_interfaces/hook/cmake_prefix_path.dsv'
[6.664s] [34mcolcon.colcon_core.shell[0m [1;30mINFO[0m Creating environment hook '/home/nuc/ros2_workspace/data_collection_ws/install/data_recorder_interfaces/share/data_recorder_interfaces/hook/cmake_prefix_path.sh'
[6.666s] [34mcolcon.colcon_core.environment[0m [1;30mLevel 1[0m checking '/home/nuc/ros2_workspace/data_collection_ws/install/data_recorder_interfaces/lib'
[6.667s] [34mcolcon.colcon_core.shell[0m [1;30mLevel 1[0m create_environment_hook('data_recorder_interfaces', 'ld_library_path_lib')
[6.667s] [34mcolcon.colcon_core.shell[0m [1;30mINFO[0m Creating environment hook '/home/nuc/ros2_workspace/data_collection_ws/install/data_recorder_interfaces/share/data_recorder_interfaces/hook/ld_library_path_lib.ps1'
[6.667s] [34mcolcon.colcon_core.shell[0m [1;30mINFO[0m Creating environment descriptor '/home/nuc/ros2_workspace/data_collection_ws/install/data_recorder_interfaces/share/data_recorder_interfaces/hook/ld_library_path_lib.dsv'
[6.667s] [34mcolcon.colcon_core.shell[0m [1;30mINFO[0m Creating environment hook '/home/nuc/ros2_workspace/data_collection_ws/install/data_recorder_interfaces/share/data_recorder_interfaces/hook/ld_library_path_lib.sh'
[6.667s] [34mcolcon.colcon_core.environment[0m [1;30mLevel 1[0m checking '/home/nuc/ros2_workspace/data_collection_ws/install/data_recorder_interfaces/bin'
[6.667s] [34mcolcon.colcon_core.environment[0m [1;30mLevel 1[0m checking '/home/nuc/ros2_workspace/data_collection_ws/install/data_recorder_interfaces/lib/pkgconfig/data_recorder_interfaces.pc'
[6.668s] [34mcolcon.colcon_core.environment[0m [1;30mLevel 1[0m checking '/home/nuc/ros2_workspace/data_collection_ws/install/data_recorder_interfaces/lib/python3.10/site-packages'
[6.668s] [34mcolcon.colcon_core.environment[0m [1;30mLevel 1[0m checking '/home/nuc/ros2_workspace/data_collection_ws/install/data_recorder_interfaces/bin'
[6.668s] [34mcolcon.colcon_core.shell[0m [1;30mINFO[0m Creating package script '/home/nuc/ros2_workspace/data_collection_ws/install/data_recorder_interfaces/share/data_recorder_interfaces/package.ps1'
[6.669s] [34mcolcon.colcon_core.shell[0m [1;30mINFO[0m Creating package descriptor '/home/nuc/ros2_workspace/data_collection_ws/install/data_recorder_interfaces/share/data_recorder_interfaces/package.dsv'
[6.669s] [34mcolcon.colcon_core.shell[0m [1;30mINFO[0m Creating package script '/home/nuc/ros2_workspace/data_collection_ws/install/data_recorder_interfaces/share/data_recorder_interfaces/package.sh'
[6.670s] [34mcolcon.colcon_core.shell[0m [1;30mINFO[0m Creating package script '/home/nuc/ros2_workspace/data_collection_ws/install/data_recorder_interfaces/share/data_recorder_interfaces/package.bash'
[6.670s] [34mcolcon.colcon_core.shell[0m [1;30mINFO[0m Creating package script '/home/nuc/ros2_workspace/data_collection_ws/install/data_recorder_interfaces/share/data_recorder_interfaces/package.zsh'
[6.670s] [34mcolcon.colcon_core.environment[0m [1;30mLevel 1[0m create_file_with_runtime_dependencies(/home/nuc/ros2_workspace/data_collection_ws/install/data_recorder_interfaces/share/colcon-core/packages/data_recorder_interfaces)
[6.671s] [34mcolcon.colcon_core.environment[0m [1;30mLevel 1[0m create_environment_scripts_only(data_recorder_interfaces)
[6.671s] [34mcolcon.colcon_core.environment[0m [1;30mLevel 1[0m checking '/home/nuc/ros2_workspace/data_collection_ws/install/data_recorder_interfaces' for CMake module files
[6.671s] [34mcolcon.colcon_core.environment[0m [1;30mLevel 1[0m checking '/home/nuc/ros2_workspace/data_collection_ws/install/data_recorder_interfaces' for CMake config files
[6.671s] [34mcolcon.colcon_core.shell[0m [1;30mLevel 1[0m create_environment_hook('data_recorder_interfaces', 'cmake_prefix_path')
[6.671s] [34mcolcon.colcon_core.shell[0m [1;30mINFO[0m Creating environment hook '/home/nuc/ros2_workspace/data_collection_ws/install/data_recorder_interfaces/share/data_recorder_interfaces/hook/cmake_prefix_path.ps1'
[6.672s] [34mcolcon.colcon_core.shell[0m [1;30mINFO[0m Creating environment descriptor '/home/nuc/ros2_workspace/data_collection_ws/install/data_recorder_interfaces/share/data_recorder_interfaces/hook/cmake_prefix_path.dsv'
[6.672s] [34mcolcon.colcon_core.shell[0m [1;30mINFO[0m Creating environment hook '/home/nuc/ros2_workspace/data_collection_ws/install/data_recorder_interfaces/share/data_recorder_interfaces/hook/cmake_prefix_path.sh'
[6.673s] [34mcolcon.colcon_core.environment[0m [1;30mLevel 1[0m checking '/home/nuc/ros2_workspace/data_collection_ws/install/data_recorder_interfaces/lib'
[6.673s] [34mcolcon.colcon_core.shell[0m [1;30mLevel 1[0m create_environment_hook('data_recorder_interfaces', 'ld_library_path_lib')
[6.673s] [34mcolcon.colcon_core.shell[0m [1;30mINFO[0m Creating environment hook '/home/nuc/ros2_workspace/data_collection_ws/install/data_recorder_interfaces/share/data_recorder_interfaces/hook/ld_library_path_lib.ps1'
[6.676s] [34mcolcon.colcon_core.shell[0m [1;30mINFO[0m Creating environment descriptor '/home/nuc/ros2_workspace/data_collection_ws/install/data_recorder_interfaces/share/data_recorder_interfaces/hook/ld_library_path_lib.dsv'
[6.678s] [34mcolcon.colcon_core.shell[0m [1;30mINFO[0m Creating environment hook '/home/nuc/ros2_workspace/data_collection_ws/install/data_recorder_interfaces/share/data_recorder_interfaces/hook/ld_library_path_lib.sh'
[6.679s] [34mcolcon.colcon_core.environment[0m [1;30mLevel 1[0m checking '/home/nuc/ros2_workspace/data_collection_ws/install/data_recorder_interfaces/bin'
[6.679s] [34mcolcon.colcon_core.environment[0m [1;30mLevel 1[0m checking '/home/nuc/ros2_workspace/data_collection_ws/install/data_recorder_interfaces/lib/pkgconfig/data_recorder_interfaces.pc'
[6.679s] [34mcolcon.colcon_core.environment[0m [1;30mLevel 1[0m checking '/home/nuc/ros2_workspace/data_collection_ws/install/data_recorder_interfaces/lib/python3.10/site-packages'
[6.679s] [34mcolcon.colcon_core.environment[0m [1;30mLevel 1[0m checking '/home/nuc/ros2_workspace/data_collection_ws/install/data_recorder_interfaces/bin'
[6.680s] [34mcolcon.colcon_core.shell[0m [1;30mINFO[0m Creating package script '/home/nuc/ros2_workspace/data_collection_ws/install/data_recorder_interfaces/share/data_recorder_interfaces/package.ps1'
[6.680s] [34mcolcon.colcon_core.shell[0m [1;30mINFO[0m Creating package descriptor '/home/nuc/ros2_workspace/data_collection_ws/install/data_recorder_interfaces/share/data_recorder_interfaces/package.dsv'
[6.681s] [34mcolcon.colcon_core.shell[0m [1;30mINFO[0m Creating package script '/home/nuc/ros2_workspace/data_collection_ws/install/data_recorder_interfaces/share/data_recorder_interfaces/package.sh'
[6.681s] [34mcolcon.colcon_core.shell[0m [1;30mINFO[0m Creating package script '/home/nuc/ros2_workspace/data_collection_ws/install/data_recorder_interfaces/share/data_recorder_interfaces/package.bash'
[6.683s] [34mcolcon.colcon_core.shell[0m [1;30mINFO[0m Creating package script '/home/nuc/ros2_workspace/data_collection_ws/install/data_recorder_interfaces/share/data_recorder_interfaces/package.zsh'
[6.683s] [34mcolcon.colcon_core.environment[0m [1;30mLevel 1[0m create_file_with_runtime_dependencies(/home/nuc/ros2_workspace/data_collection_ws/install/data_recorder_interfaces/share/colcon-core/packages/data_recorder_interfaces)
[6.685s] [34mcolcon.colcon_parallel_executor.executor.parallel[0m [1;30mDEBUG[0m [32mclosing loop[0m
[6.685s] [34mcolcon.colcon_parallel_executor.executor.parallel[0m [1;30mDEBUG[0m [32mloop closed[0m
[6.685s] [34mcolcon.colcon_parallel_executor.executor.parallel[0m [1;30mDEBUG[0m [32mrun_until_complete finished with '0'[0m
[6.685s] [34mcolcon.colcon_core.event_reactor[0m [1;30mDEBUG[0m [32mjoining thread[0m
[6.690s] [34mcolcon.colcon_core.plugin_system[0m [1;30mINFO[0m Skipping extension 'colcon_notification.desktop_notification.terminal_notifier': Not used on non-Darwin systems
[6.690s] [34mcolcon.colcon_core.plugin_system[0m [1;30mINFO[0m Skipping extension 'colcon_notification.desktop_notification.win32': Not used on non-Windows systems
[6.690s] [34mcolcon.colcon_notification.desktop_notification[0m [1;30mINFO[0m Sending desktop notification using 'notify2'
[6.705s] [34mcolcon.colcon_core.event_reactor[0m [1;30mDEBUG[0m [32mjoined thread[0m
[6.706s] [34mcolcon.colcon_core.shell[0m [1;30mINFO[0m Creating prefix script '/home/nuc/ros2_workspace/data_collection_ws/install/local_setup.ps1'
[6.707s] [34mcolcon.colcon_core.shell[0m [1;30mINFO[0m Creating prefix util module '/home/nuc/ros2_workspace/data_collection_ws/install/_local_setup_util_ps1.py'
[6.707s] [34mcolcon.colcon_core.shell[0m [1;30mINFO[0m Creating prefix chain script '/home/nuc/ros2_workspace/data_collection_ws/install/setup.ps1'
[6.716s] [34mcolcon.colcon_core.shell[0m [1;30mINFO[0m Creating prefix script '/home/nuc/ros2_workspace/data_collection_ws/install/local_setup.sh'
[6.716s] [34mcolcon.colcon_core.shell[0m [1;30mINFO[0m Creating prefix util module '/home/nuc/ros2_workspace/data_collection_ws/install/_local_setup_util_sh.py'
[6.716s] [34mcolcon.colcon_core.shell[0m [1;30mINFO[0m Creating prefix chain script '/home/nuc/ros2_workspace/data_collection_ws/install/setup.sh'
[6.721s] [34mcolcon.colcon_core.shell[0m [1;30mINFO[0m Creating prefix script '/home/nuc/ros2_workspace/data_collection_ws/install/local_setup.bash'
[6.721s] [34mcolcon.colcon_core.shell[0m [1;30mINFO[0m Creating prefix chain script '/home/nuc/ros2_workspace/data_collection_ws/install/setup.bash'
[6.726s] [34mcolcon.colcon_core.shell[0m [1;30mINFO[0m Creating prefix script '/home/nuc/ros2_workspace/data_collection_ws/install/local_setup.zsh'
[6.729s] [34mcolcon.colcon_core.shell[0m [1;30mINFO[0m Creating prefix chain script '/home/nuc/ros2_workspace/data_collection_ws/install/setup.zsh'
